#
# There is insufficient memory for the Java Runtime Environment to continue.
# Native memory allocation (mmap) failed to map 42463232 bytes for committing reserved memory.
# Possible reasons:
#   The system is out of physical RAM or swap space
#   The process is running with CompressedOops enabled, and the Java Heap may be blocking the growth of the native heap
# Possible solutions:
#   Reduce memory load on the system
#   Increase physical memory or swap space
#   Check if swap backing store is full
#   Decrease Java heap size (-Xmx/-Xms)
#   Decrease number of Java threads
#   Decrease Java thread stack sizes (-Xss)
#   Set larger code cache with -XX:ReservedCodeCacheSize=
#   JVM is running with Unscaled Compressed Oops mode in which the Java heap is
#     placed in the first 4GB address space. The Java Heap base address is the
#     maximum limit for the native heap growth. Please use -XX:HeapBaseMinAddress
#     to set the Java Heap base and to place the Java Heap above 4GB virtual address.
# This output file may be truncated or incomplete.
#
#  Out of Memory Error (os_linux.cpp:2749), pid=14452, tid=0x00007fb005ec3700
#
# JRE version: Java(TM) SE Runtime Environment (8.0_231-b11) (build 1.8.0_231-b11)
# Java VM: Java HotSpot(TM) 64-Bit Server VM (25.231-b11 mixed mode linux-amd64 compressed oops)
# Failed to write core dump. Core dumps have been disabled. To enable core dumping, try "ulimit -c unlimited" before starting Java again
#

---------------  T H R E A D  ---------------

Current thread (0x00007fb000074800):  VMThread [stack: 0x00007fb005dc3000,0x00007fb005ec4000] [id=14454]

Stack: [0x00007fb005dc3000,0x00007fb005ec4000],  sp=0x00007fb005ec24b0,  free space=1021k
Native frames: (J=compiled Java code, j=interpreted, Vv=VM code, C=native code)
V  [libjvm.so+0xad4455]  VMError::report_and_die()+0x2e5
V  [libjvm.so+0x4e0787]  report_vm_out_of_memory(char const*, int, unsigned long, VMErrorType, char const*)+0x67
V  [libjvm.so+0x910680]  os::pd_commit_memory(char*, unsigned long, unsigned long, bool)+0x100
V  [libjvm.so+0x907caf]  os::commit_memory(char*, unsigned long, unsigned long, bool)+0x1f
V  [libjvm.so+0xad0cd0]  VirtualSpace::expand_by(unsigned long, bool)+0x140
V  [libjvm.so+0x5ebeee]  OneContigSpaceCardGeneration::grow_by(unsigned long)+0x1e
V  [libjvm.so+0x5ec9d1]  OneContigSpaceCardGeneration::expand(unsigned long, unsigned long)+0xa1
V  [libjvm.so+0x5d8a45]  GenCollectedHeap::do_collection(bool, bool, unsigned long, bool, int)+0xa05
V  [libjvm.so+0x46101c]  GenCollectorPolicy::satisfy_failed_allocation(unsigned long, bool)+0xfc
V  [libjvm.so+0xad52ef]  VM_GenCollectForAllocation::doit()+0x8f
V  [libjvm.so+0xadb216]  VM_Operation::evaluate()+0x46
V  [libjvm.so+0xad954d]  VMThread::evaluate_operation(VM_Operation*) [clone .constprop.44]+0xcd
V  [libjvm.so+0xad9b33]  VMThread::loop()+0x3a3
V  [libjvm.so+0xad9f08]  VMThread::run()+0x78
V  [libjvm.so+0x90dcb2]  java_start(Thread*)+0x102

VM_Operation (0x00007fb009d24f50): GenCollectForAllocation, mode: safepoint, requested by thread 0x00007fb000010000


---------------  P R O C E S S  ---------------

Java Threads: ( => current thread )
  0x00007fb0009ca000 JavaThread "HikariPool-1 housekeeper" daemon [_thread_blocked, id=14477, stack(0x00007fafd3eff000,0x00007fafd4000000)]
  0x00007fb001132800 JavaThread "mysql-cj-abandoned-connection-cleanup" daemon [_thread_blocked, id=14476, stack(0x00007faff0cff000,0x00007faff0e00000)]
  0x00007fb0005d7800 JavaThread "ReaderThread" [_thread_in_native, id=14472, stack(0x00007fb0044fa000,0x00007fb0045fb000)]
  0x00007fb0000cd800 JavaThread "Service Thread" daemon [_thread_blocked, id=14470, stack(0x00007fb00506e000,0x00007fb00516f000)]
  0x00007fb0000ca000 JavaThread "C1 CompilerThread1" daemon [_thread_blocked, id=14469, stack(0x00007fb00516f000,0x00007fb005270000)]
  0x00007fb0000c7800 JavaThread "C2 CompilerThread0" daemon [_thread_blocked, id=14468, stack(0x00007fb005270000,0x00007fb005371000)]
  0x00007fafe0001000 JavaThread "JDWP Command Reader" daemon [_thread_in_native, id=14463, stack(0x00007fb005371000,0x00007fb005472000)]
  0x00007fb0000c5800 JavaThread "JDWP Event Helper Thread" daemon [_thread_blocked, id=14462, stack(0x00007fb005472000,0x00007fb005573000)]
  0x00007fb0000c2800 JavaThread "JDWP Transport Listener: dt_socket" daemon [_thread_blocked, id=14459, stack(0x00007fb005573000,0x00007fb005674000)]
  0x00007fb0000b2800 JavaThread "Signal Dispatcher" daemon [_thread_blocked, id=14457, stack(0x00007fb005ac0000,0x00007fb005bc1000)]
  0x00007fb000082800 JavaThread "Finalizer" daemon [_thread_blocked, id=14456, stack(0x00007fb005bc1000,0x00007fb005cc2000)]
  0x00007fb00007e000 JavaThread "Reference Handler" daemon [_thread_blocked, id=14455, stack(0x00007fb005cc2000,0x00007fb005dc3000)]
  0x00007fb000010000 JavaThread "main" [_thread_blocked, id=14453, stack(0x00007fb009c29000,0x00007fb009d2a000)]

Other Threads:
=>0x00007fb000074800 VMThread [stack: 0x00007fb005dc3000,0x00007fb005ec4000] [id=14454]
  0x00007fb0000d0800 WatcherThread [stack: 0x00007fb004f6d000,0x00007fb00506e000] [id=14471]

VM state:at safepoint (normal execution)

VM Mutex/Monitor currently owned by a thread:  ([mutex/lock_event])
[0x00007fb00000e3d0] Threads_lock - owner thread: 0x00007fb000074800
[0x00007fb00000e8d0] Heap_lock - owner thread: 0x00007fb000010000

heap address: 0x00000000e0a00000, size: 502 MB, Compressed Oops mode: 32-bit
Narrow klass base: 0x0000000000000000, Narrow klass shift: 3
Compressed class space size: 1073741824 Address: 0x0000000100000000

Heap:
 def new generation   total 25856K, used 2655K [0x00000000e0a00000, 0x00000000e2600000, 0x00000000eb150000)
  eden space 23040K,  11% used [0x00000000e0a00000, 0x00000000e0c97cb0, 0x00000000e2080000)
  from space 2816K,   0% used [0x00000000e2080000, 0x00000000e2080000, 0x00000000e2340000)
  to   space 2816K,   0% used [0x00000000e2340000, 0x00000000e2340000, 0x00000000e2600000)
 tenured generation   total 62200K, used 62199K [0x00000000eb150000, 0x00000000eee0e000, 0x0000000100000000)
   the space 62200K,  99% used [0x00000000eb150000, 0x00000000eee0dff8, 0x00000000eee0e000, 0x00000000eee0e000)
 Metaspace       used 63357K, capacity 65674K, committed 65960K, reserved 1105920K
  class space    used 8600K, capacity 9054K, committed 9136K, reserved 1048576K

Card table byte_map: [0x00007fb0069e7000,0x00007fb006ae3000] byte_map_base: 0x00007fb0062e2000

Polling page: 0x00007fb009d34000

CodeCache: size=245760Kb used=16000Kb max_used=16014Kb free=229759Kb
 bounds [0x00007faff1000000, 0x00007faff1fc0000, 0x00007fb000000000]
 total_blobs=5549 nmethods=4992 adapters=478
 compilation: enabled

Compilation events (10 events):
Event: 48.221 Thread 0x00007fb0000c7800 nmethod 5557 0x00007faff1f93450 code [0x00007faff1f935e0, 0x00007faff1f93878]
Event: 48.221 Thread 0x00007fb0000c7800 5585 %     4       sun.nio.cs.UTF_8$Decoder::decode @ 51 (779 bytes)
Event: 48.241 Thread 0x00007fb0000c7800 nmethod 5585% 0x00007faff1f94dd0 code [0x00007faff1f94f80, 0x00007faff1f95ab8]
Event: 48.241 Thread 0x00007fb0000c7800 5553   !   4       com.mysql.cj.jdbc.result.ResultSetImpl::getString (136 bytes)
Event: 48.286 Thread 0x00007fb0000ca000 5589       2       sun.nio.cs.UTF_8$Decoder::isNotContinuation (17 bytes)
Event: 48.286 Thread 0x00007fb0000ca000 nmethod 5589 0x00007faff1f93c50 code [0x00007faff1f93da0, 0x00007faff1f93ef0]
Event: 48.299 Thread 0x00007fb0000c7800 nmethod 5553 0x00007faff1fb2d10 code [0x00007faff1fb3020, 0x00007faff1fb4bd0]
Event: 48.299 Thread 0x00007fb0000c7800 5587       4       sun.nio.cs.UTF_8$Decoder::decode (779 bytes)
Event: 48.331 Thread 0x00007fb0000c7800 nmethod 5587 0x00007faff1faf690 code [0x00007faff1faf840, 0x00007faff1fb0378]
Event: 48.331 Thread 0x00007fb0000c7800 5555       4       java.util.Calendar::set (72 bytes)

GC Heap History (10 events):
Event: 22.014 GC heap after
Heap after GC invocations=85 (full 3):
 def new generation   total 16704K, used 1855K [0x00000000e0a00000, 0x00000000e1c20000, 0x00000000eb150000)
  eden space 14848K,   0% used [0x00000000e0a00000, 0x00000000e0a00000, 0x00000000e1880000)
  from space 1856K,  99% used [0x00000000e1a50000, 0x00000000e1c1fff8, 0x00000000e1c20000)
  to   space 1856K,   0% used [0x00000000e1880000, 0x00000000e1880000, 0x00000000e1a50000)
 tenured generation   total 37072K, used 34900K [0x00000000eb150000, 0x00000000ed584000, 0x0000000100000000)
   the space 37072K,  94% used [0x00000000eb150000, 0x00000000ed365170, 0x00000000ed365200, 0x00000000ed584000)
 Metaspace       used 63077K, capacity 65408K, committed 65704K, reserved 1105920K
  class space    used 8587K, capacity 9031K, committed 9136K, reserved 1048576K
}
Event: 32.918 GC heap before
{Heap before GC invocations=85 (full 3):
 def new generation   total 16704K, used 16703K [0x00000000e0a00000, 0x00000000e1c20000, 0x00000000eb150000)
  eden space 14848K, 100% used [0x00000000e0a00000, 0x00000000e1880000, 0x00000000e1880000)
  from space 1856K,  99% used [0x00000000e1a50000, 0x00000000e1c1fff8, 0x00000000e1c20000)
  to   space 1856K,   0% used [0x00000000e1880000, 0x00000000e1880000, 0x00000000e1a50000)
 tenured generation   total 37072K, used 34900K [0x00000000eb150000, 0x00000000ed584000, 0x0000000100000000)
   the space 37072K,  94% used [0x00000000eb150000, 0x00000000ed365170, 0x00000000ed365200, 0x00000000ed584000)
 Metaspace       used 63110K, capacity 65408K, committed 65704K, reserved 1105920K
  class space    used 8587K, capacity 9031K, committed 9136K, reserved 1048576K
Event: 33.075 GC heap after
Heap after GC invocations=86 (full 4):
 def new generation   total 25856K, used 0K [0x00000000e0a00000, 0x00000000e2600000, 0x00000000eb150000)
  eden space 23040K,   0% used [0x00000000e0a00000, 0x00000000e0a00000, 0x00000000e2080000)
  from space 2816K,   0% used [0x00000000e2080000, 0x00000000e2080000, 0x00000000e2340000)
  to   space 2816K,   0% used [0x00000000e2340000, 0x00000000e2340000, 0x00000000e2600000)
 tenured generation   total 57208K, used 34322K [0x00000000eb150000, 0x00000000ee92e000, 0x0000000100000000)
   the space 57208K,  59% used [0x00000000eb150000, 0x00000000ed2d4b40, 0x00000000ed2d4c00, 0x00000000ee92e000)
 Metaspace       used 63110K, capacity 65408K, committed 65704K, reserved 1105920K
  class space    used 8587K, capacity 9031K, committed 9136K, reserved 1048576K
}
Event: 47.780 GC heap before
{Heap before GC invocations=86 (full 4):
 def new generation   total 25856K, used 23040K [0x00000000e0a00000, 0x00000000e2600000, 0x00000000eb150000)
  eden space 23040K, 100% used [0x00000000e0a00000, 0x00000000e2080000, 0x00000000e2080000)
  from space 2816K,   0% used [0x00000000e2080000, 0x00000000e2080000, 0x00000000e2340000)
  to   space 2816K,   0% used [0x00000000e2340000, 0x00000000e2340000, 0x00000000e2600000)
 tenured generation   total 57208K, used 34322K [0x00000000eb150000, 0x00000000ee92e000, 0x0000000100000000)
   the space 57208K,  59% used [0x00000000eb150000, 0x00000000ed2d4b40, 0x00000000ed2d4c00, 0x00000000ee92e000)
 Metaspace       used 63284K, capacity 65674K, committed 65960K, reserved 1105920K
  class space    used 8600K, capacity 9054K, committed 9136K, reserved 1048576K
Event: 47.794 GC heap after
Heap after GC invocations=87 (full 4):
 def new generation   total 25856K, used 2816K [0x00000000e0a00000, 0x00000000e2600000, 0x00000000eb150000)
  eden space 23040K,   0% used [0x00000000e0a00000, 0x00000000e0a00000, 0x00000000e2080000)
  from space 2816K, 100% used [0x00000000e2340000, 0x00000000e2600000, 0x00000000e2600000)
  to   space 2816K,   0% used [0x00000000e2080000, 0x00000000e2080000, 0x00000000e2340000)
 tenured generation   total 57208K, used 42109K [0x00000000eb150000, 0x00000000ee92e000, 0x0000000100000000)
   the space 57208K,  73% used [0x00000000eb150000, 0x00000000eda6f708, 0x00000000eda6f800, 0x00000000ee92e000)
 Metaspace       used 63284K, capacity 65674K, committed 65960K, reserved 1105920K
  class space    used 8600K, capacity 9054K, committed 9136K, reserved 1048576K
}
Event: 48.035 GC heap before
{Heap before GC invocations=87 (full 4):
 def new generation   total 25856K, used 25856K [0x00000000e0a00000, 0x00000000e2600000, 0x00000000eb150000)
  eden space 23040K, 100% used [0x00000000e0a00000, 0x00000000e2080000, 0x00000000e2080000)
  from space 2816K, 100% used [0x00000000e2340000, 0x00000000e2600000, 0x00000000e2600000)
  to   space 2816K,   0% used [0x00000000e2080000, 0x00000000e2080000, 0x00000000e2340000)
 tenured generation   total 57208K, used 42109K [0x00000000eb150000, 0x00000000ee92e000, 0x0000000100000000)
   the space 57208K,  73% used [0x00000000eb150000, 0x00000000eda6f708, 0x00000000eda6f800, 0x00000000ee92e000)
 Metaspace       used 63357K, capacity 65674K, committed 65960K, reserved 1105920K
  class space    used 8600K, capacity 9054K, committed 9136K, reserved 1048576K
Event: 48.057 GC heap after
Heap after GC invocations=88 (full 4):
 def new generation   total 25856K, used 2816K [0x00000000e0a00000, 0x00000000e2600000, 0x00000000eb150000)
  eden space 23040K,   0% used [0x00000000e0a00000, 0x00000000e0a00000, 0x00000000e2080000)
  from space 2816K, 100% used [0x00000000e2080000, 0x00000000e2340000, 0x00000000e2340000)
  to   space 2816K,   0% used [0x00000000e2340000, 0x00000000e2340000, 0x00000000e2600000)
 tenured generation   total 57208K, used 48691K [0x00000000eb150000, 0x00000000ee92e000, 0x0000000100000000)
   the space 57208K,  85% used [0x00000000eb150000, 0x00000000ee0dce10, 0x00000000ee0dd000, 0x00000000ee92e000)
 Metaspace       used 63357K, capacity 65674K, committed 65960K, reserved 1105920K
  class space    used 8600K, capacity 9054K, committed 9136K, reserved 1048576K
}
Event: 48.161 GC heap before
{Heap before GC invocations=88 (full 4):
 def new generation   total 25856K, used 25856K [0x00000000e0a00000, 0x00000000e2600000, 0x00000000eb150000)
  eden space 23040K, 100% used [0x00000000e0a00000, 0x00000000e2080000, 0x00000000e2080000)
  from space 2816K, 100% used [0x00000000e2080000, 0x00000000e2340000, 0x00000000e2340000)
  to   space 2816K,   0% used [0x00000000e2340000, 0x00000000e2340000, 0x00000000e2600000)
 tenured generation   total 57208K, used 48691K [0x00000000eb150000, 0x00000000ee92e000, 0x0000000100000000)
   the space 57208K,  85% used [0x00000000eb150000, 0x00000000ee0dce10, 0x00000000ee0dd000, 0x00000000ee92e000)
 Metaspace       used 63357K, capacity 65674K, committed 65960K, reserved 1105920K
  class space    used 8600K, capacity 9054K, committed 9136K, reserved 1048576K
Event: 48.188 GC heap after
Heap after GC invocations=89 (full 4):
 def new generation   total 25856K, used 2816K [0x00000000e0a00000, 0x00000000e2600000, 0x00000000eb150000)
  eden space 23040K,   0% used [0x00000000e0a00000, 0x00000000e0a00000, 0x00000000e2080000)
  from space 2816K, 100% used [0x00000000e2340000, 0x00000000e2600000, 0x00000000e2600000)
  to   space 2816K,   0% used [0x00000000e2080000, 0x00000000e2080000, 0x00000000e2340000)
 tenured generation   total 57208K, used 55301K [0x00000000eb150000, 0x00000000ee92e000, 0x0000000100000000)
   the space 57208K,  96% used [0x00000000eb150000, 0x00000000ee751598, 0x00000000ee751600, 0x00000000ee92e000)
 Metaspace       used 63357K, capacity 65674K, committed 65960K, reserved 1105920K
  class space    used 8600K, capacity 9054K, committed 9136K, reserved 1048576K
}
Event: 48.346 GC heap before
{Heap before GC invocations=89 (full 4):
 def new generation   total 25856K, used 25856K [0x00000000e0a00000, 0x00000000e2600000, 0x00000000eb150000)
  eden space 23040K, 100% used [0x00000000e0a00000, 0x00000000e2080000, 0x00000000e2080000)
  from space 2816K, 100% used [0x00000000e2340000, 0x00000000e2600000, 0x00000000e2600000)
  to   space 2816K,   0% used [0x00000000e2080000, 0x00000000e2080000, 0x00000000e2340000)
 tenured generation   total 57208K, used 55301K [0x00000000eb150000, 0x00000000ee92e000, 0x0000000100000000)
   the space 57208K,  96% used [0x00000000eb150000, 0x00000000ee751598, 0x00000000ee751600, 0x00000000ee92e000)
 Metaspace       used 63357K, capacity 65674K, committed 65960K, reserved 1105920K
  class space    used 8600K, capacity 9054K, committed 9136K, reserved 1048576K

Deoptimization events (10 events):
Event: 16.780 Thread 0x00007fb000010000 Uncommon trap: reason=unstable_if action=reinterpret pc=0x00007faff1b56904 method=sun.misc.Launcher$AppClassLoader.loadClass(Ljava/lang/String;Z)Ljava/lang/Class; @ 9
Event: 17.343 Thread 0x00007fb000010000 Uncommon trap: reason=unstable_if action=reinterpret pc=0x00007faff199a950 method=java.util.concurrent.ConcurrentHashMap.get(Ljava/lang/Object;)Ljava/lang/Object; @ 86
Event: 17.636 Thread 0x00007fb000010000 Uncommon trap: reason=null_check action=make_not_entrant pc=0x00007faff1d713e8 method=org.springframework.core.annotation.AnnotatedElementUtils.searchWithFindSemantics(Ljava/lang/reflect/AnnotatedElement;Ljava/util/Set;Ljava/lang/String;Ljava/lang/Class;L
Event: 18.297 Thread 0x00007fb000010000 Uncommon trap: reason=unstable_if action=reinterpret pc=0x00007faff148e4f8 method=java.util.concurrent.ConcurrentHashMap.transfer([Ljava/util/concurrent/ConcurrentHashMap$Node;[Ljava/util/concurrent/ConcurrentHashMap$Node;)V @ 356
Event: 19.119 Thread 0x00007fb001132800 Uncommon trap: reason=unstable_if action=reinterpret pc=0x00007faff1745ee0 method=java.lang.ref.ReferenceQueue.remove(J)Ljava/lang/ref/Reference; @ 70
Event: 20.276 Thread 0x00007fb000010000 Uncommon trap: reason=class_check action=maybe_recompile pc=0x00007faff1d95980 method=org.springframework.core.annotation.AnnotatedElementUtils.searchWithFindSemantics(Ljava/lang/reflect/AnnotatedElement;Ljava/util/Set;Ljava/lang/String;Ljava/lang/Class;L
Event: 20.276 Thread 0x00007fb000010000 Uncommon trap: reason=unstable_if action=reinterpret pc=0x00007faff1d95ca4 method=org.springframework.core.annotation.AnnotatedElementUtils.searchWithFindSemantics(Ljava/lang/reflect/AnnotatedElement;Ljava/util/Set;Ljava/lang/String;Ljava/lang/Class;Lorg/
Event: 47.637 Thread 0x00007fb000010000 Uncommon trap: reason=unstable_if action=reinterpret pc=0x00007faff1357b1c method=sun.nio.cs.UTF_8$Decoder.decode([BII[C)I @ 30
Event: 48.194 Thread 0x00007fb000010000 Uncommon trap: reason=unstable_if action=reinterpret pc=0x00007faff1f409f0 method=sun.nio.cs.UTF_8$Decoder.isMalformed3(III)Z @ 3
Event: 48.198 Thread 0x00007fb000010000 Uncommon trap: reason=unstable_if action=reinterpret pc=0x00007faff1f21894 method=sun.nio.cs.UTF_8$Decoder.isMalformed3(III)Z @ 3

Classes redefined (0 events):
No events

Internal exceptions (10 events):
Event: 19.977 Thread 0x00007fb000010000 Exception <a 'java/lang/ClassNotFoundException': org/springframework/core/env/EnvironmentCapableCustomizer> (0x00000000e135dd70) thrown at [/HUDSON/workspace/8-2-build-linux-amd64/jdk8u231/13620/hotspot/src/share/vm/classfile/systemDictionary.cpp, line 21
Event: 19.977 Thread 0x00007fb000010000 Exception <a 'java/lang/ClassNotFoundException': org/springframework/web/context/ServletContextAwareCustomizer> (0x00000000e1380f58) thrown at [/HUDSON/workspace/8-2-build-linux-amd64/jdk8u231/13620/hotspot/src/share/vm/classfile/systemDictionary.cpp, lin
Event: 19.977 Thread 0x00007fb000010000 Exception <a 'java/lang/ClassNotFoundException': org/springframework/beans/factory/AwareCustomizer> (0x00000000e139f4f0) thrown at [/HUDSON/workspace/8-2-build-linux-amd64/jdk8u231/13620/hotspot/src/share/vm/classfile/systemDictionary.cpp, line 210]
Event: 19.978 Thread 0x00007fb000010000 Exception <a 'java/lang/ClassNotFoundException': org/springframework/beans/factory/InitializingBeanCustomizer> (0x00000000e13c0bb0) thrown at [/HUDSON/workspace/8-2-build-linux-amd64/jdk8u231/13620/hotspot/src/share/vm/classfile/systemDictionary.cpp, line
Event: 19.978 Thread 0x00007fb000010000 Exception <a 'java/lang/ClassNotFoundException': org/springframework/beans/factory/DisposableBeanCustomizer> (0x00000000e13e1690) thrown at [/HUDSON/workspace/8-2-build-linux-amd64/jdk8u231/13620/hotspot/src/share/vm/classfile/systemDictionary.cpp, line 2
Event: 19.985 Thread 0x00007fb000010000 Exception <a 'java/lang/ClassNotFoundException': java/lang/ObjectCustomizer> (0x00000000e1447098) thrown at [/HUDSON/workspace/8-2-build-linux-amd64/jdk8u231/13620/hotspot/src/share/vm/classfile/systemDictionary.cpp, line 210]
Event: 19.987 Thread 0x00007fb000010000 Exception <a 'java/lang/ClassNotFoundException': org/springframework/web/multipart/support/StandardServletMultipartResolverCustomizer> (0x00000000e1474a10) thrown at [/HUDSON/workspace/8-2-build-linux-amd64/jdk8u231/13620/hotspot/src/share/vm/classfile/sy
Event: 19.987 Thread 0x00007fb000010000 Exception <a 'java/lang/ClassNotFoundException': org/springframework/web/multipart/MultipartResolverCustomizer> (0x00000000e149b7f8) thrown at [/HUDSON/workspace/8-2-build-linux-amd64/jdk8u231/13620/hotspot/src/share/vm/classfile/systemDictionary.cpp, lin
Event: 20.100 Thread 0x00007fb000010000 Exception <a 'java/lang/ClassNotFoundException': java/lang/ObjectCustomizer> (0x00000000e183d950) thrown at [/HUDSON/workspace/8-2-build-linux-amd64/jdk8u231/13620/hotspot/src/share/vm/classfile/systemDictionary.cpp, line 210]
Event: 20.100 Thread 0x00007fb000010000 Exception <a 'java/lang/ClassNotFoundException': com/laputa/service/EventServiceTestCustomizer> (0x00000000e185d4a8) thrown at [/HUDSON/workspace/8-2-build-linux-amd64/jdk8u231/13620/hotspot/src/share/vm/classfile/systemDictionary.cpp, line 210]

Events (10 events):
Event: 48.328 Thread 0x00007fb000010000 DEOPT UNPACKING pc=0x00007faff10474c4 sp=0x00007fb009d24de0 mode 0
Event: 48.328 Thread 0x00007fb000010000 DEOPT PACKING pc=0x00007faff1f9e706 sp=0x00007fb009d24ea0
Event: 48.328 Thread 0x00007fb000010000 DEOPT UNPACKING pc=0x00007faff10474c4 sp=0x00007fb009d24de0 mode 0
Event: 48.329 Thread 0x00007fb000010000 DEOPT PACKING pc=0x00007faff1f9e621 sp=0x00007fb009d24ea0
Event: 48.329 Thread 0x00007fb000010000 DEOPT UNPACKING pc=0x00007faff10474c4 sp=0x00007fb009d24de0 mode 0
Event: 48.330 Thread 0x00007fb000010000 DEOPT PACKING pc=0x00007faff1f9e706 sp=0x00007fb009d24ea0
Event: 48.330 Thread 0x00007fb000010000 DEOPT UNPACKING pc=0x00007faff10474c4 sp=0x00007fb009d24de0 mode 0
Event: 48.330 Thread 0x00007fb000010000 DEOPT PACKING pc=0x00007faff1f9e706 sp=0x00007fb009d24ea0
Event: 48.330 Thread 0x00007fb000010000 DEOPT UNPACKING pc=0x00007faff10474c4 sp=0x00007fb009d24de0 mode 0
Event: 48.346 Executing VM operation: GenCollectForAllocation


Dynamic libraries:
00400000-00401000 r-xp 00000000 fd:01 1314459                            /usr/local/jdk/bin/java
00600000-00601000 r--p 00000000 fd:01 1314459                            /usr/local/jdk/bin/java
00601000-00602000 rw-p 00001000 fd:01 1314459                            /usr/local/jdk/bin/java
01627000-05a18000 rw-p 00000000 00:00 0                                  [heap]
e0a00000-e2600000 rw-p 00000000 00:00 0 
e2600000-eb150000 ---p 00000000 00:00 0 
eb150000-eee0e000 rw-p 00000000 00:00 0 
f168d000-100000000 ---p 00000000 00:00 0 
100000000-1008ec000 rw-p 00000000 00:00 0 
1008ec000-140000000 ---p 00000000 00:00 0 
7fafd1627000-7fafd17a7000 rw-p 00000000 00:00 0 
7fafd17a7000-7fafd1827000 ---p 00000000 00:00 0 
7fafd1827000-7fafd1a27000 rw-p 00000000 00:00 0 
7fafd1a27000-7fafd1c27000 rw-p 00000000 00:00 0 
7fafd1c27000-7fafd1e27000 rw-p 00000000 00:00 0 
7fafd1faa000-7fafd21aa000 rw-p 00000000 00:00 0 
7fafd21aa000-7fafd23aa000 rw-p 00000000 00:00 0 
7fafd23aa000-7fafd25aa000 rw-p 00000000 00:00 0 
7fafd25aa000-7fafd27aa000 rw-p 00000000 00:00 0 
7fafd27aa000-7fafd29aa000 rw-p 00000000 00:00 0 
7fafd29aa000-7fafd29ad000 ---p 00000000 00:00 0 
7fafd29ad000-7fafd2cab000 rw-p 00000000 00:00 0 
7fafd2cab000-7fafd2cc1000 r-xp 00000000 fd:01 1180169                    /lib/x86_64-linux-gnu/libgcc_s.so.1
7fafd2cc1000-7fafd2ec0000 ---p 00016000 fd:01 1180169                    /lib/x86_64-linux-gnu/libgcc_s.so.1
7fafd2ec0000-7fafd2ec1000 rw-p 00015000 fd:01 1180169                    /lib/x86_64-linux-gnu/libgcc_s.so.1
7fafd2ec1000-7fafd2ef9000 r-xp 00000000 fd:01 1314776                    /usr/local/jdk/jre/lib/amd64/libsunec.so
7fafd2ef9000-7fafd30f8000 ---p 00038000 fd:01 1314776                    /usr/local/jdk/jre/lib/amd64/libsunec.so
7fafd30f8000-7fafd30fd000 r--p 00037000 fd:01 1314776                    /usr/local/jdk/jre/lib/amd64/libsunec.so
7fafd30fd000-7fafd30ff000 rw-p 0003c000 fd:01 1314776                    /usr/local/jdk/jre/lib/amd64/libsunec.so
7fafd30ff000-7fafd32ff000 rw-p 00000000 00:00 0 
7fafd32ff000-7fafd34ff000 rw-p 00000000 00:00 0 
7fafd34ff000-7fafd36ff000 rw-p 00000000 00:00 0 
7fafd36ff000-7fafd38fd000 rw-p 00000000 00:00 0 
7fafd38fd000-7fafd38ff000 ---p 00000000 00:00 0 
7fafd38ff000-7fafd3aff000 rw-p 00000000 00:00 0 
7fafd3aff000-7fafd3cff000 rw-p 00000000 00:00 0 
7fafd3cff000-7fafd3eff000 rw-p 00000000 00:00 0 
7fafd3eff000-7fafd3f02000 ---p 00000000 00:00 0 
7fafd3f02000-7fafd4000000 rw-p 00000000 00:00 0 
7fafd4000000-7fafd4021000 rw-p 00000000 00:00 0 
7fafd4021000-7fafd8000000 ---p 00000000 00:00 0 
7fafd8000000-7fafd90af000 rw-p 00000000 00:00 0 
7fafd90af000-7fafdc000000 ---p 00000000 00:00 0 
7fafdc000000-7fafdc021000 rw-p 00000000 00:00 0 
7fafdc021000-7fafe0000000 ---p 00000000 00:00 0 
7fafe0000000-7fafe0021000 rw-p 00000000 00:00 0 
7fafe0021000-7fafe4000000 ---p 00000000 00:00 0 
7fafe4000000-7fafe40a4000 rw-p 00000000 00:00 0 
7fafe40a4000-7fafe8000000 ---p 00000000 00:00 0 
7fafe8000000-7fafe86c5000 rw-p 00000000 00:00 0 
7fafe86c5000-7fafec000000 ---p 00000000 00:00 0 
7fafec000000-7fafec3aa000 rw-p 00000000 00:00 0 
7fafec3aa000-7faff0000000 ---p 00000000 00:00 0 
7faff00f5000-7faff02f5000 rw-p 00000000 00:00 0 
7faff02f5000-7faff04f5000 rw-p 00000000 00:00 0 
7faff04f5000-7faff06f5000 rw-p 00000000 00:00 0 
7faff06f5000-7faff08f5000 rw-p 00000000 00:00 0 
7faff08f5000-7faff08fe000 r-xp 00000000 fd:01 1314770                    /usr/local/jdk/jre/lib/amd64/libmanagement.so
7faff08fe000-7faff0afd000 ---p 00009000 fd:01 1314770                    /usr/local/jdk/jre/lib/amd64/libmanagement.so
7faff0afd000-7faff0afe000 r--p 00008000 fd:01 1314770                    /usr/local/jdk/jre/lib/amd64/libmanagement.so
7faff0afe000-7faff0aff000 rw-p 00009000 fd:01 1314770                    /usr/local/jdk/jre/lib/amd64/libmanagement.so
7faff0aff000-7faff0cff000 rw-p 00000000 00:00 0 
7faff0cff000-7faff0d02000 ---p 00000000 00:00 0 
7faff0d02000-7faff1000000 rw-p 00000000 00:00 0 
7faff1000000-7faff1fc0000 rwxp 00000000 00:00 0 
7faff1fc0000-7fb000000000 ---p 00000000 00:00 0 
7fb000000000-7fb001e45000 rw-p 00000000 00:00 0 
7fb001e45000-7fb004000000 ---p 00000000 00:00 0 
7fb004014000-7fb00401a000 r--s 0003f000 fd:01 1314717                    /usr/local/jdk/jre/lib/ext/sunjce_provider.jar
7fb00401a000-7fb004036000 r--s 00393000 fd:01 1314721                    /usr/local/jdk/jre/lib/ext/cldrdata.jar
7fb004036000-7fb004040000 r--s 00116000 fd:01 1314713                    /usr/local/jdk/jre/lib/ext/localedata.jar
7fb004040000-7fb004042000 r--s 0000d000 fd:01 1314714                    /usr/local/jdk/jre/lib/ext/sunec.jar
7fb004042000-7fb004046000 r--s 0003b000 fd:01 1314722                    /usr/local/jdk/jre/lib/ext/sunpkcs11.jar
7fb004046000-7fb00404a000 r--s 000a4000 fd:01 1314727                    /usr/local/jdk/jre/lib/jsse.jar
7fb00404a000-7fb00404f000 r--s 002f9000 fd:01 1314517                    /usr/local/jdk/jre/lib/charsets.jar
7fb00404f000-7fb004052000 r--s 0001a000 fd:01 1314608                    /usr/local/jdk/jre/lib/jce.jar
7fb004052000-7fb0040e8000 r--s 0110d000 fd:01 1314720                    /usr/local/jdk/jre/lib/ext/jfxrt.jar
7fb0040e8000-7fb0042e8000 rw-p 00000000 00:00 0 
7fb0042e8000-7fb0042f9000 r-xp 00000000 fd:01 1314830                    /usr/local/jdk/jre/lib/amd64/libnio.so
7fb0042f9000-7fb0044f8000 ---p 00011000 fd:01 1314830                    /usr/local/jdk/jre/lib/amd64/libnio.so
7fb0044f8000-7fb0044f9000 r--p 00010000 fd:01 1314830                    /usr/local/jdk/jre/lib/amd64/libnio.so
7fb0044f9000-7fb0044fa000 rw-p 00011000 fd:01 1314830                    /usr/local/jdk/jre/lib/amd64/libnio.so
7fb0044fa000-7fb0044fd000 ---p 00000000 00:00 0 
7fb0044fd000-7fb0048fb000 rw-p 00000000 00:00 0 
7fb0048fb000-7fb004911000 r-xp 00000000 fd:01 1314769                    /usr/local/jdk/jre/lib/amd64/libnet.so
7fb004911000-7fb004b10000 ---p 00016000 fd:01 1314769                    /usr/local/jdk/jre/lib/amd64/libnet.so
7fb004b10000-7fb004b11000 r--p 00015000 fd:01 1314769                    /usr/local/jdk/jre/lib/amd64/libnet.so
7fb004b11000-7fb004b12000 rw-p 00016000 fd:01 1314769                    /usr/local/jdk/jre/lib/amd64/libnet.so
7fb004b12000-7fb004b14000 r--s 00003000 fd:01 1574898                    /root/.m2/repository/org/jetbrains/annotations/13.0/annotations-13.0.jar
7fb004b14000-7fb004b1c000 r--s 00022000 fd:01 1576269                    /root/.m2/repository/org/jetbrains/kotlin/kotlin-stdlib-common/1.3.61/kotlin-stdlib-common-1.3.61.jar
7fb004b1c000-7fb004b30000 r--s 00131000 fd:01 1576267                    /root/.m2/repository/org/jetbrains/kotlin/kotlin-stdlib/1.3.61/kotlin-stdlib-1.3.61.jar
7fb004b30000-7fb004b32000 r--s 00039000 fd:01 1574892                    /root/.m2/repository/com/squareup/okio/okio/2.4.1/okio-2.4.1.jar
7fb004b32000-7fb004b3a000 r--s 000b0000 fd:01 1446956                    /root/.m2/repository/com/squareup/okhttp3/okhttp/4.3.0/okhttp-4.3.0.jar
7fb004b3a000-7fb004b3c000 r--s 0000c000 fd:01 1443365                    /root/.m2/repository/org/mybatis/mybatis-spring/1.3.1/mybatis-spring-1.3.1.jar
7fb004b3c000-7fb004b55000 r--s 0016c000 fd:01 1443364                    /root/.m2/repository/org/mybatis/mybatis/3.4.2/mybatis-3.4.2.jar
7fb004b55000-7fb004b57000 r--s 00002000 fd:01 1443360                    /root/.m2/repository/org/mybatis/spring/boot/mybatis-spring-boot-autoconfigure/1.2.0/mybatis-spring-boot-autoconfigure-1.2.0.jar
7fb004b57000-7fb004b58000 r--s 00000000 fd:01 1443359                    /root/.m2/repository/org/mybatis/spring/boot/mybatis-spring-boot-starter/1.2.0/mybatis-spring-boot-starter-1.2.0.jar
7fb004b58000-7fb004b5d000 r--s 00028000 fd:01 1443357                    /root/.m2/repository/org/springframework/spring-context-support/5.1.8.RELEASE/spring-context-support-5.1.8.RELEASE.jar
7fb004b5d000-7fb004b79000 r--s 00159000 fd:01 1443355                    /root/.m2/repository/org/freemarker/freemarker/2.3.28/freemarker-2.3.28.jar
7fb004b79000-7fb004b7a000 r--s 00000000 fd:01 1443353                    /root/.m2/repository/org/springframework/boot/spring-boot-starter-freemarker/2.1.6.RELEASE/spring-boot-starter-freemarker-2.1.6.RELEASE.jar
7fb004b7a000-7fb004b7b000 r--s 00000000 fd:01 1443352                    /root/.m2/repository/org/reactivestreams/reactive-streams/1.0.2/reactive-streams-1.0.2.jar
7fb004b7b000-7fb004b90000 r--s 00154000 fd:01 1443350                    /root/.m2/repository/io/projectreactor/reactor-core/3.2.10.RELEASE/reactor-core-3.2.10.RELEASE.jar
7fb004b90000-7fb004b92000 r--s 00007000 fd:01 1443348                    /root/.m2/repository/io/netty/netty-resolver/4.1.36.Final/netty-resolver-4.1.36.Final.jar
7fb004b92000-7fb004b9c000 r--s 0006a000 fd:01 1443346                    /root/.m2/repository/io/netty/netty-transport/4.1.36.Final/netty-transport-4.1.36.Final.jar
7fb004b9c000-7fb004ba2000 r--s 00048000 fd:01 1443342                    /root/.m2/repository/io/netty/netty-codec/4.1.36.Final/netty-codec-4.1.36.Final.jar
7fb004ba2000-7fb004ba6000 r--s 00041000 fd:01 1443340                    /root/.m2/repository/io/netty/netty-buffer/4.1.36.Final/netty-buffer-4.1.36.Final.jar
7fb004ba6000-7fb004bae000 r--s 00062000 fd:01 1443339                    /root/.m2/repository/io/netty/netty-handler/4.1.36.Final/netty-handler-4.1.36.Final.jar
7fb004bae000-7fb004bbb000 r--s 00086000 fd:01 1443338                    /root/.m2/repository/io/netty/netty-common/4.1.36.Final/netty-common-4.1.36.Final.jar
7fb004bbb000-7fb004bd4000 r--s 00132000 fd:01 1443335                    /root/.m2/repository/io/lettuce/lettuce-core/5.1.7.RELEASE/lettuce-core-5.1.7.RELEASE.jar
7fb004bd4000-7fb004bd6000 r--s 00010000 fd:01 1443332                    /root/.m2/repository/org/springframework/spring-oxm/5.1.8.RELEASE/spring-oxm-5.1.8.RELEASE.jar
7fb004bd6000-7fb004bd9000 r--s 00017000 fd:01 1443330                    /root/.m2/repository/org/springframework/data/spring-data-keyvalue/2.1.9.RELEASE/spring-data-keyvalue-2.1.9.RELEASE.jar
7fb004bd9000-7fb004bf4000 r--s 00146000 fd:01 1443329                    /root/.m2/repository/org/springframework/data/spring-data-redis/2.1.9.RELEASE/spring-data-redis-2.1.9.RELEASE.jar
7fb004bf4000-7fb004bf5000 r--s 00000000 fd:01 1443328                    /root/.m2/repository/org/springframework/boot/spring-boot-starter-data-redis/2.1.6.RELEASE/spring-boot-starter-data-redis-2.1.6.RELEASE.jar
7fb004bf5000-7fb004bfb000 r--s 0005b000 fd:01 1443326                    /root/.m2/repository/org/jsoup/jsoup/1.12.1/jsoup-1.12.1.jar
7fb004bfb000-7fb004c03000 r--s 00098000 fd:01 1443324                    /root/.m2/repository/com/alibaba/fastjson/1.2.61/fastjson-1.2.61.jar
7fb004c03000-7fb004c05000 r--s 0000a000 fd:01 1443318                    /root/.m2/repository/org/springframework/spring-aspects/5.1.8.RELEASE/spring-aspects-5.1.8.RELEASE.jar
7fb004c05000-7fb004c0d000 r--s 00037000 fd:01 1443317                    /root/.m2/repository/org/springframework/spring-tx/5.1.8.RELEASE/spring-tx-5.1.8.RELEASE.jar
7fb004c0d000-7fb004c11000 r--s 0002d000 fd:01 1443316                    /root/.m2/repository/org/springframework/spring-orm/5.1.8.RELEASE/spring-orm-5.1.8.RELEASE.jar
7fb004c11000-7fb004c29000 r--s 00107000 fd:01 1443314                    /root/.m2/repository/org/springframework/data/spring-data-commons/2.1.9.RELEASE/spring-data-commons-2.1.9.RELEASE.jar
7fb004c29000-7fb004c31000 r--s 00050000 fd:01 1443312                    /root/.m2/repository/org/springframework/data/spring-data-jpa/2.1.9.RELEASE/spring-data-jpa-2.1.9.RELEASE.jar
7fb004c31000-7fb004c34000 r--s 00010000 fd:01 1443311                    /root/.m2/repository/org/hibernate/common/hibernate-commons-annotations/5.0.4.Final/hibernate-commons-annotations-5.0.4.Final.jar
7fb004c34000-7fb004c39000 r--s 0004b000 fd:01 1443306                    /root/.m2/repository/org/dom4j/dom4j/2.1.1/dom4j-2.1.1.jar
7fb004c39000-7fb004c3c000 r--s 0002b000 fd:01 1443304                    /root/.m2/repository/org/jboss/jandex/2.0.5.Final/jandex-2.0.5.Final.jar
7fb004c3c000-7fb004c41000 r--s 00068000 fd:01 1443303                    /root/.m2/repository/antlr/antlr/2.7.7/antlr-2.7.7.jar
7fb004c41000-7fb004c4c000 r--s 000b2000 fd:01 1443302                    /root/.m2/repository/org/javassist/javassist/3.23.2-GA/javassist-3.23.2-GA.jar
7fb004c4c000-7fb004c52000 r--s 00023000 fd:01 1443299                    /root/.m2/repository/javax/persistence/javax.persistence-api/2.2/javax.persistence-api-2.2.jar
7fb004c52000-7fb004cd4000 r--s 00627000 fd:01 1443297                    /root/.m2/repository/org/hibernate/hibernate-core/5.3.10.Final/hibernate-core-5.3.10.Final.jar
7fb004cd4000-7fb004cd6000 r--s 0000c000 fd:01 1443296                    /root/.m2/repository/javax/activation/javax.activation-api/1.2.0/javax.activation-api-1.2.0.jar
7fb004cd6000-7fb004cda000 r--s 0001c000 fd:01 1443295                    /root/.m2/repository/javax/xml/bind/jaxb-api/2.3.1/jaxb-api-2.3.1.jar
7fb004cda000-7fb004cdb000 r--s 00006000 fd:01 1443290                    /root/.m2/repository/javax/transaction/javax.transaction-api/1.3/javax.transaction-api-1.3.jar
7fb004cdb000-7fb004ce4000 r--s 0005a000 fd:01 1443288                    /root/.m2/repository/org/springframework/spring-jdbc/5.1.8.RELEASE/spring-jdbc-5.1.8.RELEASE.jar
7fb004ce4000-7fb004ce8000 r--s 00020000 fd:01 1443287                    /root/.m2/repository/com/zaxxer/HikariCP/3.2.0/HikariCP-3.2.0.jar
7fb004ce8000-7fb004ce9000 r--s 00000000 fd:01 1443284                    /root/.m2/repository/org/springframework/boot/spring-boot-starter-jdbc/2.1.6.RELEASE/spring-boot-starter-jdbc-2.1.6.RELEASE.jar
7fb004ce9000-7fb004d02000 r--s 001da000 fd:01 1443283                    /root/.m2/repository/org/aspectj/aspectjweaver/1.9.4/aspectjweaver-1.9.4.jar
7fb004d02000-7fb004d03000 r--s 00000000 fd:01 1443282                    /root/.m2/repository/org/springframework/boot/spring-boot-starter-aop/2.1.6.RELEASE/spring-boot-starter-aop-2.1.6.RELEASE.jar
7fb004d03000-7fb004d04000 r--s 00000000 fd:01 1443278                    /root/.m2/repository/org/springframework/boot/spring-boot-starter-data-jpa/2.1.6.RELEASE/spring-boot-starter-data-jpa-2.1.6.RELEASE.jar
7fb004d04000-7fb004d1c000 r--s 00218000 fd:01 1443277                    /root/.m2/repository/mysql/mysql-connector-java/8.0.16/mysql-connector-java-8.0.16.jar
7fb004d1c000-7fb004d33000 r--s 00190000 fd:01 1443276                    /root/.m2/repository/org/projectlombok/lombok/1.18.8/lombok-1.18.8.jar
7fb004d33000-7fb004d37000 r--s 00025000 fd:01 1443272                    /root/.m2/repository/org/xmlunit/xmlunit-core/2.6.2/xmlunit-core-2.6.2.jar
7fb004d37000-7fb004d45000 r--s 0008a000 fd:01 1443270                    /root/.m2/repository/org/springframework/spring-test/5.1.8.RELEASE/spring-test-5.1.8.RELEASE.jar
7fb004d45000-7fb004d46000 r--s 00005000 fd:01 1443269                    /root/.m2/repository/org/springframework/spring-jcl/5.1.8.RELEASE/spring-jcl-5.1.8.RELEASE.jar
7fb004d46000-7fb004d5f000 r--s 00123000 fd:01 1443268                    /root/.m2/repository/org/springframework/spring-core/5.1.8.RELEASE/spring-core-5.1.8.RELEASE.jar
7fb004d5f000-7fb004d60000 r--s 00004000 fd:01 1443264                    /root/.m2/repository/com/vaadin/external/google/android-json/0.0.20131108.vaadin1/android-json-0.0.20131108.vaadin1.jar
7fb004d60000-7fb004d62000 r--s 00006000 fd:01 1443263                    /root/.m2/repository/org/skyscreamer/jsonassert/1.5.0/jsonassert-1.5.0.jar
7fb004d62000-7fb004d63000 r--s 0000c000 fd:01 1443262                    /root/.m2/repository/org/hamcrest/hamcrest-library/1.3/hamcrest-library-1.3.jar
7fb004d63000-7fb004d65000 r--s 00009000 fd:01 1443258                    /root/.m2/repository/org/hamcrest/hamcrest-core/1.3/hamcrest-core-1.3.jar
7fb004d65000-7fb004d67000 r--s 0000c000 fd:01 1443188                    /root/.m2/repository/org/objenesis/objenesis/2.6/objenesis-2.6.jar
7fb004d67000-7fb004d69000 r--s 00009000 fd:01 1443254                    /root/.m2/repository/net/bytebuddy/byte-buddy-agent/1.9.13/byte-buddy-agent-1.9.13.jar
7fb004d69000-7fb004db0000 r--s 002dd000 fd:01 1443253                    /root/.m2/repository/net/bytebuddy/byte-buddy/1.9.13/byte-buddy-1.9.13.jar
7fb004db0000-7fb004dc0000 r--s 0007a000 fd:01 1443251                    /root/.m2/repository/org/mockito/mockito-core/2.23.4/mockito-core-2.23.4.jar
7fb004dc0000-7fb004e1b000 r--s 0038b000 fd:01 1443250                    /root/.m2/repository/org/assertj/assertj-core/3.11.1/assertj-core-3.11.1.jar
7fb004e1b000-7fb004e23000 r--s 00045000 fd:01 1443248                    /root/.m2/repository/junit/junit/4.12/junit-4.12.jar
7fb004e23000-7fb004e25000 r--s 00009000 fd:01 1443247                    /root/.m2/repository/org/slf4j/slf4j-api/1.7.26/slf4j-api-1.7.26.jar
7fb004e25000-7fb004e27000 r--s 0000c000 fd:01 1443243                    /root/.m2/repository/org/ow2/asm/asm/5.0.4/asm-5.0.4.jar
7fb004e27000-7fb004e29000 r--s 00006000 fd:01 1443241                    /root/.m2/repository/net/minidev/accessors-smart/1.2/accessors-smart-1.2.jar
7fb004e29000-7fb004e2c000 r--s 0001b000 fd:01 1443238                    /root/.m2/repository/net/minidev/json-smart/2.3/json-smart-2.3.jar
7fb004e2c000-7fb004e32000 r--s 00031000 fd:01 1443237                    /root/.m2/repository/com/jayway/jsonpath/json-path/2.4.0/json-path-2.4.0.jar
7fb004e32000-7fb004e39000 r--s 00024000 fd:01 1443228                    /root/.m2/repository/org/springframework/boot/spring-boot-test-autoconfigure/2.1.6.RELEASE/spring-boot-test-autoconfigure-2.1.6.RELEASE.jar
7fb004e39000-7fb004e3f000 r--s 0002b000 fd:01 1443232                    /root/.m2/repository/org/springframework/boot/spring-boot-test/2.1.6.RELEASE/spring-boot-test-2.1.6.RELEASE.jar
7fb004e3f000-7fb004e40000 r--s 00000000 fd:01 1443231                    /root/.m2/repository/org/springframework/boot/spring-boot-starter-test/2.1.6.RELEASE/spring-boot-starter-test-2.1.6.RELEASE.jar
7fb004e40000-7fb004e45000 r--s 00040000 fd:01 1443229                    /root/.m2/repository/org/springframework/spring-expression/5.1.8.RELEASE/spring-expression-5.1.8.RELEASE.jar
7fb004e45000-7fb004e5f000 r--s 000f4000 fd:01 1443227                    /root/.m2/repository/org/springframework/spring-context/5.1.8.RELEASE/spring-context-5.1.8.RELEASE.jar
7fb004e5f000-7fb004e69000 r--s 00051000 fd:01 1443224                    /root/.m2/repository/org/springframework/spring-aop/5.1.8.RELEASE/spring-aop-5.1.8.RELEASE.jar
7fb004e69000-7fb004e78000 r--s 000b5000 fd:01 1443223                    /root/.m2/repository/org/springframework/spring-webmvc/5.1.8.RELEASE/spring-webmvc-5.1.8.RELEASE.jar
7fb004e78000-7fb004e84000 r--s 00099000 fd:01 1443222                    /root/.m2/repository/org/springframework/spring-beans/5.1.8.RELEASE/spring-beans-5.1.8.RELEASE.jar
7fb004e84000-7fb004ea0000 r--s 00137000 fd:01 1443220                    /root/.m2/repository/org/springframework/spring-web/5.1.8.RELEASE/spring-web-5.1.8.RELEASE.jar
7fb004ea0000-7fb004ea2000 r--s 0000f000 fd:01 1443218                    /root/.m2/repository/com/fasterxml/classmate/1.4.0/classmate-1.4.0.jar
7fb004ea2000-7fb004ea4000 r--s 0000f000 fd:01 1443216                    /root/.m2/repository/org/jboss/logging/jboss-logging/3.3.2.Final/jboss-logging-3.3.2.Final.jar
7fb004ea4000-7fb004ea9000 r--s 00012000 fd:01 1443212                    /root/.m2/repository/javax/validation/validation-api/2.0.1.Final/validation-api-2.0.1.Final.jar
7fb004ea9000-7fb004ec6000 r--s 000fe000 fd:01 1443211                    /root/.m2/repository/org/hibernate/validator/hibernate-validator/6.0.17.Final/hibernate-validator-6.0.17.Final.jar
7fb004ec6000-7fb004ecb000 r--s 0003c000 fd:01 1443209                    /root/.m2/repository/org/apache/tomcat/embed/tomcat-embed-websocket/9.0.21/tomcat-embed-websocket-9.0.21.jar
7fb004ecb000-7fb004ed0000 r--s 00039000 fd:01 1443207                    /root/.m2/repository/org/apache/tomcat/embed/tomcat-embed-el/9.0.21/tomcat-embed-el-9.0.21.jar
7fb004ed0000-7fb004efb000 r--s 00306000 fd:01 1443206                    /root/.m2/repository/org/apache/tomcat/embed/tomcat-embed-core/9.0.21/tomcat-embed-core-9.0.21.jar
7fb004efb000-7fb004efc000 r--s 00000000 fd:01 1443204                    /root/.m2/repository/org/springframework/boot/spring-boot-starter-tomcat/2.1.6.RELEASE/spring-boot-starter-tomcat-2.1.6.RELEASE.jar
7fb004efc000-7fb004efe000 r--s 00001000 fd:01 1443201                    /root/.m2/repository/com/fasterxml/jackson/module/jackson-module-parameter-names/2.9.9/jackson-module-parameter-names-2.9.9.jar
7fb004efe000-7fb004f01000 r--s 00016000 fd:01 1443198                    /root/.m2/repository/com/fasterxml/jackson/datatype/jackson-datatype-jsr310/2.9.9/jackson-datatype-jsr310-2.9.9.jar
7fb004f01000-7fb004f03000 r--s 00007000 fd:01 1443197                    /root/.m2/repository/com/fasterxml/jackson/datatype/jackson-datatype-jdk8/2.9.9/jackson-datatype-jdk8-2.9.9.jar
7fb004f03000-7fb004f07000 r--s 0004c000 fd:01 1443195                    /root/.m2/repository/com/fasterxml/jackson/core/jackson-core/2.9.9/jackson-core-2.9.9.jar
7fb004f07000-7fb004f0a000 r--s 0000e000 fd:01 1443194                    /root/.m2/repository/com/fasterxml/jackson/core/jackson-annotations/2.9.0/jackson-annotations-2.9.0.jar
7fb004f0a000-7fb004f1d000 r--s 00137000 fd:01 1443169                    /root/.m2/repository/com/fasterxml/jackson/core/jackson-databind/2.9.9/jackson-databind-2.9.9.jar
7fb004f1d000-7fb004f1e000 r--s 00000000 fd:01 1443189                    /root/.m2/repository/org/springframework/boot/spring-boot-starter-json/2.1.6.RELEASE/spring-boot-starter-json-2.1.6.RELEASE.jar
7fb004f1e000-7fb004f25000 r--s 00043000 fd:01 1443187                    /root/.m2/repository/org/yaml/snakeyaml/1.23/snakeyaml-1.23.jar
7fb004f25000-7fb004f27000 r--s 00005000 fd:01 1443181                    /root/.m2/repository/javax/annotation/javax.annotation-api/1.3.2/javax.annotation-api-1.3.2.jar
7fb004f27000-7fb004f29000 r--s 00000000 fd:01 1443182                    /root/.m2/repository/org/slf4j/jul-to-slf4j/1.7.26/jul-to-slf4j-1.7.26.jar
7fb004f29000-7fb004f34000 r--s 00069000 fd:01 1443177                    /root/.m2/repository/ch/qos/logback/logback-core/1.2.3/logback-core-1.2.3.jar
7fb004f34000-7fb004f58000 r--s 00110000 fd:01 1443170                    /root/.m2/repository/org/springframework/boot/spring-boot-autoconfigure/2.1.6.RELEASE/spring-boot-autoconfigure-2.1.6.RELEASE.jar
7fb004f58000-7fb004f6d000 r--s 000d4000 fd:01 1443168                    /root/.m2/repository/org/springframework/boot/spring-boot/2.1.6.RELEASE/spring-boot-2.1.6.RELEASE.jar
7fb004f6d000-7fb004f6e000 ---p 00000000 00:00 0 
7fb004f6e000-7fb00506e000 rw-p 00000000 00:00 0 
7fb00506e000-7fb005071000 ---p 00000000 00:00 0 
7fb005071000-7fb00516f000 rw-p 00000000 00:00 0 
7fb00516f000-7fb005172000 ---p 00000000 00:00 0 
7fb005172000-7fb005270000 rw-p 00000000 00:00 0 
7fb005270000-7fb005273000 ---p 00000000 00:00 0 
7fb005273000-7fb005371000 rw-p 00000000 00:00 0 
7fb005371000-7fb005374000 ---p 00000000 00:00 0 
7fb005374000-7fb005472000 rw-p 00000000 00:00 0 
7fb005472000-7fb005475000 ---p 00000000 00:00 0 
7fb005475000-7fb005573000 rw-p 00000000 00:00 0 
7fb005573000-7fb005576000 ---p 00000000 00:00 0 
7fb005576000-7fb005674000 rw-p 00000000 00:00 0 
7fb005674000-7fb00567f000 r-xp 00000000 fd:01 1185247                    /lib/x86_64-linux-gnu/libnss_files-2.23.so
7fb00567f000-7fb00587e000 ---p 0000b000 fd:01 1185247                    /lib/x86_64-linux-gnu/libnss_files-2.23.so
7fb00587e000-7fb00587f000 r--p 0000a000 fd:01 1185247                    /lib/x86_64-linux-gnu/libnss_files-2.23.so
7fb00587f000-7fb005880000 rw-p 0000b000 fd:01 1185247                    /lib/x86_64-linux-gnu/libnss_files-2.23.so
7fb005880000-7fb005886000 rw-p 00000000 00:00 0 
7fb005886000-7fb0058bb000 r--s 00000000 fd:01 132200                     /var/cache/nscd/hosts
7fb0058bb000-7fb0058bf000 r-xp 00000000 fd:01 1314780                    /usr/local/jdk/jre/lib/amd64/libdt_socket.so
7fb0058bf000-7fb005abe000 ---p 00004000 fd:01 1314780                    /usr/local/jdk/jre/lib/amd64/libdt_socket.so
7fb005abe000-7fb005abf000 r--p 00003000 fd:01 1314780                    /usr/local/jdk/jre/lib/amd64/libdt_socket.so
7fb005abf000-7fb005ac0000 rw-p 00004000 fd:01 1314780                    /usr/local/jdk/jre/lib/amd64/libdt_socket.so
7fb005ac0000-7fb005ac3000 ---p 00000000 00:00 0 
7fb005ac3000-7fb005bc1000 rw-p 00000000 00:00 0 
7fb005bc1000-7fb005bc4000 ---p 00000000 00:00 0 
7fb005bc4000-7fb005cc2000 rw-p 00000000 00:00 0 
7fb005cc2000-7fb005cc5000 ---p 00000000 00:00 0 
7fb005cc5000-7fb005dc3000 rw-p 00000000 00:00 0 
7fb005dc3000-7fb005dc4000 ---p 00000000 00:00 0 
7fb005dc4000-7fb005f14000 rw-p 00000000 00:00 0 
7fb005f14000-7fb0060ee000 r--s 03d89000 fd:01 1314518                    /usr/local/jdk/jre/lib/rt.jar
7fb0060ee000-7fb0069e7000 rw-p 00000000 00:00 0 
7fb0069e7000-7fb0069f5000 rw-p 00000000 00:00 0 
7fb0069f5000-7fb006a3a000 ---p 00000000 00:00 0 
7fb006a3a000-7fb006a5a000 rw-p 00000000 00:00 0 
7fb006a5a000-7fb006ae2000 ---p 00000000 00:00 0 
7fb006ae2000-7fb006b22000 rw-p 00000000 00:00 0 
7fb006b22000-7fb006ea3000 ---p 00000000 00:00 0 
7fb006ea3000-7fb006ebe000 r-xp 00000000 fd:01 1314792                    /usr/local/jdk/jre/lib/amd64/libzip.so
7fb006ebe000-7fb0070bd000 ---p 0001b000 fd:01 1314792                    /usr/local/jdk/jre/lib/amd64/libzip.so
7fb0070bd000-7fb0070be000 r--p 0001a000 fd:01 1314792                    /usr/local/jdk/jre/lib/amd64/libzip.so
7fb0070be000-7fb0070bf000 rw-p 0001b000 fd:01 1314792                    /usr/local/jdk/jre/lib/amd64/libzip.so
7fb0070bf000-7fb007397000 r--p 00000000 fd:01 277516                     /usr/lib/locale/locale-archive
7fb007397000-7fb007399000 r-xp 00000000 fd:01 1314805                    /usr/local/jdk/jre/lib/amd64/libnpt.so
7fb007399000-7fb007599000 ---p 00002000 fd:01 1314805                    /usr/local/jdk/jre/lib/amd64/libnpt.so
7fb007599000-7fb00759a000 r--p 00002000 fd:01 1314805                    /usr/local/jdk/jre/lib/amd64/libnpt.so
7fb00759a000-7fb00759b000 rw-p 00003000 fd:01 1314805                    /usr/local/jdk/jre/lib/amd64/libnpt.so
7fb00759b000-7fb0075d5000 r-xp 00000000 fd:01 1314778                    /usr/local/jdk/jre/lib/amd64/libjdwp.so
7fb0075d5000-7fb0077d4000 ---p 0003a000 fd:01 1314778                    /usr/local/jdk/jre/lib/amd64/libjdwp.so
7fb0077d4000-7fb0077d5000 r--p 00039000 fd:01 1314778                    /usr/local/jdk/jre/lib/amd64/libjdwp.so
7fb0077d5000-7fb0077d6000 rw-p 0003a000 fd:01 1314778                    /usr/local/jdk/jre/lib/amd64/libjdwp.so
7fb0077d6000-7fb007802000 r-xp 00000000 fd:01 1314783                    /usr/local/jdk/jre/lib/amd64/libjava.so
7fb007802000-7fb007a02000 ---p 0002c000 fd:01 1314783                    /usr/local/jdk/jre/lib/amd64/libjava.so
7fb007a02000-7fb007a03000 r--p 0002c000 fd:01 1314783                    /usr/local/jdk/jre/lib/amd64/libjava.so
7fb007a03000-7fb007a05000 rw-p 0002d000 fd:01 1314783                    /usr/local/jdk/jre/lib/amd64/libjava.so
7fb007a05000-7fb007a12000 r-xp 00000000 fd:01 1314774                    /usr/local/jdk/jre/lib/amd64/libverify.so
7fb007a12000-7fb007c11000 ---p 0000d000 fd:01 1314774                    /usr/local/jdk/jre/lib/amd64/libverify.so
7fb007c11000-7fb007c13000 r--p 0000c000 fd:01 1314774                    /usr/local/jdk/jre/lib/amd64/libverify.so
7fb007c13000-7fb007c14000 rw-p 0000e000 fd:01 1314774                    /usr/local/jdk/jre/lib/amd64/libverify.so
7fb007c14000-7fb007c1b000 r-xp 00000000 fd:01 1185252                    /lib/x86_64-linux-gnu/librt-2.23.so
7fb007c1b000-7fb007e1a000 ---p 00007000 fd:01 1185252                    /lib/x86_64-linux-gnu/librt-2.23.so
7fb007e1a000-7fb007e1b000 r--p 00006000 fd:01 1185252                    /lib/x86_64-linux-gnu/librt-2.23.so
7fb007e1b000-7fb007e1c000 rw-p 00007000 fd:01 1185252                    /lib/x86_64-linux-gnu/librt-2.23.so
7fb007e1c000-7fb007f24000 r-xp 00000000 fd:01 1185261                    /lib/x86_64-linux-gnu/libm-2.23.so
7fb007f24000-7fb008123000 ---p 00108000 fd:01 1185261                    /lib/x86_64-linux-gnu/libm-2.23.so
7fb008123000-7fb008124000 r--p 00107000 fd:01 1185261                    /lib/x86_64-linux-gnu/libm-2.23.so
7fb008124000-7fb008125000 rw-p 00108000 fd:01 1185261                    /lib/x86_64-linux-gnu/libm-2.23.so
7fb008125000-7fb008e0e000 r-xp 00000000 fd:01 1314790                    /usr/local/jdk/jre/lib/amd64/server/libjvm.so
7fb008e0e000-7fb00900d000 ---p 00ce9000 fd:01 1314790                    /usr/local/jdk/jre/lib/amd64/server/libjvm.so
7fb00900d000-7fb0090a3000 r--p 00ce8000 fd:01 1314790                    /usr/local/jdk/jre/lib/amd64/server/libjvm.so
7fb0090a3000-7fb0090d4000 rw-p 00d7e000 fd:01 1314790                    /usr/local/jdk/jre/lib/amd64/server/libjvm.so
7fb0090d4000-7fb00910f000 rw-p 00000000 00:00 0 
7fb00910f000-7fb0092cf000 r-xp 00000000 fd:01 1185266                    /lib/x86_64-linux-gnu/libc-2.23.so
7fb0092cf000-7fb0094cf000 ---p 001c0000 fd:01 1185266                    /lib/x86_64-linux-gnu/libc-2.23.so
7fb0094cf000-7fb0094d3000 r--p 001c0000 fd:01 1185266                    /lib/x86_64-linux-gnu/libc-2.23.so
7fb0094d3000-7fb0094d5000 rw-p 001c4000 fd:01 1185266                    /lib/x86_64-linux-gnu/libc-2.23.so
7fb0094d5000-7fb0094d9000 rw-p 00000000 00:00 0 
7fb0094d9000-7fb0094dc000 r-xp 00000000 fd:01 1185255                    /lib/x86_64-linux-gnu/libdl-2.23.so
7fb0094dc000-7fb0096db000 ---p 00003000 fd:01 1185255                    /lib/x86_64-linux-gnu/libdl-2.23.so
7fb0096db000-7fb0096dc000 r--p 00002000 fd:01 1185255                    /lib/x86_64-linux-gnu/libdl-2.23.so
7fb0096dc000-7fb0096dd000 rw-p 00003000 fd:01 1185255                    /lib/x86_64-linux-gnu/libdl-2.23.so
7fb0096dd000-7fb0096f4000 r-xp 00000000 fd:01 1313769                    /usr/local/jdk/lib/amd64/jli/libjli.so
7fb0096f4000-7fb0098f3000 ---p 00017000 fd:01 1313769                    /usr/local/jdk/lib/amd64/jli/libjli.so
7fb0098f3000-7fb0098f4000 r--p 00016000 fd:01 1313769                    /usr/local/jdk/lib/amd64/jli/libjli.so
7fb0098f4000-7fb0098f5000 rw-p 00017000 fd:01 1313769                    /usr/local/jdk/lib/amd64/jli/libjli.so
7fb0098f5000-7fb00990d000 r-xp 00000000 fd:01 1185249                    /lib/x86_64-linux-gnu/libpthread-2.23.so
7fb00990d000-7fb009b0c000 ---p 00018000 fd:01 1185249                    /lib/x86_64-linux-gnu/libpthread-2.23.so
7fb009b0c000-7fb009b0d000 r--p 00017000 fd:01 1185249                    /lib/x86_64-linux-gnu/libpthread-2.23.so
7fb009b0d000-7fb009b0e000 rw-p 00018000 fd:01 1185249                    /lib/x86_64-linux-gnu/libpthread-2.23.so
7fb009b0e000-7fb009b12000 rw-p 00000000 00:00 0 
7fb009b12000-7fb009b38000 r-xp 00000000 fd:01 1185244                    /lib/x86_64-linux-gnu/ld-2.23.so
7fb009b38000-7fb009b3e000 r--s 0003c000 fd:01 1443171                    /root/.m2/repository/org/apache/logging/log4j/log4j-api/2.11.2/log4j-api-2.11.2.jar
7fb009b3e000-7fb009b44000 r--s 00041000 fd:01 1443174                    /root/.m2/repository/ch/qos/logback/logback-classic/1.2.3/logback-classic-1.2.3.jar
7fb009b44000-7fb009b63000 rw-p 00000000 00:00 0 
7fb009b63000-7fb009bec000 ---p 00000000 00:00 0 
7fb009bec000-7fb009bf4000 rw-s 00000000 fd:01 1315619                    /tmp/hsperfdata_root/14452
7fb009bf4000-7fb009c29000 r--s 00000000 fd:01 132198                     /var/cache/nscd/passwd
7fb009c29000-7fb009c2c000 ---p 00000000 00:00 0 
7fb009c2c000-7fb009d2e000 rw-p 00000000 00:00 0 
7fb009d2e000-7fb009d30000 r--s 00003000 fd:01 1443178                    /root/.m2/repository/org/apache/logging/log4j/log4j-to-slf4j/2.11.2/log4j-to-slf4j-2.11.2.jar
7fb009d30000-7fb009d31000 r--s 00000000 fd:01 1443172                    /root/.m2/repository/org/springframework/boot/spring-boot-starter-logging/2.1.6.RELEASE/spring-boot-starter-logging-2.1.6.RELEASE.jar
7fb009d31000-7fb009d32000 r--s 00000000 fd:01 1443166                    /root/.m2/repository/org/springframework/boot/spring-boot-starter/2.1.6.RELEASE/spring-boot-starter-2.1.6.RELEASE.jar
7fb009d32000-7fb009d33000 r--s 00000000 fd:01 1443164                    /root/.m2/repository/org/springframework/boot/spring-boot-starter-web/2.1.6.RELEASE/spring-boot-starter-web-2.1.6.RELEASE.jar
7fb009d33000-7fb009d34000 rw-p 00000000 00:00 0 
7fb009d34000-7fb009d35000 ---p 00000000 00:00 0 
7fb009d35000-7fb009d37000 rw-p 00000000 00:00 0 
7fb009d37000-7fb009d38000 r--p 00025000 fd:01 1185244                    /lib/x86_64-linux-gnu/ld-2.23.so
7fb009d38000-7fb009d39000 rw-p 00026000 fd:01 1185244                    /lib/x86_64-linux-gnu/ld-2.23.so
7fb009d39000-7fb009d3a000 rw-p 00000000 00:00 0 
7fff671bc000-7fff671df000 rw-p 00000000 00:00 0                          [stack]
7fff671ec000-7fff671ee000 r--p 00000000 00:00 0                          [vvar]
7fff671ee000-7fff671f0000 r-xp 00000000 00:00 0                          [vdso]
ffffffffff600000-ffffffffff601000 r-xp 00000000 00:00 0                  [vsyscall]

VM Arguments:
jvm_args: -Xdebug -Xnoagent -Djava.compiler=NONE -Xrunjdwp:transport=dt_socket,address=localhost:44008,server=n,suspend=y -ea -Dfile.encoding=UTF-8 
java_command: org.eclipse.jdt.internal.junit.runner.RemoteTestRunner -version 3 -port 40665 -testLoaderClass org.eclipse.jdt.internal.junit4.runner.JUnit4TestLoader -loaderpluginname org.eclipse.jdt.junit4.runtime -test com.laputa.service.EventServiceTest:update
java_class_path (initial): /root/projects/RecSys/target/test-classes:/root/projects/RecSys/target/classes:/root/.m2/repository/org/springframework/boot/spring-boot-starter-web/2.1.6.RELEASE/spring-boot-starter-web-2.1.6.RELEASE.jar:/root/.m2/repository/org/springframework/boot/spring-boot-starter/2.1.6.RELEASE/spring-boot-starter-2.1.6.RELEASE.jar:/root/.m2/repository/org/springframework/boot/spring-boot/2.1.6.RELEASE/spring-boot-2.1.6.RELEASE.jar:/root/.m2/repository/org/springframework/boot/spring-boot-autoconfigure/2.1.6.RELEASE/spring-boot-autoconfigure-2.1.6.RELEASE.jar:/root/.m2/repository/org/springframework/boot/spring-boot-starter-logging/2.1.6.RELEASE/spring-boot-starter-logging-2.1.6.RELEASE.jar:/root/.m2/repository/ch/qos/logback/logback-classic/1.2.3/logback-classic-1.2.3.jar:/root/.m2/repository/ch/qos/logback/logback-core/1.2.3/logback-core-1.2.3.jar:/root/.m2/repository/org/apache/logging/log4j/log4j-to-slf4j/2.11.2/log4j-to-slf4j-2.11.2.jar:/root/.m2/repository/org/apache/logging/log4j/log4j-api/2.11.2/log4j-api-2.11.2.jar:/root/.m2/repository/org/slf4j/jul-to-slf4j/1.7.26/jul-to-slf4j-1.7.26.jar:/root/.m2/repository/javax/annotation/javax.annotation-api/1.3.2/javax.annotation-api-1.3.2.jar:/root/.m2/repository/org/yaml/snakeyaml/1.23/snakeyaml-1.23.jar:/root/.m2/repository/org/springframework/boot/spring-boot-starter-json/2.1.6.RELEASE/spring-boot-starter-json-2.1.6.RELEASE.jar:/root/.m2/repository/com/fasterxml/jackson/core/jackson-databind/2.9.9/jackson-databind-2.9.9.jar:/root/.m2/repository/com/fasterxml/jackson/core/jackson-annotations/2.9.0/jackson-annotations-2.9.0.jar:/root/.m2/repository/com/fasterxml/jackson/core/jackson-core/2.9.9/jackson-core-2.9.9.jar:/root/.m2/repository/com/fasterxml/jackson/datatype/jackson-datatype-jdk8/2.9.9/jackson-datatype-jdk8-2.9.9.jar:/root/.m2/repository/com/fasterxml/jackson/datatype/jackson-datatype-jsr310/2.9.9/jackson-datatype-jsr310-2.9.9.jar:/root/.m2/repository/com/fasterxml/jackson/module/jackson-m
Launcher Type: SUN_STANDARD

Environment Variables:
JAVA_HOME=/usr/local/jdk
JRE_HOME=/usr/local/jdk/jre
CLASSPATH=.:/usr/local/jdk/lib:/usr/local/jdk/jre/lib:.:$JAVA_HOME/lib:$JAVA_HOME/jre/lib
PATH=/root/.vscode-server/bin/26076a4de974ead31f97692a0d32f90d735645c0/bin:/usr/local/maven/bin:/usr/local/jdk/bin:/usr/local/jdk/jre/bin:/root/.vscode-server/bin/26076a4de974ead31f97692a0d32f90d735645c0/bin:/usr/local/sbin:/usr/local/bin:/usr/sbin:/usr/bin:/sbin:/bin:/usr/games:/usr/local/games
SHELL=/bin/bash

Signal Handlers:
SIGSEGV: [libjvm.so+0xad4d90], sa_mask[0]=11111111011111111101111111111110, sa_flags=SA_RESTART|SA_SIGINFO
SIGBUS: [libjvm.so+0xad4d90], sa_mask[0]=11111111011111111101111111111110, sa_flags=SA_RESTART|SA_SIGINFO
SIGFPE: [libjvm.so+0x90bc10], sa_mask[0]=11111111011111111101111111111110, sa_flags=SA_RESTART|SA_SIGINFO
SIGPIPE: [libjvm.so+0x90bc10], sa_mask[0]=11111111011111111101111111111110, sa_flags=SA_RESTART|SA_SIGINFO
SIGXFSZ: [libjvm.so+0x90bc10], sa_mask[0]=11111111011111111101111111111110, sa_flags=SA_RESTART|SA_SIGINFO
SIGILL: [libjvm.so+0x90bc10], sa_mask[0]=11111111011111111101111111111110, sa_flags=SA_RESTART|SA_SIGINFO
SIGUSR1: SIG_DFL, sa_mask[0]=00000000000000000000000000000000, sa_flags=none
SIGUSR2: [libjvm.so+0x90bae0], sa_mask[0]=00100000000000000000000000000000, sa_flags=SA_RESTART|SA_SIGINFO
SIGHUP: [libjvm.so+0x90c100], sa_mask[0]=11111111011111111101111111111110, sa_flags=SA_RESTART|SA_SIGINFO
SIGINT: [libjvm.so+0x90c100], sa_mask[0]=11111111011111111101111111111110, sa_flags=SA_RESTART|SA_SIGINFO
SIGTERM: [libjvm.so+0x90c100], sa_mask[0]=11111111011111111101111111111110, sa_flags=SA_RESTART|SA_SIGINFO
SIGQUIT: [libjvm.so+0x90c100], sa_mask[0]=11111111011111111101111111111110, sa_flags=SA_RESTART|SA_SIGINFO


---------------  S Y S T E M  ---------------

OS:DISTRIB_ID=Ubuntu
DISTRIB_RELEASE=16.04
DISTRIB_CODENAME=xenial
DISTRIB_DESCRIPTION="Ubuntu 16.04.3 LTS"

uname:Linux 4.4.0-93-generic #116-Ubuntu SMP Fri Aug 11 21:17:51 UTC 2017 x86_64
libc:glibc 2.23 NPTL 2.23 
rlimit: STACK 8192k, CORE 0k, NPROC 7857, NOFILE 65535, AS infinity
load average:1.11 0.94 2.90

/proc/meminfo:
MemTotal:        2048212 kB
MemFree:           70868 kB
MemAvailable:      10716 kB
Buffers:             268 kB
Cached:            26608 kB
SwapCached:            0 kB
Active:          1895868 kB
Inactive:          20336 kB
Active(anon):    1890000 kB
Inactive(anon):     9936 kB
Active(file):       5868 kB
Inactive(file):    10400 kB
Unevictable:           0 kB
Mlocked:               0 kB
SwapTotal:             0 kB
SwapFree:              0 kB
Dirty:               160 kB
Writeback:             0 kB
AnonPages:       1889412 kB
Mapped:            14088 kB
Shmem:             10524 kB
Slab:              27760 kB
SReclaimable:      14160 kB
SUnreclaim:        13600 kB
KernelStack:        4640 kB
PageTables:         9576 kB
NFS_Unstable:          0 kB
Bounce:                0 kB
WritebackTmp:          0 kB
CommitLimit:     1024104 kB
Committed_AS:    2917828 kB
VmallocTotal:   34359738367 kB
VmallocUsed:           0 kB
VmallocChunk:          0 kB
HardwareCorrupted:     0 kB
AnonHugePages:   1380352 kB
CmaTotal:              0 kB
CmaFree:               0 kB
HugePages_Total:       0
HugePages_Free:        0
HugePages_Rsvd:        0
HugePages_Surp:        0
Hugepagesize:       2048 kB
DirectMap4k:       44928 kB
DirectMap2M:     2052096 kB
DirectMap1G:           0 kB

container (cgroup) information:
container_type: cgroupv1
cpu_cpuset_cpus: 0
cpu_memory_nodes: 0
active_processor_count: 1
cpu_quota: -1
cpu_period: 100000
cpu_shares: -1
memory_limit_in_bytes: -1
memory_and_swap_limit_in_bytes: -2
memory_soft_limit_in_bytes: -1
memory_usage_in_bytes: 1666330624
memory_max_usage_in_bytes: 1669021696


CPU:total 1 (initial active 1) (1 cores per cpu, 2 threads per core) family 6 model 85 stepping 4, cmov, cx8, fxsr, mmx, sse, sse2, sse3, ssse3, sse4.1, sse4.2, popcnt, avx, avx2, aes, clmul, erms, rtm, 3dnowpref, lzcnt, ht, tsc, bmi1, bmi2, adx

/proc/cpuinfo:
processor	: 0
vendor_id	: GenuineIntel
cpu family	: 6
model		: 85
model name	: Intel(R) Xeon(R) Platinum 8163 CPU @ 2.50GHz
stepping	: 4
microcode	: 0x1
cpu MHz		: 2500.008
cache size	: 33792 KB
physical id	: 0
siblings	: 1
core id		: 0
cpu cores	: 1
apicid		: 0
initial apicid	: 0
fpu		: yes
fpu_exception	: yes
cpuid level	: 13
wp		: yes
flags		: fpu vme de pse tsc msr pae mce cx8 apic sep mtrr pge mca cmov pat pse36 clflush mmx fxsr sse sse2 ss ht syscall nx pdpe1gb rdtscp lm constant_tsc rep_good nopl eagerfpu pni pclmulqdq ssse3 fma cx16 pcid sse4_1 sse4_2 x2apic movbe popcnt tsc_deadline_timer aes xsave avx f16c rdrand hypervisor lahf_lm abm 3dnowprefetch fsgsbase tsc_adjust bmi1 hle avx2 smep bmi2 erms invpcid rtm mpx avx512f rdseed adx smap avx512cd xsaveopt xsavec xgetbv1
bugs		:
bogomips	: 5000.01
clflush size	: 64
cache_alignment	: 64
address sizes	: 46 bits physical, 48 bits virtual
power management:



Memory: 4k page, physical 2048212k(70372k free), swap 0k(0k free)

vm_info: Java HotSpot(TM) 64-Bit Server VM (25.231-b11) for linux-amd64 JRE (1.8.0_231-b11), built on Oct  5 2019 03:00:41 by "java_re" with gcc 7.3.0

time: Wed Jan  8 21:50:38 2020
timezone: CST
elapsed time: 48 seconds (0d 0h 0m 48s)

