#
# There is insufficient memory for the Java Runtime Environment to continue.
# Native memory allocation (mmap) failed to map 134217728 bytes for committing reserved memory.
# Possible reasons:
#   The system is out of physical RAM or swap space
#   The process is running with CompressedOops enabled, and the Java Heap may be blocking the growth of the native heap
# Possible solutions:
#   Reduce memory load on the system
#   Increase physical memory or swap space
#   Check if swap backing store is full
#   Decrease Java heap size (-Xmx/-Xms)
#   Decrease number of Java threads
#   Decrease Java thread stack sizes (-Xss)
#   Set larger code cache with -XX:ReservedCodeCacheSize=
#   JVM is running with Unscaled Compressed Oops mode in which the Java heap is
#     placed in the first 4GB address space. The Java Heap base address is the
#     maximum limit for the native heap growth. Please use -XX:HeapBaseMinAddress
#     to set the Java Heap base and to place the Java Heap above 4GB virtual address.
# This output file may be truncated or incomplete.
#
#  Out of Memory Error (os_linux.cpp:2749), pid=13884, tid=0x00007fdb482e6700
#
# JRE version: Java(TM) SE Runtime Environment (8.0_231-b11) (build 1.8.0_231-b11)
# Java VM: Java HotSpot(TM) 64-Bit Server VM (25.231-b11 mixed mode linux-amd64 compressed oops)
# Failed to write core dump. Core dumps have been disabled. To enable core dumping, try "ulimit -c unlimited" before starting Java again
#

---------------  T H R E A D  ---------------

Current thread (0x00007fdb440d8800):  VMThread [stack: 0x00007fdb481e6000,0x00007fdb482e7000] [id=13894]

Stack: [0x00007fdb481e6000,0x00007fdb482e7000],  sp=0x00007fdb482e53d0,  free space=1020k
Native frames: (J=compiled Java code, j=interpreted, Vv=VM code, C=native code)
V  [libjvm.so+0xad4455]  VMError::report_and_die()+0x2e5
V  [libjvm.so+0x4e0787]  report_vm_out_of_memory(char const*, int, unsigned long, VMErrorType, char const*)+0x67
V  [libjvm.so+0x9107d6]  os::pd_commit_memory_or_exit(char*, unsigned long, unsigned long, bool, char const*)+0x106
V  [libjvm.so+0x907f7d]  os::commit_memory_or_exit(char*, unsigned long, unsigned long, bool, char const*)+0x1d
V  [libjvm.so+0x5afa84]  G1PageBasedVirtualSpace::commit_internal(unsigned long, unsigned long)+0x224
V  [libjvm.so+0x5afb0e]  G1PageBasedVirtualSpace::commit(unsigned long, unsigned long)+0x7e
V  [libjvm.so+0x5b2605]  G1RegionsLargerThanCommitSizeMapper::commit_regions(unsigned int, unsigned long)+0x35
V  [libjvm.so+0x61d916]  HeapRegionManager::commit_regions(unsigned int, unsigned long)+0x76
V  [libjvm.so+0x61ea2f]  HeapRegionManager::make_regions_available(unsigned int, unsigned int)+0x3f
V  [libjvm.so+0x61eef8]  HeapRegionManager::expand_by(unsigned int)+0x128
V  [libjvm.so+0x58beea]  G1CollectedHeap::expand(unsigned long)+0x12a
V  [libjvm.so+0x59556f]  G1CollectedHeap::do_collection_pause_at_safepoint(double)+0x99f
V  [libjvm.so+0xadc2e1]  VM_G1IncCollectionPause::doit()+0x81
V  [libjvm.so+0xadb216]  VM_Operation::evaluate()+0x46
V  [libjvm.so+0xad954d]  VMThread::evaluate_operation(VM_Operation*) [clone .constprop.44]+0xcd
V  [libjvm.so+0xad9b67]  VMThread::loop()+0x3d7
V  [libjvm.so+0xad9f08]  VMThread::run()+0x78
V  [libjvm.so+0x90dcb2]  java_start(Thread*)+0x102

VM_Operation (0x00007fdb138e8ee0): G1IncCollectionPause, mode: safepoint, requested by thread 0x00007fdb20147000


---------------  P R O C E S S  ---------------

Java Threads: ( => current thread )
  0x00007fdb4442e800 JavaThread "Framework stop" [_thread_blocked, id=13990, stack(0x00007fdb138ee000,0x00007fdb139ef000)]
  0x00007fdb18084800 JavaThread "Worker-4" [_thread_blocked, id=13958, stack(0x00007fdb11f16000,0x00007fdb12017000)]
  0x00007fdb2054a800 JavaThread "Worker-3" [_thread_blocked, id=13957, stack(0x00007fdb12017000,0x00007fdb12118000)]
  0x00007fdb44430800 JavaThread "pool-1-thread-1" [_thread_blocked, id=13956, stack(0x00007fdb1232b000,0x00007fdb1242c000)]
  0x00007fdb441dd000 JavaThread "pool-2-thread-1" [_thread_blocked, id=13955, stack(0x00007fdb12635000,0x00007fdb12736000)]
  0x00007fdb143fe800 JavaThread "Java indexing" daemon [_thread_blocked, id=13949, stack(0x00007fdb131eb000,0x00007fdb132ec000)]
  0x00007fdb2c052000 JavaThread "Worker-2: Repository registry initialization" [_thread_blocked, id=13948, stack(0x00007fdb134ec000,0x00007fdb135ed000)]
  0x00007fdb20147000 JavaThread "Worker-1: Initialize Workspace" [_thread_blocked, id=13947, stack(0x00007fdb137ed000,0x00007fdb138ee000)]
  0x00007fdb14171800 JavaThread "Worker-JM" [_thread_blocked, id=13945, stack(0x00007fdb240f4000,0x00007fdb241f5000)]
  0x00007fdb443a0800 JavaThread "Start Level: Equinox Container: 270e1d69-f5a2-4a62-969b-8fec84d42a28" daemon [_thread_blocked, id=13944, stack(0x00007fdb241f5000,0x00007fdb242f6000)]
  0x00007fdb4439b000 JavaThread "Framework Event Dispatcher: Equinox Container: 270e1d69-f5a2-4a62-969b-8fec84d42a28" daemon [_thread_blocked, id=13943, stack(0x00007fdb242f6000,0x00007fdb243f7000)]
  0x00007fdb4433f000 JavaThread "Active Thread: Equinox Container: 270e1d69-f5a2-4a62-969b-8fec84d42a28" [_thread_blocked, id=13942, stack(0x00007fdb245f7000,0x00007fdb246f8000)]
  0x00007fdb44140000 JavaThread "Service Thread" daemon [_thread_blocked, id=13935, stack(0x00007fdb24f22000,0x00007fdb25023000)]
  0x00007fdb4418f000 JavaThread "C1 CompilerThread1" daemon [_thread_blocked, id=13930, stack(0x00007fdb25023000,0x00007fdb25124000)]
  0x00007fdb4418d000 JavaThread "C2 CompilerThread0" daemon [_thread_blocked, id=13928, stack(0x00007fdb25124000,0x00007fdb25225000)]
  0x00007fdb4411d800 JavaThread "Signal Dispatcher" daemon [_thread_blocked, id=13902, stack(0x00007fdb25225000,0x00007fdb25326000)]
  0x00007fdb4411b800 JavaThread "Surrogate Locker Thread (Concurrent GC)" daemon [_thread_blocked, id=13900, stack(0x00007fdb25326000,0x00007fdb25427000)]
  0x00007fdb440e6800 JavaThread "Finalizer" daemon [_thread_blocked, id=13896, stack(0x00007fdb256ff000,0x00007fdb25800000)]
  0x00007fdb440e2000 JavaThread "Reference Handler" daemon [_thread_blocked, id=13895, stack(0x00007fdb480e5000,0x00007fdb481e6000)]
  0x00007fdb4400a800 JavaThread "main" [_thread_blocked, id=13885, stack(0x00007fdb4d224000,0x00007fdb4d325000)]

Other Threads:
=>0x00007fdb440d8800 VMThread [stack: 0x00007fdb481e6000,0x00007fdb482e7000] [id=13894]
  0x00007fdb44144000 WatcherThread [stack: 0x00007fdb24e21000,0x00007fdb24f22000] [id=13936]

VM state:at safepoint (normal execution)

VM Mutex/Monitor currently owned by a thread:  ([mutex/lock_event])
[0x00007fdb44008c00] Threads_lock - owner thread: 0x00007fdb440d8800
[0x00007fdb44009100] Heap_lock - owner thread: 0x00007fdb20147000

heap address: 0x00000000c0000000, size: 1024 MB, Compressed Oops mode: 32-bit
Narrow klass base: 0x0000000000000000, Narrow klass shift: 3
Compressed class space size: 1073741824 Address: 0x0000000100000000

Heap:
 garbage-first heap   total 262144K, used 25088K [0x00000000c0000000, 0x00000000c0100800, 0x0000000100000000)
  region size 1024K, 1 young (1024K), 1 survivors (1024K)
 Metaspace       used 35429K, capacity 37764K, committed 38016K, reserved 1083392K
  class space    used 3894K, capacity 4653K, committed 4736K, reserved 1048576K

Heap Regions: (Y=young(eden), SU=young(survivor), HS=humongous(starts), HC=humongous(continues), CS=collection set, F=free, TS=gc time stamp, PTAMS=previous top-at-mark-start, NTAMS=next top-at-mark-start)
AC   0  O    TS     0 PTAMS 0x00000000c0100000 NTAMS 0x00000000c0100000 space 1024K, 100% used [0x00000000c0000000, 0x00000000c0100000)
AC   0  O    TS     0 PTAMS 0x00000000c0200000 NTAMS 0x00000000c0200000 space 1024K, 100% used [0x00000000c0100000, 0x00000000c0200000)
AC   0  O    TS     0 PTAMS 0x00000000c0300000 NTAMS 0x00000000c0300000 space 1024K, 100% used [0x00000000c0200000, 0x00000000c0300000)
AC   0  O    TS     0 PTAMS 0x00000000c0400000 NTAMS 0x00000000c0400000 space 1024K, 100% used [0x00000000c0300000, 0x00000000c0400000)
AC   0  O    TS     0 PTAMS 0x00000000c0500000 NTAMS 0x00000000c0500000 space 1024K, 100% used [0x00000000c0400000, 0x00000000c0500000)
AC   0  O    TS     0 PTAMS 0x00000000c0600000 NTAMS 0x00000000c0600000 space 1024K, 100% used [0x00000000c0500000, 0x00000000c0600000)
AC   0  O    TS    17 PTAMS 0x00000000c0600000 NTAMS 0x00000000c0600000 space 1024K, 100% used [0x00000000c0600000, 0x00000000c0700000)
AC   0  O    TS     0 PTAMS 0x00000000c0800000 NTAMS 0x00000000c0800000 space 1024K, 100% used [0x00000000c0700000, 0x00000000c0800000)
AC   0  O    TS     0 PTAMS 0x00000000c0900000 NTAMS 0x00000000c0900000 space 1024K, 100% used [0x00000000c0800000, 0x00000000c0900000)
AC   0  O    TS    17 PTAMS 0x00000000c0900000 NTAMS 0x00000000c0900000 space 1024K, 100% used [0x00000000c0900000, 0x00000000c0a00000)
AC   0  O    TS    19 PTAMS 0x00000000c0a00000 NTAMS 0x00000000c0a00000 space 1024K, 100% used [0x00000000c0a00000, 0x00000000c0b00000)
AC   0  O    TS     0 PTAMS 0x00000000c0c00000 NTAMS 0x00000000c0c00000 space 1024K, 100% used [0x00000000c0b00000, 0x00000000c0c00000)
AC   0  O    TS    21 PTAMS 0x00000000c0c00000 NTAMS 0x00000000c0c00000 space 1024K, 100% used [0x00000000c0c00000, 0x00000000c0d00000)
AC   0  O    TS     0 PTAMS 0x00000000c0e00000 NTAMS 0x00000000c0e00000 space 1024K, 100% used [0x00000000c0d00000, 0x00000000c0e00000)
AC   0  O    TS     0 PTAMS 0x00000000c0f00000 NTAMS 0x00000000c0f00000 space 1024K, 100% used [0x00000000c0e00000, 0x00000000c0f00000)
AC   0  O    TS     3 PTAMS 0x00000000c0f00000 NTAMS 0x00000000c0f00000 space 1024K, 100% used [0x00000000c0f00000, 0x00000000c1000000)
AC   0  O    TS     3 PTAMS 0x00000000c1000000 NTAMS 0x00000000c1000000 space 1024K, 100% used [0x00000000c1000000, 0x00000000c1100000)
AC   0  O    TS    17 PTAMS 0x00000000c1100000 NTAMS 0x00000000c1100000 space 1024K, 100% used [0x00000000c1100000, 0x00000000c1200000)
AC   0  O    TS    23 PTAMS 0x00000000c1200000 NTAMS 0x00000000c1200000 space 1024K, 100% used [0x00000000c1200000, 0x00000000c1300000)
AC   0  O    TS    25 PTAMS 0x00000000c1300000 NTAMS 0x00000000c1300000 space 1024K, 100% used [0x00000000c1300000, 0x00000000c1400000)
AC   0  O    TS    25 PTAMS 0x00000000c1400000 NTAMS 0x00000000c1400000 space 1024K, 100% used [0x00000000c1400000, 0x00000000c1500000)
AC   0  O    TS    27 PTAMS 0x00000000c1500000 NTAMS 0x00000000c1500000 space 1024K, 100% used [0x00000000c1500000, 0x00000000c1600000)
AC   0  O    TS    31 PTAMS 0x00000000c1600000 NTAMS 0x00000000c1600000 space 1024K, 100% used [0x00000000c1600000, 0x00000000c1700000)
AC   0  O    TS    31 PTAMS 0x00000000c1700000 NTAMS 0x00000000c1700000 space 1024K,  50% used [0x00000000c1700000, 0x00000000c1800000)
AC   0  F    TS    13 PTAMS 0x00000000c1800000 NTAMS 0x00000000c1800000 space 1024K,   0% used [0x00000000c1800000, 0x00000000c1900000)
AC   0  F    TS    13 PTAMS 0x00000000c1900000 NTAMS 0x00000000c1900000 space 1024K,   0% used [0x00000000c1900000, 0x00000000c1a00000)
AC   0  F    TS    13 PTAMS 0x00000000c1a00000 NTAMS 0x00000000c1a00000 space 1024K,   0% used [0x00000000c1a00000, 0x00000000c1b00000)
AC   0  F    TS    13 PTAMS 0x00000000c1b00000 NTAMS 0x00000000c1b00000 space 1024K,   0% used [0x00000000c1b00000, 0x00000000c1c00000)
AC   0  F    TS     0 PTAMS 0x00000000c1c00000 NTAMS 0x00000000c1c00000 space 1024K,   0% used [0x00000000c1c00000, 0x00000000c1d00000)
AC   0  F    TS     0 PTAMS 0x00000000c1d00000 NTAMS 0x00000000c1d00000 space 1024K,   0% used [0x00000000c1d00000, 0x00000000c1e00000)
AC   0  F    TS     3 PTAMS 0x00000000c1e00000 NTAMS 0x00000000c1e00000 space 1024K,   0% used [0x00000000c1e00000, 0x00000000c1f00000)
AC   0  F    TS     0 PTAMS 0x00000000c1f00000 NTAMS 0x00000000c1f00000 space 1024K,   0% used [0x00000000c1f00000, 0x00000000c2000000)
AC   0  F    TS    11 PTAMS 0x00000000c2000000 NTAMS 0x00000000c2000000 space 1024K,   0% used [0x00000000c2000000, 0x00000000c2100000)
AC   0  F    TS    11 PTAMS 0x00000000c2100000 NTAMS 0x00000000c2100000 space 1024K,   0% used [0x00000000c2100000, 0x00000000c2200000)
AC   0  F    TS    11 PTAMS 0x00000000c2200000 NTAMS 0x00000000c2200000 space 1024K,   0% used [0x00000000c2200000, 0x00000000c2300000)
AC   0  F    TS    11 PTAMS 0x00000000c2300000 NTAMS 0x00000000c2300000 space 1024K,   0% used [0x00000000c2300000, 0x00000000c2400000)
AC   0  F    TS    11 PTAMS 0x00000000c2400000 NTAMS 0x00000000c2400000 space 1024K,   0% used [0x00000000c2400000, 0x00000000c2500000)
AC   0  F    TS    11 PTAMS 0x00000000c2500000 NTAMS 0x00000000c2500000 space 1024K,   0% used [0x00000000c2500000, 0x00000000c2600000)
AC   0  F    TS    11 PTAMS 0x00000000c2600000 NTAMS 0x00000000c2600000 space 1024K,   0% used [0x00000000c2600000, 0x00000000c2700000)
AC   0  F    TS    11 PTAMS 0x00000000c2700000 NTAMS 0x00000000c2700000 space 1024K,   0% used [0x00000000c2700000, 0x00000000c2800000)
AC   0  F    TS    11 PTAMS 0x00000000c2800000 NTAMS 0x00000000c2800000 space 1024K,   0% used [0x00000000c2800000, 0x00000000c2900000)
AC   0  F    TS    11 PTAMS 0x00000000c2900000 NTAMS 0x00000000c2900000 space 1024K,   0% used [0x00000000c2900000, 0x00000000c2a00000)
AC   0  F    TS    11 PTAMS 0x00000000c2a00000 NTAMS 0x00000000c2a00000 space 1024K,   0% used [0x00000000c2a00000, 0x00000000c2b00000)
AC   0  F    TS    11 PTAMS 0x00000000c2b00000 NTAMS 0x00000000c2b00000 space 1024K,   0% used [0x00000000c2b00000, 0x00000000c2c00000)
AC   0  F    TS    11 PTAMS 0x00000000c2c00000 NTAMS 0x00000000c2c00000 space 1024K,   0% used [0x00000000c2c00000, 0x00000000c2d00000)
AC   0  F    TS    11 PTAMS 0x00000000c2d00000 NTAMS 0x00000000c2d00000 space 1024K,   0% used [0x00000000c2d00000, 0x00000000c2e00000)
AC   0  F    TS    11 PTAMS 0x00000000c2e00000 NTAMS 0x00000000c2e00000 space 1024K,   0% used [0x00000000c2e00000, 0x00000000c2f00000)
AC   0  F    TS    11 PTAMS 0x00000000c2f00000 NTAMS 0x00000000c2f00000 space 1024K,   0% used [0x00000000c2f00000, 0x00000000c3000000)
AC   0  F    TS    11 PTAMS 0x00000000c3000000 NTAMS 0x00000000c3000000 space 1024K,   0% used [0x00000000c3000000, 0x00000000c3100000)
AC   0  F    TS    15 PTAMS 0x00000000c3100000 NTAMS 0x00000000c3100000 space 1024K,   0% used [0x00000000c3100000, 0x00000000c3200000)
AC   0  F    TS    15 PTAMS 0x00000000c3200000 NTAMS 0x00000000c3200000 space 1024K,   0% used [0x00000000c3200000, 0x00000000c3300000)
AC   0  F    TS    15 PTAMS 0x00000000c3300000 NTAMS 0x00000000c3300000 space 1024K,   0% used [0x00000000c3300000, 0x00000000c3400000)
AC   0  F    TS    15 PTAMS 0x00000000c3400000 NTAMS 0x00000000c3400000 space 1024K,   0% used [0x00000000c3400000, 0x00000000c3500000)
AC   0  F    TS    15 PTAMS 0x00000000c3500000 NTAMS 0x00000000c3500000 space 1024K,   0% used [0x00000000c3500000, 0x00000000c3600000)
AC   0  F    TS    15 PTAMS 0x00000000c3600000 NTAMS 0x00000000c3600000 space 1024K,   0% used [0x00000000c3600000, 0x00000000c3700000)
AC   0  F    TS    15 PTAMS 0x00000000c3700000 NTAMS 0x00000000c3700000 space 1024K,   0% used [0x00000000c3700000, 0x00000000c3800000)
AC   0  F    TS    11 PTAMS 0x00000000c3800000 NTAMS 0x00000000c3800000 space 1024K,   0% used [0x00000000c3800000, 0x00000000c3900000)
AC   0  F    TS    11 PTAMS 0x00000000c3900000 NTAMS 0x00000000c3900000 space 1024K,   0% used [0x00000000c3900000, 0x00000000c3a00000)
AC   0  F    TS    11 PTAMS 0x00000000c3a00000 NTAMS 0x00000000c3a00000 space 1024K,   0% used [0x00000000c3a00000, 0x00000000c3b00000)
AC   0  F    TS    11 PTAMS 0x00000000c3b00000 NTAMS 0x00000000c3b00000 space 1024K,   0% used [0x00000000c3b00000, 0x00000000c3c00000)
AC   0  F    TS    11 PTAMS 0x00000000c3c00000 NTAMS 0x00000000c3c00000 space 1024K,   0% used [0x00000000c3c00000, 0x00000000c3d00000)
AC   0  F    TS    11 PTAMS 0x00000000c3d00000 NTAMS 0x00000000c3d00000 space 1024K,   0% used [0x00000000c3d00000, 0x00000000c3e00000)
AC   0  F    TS    11 PTAMS 0x00000000c3e00000 NTAMS 0x00000000c3e00000 space 1024K,   0% used [0x00000000c3e00000, 0x00000000c3f00000)
AC   0  F    TS    11 PTAMS 0x00000000c3f00000 NTAMS 0x00000000c3f00000 space 1024K,   0% used [0x00000000c3f00000, 0x00000000c4000000)
AC   0  F    TS    13 PTAMS 0x00000000c4000000 NTAMS 0x00000000c4000000 space 1024K,   0% used [0x00000000c4000000, 0x00000000c4100000)
AC   0  F    TS    13 PTAMS 0x00000000c4100000 NTAMS 0x00000000c4100000 space 1024K,   0% used [0x00000000c4100000, 0x00000000c4200000)
AC   0  F    TS    13 PTAMS 0x00000000c4200000 NTAMS 0x00000000c4200000 space 1024K,   0% used [0x00000000c4200000, 0x00000000c4300000)
AC   0  F    TS    13 PTAMS 0x00000000c4300000 NTAMS 0x00000000c4300000 space 1024K,   0% used [0x00000000c4300000, 0x00000000c4400000)
AC   0  F    TS    13 PTAMS 0x00000000c4400000 NTAMS 0x00000000c4400000 space 1024K,   0% used [0x00000000c4400000, 0x00000000c4500000)
AC   0  F    TS    13 PTAMS 0x00000000c4500000 NTAMS 0x00000000c4500000 space 1024K,   0% used [0x00000000c4500000, 0x00000000c4600000)
AC   0  F    TS    13 PTAMS 0x00000000c4600000 NTAMS 0x00000000c4600000 space 1024K,   0% used [0x00000000c4600000, 0x00000000c4700000)
AC   0  F    TS    13 PTAMS 0x00000000c4700000 NTAMS 0x00000000c4700000 space 1024K,   0% used [0x00000000c4700000, 0x00000000c4800000)
AC   0  F    TS    13 PTAMS 0x00000000c4800000 NTAMS 0x00000000c4800000 space 1024K,   0% used [0x00000000c4800000, 0x00000000c4900000)
AC   0  F    TS    13 PTAMS 0x00000000c4900000 NTAMS 0x00000000c4900000 space 1024K,   0% used [0x00000000c4900000, 0x00000000c4a00000)
AC   0  F    TS    13 PTAMS 0x00000000c4a00000 NTAMS 0x00000000c4a00000 space 1024K,   0% used [0x00000000c4a00000, 0x00000000c4b00000)
AC   0  F    TS    13 PTAMS 0x00000000c4b00000 NTAMS 0x00000000c4b00000 space 1024K,   0% used [0x00000000c4b00000, 0x00000000c4c00000)
AC   0  F    TS    13 PTAMS 0x00000000c4c00000 NTAMS 0x00000000c4c00000 space 1024K,   0% used [0x00000000c4c00000, 0x00000000c4d00000)
AC   0  F    TS    13 PTAMS 0x00000000c4d00000 NTAMS 0x00000000c4d00000 space 1024K,   0% used [0x00000000c4d00000, 0x00000000c4e00000)
AC   0  F    TS    13 PTAMS 0x00000000c4e00000 NTAMS 0x00000000c4e00000 space 1024K,   0% used [0x00000000c4e00000, 0x00000000c4f00000)
AC   0  F    TS    13 PTAMS 0x00000000c4f00000 NTAMS 0x00000000c4f00000 space 1024K,   0% used [0x00000000c4f00000, 0x00000000c5000000)
AC   0  F    TS    13 PTAMS 0x00000000c5000000 NTAMS 0x00000000c5000000 space 1024K,   0% used [0x00000000c5000000, 0x00000000c5100000)
AC   0  F    TS    13 PTAMS 0x00000000c5100000 NTAMS 0x00000000c5100000 space 1024K,   0% used [0x00000000c5100000, 0x00000000c5200000)
AC   0  F    TS    13 PTAMS 0x00000000c5200000 NTAMS 0x00000000c5200000 space 1024K,   0% used [0x00000000c5200000, 0x00000000c5300000)
AC   0  F    TS    13 PTAMS 0x00000000c5300000 NTAMS 0x00000000c5300000 space 1024K,   0% used [0x00000000c5300000, 0x00000000c5400000)
AC   0  F    TS    13 PTAMS 0x00000000c5400000 NTAMS 0x00000000c5400000 space 1024K,   0% used [0x00000000c5400000, 0x00000000c5500000)
AC   0  F    TS    13 PTAMS 0x00000000c5500000 NTAMS 0x00000000c5500000 space 1024K,   0% used [0x00000000c5500000, 0x00000000c5600000)
AC   0  F    TS    13 PTAMS 0x00000000c5600000 NTAMS 0x00000000c5600000 space 1024K,   0% used [0x00000000c5600000, 0x00000000c5700000)
AC   0  F    TS    13 PTAMS 0x00000000c5700000 NTAMS 0x00000000c5700000 space 1024K,   0% used [0x00000000c5700000, 0x00000000c5800000)
AC   0  F    TS    13 PTAMS 0x00000000c5800000 NTAMS 0x00000000c5800000 space 1024K,   0% used [0x00000000c5800000, 0x00000000c5900000)
AC   0  F    TS    13 PTAMS 0x00000000c5900000 NTAMS 0x00000000c5900000 space 1024K,   0% used [0x00000000c5900000, 0x00000000c5a00000)
AC   0  F    TS    13 PTAMS 0x00000000c5a00000 NTAMS 0x00000000c5a00000 space 1024K,   0% used [0x00000000c5a00000, 0x00000000c5b00000)
AC   0  F    TS    13 PTAMS 0x00000000c5b00000 NTAMS 0x00000000c5b00000 space 1024K,   0% used [0x00000000c5b00000, 0x00000000c5c00000)
AC   0  F    TS    13 PTAMS 0x00000000c5c00000 NTAMS 0x00000000c5c00000 space 1024K,   0% used [0x00000000c5c00000, 0x00000000c5d00000)
AC   0  F    TS    13 PTAMS 0x00000000c5d00000 NTAMS 0x00000000c5d00000 space 1024K,   0% used [0x00000000c5d00000, 0x00000000c5e00000)
AC   0  F    TS    13 PTAMS 0x00000000c5e00000 NTAMS 0x00000000c5e00000 space 1024K,   0% used [0x00000000c5e00000, 0x00000000c5f00000)
AC   0  F    TS    13 PTAMS 0x00000000c5f00000 NTAMS 0x00000000c5f00000 space 1024K,   0% used [0x00000000c5f00000, 0x00000000c6000000)
AC   0  F    TS    13 PTAMS 0x00000000c6000000 NTAMS 0x00000000c6000000 space 1024K,   0% used [0x00000000c6000000, 0x00000000c6100000)
AC   0  F    TS    13 PTAMS 0x00000000c6100000 NTAMS 0x00000000c6100000 space 1024K,   0% used [0x00000000c6100000, 0x00000000c6200000)
AC   0  F    TS    13 PTAMS 0x00000000c6200000 NTAMS 0x00000000c6200000 space 1024K,   0% used [0x00000000c6200000, 0x00000000c6300000)
AC   0  F    TS    13 PTAMS 0x00000000c6300000 NTAMS 0x00000000c6300000 space 1024K,   0% used [0x00000000c6300000, 0x00000000c6400000)
AC   0  F    TS    13 PTAMS 0x00000000c6400000 NTAMS 0x00000000c6400000 space 1024K,   0% used [0x00000000c6400000, 0x00000000c6500000)
AC   0  F    TS    13 PTAMS 0x00000000c6500000 NTAMS 0x00000000c6500000 space 1024K,   0% used [0x00000000c6500000, 0x00000000c6600000)
AC   0  F    TS    13 PTAMS 0x00000000c6600000 NTAMS 0x00000000c6600000 space 1024K,   0% used [0x00000000c6600000, 0x00000000c6700000)
AC   0  F    TS    13 PTAMS 0x00000000c6700000 NTAMS 0x00000000c6700000 space 1024K,   0% used [0x00000000c6700000, 0x00000000c6800000)
AC   0  F    TS    13 PTAMS 0x00000000c6800000 NTAMS 0x00000000c6800000 space 1024K,   0% used [0x00000000c6800000, 0x00000000c6900000)
AC   0  F    TS    13 PTAMS 0x00000000c6900000 NTAMS 0x00000000c6900000 space 1024K,   0% used [0x00000000c6900000, 0x00000000c6a00000)
AC   0  F    TS    13 PTAMS 0x00000000c6a00000 NTAMS 0x00000000c6a00000 space 1024K,   0% used [0x00000000c6a00000, 0x00000000c6b00000)
AC   0  F    TS    13 PTAMS 0x00000000c6b00000 NTAMS 0x00000000c6b00000 space 1024K,   0% used [0x00000000c6b00000, 0x00000000c6c00000)
AC   0  F    TS    13 PTAMS 0x00000000c6c00000 NTAMS 0x00000000c6c00000 space 1024K,   0% used [0x00000000c6c00000, 0x00000000c6d00000)
AC   0  F    TS    13 PTAMS 0x00000000c6d00000 NTAMS 0x00000000c6d00000 space 1024K,   0% used [0x00000000c6d00000, 0x00000000c6e00000)
AC   0  F    TS    13 PTAMS 0x00000000c6e00000 NTAMS 0x00000000c6e00000 space 1024K,   0% used [0x00000000c6e00000, 0x00000000c6f00000)
AC   0  F    TS    13 PTAMS 0x00000000c6f00000 NTAMS 0x00000000c6f00000 space 1024K,   0% used [0x00000000c6f00000, 0x00000000c7000000)
AC   0  F    TS    13 PTAMS 0x00000000c7000000 NTAMS 0x00000000c7000000 space 1024K,   0% used [0x00000000c7000000, 0x00000000c7100000)
AC   0  F    TS    13 PTAMS 0x00000000c7100000 NTAMS 0x00000000c7100000 space 1024K,   0% used [0x00000000c7100000, 0x00000000c7200000)
AC   0  F    TS    13 PTAMS 0x00000000c7200000 NTAMS 0x00000000c7200000 space 1024K,   0% used [0x00000000c7200000, 0x00000000c7300000)
AC   0  F    TS    13 PTAMS 0x00000000c7300000 NTAMS 0x00000000c7300000 space 1024K,   0% used [0x00000000c7300000, 0x00000000c7400000)
AC   0  F    TS    13 PTAMS 0x00000000c7400000 NTAMS 0x00000000c7400000 space 1024K,   0% used [0x00000000c7400000, 0x00000000c7500000)
AC   0  F    TS    13 PTAMS 0x00000000c7500000 NTAMS 0x00000000c7500000 space 1024K,   0% used [0x00000000c7500000, 0x00000000c7600000)
AC   0  F    TS    13 PTAMS 0x00000000c7600000 NTAMS 0x00000000c7600000 space 1024K,   0% used [0x00000000c7600000, 0x00000000c7700000)
AC   0  F    TS    13 PTAMS 0x00000000c7700000 NTAMS 0x00000000c7700000 space 1024K,   0% used [0x00000000c7700000, 0x00000000c7800000)
AC   0  F    TS    13 PTAMS 0x00000000c7800000 NTAMS 0x00000000c7800000 space 1024K,   0% used [0x00000000c7800000, 0x00000000c7900000)
AC   0  S CS TS    31 PTAMS 0x00000000c7900000 NTAMS 0x00000000c7900000 space 1024K, 100% used [0x00000000c7900000, 0x00000000c7a00000)
AC   0  F    TS    29 PTAMS 0x00000000c7a00000 NTAMS 0x00000000c7a00000 space 1024K,   0% used [0x00000000c7a00000, 0x00000000c7b00000)
AC   0  F    TS    13 PTAMS 0x00000000c7b00000 NTAMS 0x00000000c7b00000 space 1024K,   0% used [0x00000000c7b00000, 0x00000000c7c00000)
AC   0  F    TS    13 PTAMS 0x00000000c7c00000 NTAMS 0x00000000c7c00000 space 1024K,   0% used [0x00000000c7c00000, 0x00000000c7d00000)
AC   0  F    TS    13 PTAMS 0x00000000c7d00000 NTAMS 0x00000000c7d00000 space 1024K,   0% used [0x00000000c7d00000, 0x00000000c7e00000)
AC   0  F    TS    17 PTAMS 0x00000000c7e00000 NTAMS 0x00000000c7e00000 space 1024K,   0% used [0x00000000c7e00000, 0x00000000c7f00000)
AC   0  F    TS    13 PTAMS 0x00000000c7f00000 NTAMS 0x00000000c7f00000 space 1024K,   0% used [0x00000000c7f00000, 0x00000000c8000000)

Card table byte_map: [0x00007fdb49be6000,0x00007fdb49de6000] byte_map_base: 0x00007fdb495e6000

Marking Bits (Prev, Next): (CMBitMap*) 0x00007fdb440362f8, (CMBitMap*) 0x00007fdb44036350
 Prev Bits: [0x00007fdb489e6000, 0x00007fdb499e6000)
 Next Bits: [0x00007fdb34000000, 0x00007fdb35000000)

Polling page: 0x00007fdb4d32f000

CodeCache: size=245760Kb used=9474Kb max_used=9946Kb free=236285Kb
 bounds [0x00007fdb35000000, 0x00007fdb359d0000, 0x00007fdb44000000]
 total_blobs=3744 nmethods=3244 adapters=414
 compilation: enabled

Compilation events (10 events):
Event: 334.849 Thread 0x00007fdb4418f000 nmethod 3893 0x00007fdb357b53d0 code [0x00007fdb357b5560, 0x00007fdb357b59a0]
Event: 335.350 Thread 0x00007fdb4418f000 3896       2       java.util.concurrent.locks.ReentrantReadWriteLock$Sync::tryReleaseShared (147 bytes)
Event: 349.043 Thread 0x00007fdb4418f000 nmethod 3896 0x00007fdb357b4a90 code [0x00007fdb357b4c40, 0x00007fdb357b5060]
Event: 349.750 Thread 0x00007fdb4418f000 3900       1       java.util.concurrent.atomic.AtomicInteger::get (5 bytes)
Event: 351.442 Thread 0x00007fdb4418f000 nmethod 3900 0x00007fdb35154f90 code [0x00007fdb351550e0, 0x00007fdb351551f0]
Event: 352.150 Thread 0x00007fdb4418f000 3897       2       org.eclipse.osgi.internal.loader.sources.PackageSource::getBundleLoader (32 bytes)
Event: 355.647 Thread 0x00007fdb4418f000 nmethod 3897 0x00007fdb357b40d0 code [0x00007fdb357b4260, 0x00007fdb357b44e0]
Event: 367.551 Thread 0x00007fdb4418f000 3901       2       org.eclipse.core.internal.registry.ConfigurationElementHandle::getAttribute (9 bytes)
Event: 379.045 Thread 0x00007fdb4418f000 nmethod 3901 0x00007fdb357b3990 code [0x00007fdb357b3b20, 0x00007fdb357b3eb0]
Event: 380.851 Thread 0x00007fdb4418f000 3902   !   2       java.util.concurrent.ConcurrentHashMap::replaceNode (416 bytes)

GC Heap History (10 events):
Event: 77.156 GC heap after
Heap after GC invocations=54 (full 0):
 garbage-first heap   total 131072K, used 19968K [0x00000000c0000000, 0x00000000c0100400, 0x0000000100000000)
  region size 1024K, 1 young (1024K), 1 survivors (1024K)
 Metaspace       used 34899K, capacity 37126K, committed 37376K, reserved 1081344K
  class space    used 3830K, capacity 4547K, committed 4608K, reserved 1048576K
}
Event: 82.148 GC heap before
{Heap before GC invocations=54 (full 0):
 garbage-first heap   total 131072K, used 25088K [0x00000000c0000000, 0x00000000c0100400, 0x0000000100000000)
  region size 1024K, 6 young (6144K), 1 survivors (1024K)
 Metaspace       used 34935K, capacity 37126K, committed 37376K, reserved 1081344K
  class space    used 3833K, capacity 4547K, committed 4608K, reserved 1048576K
Event: 83.447 GC heap after
Heap after GC invocations=55 (full 0):
 garbage-first heap   total 131072K, used 21237K [0x00000000c0000000, 0x00000000c0100400, 0x0000000100000000)
  region size 1024K, 1 young (1024K), 1 survivors (1024K)
 Metaspace       used 34935K, capacity 37126K, committed 37376K, reserved 1081344K
  class space    used 3833K, capacity 4547K, committed 4608K, reserved 1048576K
}
Event: 122.652 GC heap before
{Heap before GC invocations=55 (full 0):
 garbage-first heap   total 131072K, used 26357K [0x00000000c0000000, 0x00000000c0100400, 0x0000000100000000)
  region size 1024K, 6 young (6144K), 1 survivors (1024K)
 Metaspace       used 35059K, capacity 37254K, committed 37376K, reserved 1081344K
  class space    used 3843K, capacity 4547K, committed 4608K, reserved 1048576K
Event: 126.552 GC heap after
Heap after GC invocations=56 (full 0):
 garbage-first heap   total 131072K, used 22527K [0x00000000c0000000, 0x00000000c0100400, 0x0000000100000000)
  region size 1024K, 1 young (1024K), 1 survivors (1024K)
 Metaspace       used 35059K, capacity 37254K, committed 37376K, reserved 1081344K
  class space    used 3843K, capacity 4547K, committed 4608K, reserved 1048576K
}
Event: 178.552 GC heap before
{Heap before GC invocations=56 (full 0):
 garbage-first heap   total 131072K, used 27647K [0x00000000c0000000, 0x00000000c0100400, 0x0000000100000000)
  region size 1024K, 6 young (6144K), 1 survivors (1024K)
 Metaspace       used 35111K, capacity 37350K, committed 37632K, reserved 1083392K
  class space    used 3849K, capacity 4579K, committed 4608K, reserved 1048576K
Event: 184.251 GC heap after
Heap after GC invocations=57 (full 0):
 garbage-first heap   total 131072K, used 23552K [0x00000000c0000000, 0x00000000c0100400, 0x0000000100000000)
  region size 1024K, 1 young (1024K), 1 survivors (1024K)
 Metaspace       used 35111K, capacity 37350K, committed 37632K, reserved 1083392K
  class space    used 3849K, capacity 4579K, committed 4608K, reserved 1048576K
}
Event: 262.043 GC heap before
{Heap before GC invocations=57 (full 0):
 garbage-first heap   total 131072K, used 28672K [0x00000000c0000000, 0x00000000c0100400, 0x0000000100000000)
  region size 1024K, 6 young (6144K), 1 survivors (1024K)
 Metaspace       used 35222K, capacity 37432K, committed 37632K, reserved 1083392K
  class space    used 3868K, capacity 4582K, committed 4608K, reserved 1048576K
Event: 276.347 GC heap after
Heap after GC invocations=58 (full 0):
 garbage-first heap   total 131072K, used 24531K [0x00000000c0000000, 0x00000000c0100400, 0x0000000100000000)
  region size 1024K, 1 young (1024K), 1 survivors (1024K)
 Metaspace       used 35222K, capacity 37432K, committed 37632K, reserved 1083392K
  class space    used 3868K, capacity 4582K, committed 4608K, reserved 1048576K
}
Event: 389.743 GC heap before
{Heap before GC invocations=58 (full 0):
 garbage-first heap   total 131072K, used 29651K [0x00000000c0000000, 0x00000000c0100400, 0x0000000100000000)
  region size 1024K, 6 young (6144K), 1 survivors (1024K)
 Metaspace       used 35429K, capacity 37764K, committed 38016K, reserved 1083392K
  class space    used 3894K, capacity 4653K, committed 4736K, reserved 1048576K

Deoptimization events (10 events):
Event: 14.602 Thread 0x00007fdb20147000 Uncommon trap: reason=unstable_if action=reinterpret pc=0x00007fdb35739c98 method=java.util.concurrent.locks.AbstractQueuedSynchronizer.release(I)Z @ 14
Event: 14.604 Thread 0x00007fdb14226800 Uncommon trap: reason=unstable_if action=reinterpret pc=0x00007fdb351b5c14 method=java.util.concurrent.locks.AbstractQueuedSynchronizer.release(I)Z @ 14
Event: 14.613 Thread 0x00007fdb20147000 Uncommon trap: reason=bimorphic action=maybe_recompile pc=0x00007fdb356ec1d8 method=java.lang.ThreadLocal.get()Ljava/lang/Object; @ 6
Event: 14.613 Thread 0x00007fdb20147000 Uncommon trap: reason=bimorphic action=maybe_recompile pc=0x00007fdb356ec1d8 method=java.lang.ThreadLocal.get()Ljava/lang/Object; @ 6
Event: 14.654 Thread 0x00007fdb20147000 Uncommon trap: reason=unstable_if action=reinterpret pc=0x00007fdb35545e20 method=org.eclipse.core.runtime.Path.segment(I)Ljava/lang/String; @ 6
Event: 15.041 Thread 0x00007fdb2c052000 Uncommon trap: reason=unstable_if action=reinterpret pc=0x00007fdb35977f78 method=java.lang.reflect.Modifier.isSynthetic(I)Z @ 5
Event: 39.557 Thread 0x00007fdb20147000 Uncommon trap: reason=unstable_if action=reinterpret pc=0x00007fdb352284dc method=java.util.HashMap$HashIterator.<init>(Ljava/util/HashMap;)V @ 45
Event: 196.539 Thread 0x00007fdb20147000 Uncommon trap: reason=bimorphic action=maybe_recompile pc=0x00007fdb3510c620 method=java.io.BufferedInputStream.read1([BII)I @ 39
Event: 278.750 Thread 0x00007fdb4433f000 Uncommon trap: reason=unstable_if action=reinterpret pc=0x00007fdb359704bc method=java.util.concurrent.locks.ReentrantReadWriteLock$Sync.tryAcquireShared(I)I @ 81
Event: 285.950 Thread 0x00007fdb4433f000 Uncommon trap: reason=unstable_if action=reinterpret pc=0x00007fdb3597088c method=java.util.concurrent.locks.ReentrantReadWriteLock$Sync.tryReleaseShared(I)Z @ 9

Classes redefined (0 events):
No events

Internal exceptions (10 events):
Event: 12.441 Thread 0x00007fdb443a0800 Exception <a 'java/lang/NoClassDefFoundError': com/google/inject/servlet/ServletModuleTargetVisitor> (0x00000000c1fb2f10) thrown at [/HUDSON/workspace/8-2-build-linux-amd64/jdk8u231/13620/hotspot/src/share/vm/classfile/systemDictionary.cpp, line 199]
Event: 12.442 Thread 0x00007fdb443a0800 Exception <a 'java/lang/NoClassDefFoundError': javax/annotation/Priority> (0x00000000c1fb9d28) thrown at [/HUDSON/workspace/8-2-build-linux-amd64/jdk8u231/13620/hotspot/src/share/vm/classfile/systemDictionary.cpp, line 199]
Event: 12.979 Thread 0x00007fdb443a0800 Exception <a 'java/lang/NoSuchMethodError': <clinit>> (0x00000000c17111f0) thrown at [/HUDSON/workspace/8-2-build-linux-amd64/jdk8u231/13620/hotspot/src/share/vm/prims/jni.cpp, line 1614]
Event: 12.984 Thread 0x00007fdb443a0800 Exception <a 'java/lang/NoSuchMethodError': <clinit>> (0x00000000c17b20b0) thrown at [/HUDSON/workspace/8-2-build-linux-amd64/jdk8u231/13620/hotspot/src/share/vm/prims/jni.cpp, line 1614]
Event: 14.244 Thread 0x00007fdb20147000 Exception <a 'java/io/FileNotFoundException'> (0x00000000c735c318) thrown at [/HUDSON/workspace/8-2-build-linux-amd64/jdk8u231/13620/hotspot/src/share/vm/prims/jni.cpp, line 710]
Event: 14.272 Thread 0x00007fdb20147000 Exception <a 'java/io/FileNotFoundException'> (0x00000000c70ef5f0) thrown at [/HUDSON/workspace/8-2-build-linux-amd64/jdk8u231/13620/hotspot/src/share/vm/prims/jni.cpp, line 710]
Event: 14.308 Thread 0x00007fdb20147000 Exception <a 'java/io/FileNotFoundException'> (0x00000000c6bb3c88) thrown at [/HUDSON/workspace/8-2-build-linux-amd64/jdk8u231/13620/hotspot/src/share/vm/prims/jni.cpp, line 710]
Event: 15.551 Thread 0x00007fdb2c052000 Exception <a 'java/io/FileNotFoundException'> (0x00000000c474ccd0) thrown at [/HUDSON/workspace/8-2-build-linux-amd64/jdk8u231/13620/hotspot/src/share/vm/prims/jni.cpp, line 710]
Event: 374.148 Thread 0x00007fdb20147000 Exception <a 'java/io/FileNotFoundException'> (0x00000000c7b44f70) thrown at [/HUDSON/workspace/8-2-build-linux-amd64/jdk8u231/13620/hotspot/src/share/vm/prims/jni.cpp, line 710]
Event: 386.650 Thread 0x00007fdb20147000 Exception <a 'java/io/FileNotFoundException'> (0x00000000c7b50010) thrown at [/HUDSON/workspace/8-2-build-linux-amd64/jdk8u231/13620/hotspot/src/share/vm/prims/jni.cpp, line 710]

Events (10 events):
Event: 380.439 Executing VM operation: RevokeBias done
Event: 383.750 Executing VM operation: RevokeBias
Event: 384.148 Executing VM operation: RevokeBias done
Event: 385.252 Executing VM operation: RevokeBias
Event: 386.047 Executing VM operation: RevokeBias done
Event: 387.149 Executing VM operation: RevokeBias
Event: 388.040 Executing VM operation: RevokeBias done
Event: 388.438 Executing VM operation: RevokeBias
Event: 388.747 Executing VM operation: RevokeBias done
Event: 389.048 Executing VM operation: RevokeBias


Dynamic libraries:
00400000-00401000 r-xp 00000000 fd:01 1314459                            /usr/local/jdk/bin/java
00600000-00601000 r--p 00000000 fd:01 1314459                            /usr/local/jdk/bin/java
00601000-00602000 rw-p 00001000 fd:01 1314459                            /usr/local/jdk/bin/java
0130d000-0161a000 rw-p 00000000 00:00 0                                  [heap]
c0000000-c8000000 rw-p 00000000 00:00 0 
d0000000-100000000 ---p 00000000 00:00 0 
100000000-1004a0000 rw-p 00000000 00:00 0 
1004a0000-140000000 ---p 00000000 00:00 0 
7fdb11c15000-7fdb11c18000 ---p 00000000 00:00 0 
7fdb11c18000-7fdb11d96000 rw-p 00000000 00:00 0 
7fdb11d96000-7fdb11f16000 ---p 00000000 00:00 0 
7fdb11f16000-7fdb11f19000 ---p 00000000 00:00 0 
7fdb11f19000-7fdb12017000 rw-p 00000000 00:00 0 
7fdb12017000-7fdb1201a000 ---p 00000000 00:00 0 
7fdb1201a000-7fdb12118000 rw-p 00000000 00:00 0 
7fdb12118000-7fdb1211b000 r--s 00019000 fd:01 1573373                    /root/.vscode-server/extensions/redhat.java-0.55.1/server/plugins/org.eclipse.equinox.security_1.3.400.v20191008-0645.jar
7fdb1211b000-7fdb1231b000 rw-p 00000000 00:00 0 
7fdb1231b000-7fdb1231c000 r--s 00017000 fd:01 1573357                    /root/.vscode-server/extensions/redhat.java-0.55.1/server/plugins/org.eclipse.core.net.linux.x86_64_1.2.400.v20190924-1023.jar
7fdb1231c000-7fdb1231e000 r--s 00011000 fd:01 1573356                    /root/.vscode-server/extensions/redhat.java-0.55.1/server/plugins/org.eclipse.core.net_1.3.700.v20191122-2107.jar
7fdb1231e000-7fdb1232b000 r--s 00079000 fd:01 1573348                    /root/.vscode-server/extensions/redhat.java-0.55.1/server/plugins/org.eclipse.buildship.core_3.1.3.v20191107-2249-s.jar
7fdb1232b000-7fdb1232e000 ---p 00000000 00:00 0 
7fdb1232e000-7fdb1262c000 rw-p 00000000 00:00 0 
7fdb1262c000-7fdb12632000 r--s 0003a000 fd:01 1573339                    /root/.vscode-server/extensions/redhat.java-0.55.1/server/plugins/com.google.gson_2.8.2.v20180104-1110.jar
7fdb12632000-7fdb12635000 r--s 0001e000 fd:01 1573392                    /root/.vscode-server/extensions/redhat.java-0.55.1/server/plugins/org.eclipse.lsp4j.jsonrpc_0.9.0.v20191218-1027.jar
7fdb12635000-7fdb12638000 ---p 00000000 00:00 0 
7fdb12638000-7fdb12736000 rw-p 00000000 00:00 0 
7fdb12736000-7fdb1273e000 r--s 0005a000 fd:01 1573362                    /root/.vscode-server/extensions/redhat.java-0.55.1/server/plugins/org.eclipse.debug.core_3.14.200.v20191221-1346.jar
7fdb1273e000-7fdb12744000 r--s 00082000 fd:01 1573388                    /root/.vscode-server/extensions/redhat.java-0.55.1/server/plugins/org.eclipse.jdt.launching_3.17.0.v20191219-0932.jar
7fdb12744000-7fdb1274f000 r--s 00089000 fd:01 1573391                    /root/.vscode-server/extensions/redhat.java-0.55.1/server/plugins/org.eclipse.lsp4j_0.9.0.v20191218-1027.jar
7fdb1274f000-7fdb12754000 r--s 0004c000 fd:01 1573345                    /root/.vscode-server/extensions/redhat.java-0.55.1/server/plugins/org.apache.commons.lang3_3.1.0.v201403281430.jar
7fdb12754000-7fdb12759000 r--s 002f9000 fd:01 1314517                    /usr/local/jdk/jre/lib/charsets.jar
7fdb12759000-7fdb12959000 rw-p 00000000 00:00 0 
7fdb12959000-7fdb1295f000 r--s 00043000 fd:01 1573406                    /root/.vscode-server/extensions/redhat.java-0.55.1/server/plugins/org.eclipse.text_3.10.100.v20191220-1030.jar
7fdb1295f000-7fdb12991000 r--s 00295000 fd:01 1573340                    /root/.vscode-server/extensions/redhat.java-0.55.1/server/plugins/com.google.guava_27.1.0.v20190517-1946.jar
7fdb12991000-7fdb12b91000 rw-p 00000000 00:00 0 
7fdb12b91000-7fdb12b99000 r--s 00058000 fd:01 1573544                    /root/.vscode-server/extensions/redhat.java-0.55.1/server/config_linux/org.eclipse.osgi/51/0/.cp/velocity-1.5.jar
7fdb12b99000-7fdb12b9a000 r--s 00001000 fd:01 1573543                    /root/.vscode-server/extensions/redhat.java-0.55.1/server/config_linux/org.eclipse.osgi/51/0/.cp/plexus-velocity-1.1.8.jar
7fdb12b9a000-7fdb12b9c000 r--s 0000e000 fd:01 1573542                    /root/.vscode-server/extensions/redhat.java-0.55.1/server/config_linux/org.eclipse.osgi/51/0/.cp/oro-2.0.8.jar
7fdb12b9c000-7fdb12b9f000 r--s 00023000 fd:01 1573541                    /root/.vscode-server/extensions/redhat.java-0.55.1/server/config_linux/org.eclipse.osgi/51/0/.cp/jdom-1.0.jar
7fdb12b9f000-7fdb12ba1000 r--s 00005000 fd:01 1573540                    /root/.vscode-server/extensions/redhat.java-0.55.1/server/config_linux/org.eclipse.osgi/51/0/.cp/jchardet-1.0.jar
7fdb12ba1000-7fdb12ba6000 r--s 00048000 fd:01 1573539                    /root/.vscode-server/extensions/redhat.java-0.55.1/server/config_linux/org.eclipse.osgi/51/0/.cp/dom4j-1.6.1.jar
7fdb12ba6000-7fdb12baa000 r--s 0002f000 fd:01 1573538                    /root/.vscode-server/extensions/redhat.java-0.55.1/server/config_linux/org.eclipse.osgi/51/0/.cp/commons-lang-2.1.jar
7fdb12baa000-7fdb12bae000 r--s 00027000 fd:01 1573537                    /root/.vscode-server/extensions/redhat.java-0.55.1/server/config_linux/org.eclipse.osgi/51/0/.cp/commons-io-2.2.jar
7fdb12bae000-7fdb12bbb000 r--s 00083000 fd:01 1573536                    /root/.vscode-server/extensions/redhat.java-0.55.1/server/config_linux/org.eclipse.osgi/51/0/.cp/commons-collections-3.2.2.jar
7fdb12bbb000-7fdb12bbd000 r--s 00006000 fd:01 1573535                    /root/.vscode-server/extensions/redhat.java-0.55.1/server/config_linux/org.eclipse.osgi/51/0/.cp/maven-invoker-2.1.1.jar
7fdb12bbd000-7fdb12bbf000 r--s 00003000 fd:01 1573534                    /root/.vscode-server/extensions/redhat.java-0.55.1/server/config_linux/org.eclipse.osgi/51/0/.cp/archetype-registry-2.4.jar
7fdb12bbf000-7fdb12bc0000 r--s 00005000 fd:01 1573533                    /root/.vscode-server/extensions/redhat.java-0.55.1/server/config_linux/org.eclipse.osgi/51/0/.cp/archetype-descriptor-2.4.jar
7fdb12bc0000-7fdb12bc1000 r--s 00004000 fd:01 1573532                    /root/.vscode-server/extensions/redhat.java-0.55.1/server/config_linux/org.eclipse.osgi/51/0/.cp/archetype-catalog-2.4.jar
7fdb12bc1000-7fdb12bcf000 r--s 000bb000 fd:01 1573526                    /root/.vscode-server/extensions/redhat.java-0.55.1/server/config_linux/org.eclipse.osgi/55/0/.cp/lucene-core-2.4.1.jar
7fdb12bcf000-7fdb12dcf000 rw-p 00000000 00:00 0 
7fdb12dcf000-7fdb12fcf000 rw-p 00000000 00:00 0 
7fdb12fcf000-7fdb131cf000 rw-p 00000000 00:00 0 
7fdb131cf000-7fdb131eb000 r--s 00393000 fd:01 1314721                    /usr/local/jdk/jre/lib/ext/cldrdata.jar
7fdb131eb000-7fdb131ee000 ---p 00000000 00:00 0 
7fdb131ee000-7fdb134ec000 rw-p 00000000 00:00 0 
7fdb134ec000-7fdb134ef000 ---p 00000000 00:00 0 
7fdb134ef000-7fdb137ed000 rw-p 00000000 00:00 0 
7fdb137ed000-7fdb137f0000 ---p 00000000 00:00 0 
7fdb137f0000-7fdb138ee000 rw-p 00000000 00:00 0 
7fdb138ee000-7fdb138f1000 ---p 00000000 00:00 0 
7fdb138f1000-7fdb13bef000 rw-p 00000000 00:00 0 
7fdb13bef000-7fdb13def000 rw-p 00000000 00:00 0 
7fdb13def000-7fdb13dff000 r-xp 00000000 fd:01 1573432                    /root/.vscode-server/extensions/redhat.java-0.55.1/server/config_linux/org.eclipse.equinox.launcher/org.eclipse.equinox.launcher.gtk.linux.x86_64_1.1.1100.v20190907-0426/eclipse_1801.so
7fdb13dff000-7fdb13ffe000 ---p 00010000 fd:01 1573432                    /root/.vscode-server/extensions/redhat.java-0.55.1/server/config_linux/org.eclipse.equinox.launcher/org.eclipse.equinox.launcher.gtk.linux.x86_64_1.1.1100.v20190907-0426/eclipse_1801.so
7fdb13ffe000-7fdb13fff000 r--p 0000f000 fd:01 1573432                    /root/.vscode-server/extensions/redhat.java-0.55.1/server/config_linux/org.eclipse.equinox.launcher/org.eclipse.equinox.launcher.gtk.linux.x86_64_1.1.1100.v20190907-0426/eclipse_1801.so
7fdb13fff000-7fdb14000000 rw-p 00010000 fd:01 1573432                    /root/.vscode-server/extensions/redhat.java-0.55.1/server/config_linux/org.eclipse.equinox.launcher/org.eclipse.equinox.launcher.gtk.linux.x86_64_1.1.1100.v20190907-0426/eclipse_1801.so
7fdb14000000-7fdb14c01000 rw-p 00000000 00:00 0 
7fdb14c01000-7fdb18000000 ---p 00000000 00:00 0 
7fdb18000000-7fdb183c5000 rw-p 00000000 00:00 0 
7fdb183c5000-7fdb1c000000 ---p 00000000 00:00 0 
7fdb1c000000-7fdb1c021000 rw-p 00000000 00:00 0 
7fdb1c021000-7fdb20000000 ---p 00000000 00:00 0 
7fdb20000000-7fdb20f22000 rw-p 00000000 00:00 0 
7fdb20f22000-7fdb24000000 ---p 00000000 00:00 0 
7fdb24000000-7fdb24004000 r--s 00027000 fd:01 1573531                    /root/.vscode-server/extensions/redhat.java-0.55.1/server/config_linux/org.eclipse.osgi/51/0/.cp/archetype-common-2.4.jar
7fdb24004000-7fdb24006000 r--s 001e7000 fd:01 1573394                    /root/.vscode-server/extensions/redhat.java-0.55.1/server/plugins/org.eclipse.m2e.archetype.common_1.14.0.20191209-1923.jar
7fdb24006000-7fdb24009000 r--s 00014000 fd:01 1573527                    /root/.vscode-server/extensions/redhat.java-0.55.1/server/config_linux/org.eclipse.osgi/55/0/.cp/lucene-highlighter-2.4.1.jar
7fdb24009000-7fdb2400b000 r--s 00005000 fd:01 1573525                    /root/.vscode-server/extensions/redhat.java-0.55.1/server/config_linux/org.eclipse.osgi/55/0/.cp/indexer-artifact-3.1.0.jar
7fdb2400b000-7fdb24010000 r--s 0002c000 fd:01 1573524                    /root/.vscode-server/extensions/redhat.java-0.55.1/server/config_linux/org.eclipse.osgi/55/0/.cp/indexer-core-3.1.0.jar
7fdb24010000-7fdb24013000 r--s 00112000 fd:01 1573398                    /root/.vscode-server/extensions/redhat.java-0.55.1/server/plugins/org.eclipse.m2e.maven.indexer_1.14.0.20191209-1923.jar
7fdb24013000-7fdb2401d000 r--s 00116000 fd:01 1314713                    /usr/local/jdk/jre/lib/ext/localedata.jar
7fdb2401d000-7fdb2401f000 r--s 00003000 fd:01 1573342                    /root/.vscode-server/extensions/redhat.java-0.55.1/server/plugins/javax.inject_1.0.0.v20091030.jar
7fdb2401f000-7fdb24023000 r--s 00042000 fd:01 1573520                    /root/.vscode-server/extensions/redhat.java-0.55.1/server/config_linux/org.eclipse.osgi/56/0/.cp/jars/jansi-1.17.1.jar
7fdb24023000-7fdb24024000 r--s 00002000 fd:01 1573519                    /root/.vscode-server/extensions/redhat.java-0.55.1/server/config_linux/org.eclipse.osgi/56/0/.cp/jars/wagon-file-3.3.4.jar
7fdb24024000-7fdb24026000 r--s 00006000 fd:01 1573518                    /root/.vscode-server/extensions/redhat.java-0.55.1/server/config_linux/org.eclipse.osgi/56/0/.cp/jars/maven-resolver-transport-wagon-1.4.1.jar
7fdb24026000-7fdb24028000 r--s 00009000 fd:01 1573517                    /root/.vscode-server/extensions/redhat.java-0.55.1/server/config_linux/org.eclipse.osgi/56/0/.cp/jars/maven-resolver-connector-basic-1.4.1.jar
7fdb24028000-7fdb2402c000 r--s 00029000 fd:01 1573516                    /root/.vscode-server/extensions/redhat.java-0.55.1/server/config_linux/org.eclipse.osgi/56/0/.cp/jars/maven-resolver-impl-1.4.1.jar
7fdb2402c000-7fdb2402e000 r--s 00015000 fd:01 1573515                    /root/.vscode-server/extensions/redhat.java-0.55.1/server/config_linux/org.eclipse.osgi/56/0/.cp/jars/okio-1.17.3.jar
7fdb2402e000-7fdb24033000 r--s 00063000 fd:01 1573514                    /root/.vscode-server/extensions/redhat.java-0.55.1/server/config_linux/org.eclipse.osgi/56/0/.cp/jars/okhttp-3.14.1.jar
7fdb24033000-7fdb24035000 r--s 0000b000 fd:01 1573513                    /root/.vscode-server/extensions/redhat.java-0.55.1/server/config_linux/org.eclipse.osgi/56/0/.cp/jars/aether-connector-okhttp-0.17.6.jar
7fdb24035000-7fdb24037000 r--s 00001000 fd:01 1573512                    /root/.vscode-server/extensions/redhat.java-0.55.1/server/config_linux/org.eclipse.osgi/56/0/.cp/jars/plexus-build-api-0.0.7.jar
7fdb24037000-7fdb2403a000 r--s 00008000 fd:01 1573511                    /root/.vscode-server/extensions/redhat.java-0.55.1/server/config_linux/org.eclipse.osgi/56/0/.cp/jars/cdi-api-1.0.jar
7fdb2403a000-7fdb24040000 r--s 0002d000 fd:01 1573510                    /root/.vscode-server/extensions/redhat.java-0.55.1/server/config_linux/org.eclipse.osgi/56/0/.cp/jars/org.eclipse.sisu.plexus-0.3.4.jar
7fdb24040000-7fdb24042000 r--s 0000c000 fd:01 1573509                    /root/.vscode-server/extensions/redhat.java-0.55.1/server/config_linux/org.eclipse.osgi/56/0/.cp/jars/wagon-provider-api-3.3.4.jar
7fdb24042000-7fdb24045000 r--s 00012000 fd:01 1573508                    /root/.vscode-server/extensions/redhat.java-0.55.1/server/config_linux/org.eclipse.osgi/56/0/.cp/jars/plexus-interpolation-1.25.jar
7fdb24045000-7fdb2404c000 r--s 00040000 fd:01 1573507                    /root/.vscode-server/extensions/redhat.java-0.55.1/server/config_linux/org.eclipse.osgi/56/0/.cp/jars/maven-compat-3.6.3.jar
7fdb2404c000-7fdb2404e000 r--s 0000c000 fd:01 1573506                    /root/.vscode-server/extensions/redhat.java-0.55.1/server/config_linux/org.eclipse.osgi/56/0/.cp/jars/commons-cli-1.4.jar
7fdb2404e000-7fdb24050000 r--s 00002000 fd:01 1573505                    /root/.vscode-server/extensions/redhat.java-0.55.1/server/config_linux/org.eclipse.osgi/56/0/.cp/jars/plexus-cipher-1.7.jar
7fdb24050000-7fdb24051000 r--s 00006000 fd:01 1573504                    /root/.vscode-server/extensions/redhat.java-0.55.1/server/config_linux/org.eclipse.osgi/56/0/.cp/jars/plexus-sec-dispatcher-1.4.jar
7fdb24051000-7fdb24052000 r--s 00001000 fd:01 1573503                    /root/.vscode-server/extensions/redhat.java-0.55.1/server/config_linux/org.eclipse.osgi/56/0/.cp/jars/jsr250-api-1.0.jar
7fdb24052000-7fdb24054000 r--s 00016000 fd:01 1573502                    /root/.vscode-server/extensions/redhat.java-0.55.1/server/config_linux/org.eclipse.osgi/56/0/.cp/jars/maven-embedder-3.6.3.jar
7fdb24054000-7fdb2405c000 r--s 00073000 fd:01 1573501                    /root/.vscode-server/extensions/redhat.java-0.55.1/server/config_linux/org.eclipse.osgi/56/0/.cp/jars/commons-lang3-3.8.1.jar
7fdb2405c000-7fdb2405e000 r--s 00000000 fd:01 1573500                    /root/.vscode-server/extensions/redhat.java-0.55.1/server/config_linux/org.eclipse.osgi/56/0/.cp/jars/plexus-component-annotations-2.1.0.jar
7fdb2405e000-7fdb24060000 r--s 0000b000 fd:01 1573499                    /root/.vscode-server/extensions/redhat.java-0.55.1/server/config_linux/org.eclipse.osgi/56/0/.cp/jars/plexus-classworlds-2.6.0.jar
7fdb24060000-7fdb24063000 r--s 0003d000 fd:01 1573498                    /root/.vscode-server/extensions/redhat.java-0.55.1/server/config_linux/org.eclipse.osgi/56/0/.cp/jars/plexus-utils-3.2.1.jar
7fdb24063000-7fdb24065000 r--s 00001000 fd:01 1573496                    /root/.vscode-server/extensions/redhat.java-0.55.1/server/config_linux/org.eclipse.osgi/56/0/.cp/jars/j2objc-annotations-1.1.jar
7fdb24065000-7fdb24067000 r--s 00002000 fd:01 1573495                    /root/.vscode-server/extensions/redhat.java-0.55.1/server/config_linux/org.eclipse.osgi/56/0/.cp/jars/error_prone_annotations-2.1.3.jar
7fdb24067000-7fdb24097000 r--s 00249000 fd:01 1573494                    /root/.vscode-server/extensions/redhat.java-0.55.1/server/config_linux/org.eclipse.osgi/56/0/.cp/jars/guava-25.1-android.jar
7fdb24097000-7fdb240a2000 r--s 00075000 fd:01 1573493                    /root/.vscode-server/extensions/redhat.java-0.55.1/server/config_linux/org.eclipse.osgi/56/0/.cp/jars/guice-4.2.1-no_aop.jar
7fdb240a2000-7fdb240a9000 r--s 00056000 fd:01 1573492                    /root/.vscode-server/extensions/redhat.java-0.55.1/server/config_linux/org.eclipse.osgi/56/0/.cp/jars/org.eclipse.sisu.inject-0.3.4.jar
7fdb240a9000-7fdb240ad000 r--s 0002f000 fd:01 1573491                    /root/.vscode-server/extensions/redhat.java-0.55.1/server/config_linux/org.eclipse.osgi/56/0/.cp/jars/commons-io-2.5.jar
7fdb240ad000-7fdb240b0000 r--s 00026000 fd:01 1573490                    /root/.vscode-server/extensions/redhat.java-0.55.1/server/config_linux/org.eclipse.osgi/56/0/.cp/jars/maven-shared-utils-3.2.1.jar
7fdb240b0000-7fdb240b4000 r--s 00025000 fd:01 1573489                    /root/.vscode-server/extensions/redhat.java-0.55.1/server/config_linux/org.eclipse.osgi/56/0/.cp/jars/maven-resolver-util-1.4.1.jar
7fdb240b4000-7fdb240b6000 r--s 00007000 fd:01 1573488                    /root/.vscode-server/extensions/redhat.java-0.55.1/server/config_linux/org.eclipse.osgi/56/0/.cp/jars/maven-resolver-spi-1.4.1.jar
7fdb240b6000-7fdb240f4000 r--s 00678000 fd:01 1573383                    /root/.vscode-server/extensions/redhat.java-0.55.1/server/plugins/org.eclipse.jdt.core_3.20.100.v20191220-2341.jar
7fdb240f4000-7fdb240f7000 ---p 00000000 00:00 0 
7fdb240f7000-7fdb241f5000 rw-p 00000000 00:00 0 
7fdb241f5000-7fdb241f8000 ---p 00000000 00:00 0 
7fdb241f8000-7fdb242f6000 rw-p 00000000 00:00 0 
7fdb242f6000-7fdb242f9000 ---p 00000000 00:00 0 
7fdb242f9000-7fdb245f7000 rw-p 00000000 00:00 0 
7fdb245f7000-7fdb245fa000 ---p 00000000 00:00 0 
7fdb245fa000-7fdb246f8000 rw-p 00000000 00:00 0 
7fdb246f8000-7fdb24709000 r-xp 00000000 fd:01 1314830                    /usr/local/jdk/jre/lib/amd64/libnio.so
7fdb24709000-7fdb24908000 ---p 00011000 fd:01 1314830                    /usr/local/jdk/jre/lib/amd64/libnio.so
7fdb24908000-7fdb24909000 r--p 00010000 fd:01 1314830                    /usr/local/jdk/jre/lib/amd64/libnio.so
7fdb24909000-7fdb2490a000 rw-p 00011000 fd:01 1314830                    /usr/local/jdk/jre/lib/amd64/libnio.so
7fdb2490a000-7fdb24c0a000 rw-p 00000000 00:00 0 
7fdb24c0a000-7fdb24c20000 r-xp 00000000 fd:01 1314769                    /usr/local/jdk/jre/lib/amd64/libnet.so
7fdb24c20000-7fdb24e1f000 ---p 00016000 fd:01 1314769                    /usr/local/jdk/jre/lib/amd64/libnet.so
7fdb24e1f000-7fdb24e20000 r--p 00015000 fd:01 1314769                    /usr/local/jdk/jre/lib/amd64/libnet.so
7fdb24e20000-7fdb24e21000 rw-p 00016000 fd:01 1314769                    /usr/local/jdk/jre/lib/amd64/libnet.so
7fdb24e21000-7fdb24e22000 ---p 00000000 00:00 0 
7fdb24e22000-7fdb24f22000 rw-p 00000000 00:00 0 
7fdb24f22000-7fdb24f25000 ---p 00000000 00:00 0 
7fdb24f25000-7fdb25023000 rw-p 00000000 00:00 0 
7fdb25023000-7fdb25026000 ---p 00000000 00:00 0 
7fdb25026000-7fdb25124000 rw-p 00000000 00:00 0 
7fdb25124000-7fdb25127000 ---p 00000000 00:00 0 
7fdb25127000-7fdb25225000 rw-p 00000000 00:00 0 
7fdb25225000-7fdb25228000 ---p 00000000 00:00 0 
7fdb25228000-7fdb25326000 rw-p 00000000 00:00 0 
7fdb25326000-7fdb25329000 ---p 00000000 00:00 0 
7fdb25329000-7fdb25427000 rw-p 00000000 00:00 0 
7fdb25427000-7fdb256ff000 r--p 00000000 fd:01 277516                     /usr/lib/locale/locale-archive
7fdb256ff000-7fdb25702000 ---p 00000000 00:00 0 
7fdb25702000-7fdb28000000 rw-p 00000000 00:00 0 
7fdb28000000-7fdb280fa000 rw-p 00000000 00:00 0 
7fdb280fa000-7fdb2c000000 ---p 00000000 00:00 0 
7fdb2c000000-7fdb2c90f000 rw-p 00000000 00:00 0 
7fdb2c90f000-7fdb30000000 ---p 00000000 00:00 0 
7fdb30000000-7fdb3012e000 rw-p 00000000 00:00 0 
7fdb3012e000-7fdb34000000 ---p 00000000 00:00 0 
7fdb34000000-7fdb34200000 rw-p 00000000 00:00 0 
7fdb34200000-7fdb35000000 ---p 00000000 00:00 0 
7fdb35000000-7fdb359d0000 rwxp 00000000 00:00 0 
7fdb359d0000-7fdb44000000 ---p 00000000 00:00 0 
7fdb44000000-7fdb4451c000 rw-p 00000000 00:00 0 
7fdb4451c000-7fdb48000000 ---p 00000000 00:00 0 
7fdb48000000-7fdb48001000 r--s 00000000 fd:01 1573497                    /root/.vscode-server/extensions/redhat.java-0.55.1/server/config_linux/org.eclipse.osgi/56/0/.cp/jars/animal-sniffer-annotations-1.14.jar
7fdb48001000-7fdb48006000 r--s 00020000 fd:01 1573487                    /root/.vscode-server/extensions/redhat.java-0.55.1/server/config_linux/org.eclipse.osgi/56/0/.cp/jars/maven-resolver-api-1.4.1.jar
7fdb48006000-7fdb48008000 r--s 0000f000 fd:01 1573486                    /root/.vscode-server/extensions/redhat.java-0.55.1/server/config_linux/org.eclipse.osgi/56/0/.cp/jars/maven-resolver-provider-3.6.3.jar
7fdb48008000-7fdb4800d000 r--s 0002a000 fd:01 1573485                    /root/.vscode-server/extensions/redhat.java-0.55.1/server/config_linux/org.eclipse.osgi/56/0/.cp/jars/maven-model-builder-3.6.3.jar
7fdb4800d000-7fdb4800f000 r--s 0000a000 fd:01 1573484                    /root/.vscode-server/extensions/redhat.java-0.55.1/server/config_linux/org.eclipse.osgi/56/0/.cp/jars/maven-plugin-api-3.6.3.jar
7fdb4800f000-7fdb48012000 r--s 0000c000 fd:01 1573483                    /root/.vscode-server/extensions/redhat.java-0.55.1/server/config_linux/org.eclipse.osgi/56/0/.cp/jars/maven-artifact-3.6.3.jar
7fdb48012000-7fdb48013000 r--s 00006000 fd:01 1573482                    /root/.vscode-server/extensions/redhat.java-0.55.1/server/config_linux/org.eclipse.osgi/56/0/.cp/jars/maven-repository-metadata-3.6.3.jar
7fdb48013000-7fdb48014000 r--s 00003000 fd:01 1573481                    /root/.vscode-server/extensions/redhat.java-0.55.1/server/config_linux/org.eclipse.osgi/56/0/.cp/jars/maven-builder-support-3.6.3.jar
7fdb48014000-7fdb48016000 r--s 00009000 fd:01 1573480                    /root/.vscode-server/extensions/redhat.java-0.55.1/server/config_linux/org.eclipse.osgi/56/0/.cp/jars/maven-settings-builder-3.6.3.jar
7fdb48016000-7fdb48017000 r--s 0000a000 fd:01 1573479                    /root/.vscode-server/extensions/redhat.java-0.55.1/server/config_linux/org.eclipse.osgi/56/0/.cp/jars/maven-settings-3.6.3.jar
7fdb48017000-7fdb4801a000 r--s 00032000 fd:01 1573478                    /root/.vscode-server/extensions/redhat.java-0.55.1/server/config_linux/org.eclipse.osgi/56/0/.cp/jars/maven-model-3.6.3.jar
7fdb4801a000-7fdb48027000 r--s 0008e000 fd:01 1573477                    /root/.vscode-server/extensions/redhat.java-0.55.1/server/config_linux/org.eclipse.osgi/56/0/.cp/jars/maven-core-3.6.3.jar
7fdb48027000-7fdb48029000 r--s 00736000 fd:01 1573399                    /root/.vscode-server/extensions/redhat.java-0.55.1/server/plugins/org.eclipse.m2e.maven.runtime_1.14.0.20191209-1923.jar
7fdb48029000-7fdb4802b000 r--s 00007000 fd:01 1573414                    /root/.vscode-server/extensions/redhat.java-0.55.1/server/plugins/org.slf4j.api_1.7.2.v20121108-1250.jar
7fdb4802b000-7fdb48035000 r--s 0008a000 fd:01 1573395                    /root/.vscode-server/extensions/redhat.java-0.55.1/server/plugins/org.eclipse.m2e.core_1.14.0.20191209-1925.jar
7fdb48035000-7fdb48039000 r--s 00032000 fd:01 1573381                    /root/.vscode-server/extensions/redhat.java-0.55.1/server/plugins/org.eclipse.jdt.compiler.apt_1.3.800.v20190919-0948.jar
7fdb48039000-7fdb4803d000 r--s 0001c000 fd:01 1573446                    /root/.vscode-server/extensions/redhat.java-0.55.1/server/config_linux/org.eclipse.osgi/40/0/.cp/lib/java13api.jar
7fdb4803d000-7fdb4803f000 r--s 00031000 fd:01 1573382                    /root/.vscode-server/extensions/redhat.java-0.55.1/server/plugins/org.eclipse.jdt.compiler.tool_1.2.700.v20191001-0515.jar
7fdb4803f000-7fdb48055000 r--s 00168000 fd:01 1573384                    /root/.vscode-server/extensions/redhat.java-0.55.1/server/plugins/org.eclipse.jdt.core.manipulation_1.13.100.v20191218-2041.jar
7fdb48055000-7fdb48057000 r--s 0000f000 fd:01 1573354                    /root/.vscode-server/extensions/redhat.java-0.55.1/server/plugins/org.eclipse.core.filesystem_1.7.700.v20191213-2313.jar
7fdb48057000-7fdb4805a000 r--s 00018000 fd:01 1573355                    /root/.vscode-server/extensions/redhat.java-0.55.1/server/plugins/org.eclipse.core.jobs_3.10.700.v20191211-0811.jar
7fdb4805a000-7fdb48065000 r--s 000d0000 fd:01 1573359                    /root/.vscode-server/extensions/redhat.java-0.55.1/server/plugins/org.eclipse.core.resources_3.13.700.v20191213-2313.jar
7fdb48065000-7fdb48067000 r--s 0000e000 fd:01 1573457                    /root/.vscode-server/extensions/redhat.java-0.55.1/server/config_linux/org.eclipse.osgi/47/0/.cp/lib/remark-1.2.0.jar
7fdb48067000-7fdb4806d000 r--s 00048000 fd:01 1573456                    /root/.vscode-server/extensions/redhat.java-0.55.1/server/config_linux/org.eclipse.osgi/47/0/.cp/lib/jsoup-1.9.2.jar
7fdb4806d000-7fdb48087000 r--s 00213000 fd:01 1573390                    /root/.vscode-server/extensions/redhat.java-0.55.1/server/plugins/org.eclipse.jdt.ls.core_0.49.1.201912231651.jar
7fdb48087000-7fdb48089000 r--s 00014000 fd:01 1573363                    /root/.vscode-server/extensions/redhat.java-0.55.1/server/plugins/org.eclipse.equinox.app_1.4.400.v20191212-0743.jar
7fdb48089000-7fdb4808c000 r--s 0001e000 fd:01 1573371                    /root/.vscode-server/extensions/redhat.java-0.55.1/server/plugins/org.eclipse.equinox.preferences_3.7.700.v20191213-1901.jar
7fdb4808c000-7fdb4808e000 r--s 00017000 fd:01 1573351                    /root/.vscode-server/extensions/redhat.java-0.55.1/server/plugins/org.eclipse.core.contenttype_3.7.600.v20191217-1710.jar
7fdb4808e000-7fdb48092000 r--s 0002c000 fd:01 1573372                    /root/.vscode-server/extensions/redhat.java-0.55.1/server/plugins/org.eclipse.equinox.registry_3.8.700.v20191213-1901.jar
7fdb48092000-7fdb48095000 r--s 0001c000 fd:01 1573364                    /root/.vscode-server/extensions/redhat.java-0.55.1/server/plugins/org.eclipse.equinox.common_3.10.700.v20191212-0847.jar
7fdb48095000-7fdb480ac000 r--s 00153000 fd:01 1573402                    /root/.vscode-server/extensions/redhat.java-0.55.1/server/plugins/org.eclipse.osgi_3.15.200.v20191218-1429.jar
7fdb480ac000-7fdb480af000 ---p 00000000 00:00 0 
7fdb480af000-7fdb480e5000 rw-p 00000000 00:00 0 
7fdb480e5000-7fdb480e8000 ---p 00000000 00:00 0 
7fdb480e8000-7fdb481e6000 rw-p 00000000 00:00 0 
7fdb481e6000-7fdb481e7000 ---p 00000000 00:00 0 
7fdb481e7000-7fdb48337000 rw-p 00000000 00:00 0 
7fdb48337000-7fdb48511000 r--s 03d89000 fd:01 1314518                    /usr/local/jdk/jre/lib/rt.jar
7fdb48511000-7fdb485e2000 rw-p 00000000 00:00 0 
7fdb485e2000-7fdb485e3000 ---p 00000000 00:00 0 
7fdb485e3000-7fdb487e4000 rw-p 00000000 00:00 0 
7fdb487e4000-7fdb487e5000 ---p 00000000 00:00 0 
7fdb487e5000-7fdb488e5000 rw-p 00000000 00:00 0 
7fdb488e5000-7fdb488e6000 ---p 00000000 00:00 0 
7fdb488e6000-7fdb48be6000 rw-p 00000000 00:00 0 
7fdb48be6000-7fdb499e6000 ---p 00000000 00:00 0 
7fdb499e6000-7fdb49a26000 rw-p 00000000 00:00 0 
7fdb49a26000-7fdb49be6000 ---p 00000000 00:00 0 
7fdb49be6000-7fdb49c26000 rw-p 00000000 00:00 0 
7fdb49c26000-7fdb49fe6000 ---p 00000000 00:00 0 
7fdb49fe6000-7fdb4a026000 rw-p 00000000 00:00 0 
7fdb4a026000-7fdb4a1e6000 ---p 00000000 00:00 0 
7fdb4a1e6000-7fdb4a1e7000 ---p 00000000 00:00 0 
7fdb4a1e7000-7fdb4a2e7000 rw-p 00000000 00:00 0 
7fdb4a2e7000-7fdb4a2e8000 ---p 00000000 00:00 0 
7fdb4a2e8000-7fdb4a4e9000 rw-p 00000000 00:00 0 
7fdb4a4e9000-7fdb4a4ea000 ---p 00000000 00:00 0 
7fdb4a4ea000-7fdb4a612000 rw-p 00000000 00:00 0 
7fdb4a612000-7fdb4a9aa000 ---p 00000000 00:00 0 
7fdb4a9aa000-7fdb4a9c5000 r-xp 00000000 fd:01 1314792                    /usr/local/jdk/jre/lib/amd64/libzip.so
7fdb4a9c5000-7fdb4abc4000 ---p 0001b000 fd:01 1314792                    /usr/local/jdk/jre/lib/amd64/libzip.so
7fdb4abc4000-7fdb4abc5000 r--p 0001a000 fd:01 1314792                    /usr/local/jdk/jre/lib/amd64/libzip.so
7fdb4abc5000-7fdb4abc6000 rw-p 0001b000 fd:01 1314792                    /usr/local/jdk/jre/lib/amd64/libzip.so
7fdb4abc6000-7fdb4abd0000 r-xp 00000000 fd:01 1314794                    /usr/local/jdk/jre/lib/amd64/libinstrument.so
7fdb4abd0000-7fdb4adcf000 ---p 0000a000 fd:01 1314794                    /usr/local/jdk/jre/lib/amd64/libinstrument.so
7fdb4adcf000-7fdb4add0000 r--p 00009000 fd:01 1314794                    /usr/local/jdk/jre/lib/amd64/libinstrument.so
7fdb4add0000-7fdb4add1000 rw-p 0000a000 fd:01 1314794                    /usr/local/jdk/jre/lib/amd64/libinstrument.so
7fdb4add1000-7fdb4adfd000 r-xp 00000000 fd:01 1314783                    /usr/local/jdk/jre/lib/amd64/libjava.so
7fdb4adfd000-7fdb4affd000 ---p 0002c000 fd:01 1314783                    /usr/local/jdk/jre/lib/amd64/libjava.so
7fdb4affd000-7fdb4affe000 r--p 0002c000 fd:01 1314783                    /usr/local/jdk/jre/lib/amd64/libjava.so
7fdb4affe000-7fdb4b000000 rw-p 0002d000 fd:01 1314783                    /usr/local/jdk/jre/lib/amd64/libjava.so
7fdb4b000000-7fdb4b00d000 r-xp 00000000 fd:01 1314774                    /usr/local/jdk/jre/lib/amd64/libverify.so
7fdb4b00d000-7fdb4b20c000 ---p 0000d000 fd:01 1314774                    /usr/local/jdk/jre/lib/amd64/libverify.so
7fdb4b20c000-7fdb4b20e000 r--p 0000c000 fd:01 1314774                    /usr/local/jdk/jre/lib/amd64/libverify.so
7fdb4b20e000-7fdb4b20f000 rw-p 0000e000 fd:01 1314774                    /usr/local/jdk/jre/lib/amd64/libverify.so
7fdb4b20f000-7fdb4b216000 r-xp 00000000 fd:01 1185252                    /lib/x86_64-linux-gnu/librt-2.23.so
7fdb4b216000-7fdb4b415000 ---p 00007000 fd:01 1185252                    /lib/x86_64-linux-gnu/librt-2.23.so
7fdb4b415000-7fdb4b416000 r--p 00006000 fd:01 1185252                    /lib/x86_64-linux-gnu/librt-2.23.so
7fdb4b416000-7fdb4b417000 rw-p 00007000 fd:01 1185252                    /lib/x86_64-linux-gnu/librt-2.23.so
7fdb4b417000-7fdb4b51f000 r-xp 00000000 fd:01 1185261                    /lib/x86_64-linux-gnu/libm-2.23.so
7fdb4b51f000-7fdb4b71e000 ---p 00108000 fd:01 1185261                    /lib/x86_64-linux-gnu/libm-2.23.so
7fdb4b71e000-7fdb4b71f000 r--p 00107000 fd:01 1185261                    /lib/x86_64-linux-gnu/libm-2.23.so
7fdb4b71f000-7fdb4b720000 rw-p 00108000 fd:01 1185261                    /lib/x86_64-linux-gnu/libm-2.23.so
7fdb4b720000-7fdb4c409000 r-xp 00000000 fd:01 1314790                    /usr/local/jdk/jre/lib/amd64/server/libjvm.so
7fdb4c409000-7fdb4c608000 ---p 00ce9000 fd:01 1314790                    /usr/local/jdk/jre/lib/amd64/server/libjvm.so
7fdb4c608000-7fdb4c69e000 r--p 00ce8000 fd:01 1314790                    /usr/local/jdk/jre/lib/amd64/server/libjvm.so
7fdb4c69e000-7fdb4c6cf000 rw-p 00d7e000 fd:01 1314790                    /usr/local/jdk/jre/lib/amd64/server/libjvm.so
7fdb4c6cf000-7fdb4c70a000 rw-p 00000000 00:00 0 
7fdb4c70a000-7fdb4c8ca000 r-xp 00000000 fd:01 1185266                    /lib/x86_64-linux-gnu/libc-2.23.so
7fdb4c8ca000-7fdb4caca000 ---p 001c0000 fd:01 1185266                    /lib/x86_64-linux-gnu/libc-2.23.so
7fdb4caca000-7fdb4cace000 r--p 001c0000 fd:01 1185266                    /lib/x86_64-linux-gnu/libc-2.23.so
7fdb4cace000-7fdb4cad0000 rw-p 001c4000 fd:01 1185266                    /lib/x86_64-linux-gnu/libc-2.23.so
7fdb4cad0000-7fdb4cad4000 rw-p 00000000 00:00 0 
7fdb4cad4000-7fdb4cad7000 r-xp 00000000 fd:01 1185255                    /lib/x86_64-linux-gnu/libdl-2.23.so
7fdb4cad7000-7fdb4ccd6000 ---p 00003000 fd:01 1185255                    /lib/x86_64-linux-gnu/libdl-2.23.so
7fdb4ccd6000-7fdb4ccd7000 r--p 00002000 fd:01 1185255                    /lib/x86_64-linux-gnu/libdl-2.23.so
7fdb4ccd7000-7fdb4ccd8000 rw-p 00003000 fd:01 1185255                    /lib/x86_64-linux-gnu/libdl-2.23.so
7fdb4ccd8000-7fdb4ccef000 r-xp 00000000 fd:01 1313769                    /usr/local/jdk/lib/amd64/jli/libjli.so
7fdb4ccef000-7fdb4ceee000 ---p 00017000 fd:01 1313769                    /usr/local/jdk/lib/amd64/jli/libjli.so
7fdb4ceee000-7fdb4ceef000 r--p 00016000 fd:01 1313769                    /usr/local/jdk/lib/amd64/jli/libjli.so
7fdb4ceef000-7fdb4cef0000 rw-p 00017000 fd:01 1313769                    /usr/local/jdk/lib/amd64/jli/libjli.so
7fdb4cef0000-7fdb4cf08000 r-xp 00000000 fd:01 1185249                    /lib/x86_64-linux-gnu/libpthread-2.23.so
7fdb4cf08000-7fdb4d107000 ---p 00018000 fd:01 1185249                    /lib/x86_64-linux-gnu/libpthread-2.23.so
7fdb4d107000-7fdb4d108000 r--p 00017000 fd:01 1185249                    /lib/x86_64-linux-gnu/libpthread-2.23.so
7fdb4d108000-7fdb4d109000 rw-p 00018000 fd:01 1185249                    /lib/x86_64-linux-gnu/libpthread-2.23.so
7fdb4d109000-7fdb4d10d000 rw-p 00000000 00:00 0 
7fdb4d10d000-7fdb4d133000 r-xp 00000000 fd:01 1185244                    /lib/x86_64-linux-gnu/ld-2.23.so
7fdb4d133000-7fdb4d135000 r--s 00011000 fd:01 1573360                    /root/.vscode-server/extensions/redhat.java-0.55.1/server/plugins/org.eclipse.core.runtime_3.17.100.v20191216-2352.jar
7fdb4d135000-7fdb4d138000 r--s 0003a000 fd:01 1573403                    /root/.vscode-server/extensions/redhat.java-0.55.1/server/plugins/org.eclipse.osgi.compatibility.state_1.1.700.v20191211-0720.jar
7fdb4d138000-7fdb4d13b000 r--s 0001a000 fd:01 1314608                    /usr/local/jdk/jre/lib/jce.jar
7fdb4d13b000-7fdb4d14e000 r--s 0034b000 fd:01 1314640                    /usr/local/jdk/jre/lib/resources.jar
7fdb4d14e000-7fdb4d165000 r--s 00198000 fd:01 1574066                    /root/.vscode-server/extensions/gabrielbb.vscode-lombok-0.9.9/server/lombok.jar
7fdb4d165000-7fdb4d1e7000 rw-p 00000000 00:00 0 
7fdb4d1e7000-7fdb4d1ef000 rw-s 00000000 fd:01 1315235                    /tmp/hsperfdata_root/13884
7fdb4d1ef000-7fdb4d224000 r--s 00000000 fd:01 132198                     /var/cache/nscd/passwd
7fdb4d224000-7fdb4d227000 ---p 00000000 00:00 0 
7fdb4d227000-7fdb4d329000 rw-p 00000000 00:00 0 
7fdb4d329000-7fdb4d32d000 r--s 000a4000 fd:01 1314727                    /usr/local/jdk/jre/lib/jsse.jar
7fdb4d32d000-7fdb4d32e000 r--s 0000c000 fd:01 1573367                    /root/.vscode-server/extensions/redhat.java-0.55.1/server/plugins/org.eclipse.equinox.launcher_1.5.600.v20191014-2022.jar
7fdb4d32e000-7fdb4d32f000 rw-p 00000000 00:00 0 
7fdb4d32f000-7fdb4d330000 ---p 00000000 00:00 0 
7fdb4d330000-7fdb4d332000 rw-p 00000000 00:00 0 
7fdb4d332000-7fdb4d333000 r--p 00025000 fd:01 1185244                    /lib/x86_64-linux-gnu/ld-2.23.so
7fdb4d333000-7fdb4d334000 rw-p 00026000 fd:01 1185244                    /lib/x86_64-linux-gnu/ld-2.23.so
7fdb4d334000-7fdb4d335000 rw-p 00000000 00:00 0 
7ffca3d81000-7ffca3da2000 rw-p 00000000 00:00 0                          [stack]
7ffca3da9000-7ffca3dab000 r--p 00000000 00:00 0                          [vvar]
7ffca3dab000-7ffca3dad000 r-xp 00000000 00:00 0                          [vdso]
ffffffffff600000-ffffffffff601000 r-xp 00000000 00:00 0                  [vsyscall]

VM Arguments:
jvm_args: -Declipse.application=org.eclipse.jdt.ls.core.id1 -Dosgi.bundles.defaultStartLevel=4 -Declipse.product=org.eclipse.jdt.ls.core.product -Dfile.encoding=utf8 -Xverify:none -Xmx1G -XX:+UseG1GC -XX:+UseStringDeduplication -javaagent:/root/.vscode-server/extensions/gabrielbb.vscode-lombok-0.9.9/server/lombok.jar 
java_command: /root/.vscode-server/extensions/redhat.java-0.55.1/server/plugins/org.eclipse.equinox.launcher_1.5.600.v20191014-2022.jar -configuration /root/.vscode-server/extensions/redhat.java-0.55.1/server/config_linux -data /root/.vscode-server/data/User/workspaceStorage/3eaec7268e40dc9cb727583e0b866652/redhat.java/jdt_ws
java_class_path (initial): /root/.vscode-server/extensions/redhat.java-0.55.1/server/plugins/org.eclipse.equinox.launcher_1.5.600.v20191014-2022.jar:/root/.vscode-server/extensions/gabrielbb.vscode-lombok-0.9.9/server/lombok.jar
Launcher Type: SUN_STANDARD

Environment Variables:
JAVA_HOME=/usr/local/jdk
JRE_HOME=/usr/local/jdk/jre
CLASSPATH=.:/usr/local/jdk/lib:/usr/local/jdk/jre/lib:.:$JAVA_HOME/lib:$JAVA_HOME/jre/lib
PATH=/root/.vscode-server/bin/26076a4de974ead31f97692a0d32f90d735645c0/bin:/usr/local/maven/bin:/usr/local/jdk/bin:/usr/local/jdk/jre/bin:/root/.vscode-server/bin/26076a4de974ead31f97692a0d32f90d735645c0/bin:/usr/local/sbin:/usr/local/bin:/usr/sbin:/usr/bin:/sbin:/bin:/usr/games:/usr/local/games
SHELL=/bin/bash

Signal Handlers:
SIGSEGV: [libjvm.so+0xad4d90], sa_mask[0]=11111111011111111101111111111110, sa_flags=SA_RESTART|SA_SIGINFO
SIGBUS: [libjvm.so+0xad4d90], sa_mask[0]=11111111011111111101111111111110, sa_flags=SA_RESTART|SA_SIGINFO
SIGFPE: [libjvm.so+0x90bc10], sa_mask[0]=11111111011111111101111111111110, sa_flags=SA_RESTART|SA_SIGINFO
SIGPIPE: [libjvm.so+0x90bc10], sa_mask[0]=11111111011111111101111111111110, sa_flags=SA_RESTART|SA_SIGINFO
SIGXFSZ: [libjvm.so+0x90bc10], sa_mask[0]=11111111011111111101111111111110, sa_flags=SA_RESTART|SA_SIGINFO
SIGILL: [libjvm.so+0x90bc10], sa_mask[0]=11111111011111111101111111111110, sa_flags=SA_RESTART|SA_SIGINFO
SIGUSR1: SIG_DFL, sa_mask[0]=00000000000000000000000000000000, sa_flags=none
SIGUSR2: [libjvm.so+0x90bae0], sa_mask[0]=00000000000000000000000000000000, sa_flags=SA_RESTART|SA_SIGINFO
SIGHUP: [libjvm.so+0x90c100], sa_mask[0]=11111111011111111101111111111110, sa_flags=SA_RESTART|SA_SIGINFO
SIGINT: [libjvm.so+0x90c100], sa_mask[0]=11111111011111111101111111111110, sa_flags=SA_RESTART|SA_SIGINFO
SIGTERM: [libjvm.so+0x90c100], sa_mask[0]=11111111011111111101111111111110, sa_flags=SA_RESTART|SA_SIGINFO
SIGQUIT: [libjvm.so+0x90c100], sa_mask[0]=11111111011111111101111111111110, sa_flags=SA_RESTART|SA_SIGINFO


---------------  S Y S T E M  ---------------

OS:DISTRIB_ID=Ubuntu
DISTRIB_RELEASE=16.04
DISTRIB_CODENAME=xenial
DISTRIB_DESCRIPTION="Ubuntu 16.04.3 LTS"

uname:Linux 4.4.0-93-generic #116-Ubuntu SMP Fri Aug 11 21:17:51 UTC 2017 x86_64
libc:glibc 2.23 NPTL 2.23 
rlimit: STACK 8192k, CORE 0k, NPROC 7857, NOFILE 65535, AS infinity
load average:24.72 18.52 8.69

/proc/meminfo:
MemTotal:        2048212 kB
MemFree:           65972 kB
MemAvailable:       4536 kB
Buffers:              88 kB
Cached:            18948 kB
SwapCached:            0 kB
Active:          1909424 kB
Inactive:          10768 kB
Active(anon):    1901716 kB
Inactive(anon):     4780 kB
Active(file):       7708 kB
Inactive(file):     5988 kB
Unevictable:           0 kB
Mlocked:               0 kB
SwapTotal:             0 kB
SwapFree:              0 kB
Dirty:                72 kB
Writeback:             0 kB
AnonPages:       1901228 kB
Mapped:            10904 kB
Shmem:              5268 kB
Slab:              27564 kB
SReclaimable:      14164 kB
SUnreclaim:        13400 kB
KernelStack:        5584 kB
PageTables:        10108 kB
NFS_Unstable:          0 kB
Bounce:                0 kB
WritebackTmp:          0 kB
CommitLimit:     1024104 kB
Committed_AS:    3008952 kB
VmallocTotal:   34359738367 kB
VmallocUsed:           0 kB
VmallocChunk:          0 kB
HardwareCorrupted:     0 kB
AnonHugePages:   1425408 kB
CmaTotal:              0 kB
CmaFree:               0 kB
HugePages_Total:       0
HugePages_Free:        0
HugePages_Rsvd:        0
HugePages_Surp:        0
Hugepagesize:       2048 kB
DirectMap4k:       42880 kB
DirectMap2M:     2054144 kB
DirectMap1G:           0 kB

container (cgroup) information:
container_type: cgroupv1
cpu_cpuset_cpus: 0
cpu_memory_nodes: 0
active_processor_count: 1
cpu_quota: -1
cpu_period: 100000
cpu_shares: -1
memory_limit_in_bytes: -1
memory_and_swap_limit_in_bytes: -2
memory_soft_limit_in_bytes: -1
memory_usage_in_bytes: 1705951232
memory_max_usage_in_bytes: 1709871104


CPU:total 1 (initial active 1) (1 cores per cpu, 2 threads per core) family 6 model 85 stepping 4, cmov, cx8, fxsr, mmx, sse, sse2, sse3, ssse3, sse4.1, sse4.2, popcnt, avx, avx2, aes, clmul, erms, rtm, 3dnowpref, lzcnt, ht, tsc, bmi1, bmi2, adx

/proc/cpuinfo:
processor	: 0
vendor_id	: GenuineIntel
cpu family	: 6
model		: 85
model name	: Intel(R) Xeon(R) Platinum 8163 CPU @ 2.50GHz
stepping	: 4
microcode	: 0x1
cpu MHz		: 2500.008
cache size	: 33792 KB
physical id	: 0
siblings	: 1
core id		: 0
cpu cores	: 1
apicid		: 0
initial apicid	: 0
fpu		: yes
fpu_exception	: yes
cpuid level	: 13
wp		: yes
flags		: fpu vme de pse tsc msr pae mce cx8 apic sep mtrr pge mca cmov pat pse36 clflush mmx fxsr sse sse2 ss ht syscall nx pdpe1gb rdtscp lm constant_tsc rep_good nopl eagerfpu pni pclmulqdq ssse3 fma cx16 pcid sse4_1 sse4_2 x2apic movbe popcnt tsc_deadline_timer aes xsave avx f16c rdrand hypervisor lahf_lm abm 3dnowprefetch fsgsbase tsc_adjust bmi1 hle avx2 smep bmi2 erms invpcid rtm mpx avx512f rdseed adx smap avx512cd xsaveopt xsavec xgetbv1
bugs		:
bogomips	: 5000.01
clflush size	: 64
cache_alignment	: 64
address sizes	: 46 bits physical, 48 bits virtual
power management:



Memory: 4k page, physical 2048212k(68052k free), swap 0k(0k free)

vm_info: Java HotSpot(TM) 64-Bit Server VM (25.231-b11) for linux-amd64 JRE (1.8.0_231-b11), built on Oct  5 2019 03:00:41 by "java_re" with gcc 7.3.0

time: Fri Jan  3 18:41:16 2020
timezone: CST
elapsed time: 421 seconds (0d 0h 7m 1s)

