#
# There is insufficient memory for the Java Runtime Environment to continue.
# Native memory allocation (mmap) failed to map 134217728 bytes for committing reserved memory.
# Possible reasons:
#   The system is out of physical RAM or swap space
#   The process is running with CompressedOops enabled, and the Java Heap may be blocking the growth of the native heap
# Possible solutions:
#   Reduce memory load on the system
#   Increase physical memory or swap space
#   Check if swap backing store is full
#   Decrease Java heap size (-Xmx/-Xms)
#   Decrease number of Java threads
#   Decrease Java thread stack sizes (-Xss)
#   Set larger code cache with -XX:ReservedCodeCacheSize=
#   JVM is running with Unscaled Compressed Oops mode in which the Java heap is
#     placed in the first 4GB address space. The Java Heap base address is the
#     maximum limit for the native heap growth. Please use -XX:HeapBaseMinAddress
#     to set the Java Heap base and to place the Java Heap above 4GB virtual address.
# This output file may be truncated or incomplete.
#
#  Out of Memory Error (os_linux.cpp:2749), pid=29201, tid=0x00007f1db42d2700
#
# JRE version: Java(TM) SE Runtime Environment (8.0_231-b11) (build 1.8.0_231-b11)
# Java VM: Java HotSpot(TM) 64-Bit Server VM (25.231-b11 mixed mode linux-amd64 compressed oops)
# Failed to write core dump. Core dumps have been disabled. To enable core dumping, try "ulimit -c unlimited" before starting Java again
#

---------------  T H R E A D  ---------------

Current thread (0x00007f1dcc0d8800):  VMThread [stack: 0x00007f1db41d2000,0x00007f1db42d3000] [id=29209]

Stack: [0x00007f1db41d2000,0x00007f1db42d3000],  sp=0x00007f1db42d13d0,  free space=1020k
Native frames: (J=compiled Java code, j=interpreted, Vv=VM code, C=native code)
V  [libjvm.so+0xad4455]  VMError::report_and_die()+0x2e5
V  [libjvm.so+0x4e0787]  report_vm_out_of_memory(char const*, int, unsigned long, VMErrorType, char const*)+0x67
V  [libjvm.so+0x9107d6]  os::pd_commit_memory_or_exit(char*, unsigned long, unsigned long, bool, char const*)+0x106
V  [libjvm.so+0x907f7d]  os::commit_memory_or_exit(char*, unsigned long, unsigned long, bool, char const*)+0x1d
V  [libjvm.so+0x5afa84]  G1PageBasedVirtualSpace::commit_internal(unsigned long, unsigned long)+0x224
V  [libjvm.so+0x5afb0e]  G1PageBasedVirtualSpace::commit(unsigned long, unsigned long)+0x7e
V  [libjvm.so+0x5b2605]  G1RegionsLargerThanCommitSizeMapper::commit_regions(unsigned int, unsigned long)+0x35
V  [libjvm.so+0x61d916]  HeapRegionManager::commit_regions(unsigned int, unsigned long)+0x76
V  [libjvm.so+0x61ea2f]  HeapRegionManager::make_regions_available(unsigned int, unsigned int)+0x3f
V  [libjvm.so+0x61eef8]  HeapRegionManager::expand_by(unsigned int)+0x128
V  [libjvm.so+0x58beea]  G1CollectedHeap::expand(unsigned long)+0x12a
V  [libjvm.so+0x59556f]  G1CollectedHeap::do_collection_pause_at_safepoint(double)+0x99f
V  [libjvm.so+0xadc2e1]  VM_G1IncCollectionPause::doit()+0x81
V  [libjvm.so+0xadb216]  VM_Operation::evaluate()+0x46
V  [libjvm.so+0xad954d]  VMThread::evaluate_operation(VM_Operation*) [clone .constprop.44]+0xcd
V  [libjvm.so+0xad9b33]  VMThread::loop()+0x3a3
V  [libjvm.so+0xad9f08]  VMThread::run()+0x78
V  [libjvm.so+0x90dcb2]  java_start(Thread*)+0x102

VM_Operation (0x00007f1d9a2ddcd0): G1IncCollectionPause, mode: safepoint, requested by thread 0x00007f1d9c25d800


---------------  P R O C E S S  ---------------

Java Threads: ( => current thread )
  0x00007f1d9c232800 JavaThread "Worker-5" [_thread_blocked, id=29266, stack(0x00007f1d9727a000,0x00007f1d9737b000)]
  0x00000000013e1800 JavaThread "Thread-4" [_thread_blocked, id=29257, stack(0x00007f1d97c3e000,0x00007f1d97d3f000)]
  0x00000000013e0000 JavaThread "Thread-3" [_thread_blocked, id=29256, stack(0x00007f1d97ff9000,0x00007f1d980fa000)]
  0x00000000013d1800 JavaThread "Thread-2" [_thread_blocked, id=29255, stack(0x00007f1d980fa000,0x00007f1d981fb000)]
  0x00007f1db8187000 JavaThread "Bundle File Closer" daemon [_thread_blocked, id=29241, stack(0x00007f1d98403000,0x00007f1d98504000)]
  0x00007f1da0049000 JavaThread "Worker-4" [_thread_blocked, id=29240, stack(0x00007f1d98704000,0x00007f1d98805000)]
  0x00007f1da40de800 JavaThread "Worker-3: Initialize workspace" [_thread_blocked, id=29239, stack(0x00007f1d98805000,0x00007f1d98906000)]
  0x00007f1dcc46a800 JavaThread "pool-1-thread-1" [_thread_in_native, id=29238, stack(0x00007f1d98b19000,0x00007f1d98c1a000)]
  0x00007f1dcc1b1000 JavaThread "pool-2-thread-1" [_thread_blocked, id=29237, stack(0x00007f1d98e23000,0x00007f1d98f24000)]
  0x00007f1da43b8800 JavaThread "Worker-2" [_thread_blocked, id=29236, stack(0x00007f1d99aa1000,0x00007f1d99ba2000)]
  0x00007f1d9c469000 JavaThread "Java indexing" daemon [_thread_blocked, id=29235, stack(0x00007f1d99ba2000,0x00007f1d99ca3000)]
  0x00007f1da432c800 JavaThread "Worker-1" [_thread_blocked, id=29234, stack(0x00007f1d9a0a3000,0x00007f1d9a1a4000)]
  0x00007f1d9c25d800 JavaThread "Worker-0: Building" [_thread_blocked, id=29233, stack(0x00007f1d9a1e2000,0x00007f1d9a2e3000)]
  0x00007f1d9c172000 JavaThread "Worker-JM" [_thread_blocked, id=29232, stack(0x00007f1d9a4e3000,0x00007f1d9a5e4000)]
  0x00007f1dcc380000 JavaThread "Start Level: Equinox Container: d6d6404b-a978-4d4f-b102-3e3fe57ac065" daemon [_thread_blocked, id=29230, stack(0x00007f1d9a9f5000,0x00007f1d9aaf6000)]
  0x00007f1dcc365000 JavaThread "Framework Event Dispatcher: Equinox Container: d6d6404b-a978-4d4f-b102-3e3fe57ac065" daemon [_thread_blocked, id=29229, stack(0x00007f1d9aaf6000,0x00007f1d9abf7000)]
  0x00007f1dcc31f000 JavaThread "Active Thread: Equinox Container: d6d6404b-a978-4d4f-b102-3e3fe57ac065" [_thread_blocked, id=29228, stack(0x00007f1d9adf7000,0x00007f1d9aef8000)]
  0x00007f1dcc25f800 JavaThread "process reaper" daemon [_thread_blocked, id=29220, stack(0x00007f1db4098000,0x00007f1db40d1000)]
  0x00007f1dcc140000 JavaThread "Service Thread" daemon [_thread_blocked, id=29216, stack(0x00007f1d9b722000,0x00007f1d9b823000)]
  0x00007f1dcc18f000 JavaThread "C1 CompilerThread1" daemon [_thread_blocked, id=29215, stack(0x00007f1d9b823000,0x00007f1d9b924000)]
  0x00007f1dcc18d000 JavaThread "C2 CompilerThread0" daemon [_thread_in_native, id=29214, stack(0x00007f1d9b924000,0x00007f1d9ba25000)]
  0x00007f1dcc11d800 JavaThread "Signal Dispatcher" daemon [_thread_blocked, id=29213, stack(0x00007f1d9ba25000,0x00007f1d9bb26000)]
  0x00007f1dcc11b800 JavaThread "Surrogate Locker Thread (Concurrent GC)" daemon [_thread_blocked, id=29212, stack(0x00007f1d9bb26000,0x00007f1d9bc27000)]
  0x00007f1dcc0e6800 JavaThread "Finalizer" daemon [_thread_blocked, id=29211, stack(0x00007f1d9beff000,0x00007f1d9c000000)]
  0x00007f1dcc0e2000 JavaThread "Reference Handler" daemon [_thread_blocked, id=29210, stack(0x00007f1db40d1000,0x00007f1db41d2000)]
  0x00007f1dcc00a800 JavaThread "main" [_thread_blocked, id=29202, stack(0x00007f1dd3a15000,0x00007f1dd3b16000)]

Other Threads:
=>0x00007f1dcc0d8800 VMThread [stack: 0x00007f1db41d2000,0x00007f1db42d3000] [id=29209]
  0x00007f1dcc144000 WatcherThread [stack: 0x00007f1d9b621000,0x00007f1d9b722000] [id=29217]

VM state:at safepoint (normal execution)

VM Mutex/Monitor currently owned by a thread:  ([mutex/lock_event])
[0x00007f1dcc008c00] Threads_lock - owner thread: 0x00007f1dcc0d8800
[0x00007f1dcc009100] Heap_lock - owner thread: 0x00007f1d9c25d800

heap address: 0x00000000c0000000, size: 1024 MB, Compressed Oops mode: 32-bit
Narrow klass base: 0x0000000000000000, Narrow klass shift: 3
Compressed class space size: 1073741824 Address: 0x0000000100000000

Heap:
 garbage-first heap   total 262144K, used 45568K [0x00000000c0000000, 0x00000000c0100800, 0x0000000100000000)
  region size 1024K, 7 young (7168K), 7 survivors (7168K)
 Metaspace       used 50171K, capacity 53034K, committed 53224K, reserved 1095680K
  class space    used 5194K, capacity 6081K, committed 6144K, reserved 1048576K

Heap Regions: (Y=young(eden), SU=young(survivor), HS=humongous(starts), HC=humongous(continues), CS=collection set, F=free, TS=gc time stamp, PTAMS=previous top-at-mark-start, NTAMS=next top-at-mark-start)
AC   0  O    TS     0 PTAMS 0x00000000c0100000 NTAMS 0x00000000c0100000 space 1024K, 100% used [0x00000000c0000000, 0x00000000c0100000)
AC   0  O    TS     0 PTAMS 0x00000000c0200000 NTAMS 0x00000000c0200000 space 1024K, 100% used [0x00000000c0100000, 0x00000000c0200000)
AC   0  O    TS     0 PTAMS 0x00000000c0300000 NTAMS 0x00000000c0300000 space 1024K, 100% used [0x00000000c0200000, 0x00000000c0300000)
AC   0  O    TS     0 PTAMS 0x00000000c0400000 NTAMS 0x00000000c0400000 space 1024K, 100% used [0x00000000c0300000, 0x00000000c0400000)
AC   0  O    TS     0 PTAMS 0x00000000c0500000 NTAMS 0x00000000c0500000 space 1024K, 100% used [0x00000000c0400000, 0x00000000c0500000)
AC   0  O    TS     0 PTAMS 0x00000000c0600000 NTAMS 0x00000000c0600000 space 1024K, 100% used [0x00000000c0500000, 0x00000000c0600000)
AC   0  O    TS     0 PTAMS 0x00000000c0700000 NTAMS 0x00000000c0700000 space 1024K, 100% used [0x00000000c0600000, 0x00000000c0700000)
AC   0  O    TS     0 PTAMS 0x00000000c0800000 NTAMS 0x00000000c0800000 space 1024K, 100% used [0x00000000c0700000, 0x00000000c0800000)
AC   0  O    TS     0 PTAMS 0x00000000c0900000 NTAMS 0x00000000c0900000 space 1024K, 100% used [0x00000000c0800000, 0x00000000c0900000)
AC   0  O    TS     0 PTAMS 0x00000000c0a00000 NTAMS 0x00000000c0a00000 space 1024K, 100% used [0x00000000c0900000, 0x00000000c0a00000)
AC   0  O    TS     0 PTAMS 0x00000000c0b00000 NTAMS 0x00000000c0b00000 space 1024K, 100% used [0x00000000c0a00000, 0x00000000c0b00000)
AC   0  O    TS     0 PTAMS 0x00000000c0c00000 NTAMS 0x00000000c0c00000 space 1024K, 100% used [0x00000000c0b00000, 0x00000000c0c00000)
AC   0  O    TS     0 PTAMS 0x00000000c0d00000 NTAMS 0x00000000c0d00000 space 1024K, 100% used [0x00000000c0c00000, 0x00000000c0d00000)
AC   0  O    TS     0 PTAMS 0x00000000c0e00000 NTAMS 0x00000000c0e00000 space 1024K, 100% used [0x00000000c0d00000, 0x00000000c0e00000)
AC   0  O    TS     0 PTAMS 0x00000000c0f00000 NTAMS 0x00000000c0f00000 space 1024K, 100% used [0x00000000c0e00000, 0x00000000c0f00000)
AC   0  O    TS     0 PTAMS 0x00000000c1000000 NTAMS 0x00000000c1000000 space 1024K, 100% used [0x00000000c0f00000, 0x00000000c1000000)
AC   0  O    TS     0 PTAMS 0x00000000c1100000 NTAMS 0x00000000c1100000 space 1024K, 100% used [0x00000000c1000000, 0x00000000c1100000)
AC   0  O    TS     0 PTAMS 0x00000000c1200000 NTAMS 0x00000000c1200000 space 1024K, 100% used [0x00000000c1100000, 0x00000000c1200000)
AC   0  O    TS     0 PTAMS 0x00000000c1300000 NTAMS 0x00000000c1300000 space 1024K, 100% used [0x00000000c1200000, 0x00000000c1300000)
AC   0  O    TS     0 PTAMS 0x00000000c1400000 NTAMS 0x00000000c1400000 space 1024K, 100% used [0x00000000c1300000, 0x00000000c1400000)
AC   0  O    TS     0 PTAMS 0x00000000c1500000 NTAMS 0x00000000c1500000 space 1024K, 100% used [0x00000000c1400000, 0x00000000c1500000)
AC   0  O    TS     0 PTAMS 0x00000000c1600000 NTAMS 0x00000000c1600000 space 1024K, 100% used [0x00000000c1500000, 0x00000000c1600000)
AC   0  O    TS     0 PTAMS 0x00000000c1700000 NTAMS 0x00000000c1700000 space 1024K, 100% used [0x00000000c1600000, 0x00000000c1700000)
AC   0  O    TS     0 PTAMS 0x00000000c1800000 NTAMS 0x00000000c1800000 space 1024K, 100% used [0x00000000c1700000, 0x00000000c1800000)
AC   0  O    TS     0 PTAMS 0x00000000c1900000 NTAMS 0x00000000c1900000 space 1024K, 100% used [0x00000000c1800000, 0x00000000c1900000)
AC   0  O    TS     0 PTAMS 0x00000000c1a00000 NTAMS 0x00000000c1a00000 space 1024K, 100% used [0x00000000c1900000, 0x00000000c1a00000)
AC   0  O    TS     0 PTAMS 0x00000000c1b00000 NTAMS 0x00000000c1b00000 space 1024K, 100% used [0x00000000c1a00000, 0x00000000c1b00000)
AC   0  O    TS     0 PTAMS 0x00000000c1c00000 NTAMS 0x00000000c1c00000 space 1024K, 100% used [0x00000000c1b00000, 0x00000000c1c00000)
AC   0  O    TS     0 PTAMS 0x00000000c1d00000 NTAMS 0x00000000c1d00000 space 1024K, 100% used [0x00000000c1c00000, 0x00000000c1d00000)
AC   0  O    TS     0 PTAMS 0x00000000c1e00000 NTAMS 0x00000000c1e00000 space 1024K, 100% used [0x00000000c1d00000, 0x00000000c1e00000)
AC   0  O    TS     0 PTAMS 0x00000000c1f00000 NTAMS 0x00000000c1f00000 space 1024K, 100% used [0x00000000c1e00000, 0x00000000c1f00000)
AC   0  O    TS     0 PTAMS 0x00000000c2000000 NTAMS 0x00000000c2000000 space 1024K, 100% used [0x00000000c1f00000, 0x00000000c2000000)
AC   0  O    TS     0 PTAMS 0x00000000c2100000 NTAMS 0x00000000c2100000 space 1024K, 100% used [0x00000000c2000000, 0x00000000c2100000)
AC   0  O    TS     0 PTAMS 0x00000000c2200000 NTAMS 0x00000000c2200000 space 1024K, 100% used [0x00000000c2100000, 0x00000000c2200000)
AC   0  O    TS     1 PTAMS 0x00000000c2200000 NTAMS 0x00000000c2200000 space 1024K, 100% used [0x00000000c2200000, 0x00000000c2300000)
AC   0 HS    TS     0 PTAMS 0x00000000c2380010 NTAMS 0x00000000c2380010 space 1024K,  50% used [0x00000000c2300000, 0x00000000c2400000)
AC   0  O    TS     0 PTAMS 0x00000000c2500000 NTAMS 0x00000000c2500000 space 1024K, 100% used [0x00000000c2400000, 0x00000000c2500000)
AC   0  O    TS     1 PTAMS 0x00000000c2500000 NTAMS 0x00000000c2500000 space 1024K, 100% used [0x00000000c2500000, 0x00000000c2600000)
AC   0  O    TS     3 PTAMS 0x00000000c2600000 NTAMS 0x00000000c2600000 space 1024K,  50% used [0x00000000c2600000, 0x00000000c2700000)
AC   0  F    TS     0 PTAMS 0x00000000c2700000 NTAMS 0x00000000c2700000 space 1024K,   0% used [0x00000000c2700000, 0x00000000c2800000)
AC   0  F    TS     0 PTAMS 0x00000000c2800000 NTAMS 0x00000000c2800000 space 1024K,   0% used [0x00000000c2800000, 0x00000000c2900000)
AC   0  F    TS     0 PTAMS 0x00000000c2900000 NTAMS 0x00000000c2900000 space 1024K,   0% used [0x00000000c2900000, 0x00000000c2a00000)
AC   0  F    TS     0 PTAMS 0x00000000c2a00000 NTAMS 0x00000000c2a00000 space 1024K,   0% used [0x00000000c2a00000, 0x00000000c2b00000)
AC   0  F    TS     0 PTAMS 0x00000000c2b00000 NTAMS 0x00000000c2b00000 space 1024K,   0% used [0x00000000c2b00000, 0x00000000c2c00000)
AC   0  F    TS     0 PTAMS 0x00000000c2c00000 NTAMS 0x00000000c2c00000 space 1024K,   0% used [0x00000000c2c00000, 0x00000000c2d00000)
AC   0  F    TS     0 PTAMS 0x00000000c2d00000 NTAMS 0x00000000c2d00000 space 1024K,   0% used [0x00000000c2d00000, 0x00000000c2e00000)
AC   0  F    TS     1 PTAMS 0x00000000c2e00000 NTAMS 0x00000000c2e00000 space 1024K,   0% used [0x00000000c2e00000, 0x00000000c2f00000)
AC   0  F    TS     1 PTAMS 0x00000000c2f00000 NTAMS 0x00000000c2f00000 space 1024K,   0% used [0x00000000c2f00000, 0x00000000c3000000)
AC   0  F    TS     1 PTAMS 0x00000000c3000000 NTAMS 0x00000000c3000000 space 1024K,   0% used [0x00000000c3000000, 0x00000000c3100000)
AC   0  F    TS     0 PTAMS 0x00000000c3100000 NTAMS 0x00000000c3100000 space 1024K,   0% used [0x00000000c3100000, 0x00000000c3200000)
AC   0  F    TS     0 PTAMS 0x00000000c3200000 NTAMS 0x00000000c3200000 space 1024K,   0% used [0x00000000c3200000, 0x00000000c3300000)
AC   0  F    TS     0 PTAMS 0x00000000c3300000 NTAMS 0x00000000c3300000 space 1024K,   0% used [0x00000000c3300000, 0x00000000c3400000)
AC   0  F    TS     0 PTAMS 0x00000000c3400000 NTAMS 0x00000000c3400000 space 1024K,   0% used [0x00000000c3400000, 0x00000000c3500000)
AC   0  F    TS     0 PTAMS 0x00000000c3500000 NTAMS 0x00000000c3500000 space 1024K,   0% used [0x00000000c3500000, 0x00000000c3600000)
AC   0  F    TS     0 PTAMS 0x00000000c3600000 NTAMS 0x00000000c3600000 space 1024K,   0% used [0x00000000c3600000, 0x00000000c3700000)
AC   0  F    TS     0 PTAMS 0x00000000c3700000 NTAMS 0x00000000c3700000 space 1024K,   0% used [0x00000000c3700000, 0x00000000c3800000)
AC   0  F    TS     0 PTAMS 0x00000000c3800000 NTAMS 0x00000000c3800000 space 1024K,   0% used [0x00000000c3800000, 0x00000000c3900000)
AC   0  F    TS     0 PTAMS 0x00000000c3900000 NTAMS 0x00000000c3900000 space 1024K,   0% used [0x00000000c3900000, 0x00000000c3a00000)
AC   0  F    TS     0 PTAMS 0x00000000c3a00000 NTAMS 0x00000000c3a00000 space 1024K,   0% used [0x00000000c3a00000, 0x00000000c3b00000)
AC   0  F    TS     0 PTAMS 0x00000000c3b00000 NTAMS 0x00000000c3b00000 space 1024K,   0% used [0x00000000c3b00000, 0x00000000c3c00000)
AC   0  F    TS     0 PTAMS 0x00000000c3c00000 NTAMS 0x00000000c3c00000 space 1024K,   0% used [0x00000000c3c00000, 0x00000000c3d00000)
AC   0  F    TS     0 PTAMS 0x00000000c3d00000 NTAMS 0x00000000c3d00000 space 1024K,   0% used [0x00000000c3d00000, 0x00000000c3e00000)
AC   0  S CS TS     3 PTAMS 0x00000000c3e00000 NTAMS 0x00000000c3e00000 space 1024K,  49% used [0x00000000c3e00000, 0x00000000c3f00000)
AC   0  S CS TS     3 PTAMS 0x00000000c3f00000 NTAMS 0x00000000c3f00000 space 1024K, 100% used [0x00000000c3f00000, 0x00000000c4000000)
AC   0  S CS TS     3 PTAMS 0x00000000c4000000 NTAMS 0x00000000c4000000 space 1024K, 100% used [0x00000000c4000000, 0x00000000c4100000)
AC   0  S CS TS     3 PTAMS 0x00000000c4100000 NTAMS 0x00000000c4100000 space 1024K, 100% used [0x00000000c4100000, 0x00000000c4200000)
AC   0  S CS TS     3 PTAMS 0x00000000c4200000 NTAMS 0x00000000c4200000 space 1024K, 100% used [0x00000000c4200000, 0x00000000c4300000)
AC   0  S CS TS     3 PTAMS 0x00000000c4300000 NTAMS 0x00000000c4300000 space 1024K, 100% used [0x00000000c4300000, 0x00000000c4400000)
AC   0  S CS TS     3 PTAMS 0x00000000c4400000 NTAMS 0x00000000c4400000 space 1024K, 100% used [0x00000000c4400000, 0x00000000c4500000)
AC   0  F    TS     1 PTAMS 0x00000000c4500000 NTAMS 0x00000000c4500000 space 1024K,   0% used [0x00000000c4500000, 0x00000000c4600000)
AC   0  F    TS     1 PTAMS 0x00000000c4600000 NTAMS 0x00000000c4600000 space 1024K,   0% used [0x00000000c4600000, 0x00000000c4700000)
AC   0  F    TS     1 PTAMS 0x00000000c4700000 NTAMS 0x00000000c4700000 space 1024K,   0% used [0x00000000c4700000, 0x00000000c4800000)
AC   0  F    TS     1 PTAMS 0x00000000c4800000 NTAMS 0x00000000c4800000 space 1024K,   0% used [0x00000000c4800000, 0x00000000c4900000)
AC   0  F    TS     1 PTAMS 0x00000000c4900000 NTAMS 0x00000000c4900000 space 1024K,   0% used [0x00000000c4900000, 0x00000000c4a00000)
AC   0  F    TS     1 PTAMS 0x00000000c4a00000 NTAMS 0x00000000c4a00000 space 1024K,   0% used [0x00000000c4a00000, 0x00000000c4b00000)
AC   0  F    TS     1 PTAMS 0x00000000c4b00000 NTAMS 0x00000000c4b00000 space 1024K,   0% used [0x00000000c4b00000, 0x00000000c4c00000)
AC   0  F    TS     1 PTAMS 0x00000000c4c00000 NTAMS 0x00000000c4c00000 space 1024K,   0% used [0x00000000c4c00000, 0x00000000c4d00000)
AC   0  F    TS     1 PTAMS 0x00000000c4d00000 NTAMS 0x00000000c4d00000 space 1024K,   0% used [0x00000000c4d00000, 0x00000000c4e00000)
AC   0  F    TS     1 PTAMS 0x00000000c4e00000 NTAMS 0x00000000c4e00000 space 1024K,   0% used [0x00000000c4e00000, 0x00000000c4f00000)
AC   0  F    TS     1 PTAMS 0x00000000c4f00000 NTAMS 0x00000000c4f00000 space 1024K,   0% used [0x00000000c4f00000, 0x00000000c5000000)
AC   0  F    TS     1 PTAMS 0x00000000c5000000 NTAMS 0x00000000c5000000 space 1024K,   0% used [0x00000000c5000000, 0x00000000c5100000)
AC   0  F    TS     1 PTAMS 0x00000000c5100000 NTAMS 0x00000000c5100000 space 1024K,   0% used [0x00000000c5100000, 0x00000000c5200000)
AC   0  F    TS     1 PTAMS 0x00000000c5200000 NTAMS 0x00000000c5200000 space 1024K,   0% used [0x00000000c5200000, 0x00000000c5300000)
AC   0  F    TS     1 PTAMS 0x00000000c5300000 NTAMS 0x00000000c5300000 space 1024K,   0% used [0x00000000c5300000, 0x00000000c5400000)
AC   0  F    TS     1 PTAMS 0x00000000c5400000 NTAMS 0x00000000c5400000 space 1024K,   0% used [0x00000000c5400000, 0x00000000c5500000)
AC   0  F    TS     1 PTAMS 0x00000000c5500000 NTAMS 0x00000000c5500000 space 1024K,   0% used [0x00000000c5500000, 0x00000000c5600000)
AC   0  F    TS     1 PTAMS 0x00000000c5600000 NTAMS 0x00000000c5600000 space 1024K,   0% used [0x00000000c5600000, 0x00000000c5700000)
AC   0  F    TS     1 PTAMS 0x00000000c5700000 NTAMS 0x00000000c5700000 space 1024K,   0% used [0x00000000c5700000, 0x00000000c5800000)
AC   0  F    TS     1 PTAMS 0x00000000c5800000 NTAMS 0x00000000c5800000 space 1024K,   0% used [0x00000000c5800000, 0x00000000c5900000)
AC   0  F    TS     1 PTAMS 0x00000000c5900000 NTAMS 0x00000000c5900000 space 1024K,   0% used [0x00000000c5900000, 0x00000000c5a00000)
AC   0  F    TS     1 PTAMS 0x00000000c5a00000 NTAMS 0x00000000c5a00000 space 1024K,   0% used [0x00000000c5a00000, 0x00000000c5b00000)
AC   0  F    TS     1 PTAMS 0x00000000c5b00000 NTAMS 0x00000000c5b00000 space 1024K,   0% used [0x00000000c5b00000, 0x00000000c5c00000)
AC   0  F    TS     1 PTAMS 0x00000000c5c00000 NTAMS 0x00000000c5c00000 space 1024K,   0% used [0x00000000c5c00000, 0x00000000c5d00000)
AC   0  F    TS     1 PTAMS 0x00000000c5d00000 NTAMS 0x00000000c5d00000 space 1024K,   0% used [0x00000000c5d00000, 0x00000000c5e00000)
AC   0  F    TS     1 PTAMS 0x00000000c5e00000 NTAMS 0x00000000c5e00000 space 1024K,   0% used [0x00000000c5e00000, 0x00000000c5f00000)
AC   0  F    TS     1 PTAMS 0x00000000c5f00000 NTAMS 0x00000000c5f00000 space 1024K,   0% used [0x00000000c5f00000, 0x00000000c6000000)
AC   0  F    TS     1 PTAMS 0x00000000c6000000 NTAMS 0x00000000c6000000 space 1024K,   0% used [0x00000000c6000000, 0x00000000c6100000)
AC   0  F    TS     1 PTAMS 0x00000000c6100000 NTAMS 0x00000000c6100000 space 1024K,   0% used [0x00000000c6100000, 0x00000000c6200000)
AC   0  F    TS     1 PTAMS 0x00000000c6200000 NTAMS 0x00000000c6200000 space 1024K,   0% used [0x00000000c6200000, 0x00000000c6300000)
AC   0  F    TS     1 PTAMS 0x00000000c6300000 NTAMS 0x00000000c6300000 space 1024K,   0% used [0x00000000c6300000, 0x00000000c6400000)
AC   0  F    TS     1 PTAMS 0x00000000c6400000 NTAMS 0x00000000c6400000 space 1024K,   0% used [0x00000000c6400000, 0x00000000c6500000)
AC   0  F    TS     1 PTAMS 0x00000000c6500000 NTAMS 0x00000000c6500000 space 1024K,   0% used [0x00000000c6500000, 0x00000000c6600000)
AC   0  F    TS     1 PTAMS 0x00000000c6600000 NTAMS 0x00000000c6600000 space 1024K,   0% used [0x00000000c6600000, 0x00000000c6700000)
AC   0  F    TS     1 PTAMS 0x00000000c6700000 NTAMS 0x00000000c6700000 space 1024K,   0% used [0x00000000c6700000, 0x00000000c6800000)
AC   0  F    TS     1 PTAMS 0x00000000c6800000 NTAMS 0x00000000c6800000 space 1024K,   0% used [0x00000000c6800000, 0x00000000c6900000)
AC   0  F    TS     1 PTAMS 0x00000000c6900000 NTAMS 0x00000000c6900000 space 1024K,   0% used [0x00000000c6900000, 0x00000000c6a00000)
AC   0  F    TS     1 PTAMS 0x00000000c6a00000 NTAMS 0x00000000c6a00000 space 1024K,   0% used [0x00000000c6a00000, 0x00000000c6b00000)
AC   0  F    TS     1 PTAMS 0x00000000c6b00000 NTAMS 0x00000000c6b00000 space 1024K,   0% used [0x00000000c6b00000, 0x00000000c6c00000)
AC   0  F    TS     1 PTAMS 0x00000000c6c00000 NTAMS 0x00000000c6c00000 space 1024K,   0% used [0x00000000c6c00000, 0x00000000c6d00000)
AC   0  F    TS     1 PTAMS 0x00000000c6d00000 NTAMS 0x00000000c6d00000 space 1024K,   0% used [0x00000000c6d00000, 0x00000000c6e00000)
AC   0  F    TS     1 PTAMS 0x00000000c6e00000 NTAMS 0x00000000c6e00000 space 1024K,   0% used [0x00000000c6e00000, 0x00000000c6f00000)
AC   0  F    TS     1 PTAMS 0x00000000c6f00000 NTAMS 0x00000000c6f00000 space 1024K,   0% used [0x00000000c6f00000, 0x00000000c7000000)
AC   0  F    TS     1 PTAMS 0x00000000c7000000 NTAMS 0x00000000c7000000 space 1024K,   0% used [0x00000000c7000000, 0x00000000c7100000)
AC   0  F    TS     1 PTAMS 0x00000000c7100000 NTAMS 0x00000000c7100000 space 1024K,   0% used [0x00000000c7100000, 0x00000000c7200000)
AC   0  F    TS     1 PTAMS 0x00000000c7200000 NTAMS 0x00000000c7200000 space 1024K,   0% used [0x00000000c7200000, 0x00000000c7300000)
AC   0  F    TS     1 PTAMS 0x00000000c7300000 NTAMS 0x00000000c7300000 space 1024K,   0% used [0x00000000c7300000, 0x00000000c7400000)
AC   0  F    TS     1 PTAMS 0x00000000c7400000 NTAMS 0x00000000c7400000 space 1024K,   0% used [0x00000000c7400000, 0x00000000c7500000)
AC   0  F    TS     1 PTAMS 0x00000000c7500000 NTAMS 0x00000000c7500000 space 1024K,   0% used [0x00000000c7500000, 0x00000000c7600000)
AC   0  F    TS     1 PTAMS 0x00000000c7600000 NTAMS 0x00000000c7600000 space 1024K,   0% used [0x00000000c7600000, 0x00000000c7700000)
AC   0  F    TS     1 PTAMS 0x00000000c7700000 NTAMS 0x00000000c7700000 space 1024K,   0% used [0x00000000c7700000, 0x00000000c7800000)
AC   0  F    TS     1 PTAMS 0x00000000c7800000 NTAMS 0x00000000c7800000 space 1024K,   0% used [0x00000000c7800000, 0x00000000c7900000)
AC   0  F    TS     1 PTAMS 0x00000000c7900000 NTAMS 0x00000000c7900000 space 1024K,   0% used [0x00000000c7900000, 0x00000000c7a00000)
AC   0  F    TS     1 PTAMS 0x00000000c7a00000 NTAMS 0x00000000c7a00000 space 1024K,   0% used [0x00000000c7a00000, 0x00000000c7b00000)
AC   0  F    TS     1 PTAMS 0x00000000c7b00000 NTAMS 0x00000000c7b00000 space 1024K,   0% used [0x00000000c7b00000, 0x00000000c7c00000)
AC   0  F    TS     1 PTAMS 0x00000000c7c00000 NTAMS 0x00000000c7c00000 space 1024K,   0% used [0x00000000c7c00000, 0x00000000c7d00000)
AC   0  F    TS     1 PTAMS 0x00000000c7d00000 NTAMS 0x00000000c7d00000 space 1024K,   0% used [0x00000000c7d00000, 0x00000000c7e00000)
AC   0  F    TS     1 PTAMS 0x00000000c7e00000 NTAMS 0x00000000c7e00000 space 1024K,   0% used [0x00000000c7e00000, 0x00000000c7f00000)
AC   0  F    TS     1 PTAMS 0x00000000c7f00000 NTAMS 0x00000000c7f00000 space 1024K,   0% used [0x00000000c7f00000, 0x00000000c8000000)

Card table byte_map: [0x00007f1dd03d7000,0x00007f1dd05d7000] byte_map_base: 0x00007f1dcfdd7000

Marking Bits (Prev, Next): (CMBitMap*) 0x00007f1dcc0362f8, (CMBitMap*) 0x00007f1dcc036350
 Prev Bits: [0x00007f1dbc000000, 0x00007f1dbd000000)
 Next Bits: [0x00007f1db7000000, 0x00007f1db8000000)

Polling page: 0x00007f1dd3b20000

CodeCache: size=245760Kb used=21030Kb max_used=21030Kb free=224729Kb
 bounds [0x00007f1dbd000000, 0x00007f1dbe4a0000, 0x00007f1dcc000000]
 total_blobs=7357 nmethods=6793 adapters=476
 compilation: enabled

Compilation events (10 events):
Event: 19.348 Thread 0x00007f1dcc18f000 7829       2       java.util.TreeMap::navigableKeySet (27 bytes)
Event: 19.348 Thread 0x00007f1dcc18f000 nmethod 7829 0x00007f1dbe499250 code [0x00007f1dbe4993c0, 0x00007f1dbe499630]
Event: 19.348 Thread 0x00007f1dcc18f000 7830       2       java.util.TreeMap$KeySet::iterator (32 bytes)
Event: 19.349 Thread 0x00007f1dcc18f000 nmethod 7830 0x00007f1dbe499710 code [0x00007f1dbe4998a0, 0x00007f1dbe499c50]
Event: 19.360 Thread 0x00007f1dcc18f000 7833       1       org.codehaus.plexus.classworlds.realm.Entry::getClassLoader (5 bytes)
Event: 19.360 Thread 0x00007f1dcc18f000 nmethod 7833 0x00007f1dbe499e90 code [0x00007f1dbe499fe0, 0x00007f1dbe49a0f0]
Event: 19.362 Thread 0x00007f1dcc18f000 7834   !   2       com.google.inject.internal.ProviderToInternalFactoryAdapter::get (47 bytes)
Event: 19.362 Thread 0x00007f1dcc18f000 nmethod 7834 0x00007f1dbe49a150 code [0x00007f1dbe49a300, 0x00007f1dbe49a598]
Event: 19.365 Thread 0x00007f1dcc18f000 7835       2       java.util.concurrent.ConcurrentHashMap::<init> (5 bytes)
Event: 19.365 Thread 0x00007f1dcc18f000 nmethod 7835 0x00007f1dbe49a850 code [0x00007f1dbe49a9a0, 0x00007f1dbe49aaf0]

GC Heap History (10 events):
Event: 17.277 GC heap after
Heap after GC invocations=67 (full 0):
 garbage-first heap   total 65536K, used 39098K [0x00000000c0000000, 0x00000000c0100200, 0x0000000100000000)
  region size 1024K, 3 young (3072K), 3 survivors (3072K)
 Metaspace       used 48933K, capacity 51522K, committed 51816K, reserved 1095680K
  class space    used 5095K, capacity 5973K, committed 6016K, reserved 1048576K
}
Event: 17.299 GC heap before
{Heap before GC invocations=67 (full 0):
 garbage-first heap   total 65536K, used 40122K [0x00000000c0000000, 0x00000000c0100200, 0x0000000100000000)
  region size 1024K, 4 young (4096K), 3 survivors (3072K)
 Metaspace       used 48935K, capacity 51522K, committed 51816K, reserved 1095680K
  class space    used 5095K, capacity 5973K, committed 6016K, reserved 1048576K
Event: 17.320 GC heap after
Heap after GC invocations=68 (full 0):
 garbage-first heap   total 65536K, used 33280K [0x00000000c0000000, 0x00000000c0100200, 0x0000000100000000)
  region size 1024K, 1 young (1024K), 1 survivors (1024K)
 Metaspace       used 48935K, capacity 51522K, committed 51816K, reserved 1095680K
  class space    used 5095K, capacity 5973K, committed 6016K, reserved 1048576K
}
Event: 17.618 GC heap before
{Heap before GC invocations=68 (full 0):
 garbage-first heap   total 65536K, used 54784K [0x00000000c0000000, 0x00000000c0100200, 0x0000000100000000)
  region size 1024K, 22 young (22528K), 1 survivors (1024K)
 Metaspace       used 49061K, capacity 51662K, committed 51816K, reserved 1095680K
  class space    used 5100K, capacity 5975K, committed 6016K, reserved 1048576K
Event: 17.639 GC heap after
Heap after GC invocations=69 (full 0):
 garbage-first heap   total 65536K, used 35840K [0x00000000c0000000, 0x00000000c0100200, 0x0000000100000000)
  region size 1024K, 3 young (3072K), 3 survivors (3072K)
 Metaspace       used 49061K, capacity 51662K, committed 51816K, reserved 1095680K
  class space    used 5100K, capacity 5975K, committed 6016K, reserved 1048576K
}
Event: 17.931 GC heap before
{Heap before GC invocations=69 (full 0):
 garbage-first heap   total 65536K, used 54272K [0x00000000c0000000, 0x00000000c0100200, 0x0000000100000000)
  region size 1024K, 21 young (21504K), 3 survivors (3072K)
 Metaspace       used 49140K, capacity 51732K, committed 52072K, reserved 1095680K
  class space    used 5101K, capacity 5976K, committed 6016K, reserved 1048576K
Event: 17.972 GC heap after
Heap after GC invocations=70 (full 0):
 garbage-first heap   total 65536K, used 39424K [0x00000000c0000000, 0x00000000c0100200, 0x0000000100000000)
  region size 1024K, 3 young (3072K), 3 survivors (3072K)
 Metaspace       used 49140K, capacity 51732K, committed 52072K, reserved 1095680K
  class space    used 5101K, capacity 5976K, committed 6016K, reserved 1048576K
}
Event: 18.373 GC heap before
{Heap before GC invocations=71 (full 0):
 garbage-first heap   total 65536K, used 54784K [0x00000000c0000000, 0x00000000c0100200, 0x0000000100000000)
  region size 1024K, 18 young (18432K), 3 survivors (3072K)
 Metaspace       used 49297K, capacity 52064K, committed 52328K, reserved 1095680K
  class space    used 5102K, capacity 5978K, committed 6016K, reserved 1048576K
Event: 18.399 GC heap after
Heap after GC invocations=72 (full 0):
 garbage-first heap   total 131072K, used 41472K [0x00000000c0000000, 0x00000000c0100400, 0x0000000100000000)
  region size 1024K, 3 young (3072K), 3 survivors (3072K)
 Metaspace       used 49297K, capacity 52064K, committed 52328K, reserved 1095680K
  class space    used 5102K, capacity 5978K, committed 6016K, reserved 1048576K
}
Event: 19.383 GC heap before
{Heap before GC invocations=72 (full 0):
 garbage-first heap   total 131072K, used 101888K [0x00000000c0000000, 0x00000000c0100400, 0x0000000100000000)
  region size 1024K, 62 young (63488K), 3 survivors (3072K)
 Metaspace       used 50171K, capacity 53034K, committed 53224K, reserved 1095680K
  class space    used 5194K, capacity 6081K, committed 6144K, reserved 1048576K

Deoptimization events (10 events):
Event: 17.812 Thread 0x00007f1d9c25d800 Uncommon trap: reason=speculate_class_check action=maybe_recompile pc=0x00007f1dbd3ed384 method=java.nio.charset.CharsetDecoder.decode(Ljava/nio/ByteBuffer;Ljava/nio/CharBuffer;Z)Ljava/nio/charset/CoderResult; @ 57
Event: 17.812 Thread 0x00007f1d9c25d800 Uncommon trap: reason=speculate_class_check action=maybe_recompile pc=0x00007f1dbd3ed384 method=java.nio.charset.CharsetDecoder.decode(Ljava/nio/ByteBuffer;Ljava/nio/CharBuffer;Z)Ljava/nio/charset/CoderResult; @ 57
Event: 17.816 Thread 0x00007f1d9c25d800 Uncommon trap: reason=speculate_class_check action=maybe_recompile pc=0x00007f1dbd3ed384 method=java.nio.charset.CharsetDecoder.decode(Ljava/nio/ByteBuffer;Ljava/nio/CharBuffer;Z)Ljava/nio/charset/CoderResult; @ 57
Event: 17.816 Thread 0x00007f1d9c25d800 Uncommon trap: reason=speculate_class_check action=maybe_recompile pc=0x00007f1dbd3ed384 method=java.nio.charset.CharsetDecoder.decode(Ljava/nio/ByteBuffer;Ljava/nio/CharBuffer;Z)Ljava/nio/charset/CoderResult; @ 57
Event: 17.828 Thread 0x00007f1d9c25d800 Uncommon trap: reason=unstable_if action=reinterpret pc=0x00007f1dbe22a95c method=java.util.LinkedHashMap.afterNodeInsertion(Z)V @ 18
Event: 18.108 Thread 0x00007f1d9c25d800 Uncommon trap: reason=unstable_if action=reinterpret pc=0x00007f1dbe28f3e8 method=java.util.HashMap.putMapEntries(Ljava/util/Map;Z)V @ 15
Event: 18.516 Thread 0x00007f1d9c25d800 Uncommon trap: reason=null_check action=make_not_entrant pc=0x00007f1dbe373408 method=org.apache.maven.model.io.xpp3.MavenXpp3Reader.checkFieldWithDuplicate(Lorg/codehaus/plexus/util/xml/pull/XmlPullParser;Ljava/lang/String;Ljava/lang/String;Ljava/util/Se
Event: 18.569 Thread 0x00007f1d9c25d800 Uncommon trap: reason=unstable_if action=reinterpret pc=0x00007f1dbd6dbaf0 method=java.util.HashMap.getNode(ILjava/lang/Object;)Ljava/util/HashMap$Node; @ 53
Event: 18.569 Thread 0x00007f1d9c25d800 Uncommon trap: reason=unstable_if action=reinterpret pc=0x00007f1dbd6ea868 method=java.util.HashMap.getNode(ILjava/lang/Object;)Ljava/util/HashMap$Node; @ 53
Event: 19.285 Thread 0x00007f1d9c25d800 Uncommon trap: reason=unstable_if action=reinterpret pc=0x00007f1dbd43e2c0 method=java.util.jar.Manifest$FastInputStream.peek()B @ 23

Classes redefined (0 events):
No events

Internal exceptions (10 events):
Event: 15.917 Thread 0x00007f1dcc46a800 Implicit null exception at 0x00007f1dbdd1db1d to 0x00007f1dbdd1dbb9
Event: 15.917 Thread 0x00007f1dcc46a800 Exception <a 'java/lang/NullPointerException'> (0x00000000c36a9548) thrown at [/HUDSON/workspace/8-2-build-linux-amd64/jdk8u231/13620/hotspot/src/share/vm/runtime/sharedRuntime.cpp, line 605]
Event: 15.917 Thread 0x00007f1dcc46a800 Implicit null exception at 0x00007f1dbdd1db1d to 0x00007f1dbdd1dbb9
Event: 15.917 Thread 0x00007f1dcc46a800 Exception <a 'java/lang/NullPointerException'> (0x00000000c36a9ad8) thrown at [/HUDSON/workspace/8-2-build-linux-amd64/jdk8u231/13620/hotspot/src/share/vm/runtime/sharedRuntime.cpp, line 605]
Event: 15.917 Thread 0x00007f1dcc46a800 Implicit null exception at 0x00007f1dbdd1db1d to 0x00007f1dbdd1dbb9
Event: 15.917 Thread 0x00007f1dcc46a800 Exception <a 'java/lang/NullPointerException'> (0x00000000c36aa030) thrown at [/HUDSON/workspace/8-2-build-linux-amd64/jdk8u231/13620/hotspot/src/share/vm/runtime/sharedRuntime.cpp, line 605]
Event: 17.349 Thread 0x00007f1d9c25d800 Implicit null exception at 0x00007f1dbd3126ef to 0x00007f1dbd312791
Event: 18.516 Thread 0x00007f1d9c25d800 Implicit null exception at 0x00007f1dbe373043 to 0x00007f1dbe3733ed
Event: 18.826 Thread 0x00007f1d9c25d800 Exception <a 'java/io/FileNotFoundException'> (0x00000000c65d1ec0) thrown at [/HUDSON/workspace/8-2-build-linux-amd64/jdk8u231/13620/hotspot/src/share/vm/prims/jni.cpp, line 710]
Event: 18.827 Thread 0x00007f1d9c25d800 Exception <a 'java/io/FileNotFoundException'> (0x00000000c65d3aa0) thrown at [/HUDSON/workspace/8-2-build-linux-amd64/jdk8u231/13620/hotspot/src/share/vm/prims/jni.cpp, line 710]

Events (10 events):
Event: 19.349 loading class org/sonatype/plexus/components/cipher/PBECipher done
Event: 19.351 loading class org/sonatype/plexus/components/cipher/PlexusCipherException
Event: 19.352 loading class org/sonatype/plexus/components/cipher/PlexusCipherException done
Event: 19.352 loading class org/sonatype/plexus/components/cipher/PlexusCipherException
Event: 19.352 loading class org/sonatype/plexus/components/cipher/PlexusCipherException done
Event: 19.361 loading class org/codehaus/plexus/component/annotations/Component
Event: 19.361 loading class org/codehaus/plexus/component/annotations/Component done
Event: 19.361 loading class org/codehaus/plexus/component/annotations/Component
Event: 19.361 loading class org/codehaus/plexus/component/annotations/Component done
Event: 19.379 Executing VM operation: G1IncCollectionPause


Dynamic libraries:
00400000-00401000 r-xp 00000000 fd:01 1314459                            /usr/local/jdk/bin/java
00600000-00601000 r--p 00000000 fd:01 1314459                            /usr/local/jdk/bin/java
00601000-00602000 rw-p 00001000 fd:01 1314459                            /usr/local/jdk/bin/java
0134e000-013ff000 rw-p 00000000 00:00 0                                  [heap]
c0000000-c8000000 rw-p 00000000 00:00 0 
d0000000-100000000 ---p 00000000 00:00 0 
100000000-100600000 rw-p 00000000 00:00 0 
100600000-140000000 ---p 00000000 00:00 0 
7f1d9727a000-7f1d9727d000 ---p 00000000 00:00 0 
7f1d9727d000-7f1d9757b000 rw-p 00000000 00:00 0 
7f1d9757b000-7f1d9777b000 rw-p 00000000 00:00 0 
7f1d9777b000-7f1d9797b000 rw-p 00000000 00:00 0 
7f1d97a3e000-7f1d97c3e000 rw-p 00000000 00:00 0 
7f1d97c3e000-7f1d97c41000 ---p 00000000 00:00 0 
7f1d97c41000-7f1d97d3f000 rw-p 00000000 00:00 0 
7f1d97d3f000-7f1d97d5a000 r--s 001d4000 fd:01 1314715                    /usr/local/jdk/jre/lib/ext/nashorn.jar
7f1d97dcf000-7f1d97dd2000 r--s 00011000 fd:01 1443745                    /root/.m2/repository/org/codehaus/plexus/plexus-interpolation/1.24/plexus-interpolation-1.24.jar
7f1d97dd2000-7f1d97dd6000 r--s 0002f000 fd:01 1443744                    /root/.m2/repository/commons-io/commons-io/2.5/commons-io-2.5.jar
7f1d97dd6000-7f1d97dd8000 r--s 00006000 fd:01 1443737                    /root/.m2/repository/com/google/code/findbugs/jsr305/2.0.1/jsr305-2.0.1.jar
7f1d97dd8000-7f1d97ddb000 r--s 00023000 fd:01 1443736                    /root/.m2/repository/org/apache/maven/shared/maven-shared-utils/3.0.0/maven-shared-utils-3.0.0.jar
7f1d97ddb000-7f1d97ddf000 r--s 0003c000 fd:01 1443732                    /root/.m2/repository/org/codehaus/plexus/plexus-utils/3.1.0/plexus-utils-3.1.0.jar
7f1d97ddf000-7f1d97de1000 r--s 0000b000 fd:01 1443734                    /root/.m2/repository/org/apache/maven/shared/maven-filtering/3.1.1/maven-filtering-3.1.1.jar
7f1d97de1000-7f1d97de3000 r--s 00002000 fd:01 1443727                    /root/.m2/repository/org/sonatype/plexus/plexus-cipher/1.4/plexus-cipher-1.4.jar
7f1d97de3000-7f1d97de5000 r--s 00000000 fd:01 1443724                    /root/.m2/repository/org/codehaus/plexus/plexus-component-annotations/1.7.1/plexus-component-annotations-1.7.1.jar
7f1d97de5000-7f1d97df0000 r--s 00069000 fd:01 1443698                    /root/.m2/repository/org/sonatype/sisu/sisu-guice/2.1.7/sisu-guice-2.1.7-noaop.jar
7f1d97df0000-7f1d97df5000 r--s 00021000 fd:01 1443696                    /root/.m2/repository/org/sonatype/sisu/sisu-inject-bean/1.4.2/sisu-inject-bean-1.4.2.jar
7f1d97df5000-7f1d97df9000 r--s 0001a000 fd:01 1573353                    /root/.vscode-server/extensions/redhat.java-0.55.1/server/plugins/org.eclipse.core.filebuffers_3.6.800.v20191122-2108.jar
7f1d97df9000-7f1d97ff9000 rw-p 00000000 00:00 0 
7f1d97ff9000-7f1d97ffc000 ---p 00000000 00:00 0 
7f1d97ffc000-7f1d980fa000 rw-p 00000000 00:00 0 
7f1d980fa000-7f1d980fd000 ---p 00000000 00:00 0 
7f1d980fd000-7f1d983fb000 rw-p 00000000 00:00 0 
7f1d983fb000-7f1d98403000 r--s 00059000 fd:01 1573379                    /root/.vscode-server/extensions/redhat.java-0.55.1/server/plugins/org.eclipse.jdt.apt.core_3.6.550.v20190919-0948.jar
7f1d98403000-7f1d98406000 ---p 00000000 00:00 0 
7f1d98406000-7f1d98704000 rw-p 00000000 00:00 0 
7f1d98704000-7f1d98707000 ---p 00000000 00:00 0 
7f1d98707000-7f1d98805000 rw-p 00000000 00:00 0 
7f1d98805000-7f1d98808000 ---p 00000000 00:00 0 
7f1d98808000-7f1d98906000 rw-p 00000000 00:00 0 
7f1d98906000-7f1d98909000 r--s 00019000 fd:01 1573373                    /root/.vscode-server/extensions/redhat.java-0.55.1/server/plugins/org.eclipse.equinox.security_1.3.400.v20191008-0645.jar
7f1d98909000-7f1d9890a000 r--s 00017000 fd:01 1573357                    /root/.vscode-server/extensions/redhat.java-0.55.1/server/plugins/org.eclipse.core.net.linux.x86_64_1.2.400.v20190924-1023.jar
7f1d9890a000-7f1d9890c000 r--s 00011000 fd:01 1573356                    /root/.vscode-server/extensions/redhat.java-0.55.1/server/plugins/org.eclipse.core.net_1.3.700.v20191122-2107.jar
7f1d9890c000-7f1d98919000 r--s 00079000 fd:01 1573348                    /root/.vscode-server/extensions/redhat.java-0.55.1/server/plugins/org.eclipse.buildship.core_3.1.3.v20191107-2249-s.jar
7f1d98919000-7f1d98b13000 rw-p 00000000 00:00 0 
7f1d98b13000-7f1d98b19000 ---p 00000000 00:00 0 
7f1d98b19000-7f1d98b1c000 ---p 00000000 00:00 0 
7f1d98b1c000-7f1d98c1a000 rw-p 00000000 00:00 0 
7f1d98c1a000-7f1d98c20000 r--s 0003a000 fd:01 1573339                    /root/.vscode-server/extensions/redhat.java-0.55.1/server/plugins/com.google.gson_2.8.2.v20180104-1110.jar
7f1d98c20000-7f1d98e20000 rw-p 00000000 00:00 0 
7f1d98e20000-7f1d98e23000 r--s 0001e000 fd:01 1573392                    /root/.vscode-server/extensions/redhat.java-0.55.1/server/plugins/org.eclipse.lsp4j.jsonrpc_0.9.0.v20191218-1027.jar
7f1d98e23000-7f1d98e26000 ---p 00000000 00:00 0 
7f1d98e26000-7f1d98f24000 rw-p 00000000 00:00 0 
7f1d98f24000-7f1d98f2f000 r--s 00089000 fd:01 1573391                    /root/.vscode-server/extensions/redhat.java-0.55.1/server/plugins/org.eclipse.lsp4j_0.9.0.v20191218-1027.jar
7f1d98f2f000-7f1d98f34000 r--s 0004c000 fd:01 1573345                    /root/.vscode-server/extensions/redhat.java-0.55.1/server/plugins/org.apache.commons.lang3_3.1.0.v201403281430.jar
7f1d98f34000-7f1d98f39000 r--s 002f9000 fd:01 1314517                    /usr/local/jdk/jre/lib/charsets.jar
7f1d98f39000-7f1d98f3f000 r--s 00043000 fd:01 1573406                    /root/.vscode-server/extensions/redhat.java-0.55.1/server/plugins/org.eclipse.text_3.10.100.v20191220-1030.jar
7f1d98f3f000-7f1d9913f000 rw-p 00000000 00:00 0 
7f1d9913f000-7f1d99171000 r--s 00295000 fd:01 1573340                    /root/.vscode-server/extensions/redhat.java-0.55.1/server/plugins/com.google.guava_27.1.0.v20190517-1946.jar
7f1d99171000-7f1d99371000 rw-p 00000000 00:00 0 
7f1d99371000-7f1d99379000 r--s 00058000 fd:01 1573544                    /root/.vscode-server/extensions/redhat.java-0.55.1/server/config_linux/org.eclipse.osgi/51/0/.cp/velocity-1.5.jar
7f1d99379000-7f1d9937a000 r--s 00001000 fd:01 1573543                    /root/.vscode-server/extensions/redhat.java-0.55.1/server/config_linux/org.eclipse.osgi/51/0/.cp/plexus-velocity-1.1.8.jar
7f1d9937a000-7f1d9937c000 r--s 0000e000 fd:01 1573542                    /root/.vscode-server/extensions/redhat.java-0.55.1/server/config_linux/org.eclipse.osgi/51/0/.cp/oro-2.0.8.jar
7f1d9937c000-7f1d9937f000 r--s 00023000 fd:01 1573541                    /root/.vscode-server/extensions/redhat.java-0.55.1/server/config_linux/org.eclipse.osgi/51/0/.cp/jdom-1.0.jar
7f1d9937f000-7f1d99381000 r--s 00005000 fd:01 1573540                    /root/.vscode-server/extensions/redhat.java-0.55.1/server/config_linux/org.eclipse.osgi/51/0/.cp/jchardet-1.0.jar
7f1d99381000-7f1d99386000 r--s 00048000 fd:01 1573539                    /root/.vscode-server/extensions/redhat.java-0.55.1/server/config_linux/org.eclipse.osgi/51/0/.cp/dom4j-1.6.1.jar
7f1d99386000-7f1d9938a000 r--s 0002f000 fd:01 1573538                    /root/.vscode-server/extensions/redhat.java-0.55.1/server/config_linux/org.eclipse.osgi/51/0/.cp/commons-lang-2.1.jar
7f1d9938a000-7f1d9938e000 r--s 00027000 fd:01 1573537                    /root/.vscode-server/extensions/redhat.java-0.55.1/server/config_linux/org.eclipse.osgi/51/0/.cp/commons-io-2.2.jar
7f1d9938e000-7f1d9939b000 r--s 00083000 fd:01 1573536                    /root/.vscode-server/extensions/redhat.java-0.55.1/server/config_linux/org.eclipse.osgi/51/0/.cp/commons-collections-3.2.2.jar
7f1d9939b000-7f1d9939d000 r--s 00006000 fd:01 1573535                    /root/.vscode-server/extensions/redhat.java-0.55.1/server/config_linux/org.eclipse.osgi/51/0/.cp/maven-invoker-2.1.1.jar
7f1d9939d000-7f1d9939f000 r--s 00003000 fd:01 1573534                    /root/.vscode-server/extensions/redhat.java-0.55.1/server/config_linux/org.eclipse.osgi/51/0/.cp/archetype-registry-2.4.jar
7f1d9939f000-7f1d993a0000 r--s 00005000 fd:01 1573533                    /root/.vscode-server/extensions/redhat.java-0.55.1/server/config_linux/org.eclipse.osgi/51/0/.cp/archetype-descriptor-2.4.jar
7f1d993a0000-7f1d993a1000 r--s 00004000 fd:01 1573532                    /root/.vscode-server/extensions/redhat.java-0.55.1/server/config_linux/org.eclipse.osgi/51/0/.cp/archetype-catalog-2.4.jar
7f1d993a1000-7f1d993a5000 r--s 00027000 fd:01 1573531                    /root/.vscode-server/extensions/redhat.java-0.55.1/server/config_linux/org.eclipse.osgi/51/0/.cp/archetype-common-2.4.jar
7f1d993a5000-7f1d993a9000 r--s 00017000 fd:01 1443719                    /root/.m2/repository/org/sonatype/aether/aether-util/1.7/aether-util-1.7.jar
7f1d993a9000-7f1d993aa000 r--s 00006000 fd:01 1443726                    /root/.m2/repository/org/sonatype/plexus/plexus-sec-dispatcher/1.3/plexus-sec-dispatcher-1.3.jar
7f1d993aa000-7f1d993b8000 r--s 000bb000 fd:01 1573526                    /root/.vscode-server/extensions/redhat.java-0.55.1/server/config_linux/org.eclipse.osgi/55/0/.cp/lucene-core-2.4.1.jar
7f1d993b8000-7f1d993ba000 r--s 00005000 fd:01 1573525                    /root/.vscode-server/extensions/redhat.java-0.55.1/server/config_linux/org.eclipse.osgi/55/0/.cp/indexer-artifact-3.1.0.jar
7f1d993ba000-7f1d993bf000 r--s 0002c000 fd:01 1573524                    /root/.vscode-server/extensions/redhat.java-0.55.1/server/config_linux/org.eclipse.osgi/55/0/.cp/indexer-core-3.1.0.jar
7f1d993bf000-7f1d993c2000 r--s 00112000 fd:01 1573398                    /root/.vscode-server/extensions/redhat.java-0.55.1/server/plugins/org.eclipse.m2e.maven.indexer_1.14.0.20191209-1923.jar
7f1d993c2000-7f1d995c2000 rw-p 00000000 00:00 0 
7f1d995c2000-7f1d997c2000 rw-p 00000000 00:00 0 
7f1d997c2000-7f1d997c5000 r--s 00020000 fd:01 1573396                    /root/.vscode-server/extensions/redhat.java-0.55.1/server/plugins/org.eclipse.m2e.jdt_1.14.0.20191209-1925.jar
7f1d997c5000-7f1d999c5000 rw-p 00000000 00:00 0 
7f1d999c5000-7f1d999e1000 r--s 00393000 fd:01 1314721                    /usr/local/jdk/jre/lib/ext/cldrdata.jar
7f1d999e1000-7f1d999eb000 r--s 00116000 fd:01 1314713                    /usr/local/jdk/jre/lib/ext/localedata.jar
7f1d999eb000-7f1d999ed000 r--s 0000c000 fd:01 1573412                    /root/.vscode-server/extensions/redhat.java-0.55.1/server/plugins/org.jboss.tools.maven.apt.core_1.5.3.201911081053.jar
7f1d999ed000-7f1d999f5000 r--s 0005a000 fd:01 1573362                    /root/.vscode-server/extensions/redhat.java-0.55.1/server/plugins/org.eclipse.debug.core_3.14.200.v20191221-1346.jar
7f1d999f5000-7f1d999f9000 r--s 00042000 fd:01 1573520                    /root/.vscode-server/extensions/redhat.java-0.55.1/server/config_linux/org.eclipse.osgi/56/0/.cp/jars/jansi-1.17.1.jar
7f1d999f9000-7f1d999fa000 r--s 00002000 fd:01 1573519                    /root/.vscode-server/extensions/redhat.java-0.55.1/server/config_linux/org.eclipse.osgi/56/0/.cp/jars/wagon-file-3.3.4.jar
7f1d999fa000-7f1d999fc000 r--s 00006000 fd:01 1573518                    /root/.vscode-server/extensions/redhat.java-0.55.1/server/config_linux/org.eclipse.osgi/56/0/.cp/jars/maven-resolver-transport-wagon-1.4.1.jar
7f1d999fc000-7f1d999fe000 r--s 00009000 fd:01 1573517                    /root/.vscode-server/extensions/redhat.java-0.55.1/server/config_linux/org.eclipse.osgi/56/0/.cp/jars/maven-resolver-connector-basic-1.4.1.jar
7f1d999fe000-7f1d99a02000 r--s 00029000 fd:01 1573516                    /root/.vscode-server/extensions/redhat.java-0.55.1/server/config_linux/org.eclipse.osgi/56/0/.cp/jars/maven-resolver-impl-1.4.1.jar
7f1d99a02000-7f1d99a04000 r--s 00015000 fd:01 1573515                    /root/.vscode-server/extensions/redhat.java-0.55.1/server/config_linux/org.eclipse.osgi/56/0/.cp/jars/okio-1.17.3.jar
7f1d99a04000-7f1d99a09000 r--s 00063000 fd:01 1573514                    /root/.vscode-server/extensions/redhat.java-0.55.1/server/config_linux/org.eclipse.osgi/56/0/.cp/jars/okhttp-3.14.1.jar
7f1d99a09000-7f1d99a0b000 r--s 0000b000 fd:01 1573513                    /root/.vscode-server/extensions/redhat.java-0.55.1/server/config_linux/org.eclipse.osgi/56/0/.cp/jars/aether-connector-okhttp-0.17.6.jar
7f1d99a0b000-7f1d99a0d000 r--s 00001000 fd:01 1573512                    /root/.vscode-server/extensions/redhat.java-0.55.1/server/config_linux/org.eclipse.osgi/56/0/.cp/jars/plexus-build-api-0.0.7.jar
7f1d99a0d000-7f1d99a10000 r--s 00008000 fd:01 1573511                    /root/.vscode-server/extensions/redhat.java-0.55.1/server/config_linux/org.eclipse.osgi/56/0/.cp/jars/cdi-api-1.0.jar
7f1d99a10000-7f1d99a16000 r--s 0002d000 fd:01 1573510                    /root/.vscode-server/extensions/redhat.java-0.55.1/server/config_linux/org.eclipse.osgi/56/0/.cp/jars/org.eclipse.sisu.plexus-0.3.4.jar
7f1d99a16000-7f1d99a1c000 r--s 00082000 fd:01 1573388                    /root/.vscode-server/extensions/redhat.java-0.55.1/server/plugins/org.eclipse.jdt.launching_3.17.0.v20191219-0932.jar
7f1d99a1c000-7f1d99a1e000 r--s 0000c000 fd:01 1573509                    /root/.vscode-server/extensions/redhat.java-0.55.1/server/config_linux/org.eclipse.osgi/56/0/.cp/jars/wagon-provider-api-3.3.4.jar
7f1d99a1e000-7f1d99a21000 r--s 00012000 fd:01 1573508                    /root/.vscode-server/extensions/redhat.java-0.55.1/server/config_linux/org.eclipse.osgi/56/0/.cp/jars/plexus-interpolation-1.25.jar
7f1d99a21000-7f1d99a28000 r--s 00040000 fd:01 1573507                    /root/.vscode-server/extensions/redhat.java-0.55.1/server/config_linux/org.eclipse.osgi/56/0/.cp/jars/maven-compat-3.6.3.jar
7f1d99a28000-7f1d99a2a000 r--s 0000c000 fd:01 1573506                    /root/.vscode-server/extensions/redhat.java-0.55.1/server/config_linux/org.eclipse.osgi/56/0/.cp/jars/commons-cli-1.4.jar
7f1d99a2a000-7f1d99a2c000 r--s 00002000 fd:01 1573505                    /root/.vscode-server/extensions/redhat.java-0.55.1/server/config_linux/org.eclipse.osgi/56/0/.cp/jars/plexus-cipher-1.7.jar
7f1d99a2c000-7f1d99a2d000 r--s 00006000 fd:01 1573504                    /root/.vscode-server/extensions/redhat.java-0.55.1/server/config_linux/org.eclipse.osgi/56/0/.cp/jars/plexus-sec-dispatcher-1.4.jar
7f1d99a2d000-7f1d99a2e000 r--s 00001000 fd:01 1573503                    /root/.vscode-server/extensions/redhat.java-0.55.1/server/config_linux/org.eclipse.osgi/56/0/.cp/jars/jsr250-api-1.0.jar
7f1d99a2e000-7f1d99a30000 r--s 00016000 fd:01 1573502                    /root/.vscode-server/extensions/redhat.java-0.55.1/server/config_linux/org.eclipse.osgi/56/0/.cp/jars/maven-embedder-3.6.3.jar
7f1d99a30000-7f1d99a38000 r--s 00073000 fd:01 1573501                    /root/.vscode-server/extensions/redhat.java-0.55.1/server/config_linux/org.eclipse.osgi/56/0/.cp/jars/commons-lang3-3.8.1.jar
7f1d99a38000-7f1d99a3a000 r--s 00000000 fd:01 1573500                    /root/.vscode-server/extensions/redhat.java-0.55.1/server/config_linux/org.eclipse.osgi/56/0/.cp/jars/plexus-component-annotations-2.1.0.jar
7f1d99a3a000-7f1d99a3c000 r--s 0000b000 fd:01 1573499                    /root/.vscode-server/extensions/redhat.java-0.55.1/server/config_linux/org.eclipse.osgi/56/0/.cp/jars/plexus-classworlds-2.6.0.jar
7f1d99a3c000-7f1d99a3f000 r--s 0003d000 fd:01 1573498                    /root/.vscode-server/extensions/redhat.java-0.55.1/server/config_linux/org.eclipse.osgi/56/0/.cp/jars/plexus-utils-3.2.1.jar
7f1d99a3f000-7f1d99a40000 r--s 00000000 fd:01 1573497                    /root/.vscode-server/extensions/redhat.java-0.55.1/server/config_linux/org.eclipse.osgi/56/0/.cp/jars/animal-sniffer-annotations-1.14.jar
7f1d99a40000-7f1d99a42000 r--s 00001000 fd:01 1573496                    /root/.vscode-server/extensions/redhat.java-0.55.1/server/config_linux/org.eclipse.osgi/56/0/.cp/jars/j2objc-annotations-1.1.jar
7f1d99a42000-7f1d99a44000 r--s 00002000 fd:01 1573495                    /root/.vscode-server/extensions/redhat.java-0.55.1/server/config_linux/org.eclipse.osgi/56/0/.cp/jars/error_prone_annotations-2.1.3.jar
7f1d99a44000-7f1d99a74000 r--s 00249000 fd:01 1573494                    /root/.vscode-server/extensions/redhat.java-0.55.1/server/config_linux/org.eclipse.osgi/56/0/.cp/jars/guava-25.1-android.jar
7f1d99a74000-7f1d99a7f000 r--s 00075000 fd:01 1573493                    /root/.vscode-server/extensions/redhat.java-0.55.1/server/config_linux/org.eclipse.osgi/56/0/.cp/jars/guice-4.2.1-no_aop.jar
7f1d99a7f000-7f1d99a86000 r--s 00056000 fd:01 1573492                    /root/.vscode-server/extensions/redhat.java-0.55.1/server/config_linux/org.eclipse.osgi/56/0/.cp/jars/org.eclipse.sisu.inject-0.3.4.jar
7f1d99a86000-7f1d99a8a000 r--s 0002f000 fd:01 1573491                    /root/.vscode-server/extensions/redhat.java-0.55.1/server/config_linux/org.eclipse.osgi/56/0/.cp/jars/commons-io-2.5.jar
7f1d99a8a000-7f1d99a8d000 r--s 00026000 fd:01 1573490                    /root/.vscode-server/extensions/redhat.java-0.55.1/server/config_linux/org.eclipse.osgi/56/0/.cp/jars/maven-shared-utils-3.2.1.jar
7f1d99a8d000-7f1d99a91000 r--s 00025000 fd:01 1573489                    /root/.vscode-server/extensions/redhat.java-0.55.1/server/config_linux/org.eclipse.osgi/56/0/.cp/jars/maven-resolver-util-1.4.1.jar
7f1d99a91000-7f1d99a93000 r--s 00007000 fd:01 1573488                    /root/.vscode-server/extensions/redhat.java-0.55.1/server/config_linux/org.eclipse.osgi/56/0/.cp/jars/maven-resolver-spi-1.4.1.jar
7f1d99a93000-7f1d99a98000 r--s 00020000 fd:01 1573487                    /root/.vscode-server/extensions/redhat.java-0.55.1/server/config_linux/org.eclipse.osgi/56/0/.cp/jars/maven-resolver-api-1.4.1.jar
7f1d99a98000-7f1d99a9a000 r--s 0000f000 fd:01 1573486                    /root/.vscode-server/extensions/redhat.java-0.55.1/server/config_linux/org.eclipse.osgi/56/0/.cp/jars/maven-resolver-provider-3.6.3.jar
7f1d99a9a000-7f1d99a9f000 r--s 0002a000 fd:01 1573485                    /root/.vscode-server/extensions/redhat.java-0.55.1/server/config_linux/org.eclipse.osgi/56/0/.cp/jars/maven-model-builder-3.6.3.jar
7f1d99a9f000-7f1d99aa1000 r--s 0000a000 fd:01 1573484                    /root/.vscode-server/extensions/redhat.java-0.55.1/server/config_linux/org.eclipse.osgi/56/0/.cp/jars/maven-plugin-api-3.6.3.jar
7f1d99aa1000-7f1d99aa4000 ---p 00000000 00:00 0 
7f1d99aa4000-7f1d99ba2000 rw-p 00000000 00:00 0 
7f1d99ba2000-7f1d99ba5000 ---p 00000000 00:00 0 
7f1d99ba5000-7f1d99ea3000 rw-p 00000000 00:00 0 
7f1d99ea3000-7f1d9a0a3000 rw-p 00000000 00:00 0 
7f1d9a0a3000-7f1d9a0a6000 ---p 00000000 00:00 0 
7f1d9a0a6000-7f1d9a1a4000 rw-p 00000000 00:00 0 
7f1d9a1a4000-7f1d9a1e2000 r--s 00678000 fd:01 1573383                    /root/.vscode-server/extensions/redhat.java-0.55.1/server/plugins/org.eclipse.jdt.core_3.20.100.v20191220-2341.jar
7f1d9a1e2000-7f1d9a1e5000 ---p 00000000 00:00 0 
7f1d9a1e5000-7f1d9a4e3000 rw-p 00000000 00:00 0 
7f1d9a4e3000-7f1d9a4e6000 ---p 00000000 00:00 0 
7f1d9a4e6000-7f1d9a7e4000 rw-p 00000000 00:00 0 
7f1d9a7e4000-7f1d9a7f4000 r-xp 00000000 fd:01 1573432                    /root/.vscode-server/extensions/redhat.java-0.55.1/server/config_linux/org.eclipse.equinox.launcher/org.eclipse.equinox.launcher.gtk.linux.x86_64_1.1.1100.v20190907-0426/eclipse_1801.so
7f1d9a7f4000-7f1d9a9f3000 ---p 00010000 fd:01 1573432                    /root/.vscode-server/extensions/redhat.java-0.55.1/server/config_linux/org.eclipse.equinox.launcher/org.eclipse.equinox.launcher.gtk.linux.x86_64_1.1.1100.v20190907-0426/eclipse_1801.so
7f1d9a9f3000-7f1d9a9f4000 r--p 0000f000 fd:01 1573432                    /root/.vscode-server/extensions/redhat.java-0.55.1/server/config_linux/org.eclipse.equinox.launcher/org.eclipse.equinox.launcher.gtk.linux.x86_64_1.1.1100.v20190907-0426/eclipse_1801.so
7f1d9a9f4000-7f1d9a9f5000 rw-p 00010000 fd:01 1573432                    /root/.vscode-server/extensions/redhat.java-0.55.1/server/config_linux/org.eclipse.equinox.launcher/org.eclipse.equinox.launcher.gtk.linux.x86_64_1.1.1100.v20190907-0426/eclipse_1801.so
7f1d9a9f5000-7f1d9a9f8000 ---p 00000000 00:00 0 
7f1d9a9f8000-7f1d9aaf6000 rw-p 00000000 00:00 0 
7f1d9aaf6000-7f1d9aaf9000 ---p 00000000 00:00 0 
7f1d9aaf9000-7f1d9adf7000 rw-p 00000000 00:00 0 
7f1d9adf7000-7f1d9adfa000 ---p 00000000 00:00 0 
7f1d9adfa000-7f1d9aef8000 rw-p 00000000 00:00 0 
7f1d9aef8000-7f1d9af09000 r-xp 00000000 fd:01 1314830                    /usr/local/jdk/jre/lib/amd64/libnio.so
7f1d9af09000-7f1d9b108000 ---p 00011000 fd:01 1314830                    /usr/local/jdk/jre/lib/amd64/libnio.so
7f1d9b108000-7f1d9b109000 r--p 00010000 fd:01 1314830                    /usr/local/jdk/jre/lib/amd64/libnio.so
7f1d9b109000-7f1d9b10a000 rw-p 00011000 fd:01 1314830                    /usr/local/jdk/jre/lib/amd64/libnio.so
7f1d9b10a000-7f1d9b40a000 rw-p 00000000 00:00 0 
7f1d9b40a000-7f1d9b420000 r-xp 00000000 fd:01 1314769                    /usr/local/jdk/jre/lib/amd64/libnet.so
7f1d9b420000-7f1d9b61f000 ---p 00016000 fd:01 1314769                    /usr/local/jdk/jre/lib/amd64/libnet.so
7f1d9b61f000-7f1d9b620000 r--p 00015000 fd:01 1314769                    /usr/local/jdk/jre/lib/amd64/libnet.so
7f1d9b620000-7f1d9b621000 rw-p 00016000 fd:01 1314769                    /usr/local/jdk/jre/lib/amd64/libnet.so
7f1d9b621000-7f1d9b622000 ---p 00000000 00:00 0 
7f1d9b622000-7f1d9b722000 rw-p 00000000 00:00 0 
7f1d9b722000-7f1d9b725000 ---p 00000000 00:00 0 
7f1d9b725000-7f1d9b823000 rw-p 00000000 00:00 0 
7f1d9b823000-7f1d9b826000 ---p 00000000 00:00 0 
7f1d9b826000-7f1d9b924000 rw-p 00000000 00:00 0 
7f1d9b924000-7f1d9b927000 ---p 00000000 00:00 0 
7f1d9b927000-7f1d9ba25000 rw-p 00000000 00:00 0 
7f1d9ba25000-7f1d9ba28000 ---p 00000000 00:00 0 
7f1d9ba28000-7f1d9bb26000 rw-p 00000000 00:00 0 
7f1d9bb26000-7f1d9bb29000 ---p 00000000 00:00 0 
7f1d9bb29000-7f1d9bc27000 rw-p 00000000 00:00 0 
7f1d9bc27000-7f1d9beff000 r--p 00000000 fd:01 277516                     /usr/lib/locale/locale-archive
7f1d9beff000-7f1d9bf02000 ---p 00000000 00:00 0 
7f1d9bf02000-7f1d9c000000 rw-p 00000000 00:00 0 
7f1d9c000000-7f1d9ccd6000 rw-p 00000000 00:00 0 
7f1d9ccd6000-7f1da0000000 ---p 00000000 00:00 0 
7f1da0000000-7f1da03ae000 rw-p 00000000 00:00 0 
7f1da03ae000-7f1da4000000 ---p 00000000 00:00 0 
7f1da4000000-7f1da52f0000 rw-p 00000000 00:00 0 
7f1da52f0000-7f1da8000000 ---p 00000000 00:00 0 
7f1da8000000-7f1da8021000 rw-p 00000000 00:00 0 
7f1da8021000-7f1dac000000 ---p 00000000 00:00 0 
7f1dac000000-7f1dad8a3000 rw-p 00000000 00:00 0 
7f1dad8a3000-7f1db0000000 ---p 00000000 00:00 0 
7f1db0000000-7f1db0068000 rw-p 00000000 00:00 0 
7f1db0068000-7f1db4000000 ---p 00000000 00:00 0 
7f1db4000000-7f1db4003000 r--s 0000c000 fd:01 1573483                    /root/.vscode-server/extensions/redhat.java-0.55.1/server/config_linux/org.eclipse.osgi/56/0/.cp/jars/maven-artifact-3.6.3.jar
7f1db4003000-7f1db4004000 r--s 00006000 fd:01 1573482                    /root/.vscode-server/extensions/redhat.java-0.55.1/server/config_linux/org.eclipse.osgi/56/0/.cp/jars/maven-repository-metadata-3.6.3.jar
7f1db4004000-7f1db4005000 r--s 00003000 fd:01 1573481                    /root/.vscode-server/extensions/redhat.java-0.55.1/server/config_linux/org.eclipse.osgi/56/0/.cp/jars/maven-builder-support-3.6.3.jar
7f1db4005000-7f1db4007000 r--s 00009000 fd:01 1573480                    /root/.vscode-server/extensions/redhat.java-0.55.1/server/config_linux/org.eclipse.osgi/56/0/.cp/jars/maven-settings-builder-3.6.3.jar
7f1db4007000-7f1db4008000 r--s 0000a000 fd:01 1573479                    /root/.vscode-server/extensions/redhat.java-0.55.1/server/config_linux/org.eclipse.osgi/56/0/.cp/jars/maven-settings-3.6.3.jar
7f1db4008000-7f1db400b000 r--s 00032000 fd:01 1573478                    /root/.vscode-server/extensions/redhat.java-0.55.1/server/config_linux/org.eclipse.osgi/56/0/.cp/jars/maven-model-3.6.3.jar
7f1db400b000-7f1db4018000 r--s 0008e000 fd:01 1573477                    /root/.vscode-server/extensions/redhat.java-0.55.1/server/config_linux/org.eclipse.osgi/56/0/.cp/jars/maven-core-3.6.3.jar
7f1db4018000-7f1db401a000 r--s 00736000 fd:01 1573399                    /root/.vscode-server/extensions/redhat.java-0.55.1/server/plugins/org.eclipse.m2e.maven.runtime_1.14.0.20191209-1923.jar
7f1db401a000-7f1db401c000 r--s 0000f000 fd:01 1573354                    /root/.vscode-server/extensions/redhat.java-0.55.1/server/plugins/org.eclipse.core.filesystem_1.7.700.v20191213-2313.jar
7f1db401c000-7f1db4026000 r--s 0008a000 fd:01 1573395                    /root/.vscode-server/extensions/redhat.java-0.55.1/server/plugins/org.eclipse.m2e.core_1.14.0.20191209-1925.jar
7f1db4026000-7f1db402a000 r--s 00032000 fd:01 1573381                    /root/.vscode-server/extensions/redhat.java-0.55.1/server/plugins/org.eclipse.jdt.compiler.apt_1.3.800.v20190919-0948.jar
7f1db402a000-7f1db402e000 r--s 0001c000 fd:01 1573446                    /root/.vscode-server/extensions/redhat.java-0.55.1/server/config_linux/org.eclipse.osgi/40/0/.cp/lib/java13api.jar
7f1db402e000-7f1db4030000 r--s 00031000 fd:01 1573382                    /root/.vscode-server/extensions/redhat.java-0.55.1/server/plugins/org.eclipse.jdt.compiler.tool_1.2.700.v20191001-0515.jar
7f1db4030000-7f1db4046000 r--s 00168000 fd:01 1573384                    /root/.vscode-server/extensions/redhat.java-0.55.1/server/plugins/org.eclipse.jdt.core.manipulation_1.13.100.v20191218-2041.jar
7f1db4046000-7f1db4047000 r--s 00007000 fd:01 1442326                    /root/.m2/repository/org/apache/maven/plugins/maven-resources-plugin/3.1.0/maven-resources-plugin-3.1.0.jar
7f1db4047000-7f1db4048000 r--s 00009000 fd:01 1573380                    /root/.vscode-server/extensions/redhat.java-0.55.1/server/plugins/org.eclipse.jdt.apt.pluggable.core_1.2.400.v20190626-1334.jar
7f1db4048000-7f1db404b000 r--s 00018000 fd:01 1573355                    /root/.vscode-server/extensions/redhat.java-0.55.1/server/plugins/org.eclipse.core.jobs_3.10.700.v20191211-0811.jar
7f1db404b000-7f1db4056000 r--s 000d0000 fd:01 1573359                    /root/.vscode-server/extensions/redhat.java-0.55.1/server/plugins/org.eclipse.core.resources_3.13.700.v20191213-2313.jar
7f1db4056000-7f1db4058000 r--s 0000e000 fd:01 1573457                    /root/.vscode-server/extensions/redhat.java-0.55.1/server/config_linux/org.eclipse.osgi/47/0/.cp/lib/remark-1.2.0.jar
7f1db4058000-7f1db405e000 r--s 00048000 fd:01 1573456                    /root/.vscode-server/extensions/redhat.java-0.55.1/server/config_linux/org.eclipse.osgi/47/0/.cp/lib/jsoup-1.9.2.jar
7f1db405e000-7f1db4078000 r--s 00213000 fd:01 1573390                    /root/.vscode-server/extensions/redhat.java-0.55.1/server/plugins/org.eclipse.jdt.ls.core_0.49.1.201912231651.jar
7f1db4078000-7f1db407a000 r--s 00014000 fd:01 1573363                    /root/.vscode-server/extensions/redhat.java-0.55.1/server/plugins/org.eclipse.equinox.app_1.4.400.v20191212-0743.jar
7f1db407a000-7f1db407d000 r--s 0001e000 fd:01 1573371                    /root/.vscode-server/extensions/redhat.java-0.55.1/server/plugins/org.eclipse.equinox.preferences_3.7.700.v20191213-1901.jar
7f1db407d000-7f1db4081000 r--s 0002c000 fd:01 1573372                    /root/.vscode-server/extensions/redhat.java-0.55.1/server/plugins/org.eclipse.equinox.registry_3.8.700.v20191213-1901.jar
7f1db4081000-7f1db4098000 r--s 00153000 fd:01 1573402                    /root/.vscode-server/extensions/redhat.java-0.55.1/server/plugins/org.eclipse.osgi_3.15.200.v20191218-1429.jar
7f1db4098000-7f1db409b000 ---p 00000000 00:00 0 
7f1db409b000-7f1db40d1000 rw-p 00000000 00:00 0 
7f1db40d1000-7f1db40d4000 ---p 00000000 00:00 0 
7f1db40d4000-7f1db41d2000 rw-p 00000000 00:00 0 
7f1db41d2000-7f1db41d3000 ---p 00000000 00:00 0 
7f1db41d3000-7f1db4323000 rw-p 00000000 00:00 0 
7f1db4323000-7f1db44fd000 r--s 03d89000 fd:01 1314518                    /usr/local/jdk/jre/lib/rt.jar
7f1db44fd000-7f1db4cfd000 rw-p 00000000 00:00 0 
7f1db4cfd000-7f1db4cfe000 ---p 00000000 00:00 0 
7f1db4cfe000-7f1db6eff000 rw-p 00000000 00:00 0 
7f1db6eff000-7f1db6f00000 ---p 00000000 00:00 0 
7f1db6f00000-7f1db7200000 rw-p 00000000 00:00 0 
7f1db7200000-7f1db8000000 ---p 00000000 00:00 0 
7f1db8000000-7f1db85f2000 rw-p 00000000 00:00 0 
7f1db85f2000-7f1dbc000000 ---p 00000000 00:00 0 
7f1dbc000000-7f1dbc200000 rw-p 00000000 00:00 0 
7f1dbc200000-7f1dbd000000 ---p 00000000 00:00 0 
7f1dbd000000-7f1dbe4a0000 rwxp 00000000 00:00 0 
7f1dbe4a0000-7f1dcc000000 ---p 00000000 00:00 0 
7f1dcc000000-7f1dcc545000 rw-p 00000000 00:00 0 
7f1dcc545000-7f1dd0000000 ---p 00000000 00:00 0 
7f1dd0000000-7f1dd0002000 r--s 00017000 fd:01 1573351                    /root/.vscode-server/extensions/redhat.java-0.55.1/server/plugins/org.eclipse.core.contenttype_3.7.600.v20191217-1710.jar
7f1dd0002000-7f1dd0005000 r--s 0001c000 fd:01 1573364                    /root/.vscode-server/extensions/redhat.java-0.55.1/server/plugins/org.eclipse.equinox.common_3.10.700.v20191212-0847.jar
7f1dd0005000-7f1dd00d6000 rw-p 00000000 00:00 0 
7f1dd00d6000-7f1dd00d7000 ---p 00000000 00:00 0 
7f1dd00d7000-7f1dd0217000 rw-p 00000000 00:00 0 
7f1dd0217000-7f1dd03d7000 ---p 00000000 00:00 0 
7f1dd03d7000-7f1dd0417000 rw-p 00000000 00:00 0 
7f1dd0417000-7f1dd07d7000 ---p 00000000 00:00 0 
7f1dd07d7000-7f1dd0817000 rw-p 00000000 00:00 0 
7f1dd0817000-7f1dd09d7000 ---p 00000000 00:00 0 
7f1dd09d7000-7f1dd09d8000 ---p 00000000 00:00 0 
7f1dd09d8000-7f1dd0ad8000 rw-p 00000000 00:00 0 
7f1dd0ad8000-7f1dd0ad9000 ---p 00000000 00:00 0 
7f1dd0ad9000-7f1dd0cda000 rw-p 00000000 00:00 0 
7f1dd0cda000-7f1dd0cdb000 ---p 00000000 00:00 0 
7f1dd0cdb000-7f1dd0e2e000 rw-p 00000000 00:00 0 
7f1dd0e2e000-7f1dd119b000 ---p 00000000 00:00 0 
7f1dd119b000-7f1dd11b6000 r-xp 00000000 fd:01 1314792                    /usr/local/jdk/jre/lib/amd64/libzip.so
7f1dd11b6000-7f1dd13b5000 ---p 0001b000 fd:01 1314792                    /usr/local/jdk/jre/lib/amd64/libzip.so
7f1dd13b5000-7f1dd13b6000 r--p 0001a000 fd:01 1314792                    /usr/local/jdk/jre/lib/amd64/libzip.so
7f1dd13b6000-7f1dd13b7000 rw-p 0001b000 fd:01 1314792                    /usr/local/jdk/jre/lib/amd64/libzip.so
7f1dd13b7000-7f1dd13c1000 r-xp 00000000 fd:01 1314794                    /usr/local/jdk/jre/lib/amd64/libinstrument.so
7f1dd13c1000-7f1dd15c0000 ---p 0000a000 fd:01 1314794                    /usr/local/jdk/jre/lib/amd64/libinstrument.so
7f1dd15c0000-7f1dd15c1000 r--p 00009000 fd:01 1314794                    /usr/local/jdk/jre/lib/amd64/libinstrument.so
7f1dd15c1000-7f1dd15c2000 rw-p 0000a000 fd:01 1314794                    /usr/local/jdk/jre/lib/amd64/libinstrument.so
7f1dd15c2000-7f1dd15ee000 r-xp 00000000 fd:01 1314783                    /usr/local/jdk/jre/lib/amd64/libjava.so
7f1dd15ee000-7f1dd17ee000 ---p 0002c000 fd:01 1314783                    /usr/local/jdk/jre/lib/amd64/libjava.so
7f1dd17ee000-7f1dd17ef000 r--p 0002c000 fd:01 1314783                    /usr/local/jdk/jre/lib/amd64/libjava.so
7f1dd17ef000-7f1dd17f1000 rw-p 0002d000 fd:01 1314783                    /usr/local/jdk/jre/lib/amd64/libjava.so
7f1dd17f1000-7f1dd17fe000 r-xp 00000000 fd:01 1314774                    /usr/local/jdk/jre/lib/amd64/libverify.so
7f1dd17fe000-7f1dd19fd000 ---p 0000d000 fd:01 1314774                    /usr/local/jdk/jre/lib/amd64/libverify.so
7f1dd19fd000-7f1dd19ff000 r--p 0000c000 fd:01 1314774                    /usr/local/jdk/jre/lib/amd64/libverify.so
7f1dd19ff000-7f1dd1a00000 rw-p 0000e000 fd:01 1314774                    /usr/local/jdk/jre/lib/amd64/libverify.so
7f1dd1a00000-7f1dd1a07000 r-xp 00000000 fd:01 1185252                    /lib/x86_64-linux-gnu/librt-2.23.so
7f1dd1a07000-7f1dd1c06000 ---p 00007000 fd:01 1185252                    /lib/x86_64-linux-gnu/librt-2.23.so
7f1dd1c06000-7f1dd1c07000 r--p 00006000 fd:01 1185252                    /lib/x86_64-linux-gnu/librt-2.23.so
7f1dd1c07000-7f1dd1c08000 rw-p 00007000 fd:01 1185252                    /lib/x86_64-linux-gnu/librt-2.23.so
7f1dd1c08000-7f1dd1d10000 r-xp 00000000 fd:01 1185261                    /lib/x86_64-linux-gnu/libm-2.23.so
7f1dd1d10000-7f1dd1f0f000 ---p 00108000 fd:01 1185261                    /lib/x86_64-linux-gnu/libm-2.23.so
7f1dd1f0f000-7f1dd1f10000 r--p 00107000 fd:01 1185261                    /lib/x86_64-linux-gnu/libm-2.23.so
7f1dd1f10000-7f1dd1f11000 rw-p 00108000 fd:01 1185261                    /lib/x86_64-linux-gnu/libm-2.23.so
7f1dd1f11000-7f1dd2bfa000 r-xp 00000000 fd:01 1314790                    /usr/local/jdk/jre/lib/amd64/server/libjvm.so
7f1dd2bfa000-7f1dd2df9000 ---p 00ce9000 fd:01 1314790                    /usr/local/jdk/jre/lib/amd64/server/libjvm.so
7f1dd2df9000-7f1dd2e8f000 r--p 00ce8000 fd:01 1314790                    /usr/local/jdk/jre/lib/amd64/server/libjvm.so
7f1dd2e8f000-7f1dd2ec0000 rw-p 00d7e000 fd:01 1314790                    /usr/local/jdk/jre/lib/amd64/server/libjvm.so
7f1dd2ec0000-7f1dd2efb000 rw-p 00000000 00:00 0 
7f1dd2efb000-7f1dd30bb000 r-xp 00000000 fd:01 1185266                    /lib/x86_64-linux-gnu/libc-2.23.so
7f1dd30bb000-7f1dd32bb000 ---p 001c0000 fd:01 1185266                    /lib/x86_64-linux-gnu/libc-2.23.so
7f1dd32bb000-7f1dd32bf000 r--p 001c0000 fd:01 1185266                    /lib/x86_64-linux-gnu/libc-2.23.so
7f1dd32bf000-7f1dd32c1000 rw-p 001c4000 fd:01 1185266                    /lib/x86_64-linux-gnu/libc-2.23.so
7f1dd32c1000-7f1dd32c5000 rw-p 00000000 00:00 0 
7f1dd32c5000-7f1dd32c8000 r-xp 00000000 fd:01 1185255                    /lib/x86_64-linux-gnu/libdl-2.23.so
7f1dd32c8000-7f1dd34c7000 ---p 00003000 fd:01 1185255                    /lib/x86_64-linux-gnu/libdl-2.23.so
7f1dd34c7000-7f1dd34c8000 r--p 00002000 fd:01 1185255                    /lib/x86_64-linux-gnu/libdl-2.23.so
7f1dd34c8000-7f1dd34c9000 rw-p 00003000 fd:01 1185255                    /lib/x86_64-linux-gnu/libdl-2.23.so
7f1dd34c9000-7f1dd34e0000 r-xp 00000000 fd:01 1313769                    /usr/local/jdk/lib/amd64/jli/libjli.so
7f1dd34e0000-7f1dd36df000 ---p 00017000 fd:01 1313769                    /usr/local/jdk/lib/amd64/jli/libjli.so
7f1dd36df000-7f1dd36e0000 r--p 00016000 fd:01 1313769                    /usr/local/jdk/lib/amd64/jli/libjli.so
7f1dd36e0000-7f1dd36e1000 rw-p 00017000 fd:01 1313769                    /usr/local/jdk/lib/amd64/jli/libjli.so
7f1dd36e1000-7f1dd36f9000 r-xp 00000000 fd:01 1185249                    /lib/x86_64-linux-gnu/libpthread-2.23.so
7f1dd36f9000-7f1dd38f8000 ---p 00018000 fd:01 1185249                    /lib/x86_64-linux-gnu/libpthread-2.23.so
7f1dd38f8000-7f1dd38f9000 r--p 00017000 fd:01 1185249                    /lib/x86_64-linux-gnu/libpthread-2.23.so
7f1dd38f9000-7f1dd38fa000 rw-p 00018000 fd:01 1185249                    /lib/x86_64-linux-gnu/libpthread-2.23.so
7f1dd38fa000-7f1dd38fe000 rw-p 00000000 00:00 0 
7f1dd38fe000-7f1dd3924000 r-xp 00000000 fd:01 1185244                    /lib/x86_64-linux-gnu/ld-2.23.so
7f1dd3924000-7f1dd3926000 r--s 00011000 fd:01 1573360                    /root/.vscode-server/extensions/redhat.java-0.55.1/server/plugins/org.eclipse.core.runtime_3.17.100.v20191216-2352.jar
7f1dd3926000-7f1dd3929000 r--s 0003a000 fd:01 1573403                    /root/.vscode-server/extensions/redhat.java-0.55.1/server/plugins/org.eclipse.osgi.compatibility.state_1.1.700.v20191211-0720.jar
7f1dd3929000-7f1dd392c000 r--s 0001a000 fd:01 1314608                    /usr/local/jdk/jre/lib/jce.jar
7f1dd392c000-7f1dd393f000 r--s 0034b000 fd:01 1314640                    /usr/local/jdk/jre/lib/resources.jar
7f1dd393f000-7f1dd3956000 r--s 00198000 fd:01 1574066                    /root/.vscode-server/extensions/gabrielbb.vscode-lombok-0.9.9/server/lombok.jar
7f1dd3956000-7f1dd39d8000 rw-p 00000000 00:00 0 
7f1dd39d8000-7f1dd39e0000 rw-s 00000000 fd:01 1316789                    /tmp/hsperfdata_root/29201
7f1dd39e0000-7f1dd3a15000 r--s 00000000 fd:01 132198                     /var/cache/nscd/passwd
7f1dd3a15000-7f1dd3a18000 ---p 00000000 00:00 0 
7f1dd3a18000-7f1dd3b1a000 rw-p 00000000 00:00 0 
7f1dd3b1a000-7f1dd3b1e000 r--s 000a4000 fd:01 1314727                    /usr/local/jdk/jre/lib/jsse.jar
7f1dd3b1e000-7f1dd3b1f000 r--s 0000c000 fd:01 1573367                    /root/.vscode-server/extensions/redhat.java-0.55.1/server/plugins/org.eclipse.equinox.launcher_1.5.600.v20191014-2022.jar
7f1dd3b1f000-7f1dd3b20000 rw-p 00000000 00:00 0 
7f1dd3b20000-7f1dd3b21000 ---p 00000000 00:00 0 
7f1dd3b21000-7f1dd3b23000 rw-p 00000000 00:00 0 
7f1dd3b23000-7f1dd3b24000 r--p 00025000 fd:01 1185244                    /lib/x86_64-linux-gnu/ld-2.23.so
7f1dd3b24000-7f1dd3b25000 rw-p 00026000 fd:01 1185244                    /lib/x86_64-linux-gnu/ld-2.23.so
7f1dd3b25000-7f1dd3b26000 rw-p 00000000 00:00 0 
7ffd8b4da000-7ffd8b4fb000 rw-p 00000000 00:00 0                          [stack]
7ffd8b5ee000-7ffd8b5f0000 r--p 00000000 00:00 0                          [vvar]
7ffd8b5f0000-7ffd8b5f2000 r-xp 00000000 00:00 0                          [vdso]
ffffffffff600000-ffffffffff601000 r-xp 00000000 00:00 0                  [vsyscall]

VM Arguments:
jvm_args: -Declipse.application=org.eclipse.jdt.ls.core.id1 -Dosgi.bundles.defaultStartLevel=4 -Declipse.product=org.eclipse.jdt.ls.core.product -Dfile.encoding=utf8 -Xverify:none -Xmx1G -XX:+UseG1GC -XX:+UseStringDeduplication -javaagent:/root/.vscode-server/extensions/gabrielbb.vscode-lombok-0.9.9/server/lombok.jar 
java_command: /root/.vscode-server/extensions/redhat.java-0.55.1/server/plugins/org.eclipse.equinox.launcher_1.5.600.v20191014-2022.jar -configuration /root/.vscode-server/extensions/redhat.java-0.55.1/server/config_linux -data /root/.vscode-server/data/User/workspaceStorage/3eaec7268e40dc9cb727583e0b866652/redhat.java/jdt_ws
java_class_path (initial): /root/.vscode-server/extensions/redhat.java-0.55.1/server/plugins/org.eclipse.equinox.launcher_1.5.600.v20191014-2022.jar:/root/.vscode-server/extensions/gabrielbb.vscode-lombok-0.9.9/server/lombok.jar
Launcher Type: SUN_STANDARD

Environment Variables:
JAVA_HOME=/usr/local/jdk
JRE_HOME=/usr/local/jdk/jre
CLASSPATH=.:/usr/local/jdk/lib:/usr/local/jdk/jre/lib:.:$JAVA_HOME/lib:$JAVA_HOME/jre/lib
PATH=/root/.vscode-server/bin/26076a4de974ead31f97692a0d32f90d735645c0/bin:/usr/local/maven/bin:/usr/local/jdk/bin:/usr/local/jdk/jre/bin:/root/.vscode-server/bin/26076a4de974ead31f97692a0d32f90d735645c0/bin:/usr/local/sbin:/usr/local/bin:/usr/sbin:/usr/bin:/sbin:/bin:/usr/games:/usr/local/games
SHELL=/bin/bash

Signal Handlers:
SIGSEGV: [libjvm.so+0xad4d90], sa_mask[0]=11111111011111111101111111111110, sa_flags=SA_RESTART|SA_SIGINFO
SIGBUS: [libjvm.so+0xad4d90], sa_mask[0]=11111111011111111101111111111110, sa_flags=SA_RESTART|SA_SIGINFO
SIGFPE: [libjvm.so+0x90bc10], sa_mask[0]=11111111011111111101111111111110, sa_flags=SA_RESTART|SA_SIGINFO
SIGPIPE: [libjvm.so+0x90bc10], sa_mask[0]=11111111011111111101111111111110, sa_flags=SA_RESTART|SA_SIGINFO
SIGXFSZ: [libjvm.so+0x90bc10], sa_mask[0]=11111111011111111101111111111110, sa_flags=SA_RESTART|SA_SIGINFO
SIGILL: [libjvm.so+0x90bc10], sa_mask[0]=11111111011111111101111111111110, sa_flags=SA_RESTART|SA_SIGINFO
SIGUSR1: SIG_DFL, sa_mask[0]=00000000000000000000000000000000, sa_flags=none
SIGUSR2: [libjvm.so+0x90bae0], sa_mask[0]=00000000000000000000000000000000, sa_flags=SA_RESTART|SA_SIGINFO
SIGHUP: [libjvm.so+0x90c100], sa_mask[0]=11111111011111111101111111111110, sa_flags=SA_RESTART|SA_SIGINFO
SIGINT: [libjvm.so+0x90c100], sa_mask[0]=11111111011111111101111111111110, sa_flags=SA_RESTART|SA_SIGINFO
SIGTERM: [libjvm.so+0x90c100], sa_mask[0]=11111111011111111101111111111110, sa_flags=SA_RESTART|SA_SIGINFO
SIGQUIT: [libjvm.so+0x90c100], sa_mask[0]=11111111011111111101111111111110, sa_flags=SA_RESTART|SA_SIGINFO


---------------  S Y S T E M  ---------------

OS:DISTRIB_ID=Ubuntu
DISTRIB_RELEASE=16.04
DISTRIB_CODENAME=xenial
DISTRIB_DESCRIPTION="Ubuntu 16.04.3 LTS"

uname:Linux 4.4.0-93-generic #116-Ubuntu SMP Fri Aug 11 21:17:51 UTC 2017 x86_64
libc:glibc 2.23 NPTL 2.23 
rlimit: STACK 8192k, CORE 0k, NPROC 7857, NOFILE 65535, AS infinity
load average:1.28 0.33 0.11

/proc/meminfo:
MemTotal:        2048212 kB
MemFree:           71560 kB
MemAvailable:      26728 kB
Buffers:            3188 kB
Cached:            55800 kB
SwapCached:            0 kB
Active:          1874188 kB
Inactive:          36420 kB
Active(anon):    1852256 kB
Inactive(anon):    12488 kB
Active(file):      21932 kB
Inactive(file):    23932 kB
Unevictable:           0 kB
Mlocked:               0 kB
SwapTotal:             0 kB
SwapFree:              0 kB
Dirty:              4452 kB
Writeback:             0 kB
AnonPages:       1851692 kB
Mapped:            23420 kB
Shmem:             13056 kB
Slab:              29492 kB
SReclaimable:      15208 kB
SUnreclaim:        14284 kB
KernelStack:        5360 kB
PageTables:        10632 kB
NFS_Unstable:          0 kB
Bounce:                0 kB
WritebackTmp:          0 kB
CommitLimit:     1024104 kB
Committed_AS:    2908388 kB
VmallocTotal:   34359738367 kB
VmallocUsed:           0 kB
VmallocChunk:          0 kB
HardwareCorrupted:     0 kB
AnonHugePages:   1288192 kB
CmaTotal:              0 kB
CmaFree:               0 kB
HugePages_Total:       0
HugePages_Free:        0
HugePages_Rsvd:        0
HugePages_Surp:        0
Hugepagesize:       2048 kB
DirectMap4k:       44928 kB
DirectMap2M:     2052096 kB
DirectMap1G:           0 kB

container (cgroup) information:
container_type: cgroupv1
cpu_cpuset_cpus: 0
cpu_memory_nodes: 0
active_processor_count: 1
cpu_quota: -1
cpu_period: 100000
cpu_shares: -1
memory_limit_in_bytes: -1
memory_and_swap_limit_in_bytes: -2
memory_soft_limit_in_bytes: -1
memory_usage_in_bytes: 1587765248
memory_max_usage_in_bytes: 1588387840


CPU:total 1 (initial active 1) (1 cores per cpu, 2 threads per core) family 6 model 85 stepping 4, cmov, cx8, fxsr, mmx, sse, sse2, sse3, ssse3, sse4.1, sse4.2, popcnt, avx, avx2, aes, clmul, erms, rtm, 3dnowpref, lzcnt, ht, tsc, bmi1, bmi2, adx

/proc/cpuinfo:
processor	: 0
vendor_id	: GenuineIntel
cpu family	: 6
model		: 85
model name	: Intel(R) Xeon(R) Platinum 8163 CPU @ 2.50GHz
stepping	: 4
microcode	: 0x1
cpu MHz		: 2500.008
cache size	: 33792 KB
physical id	: 0
siblings	: 1
core id		: 0
cpu cores	: 1
apicid		: 0
initial apicid	: 0
fpu		: yes
fpu_exception	: yes
cpuid level	: 13
wp		: yes
flags		: fpu vme de pse tsc msr pae mce cx8 apic sep mtrr pge mca cmov pat pse36 clflush mmx fxsr sse sse2 ss ht syscall nx pdpe1gb rdtscp lm constant_tsc rep_good nopl eagerfpu pni pclmulqdq ssse3 fma cx16 pcid sse4_1 sse4_2 x2apic movbe popcnt tsc_deadline_timer aes xsave avx f16c rdrand hypervisor lahf_lm abm 3dnowprefetch fsgsbase tsc_adjust bmi1 hle avx2 smep bmi2 erms invpcid rtm mpx avx512f rdseed adx smap avx512cd xsaveopt xsavec xgetbv1
bugs		:
bogomips	: 5000.01
clflush size	: 64
cache_alignment	: 64
address sizes	: 46 bits physical, 48 bits virtual
power management:



Memory: 4k page, physical 2048212k(71560k free), swap 0k(0k free)

vm_info: Java HotSpot(TM) 64-Bit Server VM (25.231-b11) for linux-amd64 JRE (1.8.0_231-b11), built on Oct  5 2019 03:00:41 by "java_re" with gcc 7.3.0

time: Thu Jan  9 21:44:29 2020
timezone: CST
elapsed time: 19 seconds (0d 0h 0m 19s)

