#
# There is insufficient memory for the Java Runtime Environment to continue.
# Native memory allocation (mmap) failed to map 134217728 bytes for committing reserved memory.
# Possible reasons:
#   The system is out of physical RAM or swap space
#   The process is running with CompressedOops enabled, and the Java Heap may be blocking the growth of the native heap
# Possible solutions:
#   Reduce memory load on the system
#   Increase physical memory or swap space
#   Check if swap backing store is full
#   Decrease Java heap size (-Xmx/-Xms)
#   Decrease number of Java threads
#   Decrease Java thread stack sizes (-Xss)
#   Set larger code cache with -XX:ReservedCodeCacheSize=
#   JVM is running with Unscaled Compressed Oops mode in which the Java heap is
#     placed in the first 4GB address space. The Java Heap base address is the
#     maximum limit for the native heap growth. Please use -XX:HeapBaseMinAddress
#     to set the Java Heap base and to place the Java Heap above 4GB virtual address.
# This output file may be truncated or incomplete.
#
#  Out of Memory Error (os_linux.cpp:2749), pid=29267, tid=0x00007f7e7c4d4700
#
# JRE version: Java(TM) SE Runtime Environment (8.0_231-b11) (build 1.8.0_231-b11)
# Java VM: Java HotSpot(TM) 64-Bit Server VM (25.231-b11 mixed mode linux-amd64 compressed oops)
# Failed to write core dump. Core dumps have been disabled. To enable core dumping, try "ulimit -c unlimited" before starting Java again
#

---------------  T H R E A D  ---------------

Current thread (0x00007f7e940d8800):  VMThread [stack: 0x00007f7e7c3d4000,0x00007f7e7c4d5000] [id=29275]

Stack: [0x00007f7e7c3d4000,0x00007f7e7c4d5000],  sp=0x00007f7e7c4d33d0,  free space=1020k
Native frames: (J=compiled Java code, j=interpreted, Vv=VM code, C=native code)
V  [libjvm.so+0xad4455]  VMError::report_and_die()+0x2e5
V  [libjvm.so+0x4e0787]  report_vm_out_of_memory(char const*, int, unsigned long, VMErrorType, char const*)+0x67
V  [libjvm.so+0x9107d6]  os::pd_commit_memory_or_exit(char*, unsigned long, unsigned long, bool, char const*)+0x106
V  [libjvm.so+0x907f7d]  os::commit_memory_or_exit(char*, unsigned long, unsigned long, bool, char const*)+0x1d
V  [libjvm.so+0x5afa84]  G1PageBasedVirtualSpace::commit_internal(unsigned long, unsigned long)+0x224
V  [libjvm.so+0x5afb0e]  G1PageBasedVirtualSpace::commit(unsigned long, unsigned long)+0x7e
V  [libjvm.so+0x5b2605]  G1RegionsLargerThanCommitSizeMapper::commit_regions(unsigned int, unsigned long)+0x35
V  [libjvm.so+0x61d916]  HeapRegionManager::commit_regions(unsigned int, unsigned long)+0x76
V  [libjvm.so+0x61ea2f]  HeapRegionManager::make_regions_available(unsigned int, unsigned int)+0x3f
V  [libjvm.so+0x61eef8]  HeapRegionManager::expand_by(unsigned int)+0x128
V  [libjvm.so+0x58beea]  G1CollectedHeap::expand(unsigned long)+0x12a
V  [libjvm.so+0x59556f]  G1CollectedHeap::do_collection_pause_at_safepoint(double)+0x99f
V  [libjvm.so+0xadc2e1]  VM_G1IncCollectionPause::doit()+0x81
V  [libjvm.so+0xadb216]  VM_Operation::evaluate()+0x46
V  [libjvm.so+0xad954d]  VMThread::evaluate_operation(VM_Operation*) [clone .constprop.44]+0xcd
V  [libjvm.so+0xad9b33]  VMThread::loop()+0x3a3
V  [libjvm.so+0xad9f08]  VMThread::run()+0x78
V  [libjvm.so+0x90dcb2]  java_start(Thread*)+0x102

VM_Operation (0x00007f7e626dd440): G1IncCollectionPause, mode: safepoint, requested by thread 0x00007f7e6c126000


---------------  P R O C E S S  ---------------

Java Threads: ( => current thread )
  0x00007f7e9475e800 JavaThread "pool-1-thread-1" [_thread_blocked, id=29304, stack(0x00007f7e61036000,0x00007f7e61137000)]
  0x00007f7e946c9000 JavaThread "pool-2-thread-1" [_thread_blocked, id=29303, stack(0x00007f7e61340000,0x00007f7e61441000)]
  0x00007f7e643d3800 JavaThread "Java indexing" daemon [_thread_blocked, id=29302, stack(0x00007f7e61fdd000,0x00007f7e620de000)]
  0x00007f7e7449a000 JavaThread "Worker-2" [_thread_blocked, id=29301, stack(0x00007f7e622e2000,0x00007f7e623e3000)]
  0x00007f7e6c126000 JavaThread "Worker-1: Initialize Workspace" [_thread_blocked, id=29300, stack(0x00007f7e625e3000,0x00007f7e626e4000)]
  0x00007f7e6421e000 JavaThread "Worker-0: Repository registry initialization" [_thread_blocked, id=29299, stack(0x00007f7e626e4000,0x00007f7e627e5000)]
  0x00007f7e64162000 JavaThread "Worker-JM" [_thread_blocked, id=29297, stack(0x00007f7e629e5000,0x00007f7e62ae6000)]
  0x00007f7e94698800 JavaThread "Start Level: Equinox Container: ffd63188-f591-48dc-a44a-a193cc0e2614" daemon [_thread_blocked, id=29288, stack(0x00007f7e62ef7000,0x00007f7e62ff8000)]
  0x00007f7e94694000 JavaThread "Framework Event Dispatcher: Equinox Container: ffd63188-f591-48dc-a44a-a193cc0e2614" daemon [_thread_blocked, id=29287, stack(0x00007f7e62ff8000,0x00007f7e630f9000)]
  0x00007f7e94337000 JavaThread "Active Thread: Equinox Container: ffd63188-f591-48dc-a44a-a193cc0e2614" [_thread_blocked, id=29286, stack(0x00007f7e632f9000,0x00007f7e633fa000)]
  0x00007f7e94277800 JavaThread "process reaper" daemon [_thread_blocked, id=29285, stack(0x00007f7e7c098000,0x00007f7e7c0d1000)]
  0x00007f7e94141000 JavaThread "Service Thread" daemon [_thread_blocked, id=29282, stack(0x00007f7e63924000,0x00007f7e63a25000)]
  0x00007f7e9418f000 JavaThread "C1 CompilerThread1" daemon [_thread_blocked, id=29281, stack(0x00007f7e63a25000,0x00007f7e63b26000)]
  0x00007f7e9418d000 JavaThread "C2 CompilerThread0" daemon [_thread_blocked, id=29280, stack(0x00007f7e63b26000,0x00007f7e63c27000)]
  0x00007f7e9411d800 JavaThread "Signal Dispatcher" daemon [_thread_blocked, id=29279, stack(0x00007f7e63c27000,0x00007f7e63d28000)]
  0x00007f7e9411b800 JavaThread "Surrogate Locker Thread (Concurrent GC)" daemon [_thread_blocked, id=29278, stack(0x00007f7e7c0d1000,0x00007f7e7c1d2000)]
  0x00007f7e940e6800 JavaThread "Finalizer" daemon [_thread_blocked, id=29277, stack(0x00007f7e7c1d2000,0x00007f7e7c2d3000)]
  0x00007f7e940e2000 JavaThread "Reference Handler" daemon [_thread_blocked, id=29276, stack(0x00007f7e7c2d3000,0x00007f7e7c3d4000)]
  0x00007f7e9400a800 JavaThread "main" [_thread_blocked, id=29268, stack(0x00007f7e9bc2f000,0x00007f7e9bd30000)]

Other Threads:
=>0x00007f7e940d8800 VMThread [stack: 0x00007f7e7c3d4000,0x00007f7e7c4d5000] [id=29275]
  0x00007f7e94140000 WatcherThread [stack: 0x00007f7e63823000,0x00007f7e63924000] [id=29283]

VM state:at safepoint (normal execution)

VM Mutex/Monitor currently owned by a thread:  ([mutex/lock_event])
[0x00007f7e94008c00] Threads_lock - owner thread: 0x00007f7e940d8800
[0x00007f7e94009100] Heap_lock - owner thread: 0x00007f7e6c126000

heap address: 0x00000000c0000000, size: 1024 MB, Compressed Oops mode: 32-bit
Narrow klass base: 0x0000000000000000, Narrow klass shift: 3
Compressed class space size: 1073741824 Address: 0x0000000100000000

Heap:
 garbage-first heap   total 262144K, used 20479K [0x00000000c0000000, 0x00000000c0100800, 0x0000000100000000)
  region size 1024K, 6 young (6144K), 6 survivors (6144K)
 Metaspace       used 32984K, capacity 35288K, committed 35328K, reserved 1081344K
  class space    used 3620K, capacity 4314K, committed 4352K, reserved 1048576K

Heap Regions: (Y=young(eden), SU=young(survivor), HS=humongous(starts), HC=humongous(continues), CS=collection set, F=free, TS=gc time stamp, PTAMS=previous top-at-mark-start, NTAMS=next top-at-mark-start)
AC   0  O    TS     0 PTAMS 0x00000000c0100000 NTAMS 0x00000000c0100000 space 1024K, 100% used [0x00000000c0000000, 0x00000000c0100000)
AC   0  O    TS     5 PTAMS 0x00000000c0100000 NTAMS 0x00000000c0100000 space 1024K, 100% used [0x00000000c0100000, 0x00000000c0200000)
AC   0  O    TS     0 PTAMS 0x00000000c0300000 NTAMS 0x00000000c0300000 space 1024K, 100% used [0x00000000c0200000, 0x00000000c0300000)
AC   0  O    TS     0 PTAMS 0x00000000c0400000 NTAMS 0x00000000c0400000 space 1024K, 100% used [0x00000000c0300000, 0x00000000c0400000)
AC   0  O    TS     0 PTAMS 0x00000000c0500000 NTAMS 0x00000000c0500000 space 1024K, 100% used [0x00000000c0400000, 0x00000000c0500000)
AC   0  O    TS     0 PTAMS 0x00000000c0600000 NTAMS 0x00000000c0600000 space 1024K, 100% used [0x00000000c0500000, 0x00000000c0600000)
AC   0  F    TS     0 PTAMS 0x00000000c0600000 NTAMS 0x00000000c0600000 space 1024K,   0% used [0x00000000c0600000, 0x00000000c0700000)
AC   0  O    TS     0 PTAMS 0x00000000c0800000 NTAMS 0x00000000c0800000 space 1024K, 100% used [0x00000000c0700000, 0x00000000c0800000)
AC   0  O    TS     0 PTAMS 0x00000000c0900000 NTAMS 0x00000000c0900000 space 1024K, 100% used [0x00000000c0800000, 0x00000000c0900000)
AC   0  O    TS     0 PTAMS 0x00000000c0a00000 NTAMS 0x00000000c0a00000 space 1024K, 100% used [0x00000000c0900000, 0x00000000c0a00000)
AC   0  F    TS     0 PTAMS 0x00000000c0a00000 NTAMS 0x00000000c0a00000 space 1024K,   0% used [0x00000000c0a00000, 0x00000000c0b00000)
AC   0  F    TS     0 PTAMS 0x00000000c0b00000 NTAMS 0x00000000c0b00000 space 1024K,   0% used [0x00000000c0b00000, 0x00000000c0c00000)
AC   0  F    TS     7 PTAMS 0x00000000c0c00000 NTAMS 0x00000000c0c00000 space 1024K,   0% used [0x00000000c0c00000, 0x00000000c0d00000)
AC   0  O    TS     0 PTAMS 0x00000000c0e00000 NTAMS 0x00000000c0e00000 space 1024K, 100% used [0x00000000c0d00000, 0x00000000c0e00000)
AC   0  F    TS     7 PTAMS 0x00000000c0e00000 NTAMS 0x00000000c0e00000 space 1024K,   0% used [0x00000000c0e00000, 0x00000000c0f00000)
AC   0  O    TS     0 PTAMS 0x00000000c1000000 NTAMS 0x00000000c1000000 space 1024K, 100% used [0x00000000c0f00000, 0x00000000c1000000)
AC   0  O    TS     0 PTAMS 0x00000000c1100000 NTAMS 0x00000000c1100000 space 1024K, 100% used [0x00000000c1000000, 0x00000000c1100000)
AC   0  O    TS     3 PTAMS 0x00000000c1100000 NTAMS 0x00000000c1100000 space 1024K, 100% used [0x00000000c1100000, 0x00000000c1200000)
AC   0  O    TS     5 PTAMS 0x00000000c1200000 NTAMS 0x00000000c1200000 space 1024K, 100% used [0x00000000c1200000, 0x00000000c1300000)
AC   0  F    TS     0 PTAMS 0x00000000c1300000 NTAMS 0x00000000c1300000 space 1024K,   0% used [0x00000000c1300000, 0x00000000c1400000)
AC   0  F    TS     0 PTAMS 0x00000000c1400000 NTAMS 0x00000000c1400000 space 1024K,   0% used [0x00000000c1400000, 0x00000000c1500000)
AC   0  F    TS     0 PTAMS 0x00000000c1500000 NTAMS 0x00000000c1500000 space 1024K,   0% used [0x00000000c1500000, 0x00000000c1600000)
AC   0  F    TS     0 PTAMS 0x00000000c1600000 NTAMS 0x00000000c1600000 space 1024K,   0% used [0x00000000c1600000, 0x00000000c1700000)
AC   0  F    TS     1 PTAMS 0x00000000c1700000 NTAMS 0x00000000c1700000 space 1024K,   0% used [0x00000000c1700000, 0x00000000c1800000)
AC   0  F    TS     0 PTAMS 0x00000000c1800000 NTAMS 0x00000000c1800000 space 1024K,   0% used [0x00000000c1800000, 0x00000000c1900000)
AC   0  F    TS     9 PTAMS 0x00000000c1900000 NTAMS 0x00000000c1900000 space 1024K,   0% used [0x00000000c1900000, 0x00000000c1a00000)
AC   0  F    TS     9 PTAMS 0x00000000c1a00000 NTAMS 0x00000000c1a00000 space 1024K,   0% used [0x00000000c1a00000, 0x00000000c1b00000)
AC   0  F    TS     9 PTAMS 0x00000000c1b00000 NTAMS 0x00000000c1b00000 space 1024K,   0% used [0x00000000c1b00000, 0x00000000c1c00000)
AC   0  F    TS     0 PTAMS 0x00000000c1c00000 NTAMS 0x00000000c1c00000 space 1024K,   0% used [0x00000000c1c00000, 0x00000000c1d00000)
AC   0  F    TS     5 PTAMS 0x00000000c1d00000 NTAMS 0x00000000c1d00000 space 1024K,   0% used [0x00000000c1d00000, 0x00000000c1e00000)
AC   0  F    TS     3 PTAMS 0x00000000c1e00000 NTAMS 0x00000000c1e00000 space 1024K,   0% used [0x00000000c1e00000, 0x00000000c1f00000)
AC   0  F    TS     0 PTAMS 0x00000000c1f00000 NTAMS 0x00000000c1f00000 space 1024K,   0% used [0x00000000c1f00000, 0x00000000c2000000)
AC   0  F    TS     7 PTAMS 0x00000000c2000000 NTAMS 0x00000000c2000000 space 1024K,   0% used [0x00000000c2000000, 0x00000000c2100000)
AC   0  F    TS     7 PTAMS 0x00000000c2100000 NTAMS 0x00000000c2100000 space 1024K,   0% used [0x00000000c2100000, 0x00000000c2200000)
AC   0  F    TS     7 PTAMS 0x00000000c2200000 NTAMS 0x00000000c2200000 space 1024K,   0% used [0x00000000c2200000, 0x00000000c2300000)
AC   0  F    TS     7 PTAMS 0x00000000c2300000 NTAMS 0x00000000c2300000 space 1024K,   0% used [0x00000000c2300000, 0x00000000c2400000)
AC   0  F    TS     7 PTAMS 0x00000000c2400000 NTAMS 0x00000000c2400000 space 1024K,   0% used [0x00000000c2400000, 0x00000000c2500000)
AC   0  F    TS     7 PTAMS 0x00000000c2500000 NTAMS 0x00000000c2500000 space 1024K,   0% used [0x00000000c2500000, 0x00000000c2600000)
AC   0  F    TS     7 PTAMS 0x00000000c2600000 NTAMS 0x00000000c2600000 space 1024K,   0% used [0x00000000c2600000, 0x00000000c2700000)
AC   0  F    TS     7 PTAMS 0x00000000c2700000 NTAMS 0x00000000c2700000 space 1024K,   0% used [0x00000000c2700000, 0x00000000c2800000)
AC   0  F    TS     7 PTAMS 0x00000000c2800000 NTAMS 0x00000000c2800000 space 1024K,   0% used [0x00000000c2800000, 0x00000000c2900000)
AC   0  F    TS     7 PTAMS 0x00000000c2900000 NTAMS 0x00000000c2900000 space 1024K,   0% used [0x00000000c2900000, 0x00000000c2a00000)
AC   0  F    TS     7 PTAMS 0x00000000c2a00000 NTAMS 0x00000000c2a00000 space 1024K,   0% used [0x00000000c2a00000, 0x00000000c2b00000)
AC   0  F    TS     7 PTAMS 0x00000000c2b00000 NTAMS 0x00000000c2b00000 space 1024K,   0% used [0x00000000c2b00000, 0x00000000c2c00000)
AC   0  F    TS     7 PTAMS 0x00000000c2c00000 NTAMS 0x00000000c2c00000 space 1024K,   0% used [0x00000000c2c00000, 0x00000000c2d00000)
AC   0  F    TS     7 PTAMS 0x00000000c2d00000 NTAMS 0x00000000c2d00000 space 1024K,   0% used [0x00000000c2d00000, 0x00000000c2e00000)
AC   0  F    TS     7 PTAMS 0x00000000c2e00000 NTAMS 0x00000000c2e00000 space 1024K,   0% used [0x00000000c2e00000, 0x00000000c2f00000)
AC   0  F    TS     7 PTAMS 0x00000000c2f00000 NTAMS 0x00000000c2f00000 space 1024K,   0% used [0x00000000c2f00000, 0x00000000c3000000)
AC   0  F    TS     7 PTAMS 0x00000000c3000000 NTAMS 0x00000000c3000000 space 1024K,   0% used [0x00000000c3000000, 0x00000000c3100000)
AC   0  S CS TS    11 PTAMS 0x00000000c3100000 NTAMS 0x00000000c3100000 space 1024K,  99% used [0x00000000c3100000, 0x00000000c3200000)
AC   0  S CS TS    11 PTAMS 0x00000000c3200000 NTAMS 0x00000000c3200000 space 1024K, 100% used [0x00000000c3200000, 0x00000000c3300000)
AC   0  S CS TS    11 PTAMS 0x00000000c3300000 NTAMS 0x00000000c3300000 space 1024K, 100% used [0x00000000c3300000, 0x00000000c3400000)
AC   0  S CS TS    11 PTAMS 0x00000000c3400000 NTAMS 0x00000000c3400000 space 1024K, 100% used [0x00000000c3400000, 0x00000000c3500000)
AC   0  S CS TS    11 PTAMS 0x00000000c3500000 NTAMS 0x00000000c3500000 space 1024K, 100% used [0x00000000c3500000, 0x00000000c3600000)
AC   0  S CS TS    11 PTAMS 0x00000000c3600000 NTAMS 0x00000000c3600000 space 1024K, 100% used [0x00000000c3600000, 0x00000000c3700000)
AC   0  F    TS     7 PTAMS 0x00000000c3700000 NTAMS 0x00000000c3700000 space 1024K,   0% used [0x00000000c3700000, 0x00000000c3800000)
AC   0  F    TS     7 PTAMS 0x00000000c3800000 NTAMS 0x00000000c3800000 space 1024K,   0% used [0x00000000c3800000, 0x00000000c3900000)
AC   0  F    TS     7 PTAMS 0x00000000c3900000 NTAMS 0x00000000c3900000 space 1024K,   0% used [0x00000000c3900000, 0x00000000c3a00000)
AC   0  F    TS     7 PTAMS 0x00000000c3a00000 NTAMS 0x00000000c3a00000 space 1024K,   0% used [0x00000000c3a00000, 0x00000000c3b00000)
AC   0  F    TS     7 PTAMS 0x00000000c3b00000 NTAMS 0x00000000c3b00000 space 1024K,   0% used [0x00000000c3b00000, 0x00000000c3c00000)
AC   0  F    TS     7 PTAMS 0x00000000c3c00000 NTAMS 0x00000000c3c00000 space 1024K,   0% used [0x00000000c3c00000, 0x00000000c3d00000)
AC   0  F    TS     7 PTAMS 0x00000000c3d00000 NTAMS 0x00000000c3d00000 space 1024K,   0% used [0x00000000c3d00000, 0x00000000c3e00000)
AC   0  F    TS     7 PTAMS 0x00000000c3e00000 NTAMS 0x00000000c3e00000 space 1024K,   0% used [0x00000000c3e00000, 0x00000000c3f00000)
AC   0  F    TS     7 PTAMS 0x00000000c3f00000 NTAMS 0x00000000c3f00000 space 1024K,   0% used [0x00000000c3f00000, 0x00000000c4000000)
AC   0  F    TS     9 PTAMS 0x00000000c4000000 NTAMS 0x00000000c4000000 space 1024K,   0% used [0x00000000c4000000, 0x00000000c4100000)
AC   0  F    TS     9 PTAMS 0x00000000c4100000 NTAMS 0x00000000c4100000 space 1024K,   0% used [0x00000000c4100000, 0x00000000c4200000)
AC   0  F    TS     9 PTAMS 0x00000000c4200000 NTAMS 0x00000000c4200000 space 1024K,   0% used [0x00000000c4200000, 0x00000000c4300000)
AC   0  F    TS     9 PTAMS 0x00000000c4300000 NTAMS 0x00000000c4300000 space 1024K,   0% used [0x00000000c4300000, 0x00000000c4400000)
AC   0  F    TS     9 PTAMS 0x00000000c4400000 NTAMS 0x00000000c4400000 space 1024K,   0% used [0x00000000c4400000, 0x00000000c4500000)
AC   0  F    TS     9 PTAMS 0x00000000c4500000 NTAMS 0x00000000c4500000 space 1024K,   0% used [0x00000000c4500000, 0x00000000c4600000)
AC   0  F    TS     9 PTAMS 0x00000000c4600000 NTAMS 0x00000000c4600000 space 1024K,   0% used [0x00000000c4600000, 0x00000000c4700000)
AC   0  F    TS     9 PTAMS 0x00000000c4700000 NTAMS 0x00000000c4700000 space 1024K,   0% used [0x00000000c4700000, 0x00000000c4800000)
AC   0  F    TS     9 PTAMS 0x00000000c4800000 NTAMS 0x00000000c4800000 space 1024K,   0% used [0x00000000c4800000, 0x00000000c4900000)
AC   0  F    TS     9 PTAMS 0x00000000c4900000 NTAMS 0x00000000c4900000 space 1024K,   0% used [0x00000000c4900000, 0x00000000c4a00000)
AC   0  F    TS     9 PTAMS 0x00000000c4a00000 NTAMS 0x00000000c4a00000 space 1024K,   0% used [0x00000000c4a00000, 0x00000000c4b00000)
AC   0  F    TS     9 PTAMS 0x00000000c4b00000 NTAMS 0x00000000c4b00000 space 1024K,   0% used [0x00000000c4b00000, 0x00000000c4c00000)
AC   0  F    TS     9 PTAMS 0x00000000c4c00000 NTAMS 0x00000000c4c00000 space 1024K,   0% used [0x00000000c4c00000, 0x00000000c4d00000)
AC   0  F    TS     9 PTAMS 0x00000000c4d00000 NTAMS 0x00000000c4d00000 space 1024K,   0% used [0x00000000c4d00000, 0x00000000c4e00000)
AC   0  F    TS     9 PTAMS 0x00000000c4e00000 NTAMS 0x00000000c4e00000 space 1024K,   0% used [0x00000000c4e00000, 0x00000000c4f00000)
AC   0  F    TS     9 PTAMS 0x00000000c4f00000 NTAMS 0x00000000c4f00000 space 1024K,   0% used [0x00000000c4f00000, 0x00000000c5000000)
AC   0  F    TS     9 PTAMS 0x00000000c5000000 NTAMS 0x00000000c5000000 space 1024K,   0% used [0x00000000c5000000, 0x00000000c5100000)
AC   0  F    TS     9 PTAMS 0x00000000c5100000 NTAMS 0x00000000c5100000 space 1024K,   0% used [0x00000000c5100000, 0x00000000c5200000)
AC   0  F    TS     9 PTAMS 0x00000000c5200000 NTAMS 0x00000000c5200000 space 1024K,   0% used [0x00000000c5200000, 0x00000000c5300000)
AC   0  F    TS     9 PTAMS 0x00000000c5300000 NTAMS 0x00000000c5300000 space 1024K,   0% used [0x00000000c5300000, 0x00000000c5400000)
AC   0  F    TS     9 PTAMS 0x00000000c5400000 NTAMS 0x00000000c5400000 space 1024K,   0% used [0x00000000c5400000, 0x00000000c5500000)
AC   0  F    TS     9 PTAMS 0x00000000c5500000 NTAMS 0x00000000c5500000 space 1024K,   0% used [0x00000000c5500000, 0x00000000c5600000)
AC   0  F    TS     9 PTAMS 0x00000000c5600000 NTAMS 0x00000000c5600000 space 1024K,   0% used [0x00000000c5600000, 0x00000000c5700000)
AC   0  F    TS     9 PTAMS 0x00000000c5700000 NTAMS 0x00000000c5700000 space 1024K,   0% used [0x00000000c5700000, 0x00000000c5800000)
AC   0  F    TS     9 PTAMS 0x00000000c5800000 NTAMS 0x00000000c5800000 space 1024K,   0% used [0x00000000c5800000, 0x00000000c5900000)
AC   0  F    TS     9 PTAMS 0x00000000c5900000 NTAMS 0x00000000c5900000 space 1024K,   0% used [0x00000000c5900000, 0x00000000c5a00000)
AC   0  F    TS     9 PTAMS 0x00000000c5a00000 NTAMS 0x00000000c5a00000 space 1024K,   0% used [0x00000000c5a00000, 0x00000000c5b00000)
AC   0  F    TS     9 PTAMS 0x00000000c5b00000 NTAMS 0x00000000c5b00000 space 1024K,   0% used [0x00000000c5b00000, 0x00000000c5c00000)
AC   0  F    TS     9 PTAMS 0x00000000c5c00000 NTAMS 0x00000000c5c00000 space 1024K,   0% used [0x00000000c5c00000, 0x00000000c5d00000)
AC   0  F    TS     9 PTAMS 0x00000000c5d00000 NTAMS 0x00000000c5d00000 space 1024K,   0% used [0x00000000c5d00000, 0x00000000c5e00000)
AC   0  F    TS     9 PTAMS 0x00000000c5e00000 NTAMS 0x00000000c5e00000 space 1024K,   0% used [0x00000000c5e00000, 0x00000000c5f00000)
AC   0  F    TS     9 PTAMS 0x00000000c5f00000 NTAMS 0x00000000c5f00000 space 1024K,   0% used [0x00000000c5f00000, 0x00000000c6000000)
AC   0  F    TS     9 PTAMS 0x00000000c6000000 NTAMS 0x00000000c6000000 space 1024K,   0% used [0x00000000c6000000, 0x00000000c6100000)
AC   0  F    TS     9 PTAMS 0x00000000c6100000 NTAMS 0x00000000c6100000 space 1024K,   0% used [0x00000000c6100000, 0x00000000c6200000)
AC   0  F    TS     9 PTAMS 0x00000000c6200000 NTAMS 0x00000000c6200000 space 1024K,   0% used [0x00000000c6200000, 0x00000000c6300000)
AC   0  F    TS     9 PTAMS 0x00000000c6300000 NTAMS 0x00000000c6300000 space 1024K,   0% used [0x00000000c6300000, 0x00000000c6400000)
AC   0  F    TS     9 PTAMS 0x00000000c6400000 NTAMS 0x00000000c6400000 space 1024K,   0% used [0x00000000c6400000, 0x00000000c6500000)
AC   0  F    TS     9 PTAMS 0x00000000c6500000 NTAMS 0x00000000c6500000 space 1024K,   0% used [0x00000000c6500000, 0x00000000c6600000)
AC   0  F    TS     9 PTAMS 0x00000000c6600000 NTAMS 0x00000000c6600000 space 1024K,   0% used [0x00000000c6600000, 0x00000000c6700000)
AC   0  F    TS     9 PTAMS 0x00000000c6700000 NTAMS 0x00000000c6700000 space 1024K,   0% used [0x00000000c6700000, 0x00000000c6800000)
AC   0  F    TS     9 PTAMS 0x00000000c6800000 NTAMS 0x00000000c6800000 space 1024K,   0% used [0x00000000c6800000, 0x00000000c6900000)
AC   0  F    TS     9 PTAMS 0x00000000c6900000 NTAMS 0x00000000c6900000 space 1024K,   0% used [0x00000000c6900000, 0x00000000c6a00000)
AC   0  F    TS     9 PTAMS 0x00000000c6a00000 NTAMS 0x00000000c6a00000 space 1024K,   0% used [0x00000000c6a00000, 0x00000000c6b00000)
AC   0  F    TS     9 PTAMS 0x00000000c6b00000 NTAMS 0x00000000c6b00000 space 1024K,   0% used [0x00000000c6b00000, 0x00000000c6c00000)
AC   0  F    TS     9 PTAMS 0x00000000c6c00000 NTAMS 0x00000000c6c00000 space 1024K,   0% used [0x00000000c6c00000, 0x00000000c6d00000)
AC   0  F    TS     9 PTAMS 0x00000000c6d00000 NTAMS 0x00000000c6d00000 space 1024K,   0% used [0x00000000c6d00000, 0x00000000c6e00000)
AC   0  F    TS     9 PTAMS 0x00000000c6e00000 NTAMS 0x00000000c6e00000 space 1024K,   0% used [0x00000000c6e00000, 0x00000000c6f00000)
AC   0  F    TS     9 PTAMS 0x00000000c6f00000 NTAMS 0x00000000c6f00000 space 1024K,   0% used [0x00000000c6f00000, 0x00000000c7000000)
AC   0  F    TS     9 PTAMS 0x00000000c7000000 NTAMS 0x00000000c7000000 space 1024K,   0% used [0x00000000c7000000, 0x00000000c7100000)
AC   0  F    TS     9 PTAMS 0x00000000c7100000 NTAMS 0x00000000c7100000 space 1024K,   0% used [0x00000000c7100000, 0x00000000c7200000)
AC   0  F    TS     9 PTAMS 0x00000000c7200000 NTAMS 0x00000000c7200000 space 1024K,   0% used [0x00000000c7200000, 0x00000000c7300000)
AC   0  F    TS     9 PTAMS 0x00000000c7300000 NTAMS 0x00000000c7300000 space 1024K,   0% used [0x00000000c7300000, 0x00000000c7400000)
AC   0  F    TS     9 PTAMS 0x00000000c7400000 NTAMS 0x00000000c7400000 space 1024K,   0% used [0x00000000c7400000, 0x00000000c7500000)
AC   0  F    TS     9 PTAMS 0x00000000c7500000 NTAMS 0x00000000c7500000 space 1024K,   0% used [0x00000000c7500000, 0x00000000c7600000)
AC   0  F    TS     9 PTAMS 0x00000000c7600000 NTAMS 0x00000000c7600000 space 1024K,   0% used [0x00000000c7600000, 0x00000000c7700000)
AC   0  F    TS     9 PTAMS 0x00000000c7700000 NTAMS 0x00000000c7700000 space 1024K,   0% used [0x00000000c7700000, 0x00000000c7800000)
AC   0  F    TS     9 PTAMS 0x00000000c7800000 NTAMS 0x00000000c7800000 space 1024K,   0% used [0x00000000c7800000, 0x00000000c7900000)
AC   0  F    TS     9 PTAMS 0x00000000c7900000 NTAMS 0x00000000c7900000 space 1024K,   0% used [0x00000000c7900000, 0x00000000c7a00000)
AC   0  F    TS     9 PTAMS 0x00000000c7a00000 NTAMS 0x00000000c7a00000 space 1024K,   0% used [0x00000000c7a00000, 0x00000000c7b00000)
AC   0  F    TS     9 PTAMS 0x00000000c7b00000 NTAMS 0x00000000c7b00000 space 1024K,   0% used [0x00000000c7b00000, 0x00000000c7c00000)
AC   0  F    TS     9 PTAMS 0x00000000c7c00000 NTAMS 0x00000000c7c00000 space 1024K,   0% used [0x00000000c7c00000, 0x00000000c7d00000)
AC   0  F    TS     9 PTAMS 0x00000000c7d00000 NTAMS 0x00000000c7d00000 space 1024K,   0% used [0x00000000c7d00000, 0x00000000c7e00000)
AC   0  F    TS     9 PTAMS 0x00000000c7e00000 NTAMS 0x00000000c7e00000 space 1024K,   0% used [0x00000000c7e00000, 0x00000000c7f00000)
AC   0  F    TS     9 PTAMS 0x00000000c7f00000 NTAMS 0x00000000c7f00000 space 1024K,   0% used [0x00000000c7f00000, 0x00000000c8000000)

Card table byte_map: [0x00007f7e985f1000,0x00007f7e987f1000] byte_map_base: 0x00007f7e97ff1000

Marking Bits (Prev, Next): (CMBitMap*) 0x00007f7e940362f8, (CMBitMap*) 0x00007f7e94036350
 Prev Bits: [0x00007f7e84000000, 0x00007f7e85000000)
 Next Bits: [0x00007f7e7f000000, 0x00007f7e80000000)

Polling page: 0x00007f7e9bd3a000

CodeCache: size=245760Kb used=9499Kb max_used=10031Kb free=236260Kb
 bounds [0x00007f7e85000000, 0x00007f7e859f0000, 0x00007f7e94000000]
 total_blobs=3721 nmethods=3236 adapters=399
 compilation: enabled

Compilation events (10 events):
Event: 8.325 Thread 0x00007f7e9418f000 3696       3       sun.reflect.misc.ReflectUtil::isVMAnonymousClass (19 bytes)
Event: 8.325 Thread 0x00007f7e9418f000 nmethod 3696 0x00007f7e85149e90 code [0x00007f7e8514a040, 0x00007f7e8514a5b0]
Event: 8.326 Thread 0x00007f7e9418f000 3697       3       jdk.internal.org.objectweb.asm.Frame::<init> (5 bytes)
Event: 8.326 Thread 0x00007f7e9418f000 nmethod 3697 0x00007f7e85164290 code [0x00007f7e85164400, 0x00007f7e851645b0]
Event: 8.341 Thread 0x00007f7e9418d000 nmethod 3621 0x00007f7e8511d550 code [0x00007f7e8511d920, 0x00007f7e85120240]
Event: 8.342 Thread 0x00007f7e9418d000 3653       4       jdk.internal.org.objectweb.asm.ByteVector::putUTF8 (142 bytes)
Event: 8.351 Thread 0x00007f7e9418f000 3698       3       org.eclipse.osgi.internal.framework.FilterImpl$Parser::parse_attr (149 bytes)
Event: 8.352 Thread 0x00007f7e9418f000 nmethod 3698 0x00007f7e852a0410 code [0x00007f7e852a0640, 0x00007f7e852a1078]
Event: 8.373 Thread 0x00007f7e9418d000 nmethod 3653 0x00007f7e85294210 code [0x00007f7e85294380, 0x00007f7e85294af8]
Event: 8.374 Thread 0x00007f7e9418d000 3655       4       java.lang.StringBuilder::toString (17 bytes)

GC Heap History (10 events):
Event: 7.135 GC heap after
Heap after GC invocations=44 (full 0):
 garbage-first heap   total 32768K, used 18431K [0x00000000c0000000, 0x00000000c0100100, 0x0000000100000000)
  region size 1024K, 1 young (1024K), 1 survivors (1024K)
 Metaspace       used 27786K, capacity 29314K, committed 29440K, reserved 1075200K
  class space    used 3005K, capacity 3525K, committed 3584K, reserved 1048576K
}
Event: 7.152 GC heap before
{Heap before GC invocations=44 (full 0):
 garbage-first heap   total 32768K, used 19455K [0x00000000c0000000, 0x00000000c0100100, 0x0000000100000000)
  region size 1024K, 2 young (2048K), 1 survivors (1024K)
 Metaspace       used 27832K, capacity 29408K, committed 29696K, reserved 1075200K
  class space    used 3009K, capacity 3530K, committed 3584K, reserved 1048576K
Event: 7.170 GC heap after
Heap after GC invocations=45 (full 0):
 garbage-first heap   total 32768K, used 15516K [0x00000000c0000000, 0x00000000c0100100, 0x0000000100000000)
  region size 1024K, 1 young (1024K), 1 survivors (1024K)
 Metaspace       used 27832K, capacity 29408K, committed 29696K, reserved 1075200K
  class space    used 3009K, capacity 3530K, committed 3584K, reserved 1048576K
}
Event: 7.177 GC heap before
{Heap before GC invocations=45 (full 0):
 garbage-first heap   total 32768K, used 16540K [0x00000000c0000000, 0x00000000c0100100, 0x0000000100000000)
  region size 1024K, 2 young (2048K), 1 survivors (1024K)
 Metaspace       used 27868K, capacity 29478K, committed 29696K, reserved 1075200K
  class space    used 3014K, capacity 3531K, committed 3584K, reserved 1048576K
Event: 7.208 GC heap after
Heap after GC invocations=46 (full 0):
 garbage-first heap   total 32768K, used 14949K [0x00000000c0000000, 0x00000000c0100100, 0x0000000100000000)
  region size 1024K, 1 young (1024K), 1 survivors (1024K)
 Metaspace       used 27868K, capacity 29478K, committed 29696K, reserved 1075200K
  class space    used 3014K, capacity 3531K, committed 3584K, reserved 1048576K
}
Event: 7.308 GC heap before
{Heap before GC invocations=46 (full 0):
 garbage-first heap   total 32768K, used 27237K [0x00000000c0000000, 0x00000000c0100100, 0x0000000100000000)
  region size 1024K, 13 young (13312K), 1 survivors (1024K)
 Metaspace       used 28426K, capacity 29992K, committed 30336K, reserved 1075200K
  class space    used 3080K, capacity 3610K, committed 3712K, reserved 1048576K
Event: 7.328 GC heap after
Heap after GC invocations=47 (full 0):
 garbage-first heap   total 65536K, used 16056K [0x00000000c0000000, 0x00000000c0100200, 0x0000000100000000)
  region size 1024K, 2 young (2048K), 2 survivors (2048K)
 Metaspace       used 28426K, capacity 29992K, committed 30336K, reserved 1075200K
  class space    used 3080K, capacity 3610K, committed 3712K, reserved 1048576K
}
Event: 7.676 GC heap before
{Heap before GC invocations=47 (full 0):
 garbage-first heap   total 65536K, used 52920K [0x00000000c0000000, 0x00000000c0100200, 0x0000000100000000)
  region size 1024K, 38 young (38912K), 2 survivors (2048K)
 Metaspace       used 30119K, capacity 32006K, committed 32128K, reserved 1077248K
  class space    used 3270K, capacity 3890K, committed 3968K, reserved 1048576K
Event: 7.690 GC heap after
Heap after GC invocations=48 (full 0):
 garbage-first heap   total 131072K, used 16895K [0x00000000c0000000, 0x00000000c0100400, 0x0000000100000000)
  region size 1024K, 3 young (3072K), 3 survivors (3072K)
 Metaspace       used 30119K, capacity 32006K, committed 32128K, reserved 1077248K
  class space    used 3270K, capacity 3890K, committed 3968K, reserved 1048576K
}
Event: 8.387 GC heap before
{Heap before GC invocations=48 (full 0):
 garbage-first heap   total 131072K, used 91647K [0x00000000c0000000, 0x00000000c0100400, 0x0000000100000000)
  region size 1024K, 76 young (77824K), 3 survivors (3072K)
 Metaspace       used 32984K, capacity 35288K, committed 35328K, reserved 1081344K
  class space    used 3620K, capacity 4314K, committed 4352K, reserved 1048576K

Deoptimization events (10 events):
Event: 6.824 Thread 0x00007f7e94698800 Uncommon trap: reason=predicate action=maybe_recompile pc=0x00007f7e856b1408 method=java.nio.charset.CharsetDecoder.decode(Ljava/nio/ByteBuffer;Ljava/nio/CharBuffer;Z)Ljava/nio/charset/CoderResult; @ 54
Event: 7.397 Thread 0x00007f7e94698800 Uncommon trap: reason=bimorphic action=maybe_recompile pc=0x00007f7e854e58a0 method=java.io.BufferedInputStream.read1([BII)I @ 39
Event: 7.397 Thread 0x00007f7e94698800 Uncommon trap: reason=unstable_if action=reinterpret pc=0x00007f7e855c58ac method=java.util.Properties.loadConvert([CII[C)Ljava/lang/String; @ 72
Event: 7.397 Thread 0x00007f7e94698800 Uncommon trap: reason=bimorphic action=maybe_recompile pc=0x00007f7e854e58a0 method=java.io.BufferedInputStream.read1([BII)I @ 39
Event: 7.907 Thread 0x00007f7e9400a800 Uncommon trap: reason=class_check action=maybe_recompile pc=0x00007f7e8561f78c method=java.lang.ThreadLocal$ThreadLocalMap.getEntryAfterMiss(Ljava/lang/ThreadLocal;ILjava/lang/ThreadLocal$ThreadLocalMap$Entry;)Ljava/lang/ThreadLocal$ThreadLocalMap$Entry; 
Event: 7.907 Thread 0x00007f7e9400a800 Uncommon trap: reason=class_check action=maybe_recompile pc=0x00007f7e8561f78c method=java.lang.ThreadLocal$ThreadLocalMap.getEntryAfterMiss(Ljava/lang/ThreadLocal;ILjava/lang/ThreadLocal$ThreadLocalMap$Entry;)Ljava/lang/ThreadLocal$ThreadLocalMap$Entry; 
Event: 7.921 Thread 0x00007f7e9400a800 Uncommon trap: reason=class_check action=maybe_recompile pc=0x00007f7e8561f78c method=java.lang.ThreadLocal$ThreadLocalMap.getEntryAfterMiss(Ljava/lang/ThreadLocal;ILjava/lang/ThreadLocal$ThreadLocalMap$Entry;)Ljava/lang/ThreadLocal$ThreadLocalMap$Entry; 
Event: 7.953 Thread 0x00007f7e9400a800 Uncommon trap: reason=class_check action=maybe_recompile pc=0x00007f7e8561f78c method=java.lang.ThreadLocal$ThreadLocalMap.getEntryAfterMiss(Ljava/lang/ThreadLocal;ILjava/lang/ThreadLocal$ThreadLocalMap$Entry;)Ljava/lang/ThreadLocal$ThreadLocalMap$Entry; 
Event: 8.270 Thread 0x00007f7e6c126000 Uncommon trap: reason=bimorphic action=maybe_recompile pc=0x00007f7e851a50c4 method=java.lang.ThreadLocal.get()Ljava/lang/Object; @ 6
Event: 8.273 Thread 0x00007f7e6c126000 Uncommon trap: reason=bimorphic action=maybe_recompile pc=0x00007f7e851a50c4 method=java.lang.ThreadLocal.get()Ljava/lang/Object; @ 6

Classes redefined (0 events):
No events

Internal exceptions (10 events):
Event: 4.904 Thread 0x00007f7e94698800 Exception <a 'java/lang/ArrayIndexOutOfBoundsException'> (0x00000000c18bba58) thrown at [/HUDSON/workspace/8-2-build-linux-amd64/jdk8u231/13620/hotspot/src/share/vm/runtime/sharedRuntime.cpp, line 605]
Event: 4.906 Thread 0x00007f7e94698800 Exception <a 'java/lang/ArrayIndexOutOfBoundsException'> (0x00000000c1711430) thrown at [/HUDSON/workspace/8-2-build-linux-amd64/jdk8u231/13620/hotspot/src/share/vm/runtime/sharedRuntime.cpp, line 605]
Event: 5.003 Thread 0x00007f7e94698800 Exception <a 'java/lang/ArrayIndexOutOfBoundsException': 66> (0x00000000c1e22b28) thrown at [/HUDSON/workspace/8-2-build-linux-amd64/jdk8u231/13620/hotspot/src/share/vm/interpreter/interpreterRuntime.cpp, line 368]
Event: 6.629 Thread 0x00007f7e94698800 Exception <a 'java/lang/NoClassDefFoundError': com/google/inject/servlet/ServletModuleTargetVisitor> (0x00000000c194f420) thrown at [/HUDSON/workspace/8-2-build-linux-amd64/jdk8u231/13620/hotspot/src/share/vm/classfile/systemDictionary.cpp, line 199]
Event: 6.629 Thread 0x00007f7e94698800 Exception <a 'java/lang/NoClassDefFoundError': javax/annotation/Priority> (0x00000000c1956238) thrown at [/HUDSON/workspace/8-2-build-linux-amd64/jdk8u231/13620/hotspot/src/share/vm/classfile/systemDictionary.cpp, line 199]
Event: 7.176 Thread 0x00007f7e94698800 Exception <a 'java/lang/NoSuchMethodError': <clinit>> (0x00000000c1fef5e0) thrown at [/HUDSON/workspace/8-2-build-linux-amd64/jdk8u231/13620/hotspot/src/share/vm/prims/jni.cpp, line 1614]
Event: 7.213 Thread 0x00007f7e94698800 Exception <a 'java/lang/NoSuchMethodError': <clinit>> (0x00000000c1f92bb8) thrown at [/HUDSON/workspace/8-2-build-linux-amd64/jdk8u231/13620/hotspot/src/share/vm/prims/jni.cpp, line 1614]
Event: 8.323 Thread 0x00007f7e6c126000 Exception <a 'java/io/FileNotFoundException'> (0x00000000c3f6a700) thrown at [/HUDSON/workspace/8-2-build-linux-amd64/jdk8u231/13620/hotspot/src/share/vm/prims/jni.cpp, line 710]
Event: 8.343 Thread 0x00007f7e6c126000 Exception <a 'java/io/FileNotFoundException'> (0x00000000c3d64630) thrown at [/HUDSON/workspace/8-2-build-linux-amd64/jdk8u231/13620/hotspot/src/share/vm/prims/jni.cpp, line 710]
Event: 8.365 Thread 0x00007f7e6c126000 Exception <a 'java/io/FileNotFoundException'> (0x00000000c3964d08) thrown at [/HUDSON/workspace/8-2-build-linux-amd64/jdk8u231/13620/hotspot/src/share/vm/prims/jni.cpp, line 710]

Events (10 events):
Event: 8.371 loading class java/io/Console
Event: 8.373 Thread 0x00007f7e9418d000 flushing nmethod 0x00007f7e8532fcd0
Event: 8.373 Thread 0x00007f7e9418d000 flushing nmethod 0x00007f7e8533bc50
Event: 8.373 Thread 0x00007f7e9418d000 flushing nmethod 0x00007f7e85365bd0
Event: 8.373 Thread 0x00007f7e9418d000 flushing nmethod 0x00007f7e85383e10
Event: 8.373 Thread 0x00007f7e9418d000 flushing nmethod 0x00007f7e85387490
Event: 8.373 Thread 0x00007f7e9418d000 flushing nmethod 0x00007f7e8538eb50
Event: 8.373 Thread 0x00007f7e9418d000 flushing nmethod 0x00007f7e85392d10
Event: 8.373 loading class java/io/Console done
Event: 8.386 Executing VM operation: G1IncCollectionPause


Dynamic libraries:
00400000-00401000 r-xp 00000000 fd:01 1314459                            /usr/local/jdk/bin/java
00600000-00601000 r--p 00000000 fd:01 1314459                            /usr/local/jdk/bin/java
00601000-00602000 rw-p 00001000 fd:01 1314459                            /usr/local/jdk/bin/java
01555000-015b8000 rw-p 00000000 00:00 0                                  [heap]
c0000000-c8000000 rw-p 00000000 00:00 0 
d0000000-100000000 ---p 00000000 00:00 0 
100000000-100440000 rw-p 00000000 00:00 0 
100440000-140000000 ---p 00000000 00:00 0 
7f7e60e23000-7f7e60e63000 rw-p 00000000 00:00 0 
7f7e60e63000-7f7e61023000 ---p 00000000 00:00 0 
7f7e61023000-7f7e61026000 r--s 00019000 fd:01 1573373                    /root/.vscode-server/extensions/redhat.java-0.55.1/server/plugins/org.eclipse.equinox.security_1.3.400.v20191008-0645.jar
7f7e61026000-7f7e61027000 r--s 00017000 fd:01 1573357                    /root/.vscode-server/extensions/redhat.java-0.55.1/server/plugins/org.eclipse.core.net.linux.x86_64_1.2.400.v20190924-1023.jar
7f7e61027000-7f7e61029000 r--s 00011000 fd:01 1573356                    /root/.vscode-server/extensions/redhat.java-0.55.1/server/plugins/org.eclipse.core.net_1.3.700.v20191122-2107.jar
7f7e61029000-7f7e61036000 r--s 00079000 fd:01 1573348                    /root/.vscode-server/extensions/redhat.java-0.55.1/server/plugins/org.eclipse.buildship.core_3.1.3.v20191107-2249-s.jar
7f7e61036000-7f7e61039000 ---p 00000000 00:00 0 
7f7e61039000-7f7e61337000 rw-p 00000000 00:00 0 
7f7e61337000-7f7e6133d000 r--s 0003a000 fd:01 1573339                    /root/.vscode-server/extensions/redhat.java-0.55.1/server/plugins/com.google.gson_2.8.2.v20180104-1110.jar
7f7e6133d000-7f7e61340000 r--s 0001e000 fd:01 1573392                    /root/.vscode-server/extensions/redhat.java-0.55.1/server/plugins/org.eclipse.lsp4j.jsonrpc_0.9.0.v20191218-1027.jar
7f7e61340000-7f7e61343000 ---p 00000000 00:00 0 
7f7e61343000-7f7e61441000 rw-p 00000000 00:00 0 
7f7e61441000-7f7e61449000 r--s 0005a000 fd:01 1573362                    /root/.vscode-server/extensions/redhat.java-0.55.1/server/plugins/org.eclipse.debug.core_3.14.200.v20191221-1346.jar
7f7e61449000-7f7e6144f000 r--s 00082000 fd:01 1573388                    /root/.vscode-server/extensions/redhat.java-0.55.1/server/plugins/org.eclipse.jdt.launching_3.17.0.v20191219-0932.jar
7f7e6144f000-7f7e6145a000 r--s 00089000 fd:01 1573391                    /root/.vscode-server/extensions/redhat.java-0.55.1/server/plugins/org.eclipse.lsp4j_0.9.0.v20191218-1027.jar
7f7e6145a000-7f7e6145f000 r--s 0004c000 fd:01 1573345                    /root/.vscode-server/extensions/redhat.java-0.55.1/server/plugins/org.apache.commons.lang3_3.1.0.v201403281430.jar
7f7e6145f000-7f7e61464000 r--s 002f9000 fd:01 1314517                    /usr/local/jdk/jre/lib/charsets.jar
7f7e61464000-7f7e61664000 rw-p 00000000 00:00 0 
7f7e61664000-7f7e6166a000 r--s 00043000 fd:01 1573406                    /root/.vscode-server/extensions/redhat.java-0.55.1/server/plugins/org.eclipse.text_3.10.100.v20191220-1030.jar
7f7e6166a000-7f7e6169c000 r--s 00295000 fd:01 1573340                    /root/.vscode-server/extensions/redhat.java-0.55.1/server/plugins/com.google.guava_27.1.0.v20190517-1946.jar
7f7e6169c000-7f7e6189c000 rw-p 00000000 00:00 0 
7f7e6189c000-7f7e618a4000 r--s 00058000 fd:01 1573544                    /root/.vscode-server/extensions/redhat.java-0.55.1/server/config_linux/org.eclipse.osgi/51/0/.cp/velocity-1.5.jar
7f7e618a4000-7f7e618a5000 r--s 00001000 fd:01 1573543                    /root/.vscode-server/extensions/redhat.java-0.55.1/server/config_linux/org.eclipse.osgi/51/0/.cp/plexus-velocity-1.1.8.jar
7f7e618a5000-7f7e618a7000 r--s 0000e000 fd:01 1573542                    /root/.vscode-server/extensions/redhat.java-0.55.1/server/config_linux/org.eclipse.osgi/51/0/.cp/oro-2.0.8.jar
7f7e618a7000-7f7e618aa000 r--s 00023000 fd:01 1573541                    /root/.vscode-server/extensions/redhat.java-0.55.1/server/config_linux/org.eclipse.osgi/51/0/.cp/jdom-1.0.jar
7f7e618aa000-7f7e618ac000 r--s 00005000 fd:01 1573540                    /root/.vscode-server/extensions/redhat.java-0.55.1/server/config_linux/org.eclipse.osgi/51/0/.cp/jchardet-1.0.jar
7f7e618ac000-7f7e618b1000 r--s 00048000 fd:01 1573539                    /root/.vscode-server/extensions/redhat.java-0.55.1/server/config_linux/org.eclipse.osgi/51/0/.cp/dom4j-1.6.1.jar
7f7e618b1000-7f7e618b5000 r--s 0002f000 fd:01 1573538                    /root/.vscode-server/extensions/redhat.java-0.55.1/server/config_linux/org.eclipse.osgi/51/0/.cp/commons-lang-2.1.jar
7f7e618b5000-7f7e618b9000 r--s 00027000 fd:01 1573537                    /root/.vscode-server/extensions/redhat.java-0.55.1/server/config_linux/org.eclipse.osgi/51/0/.cp/commons-io-2.2.jar
7f7e618b9000-7f7e618c6000 r--s 00083000 fd:01 1573536                    /root/.vscode-server/extensions/redhat.java-0.55.1/server/config_linux/org.eclipse.osgi/51/0/.cp/commons-collections-3.2.2.jar
7f7e618c6000-7f7e618c8000 r--s 00006000 fd:01 1573535                    /root/.vscode-server/extensions/redhat.java-0.55.1/server/config_linux/org.eclipse.osgi/51/0/.cp/maven-invoker-2.1.1.jar
7f7e618c8000-7f7e618ca000 r--s 00003000 fd:01 1573534                    /root/.vscode-server/extensions/redhat.java-0.55.1/server/config_linux/org.eclipse.osgi/51/0/.cp/archetype-registry-2.4.jar
7f7e618ca000-7f7e618cb000 r--s 00005000 fd:01 1573533                    /root/.vscode-server/extensions/redhat.java-0.55.1/server/config_linux/org.eclipse.osgi/51/0/.cp/archetype-descriptor-2.4.jar
7f7e618cb000-7f7e618cc000 r--s 00004000 fd:01 1573532                    /root/.vscode-server/extensions/redhat.java-0.55.1/server/config_linux/org.eclipse.osgi/51/0/.cp/archetype-catalog-2.4.jar
7f7e618cc000-7f7e618d0000 r--s 00027000 fd:01 1573531                    /root/.vscode-server/extensions/redhat.java-0.55.1/server/config_linux/org.eclipse.osgi/51/0/.cp/archetype-common-2.4.jar
7f7e618d0000-7f7e618d2000 r--s 001e7000 fd:01 1573394                    /root/.vscode-server/extensions/redhat.java-0.55.1/server/plugins/org.eclipse.m2e.archetype.common_1.14.0.20191209-1923.jar
7f7e618d2000-7f7e618d5000 r--s 00014000 fd:01 1573527                    /root/.vscode-server/extensions/redhat.java-0.55.1/server/config_linux/org.eclipse.osgi/55/0/.cp/lucene-highlighter-2.4.1.jar
7f7e618d5000-7f7e618e3000 r--s 000bb000 fd:01 1573526                    /root/.vscode-server/extensions/redhat.java-0.55.1/server/config_linux/org.eclipse.osgi/55/0/.cp/lucene-core-2.4.1.jar
7f7e618e3000-7f7e618e5000 r--s 00005000 fd:01 1573525                    /root/.vscode-server/extensions/redhat.java-0.55.1/server/config_linux/org.eclipse.osgi/55/0/.cp/indexer-artifact-3.1.0.jar
7f7e618e5000-7f7e618ea000 r--s 0002c000 fd:01 1573524                    /root/.vscode-server/extensions/redhat.java-0.55.1/server/config_linux/org.eclipse.osgi/55/0/.cp/indexer-core-3.1.0.jar
7f7e618ea000-7f7e618ed000 r--s 00112000 fd:01 1573398                    /root/.vscode-server/extensions/redhat.java-0.55.1/server/plugins/org.eclipse.m2e.maven.indexer_1.14.0.20191209-1923.jar
7f7e618ed000-7f7e61aed000 rw-p 00000000 00:00 0 
7f7e61aed000-7f7e61ced000 rw-p 00000000 00:00 0 
7f7e61ced000-7f7e61eed000 rw-p 00000000 00:00 0 
7f7e61eed000-7f7e61f09000 r--s 00393000 fd:01 1314721                    /usr/local/jdk/jre/lib/ext/cldrdata.jar
7f7e61f09000-7f7e61f13000 r--s 00116000 fd:01 1314713                    /usr/local/jdk/jre/lib/ext/localedata.jar
7f7e61f13000-7f7e61f15000 r--s 00003000 fd:01 1573342                    /root/.vscode-server/extensions/redhat.java-0.55.1/server/plugins/javax.inject_1.0.0.v20091030.jar
7f7e61f15000-7f7e61f19000 r--s 00042000 fd:01 1573520                    /root/.vscode-server/extensions/redhat.java-0.55.1/server/config_linux/org.eclipse.osgi/56/0/.cp/jars/jansi-1.17.1.jar
7f7e61f19000-7f7e61f1a000 r--s 00002000 fd:01 1573519                    /root/.vscode-server/extensions/redhat.java-0.55.1/server/config_linux/org.eclipse.osgi/56/0/.cp/jars/wagon-file-3.3.4.jar
7f7e61f1a000-7f7e61f1c000 r--s 00006000 fd:01 1573518                    /root/.vscode-server/extensions/redhat.java-0.55.1/server/config_linux/org.eclipse.osgi/56/0/.cp/jars/maven-resolver-transport-wagon-1.4.1.jar
7f7e61f1c000-7f7e61f1e000 r--s 00009000 fd:01 1573517                    /root/.vscode-server/extensions/redhat.java-0.55.1/server/config_linux/org.eclipse.osgi/56/0/.cp/jars/maven-resolver-connector-basic-1.4.1.jar
7f7e61f1e000-7f7e61f22000 r--s 00029000 fd:01 1573516                    /root/.vscode-server/extensions/redhat.java-0.55.1/server/config_linux/org.eclipse.osgi/56/0/.cp/jars/maven-resolver-impl-1.4.1.jar
7f7e61f22000-7f7e61f24000 r--s 00015000 fd:01 1573515                    /root/.vscode-server/extensions/redhat.java-0.55.1/server/config_linux/org.eclipse.osgi/56/0/.cp/jars/okio-1.17.3.jar
7f7e61f24000-7f7e61f29000 r--s 00063000 fd:01 1573514                    /root/.vscode-server/extensions/redhat.java-0.55.1/server/config_linux/org.eclipse.osgi/56/0/.cp/jars/okhttp-3.14.1.jar
7f7e61f29000-7f7e61f2b000 r--s 0000b000 fd:01 1573513                    /root/.vscode-server/extensions/redhat.java-0.55.1/server/config_linux/org.eclipse.osgi/56/0/.cp/jars/aether-connector-okhttp-0.17.6.jar
7f7e61f2b000-7f7e61f2d000 r--s 00001000 fd:01 1573512                    /root/.vscode-server/extensions/redhat.java-0.55.1/server/config_linux/org.eclipse.osgi/56/0/.cp/jars/plexus-build-api-0.0.7.jar
7f7e61f2d000-7f7e61f30000 r--s 00008000 fd:01 1573511                    /root/.vscode-server/extensions/redhat.java-0.55.1/server/config_linux/org.eclipse.osgi/56/0/.cp/jars/cdi-api-1.0.jar
7f7e61f30000-7f7e61f36000 r--s 0002d000 fd:01 1573510                    /root/.vscode-server/extensions/redhat.java-0.55.1/server/config_linux/org.eclipse.osgi/56/0/.cp/jars/org.eclipse.sisu.plexus-0.3.4.jar
7f7e61f36000-7f7e61f38000 r--s 0000c000 fd:01 1573509                    /root/.vscode-server/extensions/redhat.java-0.55.1/server/config_linux/org.eclipse.osgi/56/0/.cp/jars/wagon-provider-api-3.3.4.jar
7f7e61f38000-7f7e61f3b000 r--s 00012000 fd:01 1573508                    /root/.vscode-server/extensions/redhat.java-0.55.1/server/config_linux/org.eclipse.osgi/56/0/.cp/jars/plexus-interpolation-1.25.jar
7f7e61f3b000-7f7e61f42000 r--s 00040000 fd:01 1573507                    /root/.vscode-server/extensions/redhat.java-0.55.1/server/config_linux/org.eclipse.osgi/56/0/.cp/jars/maven-compat-3.6.3.jar
7f7e61f42000-7f7e61f44000 r--s 0000c000 fd:01 1573506                    /root/.vscode-server/extensions/redhat.java-0.55.1/server/config_linux/org.eclipse.osgi/56/0/.cp/jars/commons-cli-1.4.jar
7f7e61f44000-7f7e61f46000 r--s 00002000 fd:01 1573505                    /root/.vscode-server/extensions/redhat.java-0.55.1/server/config_linux/org.eclipse.osgi/56/0/.cp/jars/plexus-cipher-1.7.jar
7f7e61f46000-7f7e61f47000 r--s 00006000 fd:01 1573504                    /root/.vscode-server/extensions/redhat.java-0.55.1/server/config_linux/org.eclipse.osgi/56/0/.cp/jars/plexus-sec-dispatcher-1.4.jar
7f7e61f47000-7f7e61f48000 r--s 00001000 fd:01 1573503                    /root/.vscode-server/extensions/redhat.java-0.55.1/server/config_linux/org.eclipse.osgi/56/0/.cp/jars/jsr250-api-1.0.jar
7f7e61f48000-7f7e61f4a000 r--s 00016000 fd:01 1573502                    /root/.vscode-server/extensions/redhat.java-0.55.1/server/config_linux/org.eclipse.osgi/56/0/.cp/jars/maven-embedder-3.6.3.jar
7f7e61f4a000-7f7e61f52000 r--s 00073000 fd:01 1573501                    /root/.vscode-server/extensions/redhat.java-0.55.1/server/config_linux/org.eclipse.osgi/56/0/.cp/jars/commons-lang3-3.8.1.jar
7f7e61f52000-7f7e61f54000 r--s 00000000 fd:01 1573500                    /root/.vscode-server/extensions/redhat.java-0.55.1/server/config_linux/org.eclipse.osgi/56/0/.cp/jars/plexus-component-annotations-2.1.0.jar
7f7e61f54000-7f7e61f56000 r--s 0000b000 fd:01 1573499                    /root/.vscode-server/extensions/redhat.java-0.55.1/server/config_linux/org.eclipse.osgi/56/0/.cp/jars/plexus-classworlds-2.6.0.jar
7f7e61f56000-7f7e61f59000 r--s 0003d000 fd:01 1573498                    /root/.vscode-server/extensions/redhat.java-0.55.1/server/config_linux/org.eclipse.osgi/56/0/.cp/jars/plexus-utils-3.2.1.jar
7f7e61f59000-7f7e61f5a000 r--s 00000000 fd:01 1573497                    /root/.vscode-server/extensions/redhat.java-0.55.1/server/config_linux/org.eclipse.osgi/56/0/.cp/jars/animal-sniffer-annotations-1.14.jar
7f7e61f5a000-7f7e61f5c000 r--s 00001000 fd:01 1573496                    /root/.vscode-server/extensions/redhat.java-0.55.1/server/config_linux/org.eclipse.osgi/56/0/.cp/jars/j2objc-annotations-1.1.jar
7f7e61f5c000-7f7e61f5e000 r--s 00002000 fd:01 1573495                    /root/.vscode-server/extensions/redhat.java-0.55.1/server/config_linux/org.eclipse.osgi/56/0/.cp/jars/error_prone_annotations-2.1.3.jar
7f7e61f5e000-7f7e61f8e000 r--s 00249000 fd:01 1573494                    /root/.vscode-server/extensions/redhat.java-0.55.1/server/config_linux/org.eclipse.osgi/56/0/.cp/jars/guava-25.1-android.jar
7f7e61f8e000-7f7e61f99000 r--s 00075000 fd:01 1573493                    /root/.vscode-server/extensions/redhat.java-0.55.1/server/config_linux/org.eclipse.osgi/56/0/.cp/jars/guice-4.2.1-no_aop.jar
7f7e61f99000-7f7e61fa0000 r--s 00056000 fd:01 1573492                    /root/.vscode-server/extensions/redhat.java-0.55.1/server/config_linux/org.eclipse.osgi/56/0/.cp/jars/org.eclipse.sisu.inject-0.3.4.jar
7f7e61fa0000-7f7e61fa4000 r--s 0002f000 fd:01 1573491                    /root/.vscode-server/extensions/redhat.java-0.55.1/server/config_linux/org.eclipse.osgi/56/0/.cp/jars/commons-io-2.5.jar
7f7e61fa4000-7f7e61fa7000 r--s 00026000 fd:01 1573490                    /root/.vscode-server/extensions/redhat.java-0.55.1/server/config_linux/org.eclipse.osgi/56/0/.cp/jars/maven-shared-utils-3.2.1.jar
7f7e61fa7000-7f7e61fab000 r--s 00025000 fd:01 1573489                    /root/.vscode-server/extensions/redhat.java-0.55.1/server/config_linux/org.eclipse.osgi/56/0/.cp/jars/maven-resolver-util-1.4.1.jar
7f7e61fab000-7f7e61fad000 r--s 00007000 fd:01 1573488                    /root/.vscode-server/extensions/redhat.java-0.55.1/server/config_linux/org.eclipse.osgi/56/0/.cp/jars/maven-resolver-spi-1.4.1.jar
7f7e61fad000-7f7e61fb2000 r--s 00020000 fd:01 1573487                    /root/.vscode-server/extensions/redhat.java-0.55.1/server/config_linux/org.eclipse.osgi/56/0/.cp/jars/maven-resolver-api-1.4.1.jar
7f7e61fb2000-7f7e61fb4000 r--s 0000f000 fd:01 1573486                    /root/.vscode-server/extensions/redhat.java-0.55.1/server/config_linux/org.eclipse.osgi/56/0/.cp/jars/maven-resolver-provider-3.6.3.jar
7f7e61fb4000-7f7e61fb9000 r--s 0002a000 fd:01 1573485                    /root/.vscode-server/extensions/redhat.java-0.55.1/server/config_linux/org.eclipse.osgi/56/0/.cp/jars/maven-model-builder-3.6.3.jar
7f7e61fb9000-7f7e61fbb000 r--s 0000a000 fd:01 1573484                    /root/.vscode-server/extensions/redhat.java-0.55.1/server/config_linux/org.eclipse.osgi/56/0/.cp/jars/maven-plugin-api-3.6.3.jar
7f7e61fbb000-7f7e61fbe000 r--s 0000c000 fd:01 1573483                    /root/.vscode-server/extensions/redhat.java-0.55.1/server/config_linux/org.eclipse.osgi/56/0/.cp/jars/maven-artifact-3.6.3.jar
7f7e61fbe000-7f7e61fbf000 r--s 00006000 fd:01 1573482                    /root/.vscode-server/extensions/redhat.java-0.55.1/server/config_linux/org.eclipse.osgi/56/0/.cp/jars/maven-repository-metadata-3.6.3.jar
7f7e61fbf000-7f7e61fc1000 r--s 00009000 fd:01 1573480                    /root/.vscode-server/extensions/redhat.java-0.55.1/server/config_linux/org.eclipse.osgi/56/0/.cp/jars/maven-settings-builder-3.6.3.jar
7f7e61fc1000-7f7e61fc4000 r--s 00032000 fd:01 1573478                    /root/.vscode-server/extensions/redhat.java-0.55.1/server/config_linux/org.eclipse.osgi/56/0/.cp/jars/maven-model-3.6.3.jar
7f7e61fc4000-7f7e61fd1000 r--s 0008e000 fd:01 1573477                    /root/.vscode-server/extensions/redhat.java-0.55.1/server/config_linux/org.eclipse.osgi/56/0/.cp/jars/maven-core-3.6.3.jar
7f7e61fd1000-7f7e61fd3000 r--s 00736000 fd:01 1573399                    /root/.vscode-server/extensions/redhat.java-0.55.1/server/plugins/org.eclipse.m2e.maven.runtime_1.14.0.20191209-1923.jar
7f7e61fd3000-7f7e61fdd000 r--s 0008a000 fd:01 1573395                    /root/.vscode-server/extensions/redhat.java-0.55.1/server/plugins/org.eclipse.m2e.core_1.14.0.20191209-1925.jar
7f7e61fdd000-7f7e61fe0000 ---p 00000000 00:00 0 
7f7e61fe0000-7f7e620de000 rw-p 00000000 00:00 0 
7f7e620de000-7f7e620e2000 r--s 00032000 fd:01 1573381                    /root/.vscode-server/extensions/redhat.java-0.55.1/server/plugins/org.eclipse.jdt.compiler.apt_1.3.800.v20190919-0948.jar
7f7e620e2000-7f7e622e2000 rw-p 00000000 00:00 0 
7f7e622e2000-7f7e622e5000 ---p 00000000 00:00 0 
7f7e622e5000-7f7e625e3000 rw-p 00000000 00:00 0 
7f7e625e3000-7f7e625e6000 ---p 00000000 00:00 0 
7f7e625e6000-7f7e626e4000 rw-p 00000000 00:00 0 
7f7e626e4000-7f7e626e7000 ---p 00000000 00:00 0 
7f7e626e7000-7f7e629e5000 rw-p 00000000 00:00 0 
7f7e629e5000-7f7e629e8000 ---p 00000000 00:00 0 
7f7e629e8000-7f7e62ce6000 rw-p 00000000 00:00 0 
7f7e62ce6000-7f7e62cf6000 r-xp 00000000 fd:01 1573432                    /root/.vscode-server/extensions/redhat.java-0.55.1/server/config_linux/org.eclipse.equinox.launcher/org.eclipse.equinox.launcher.gtk.linux.x86_64_1.1.1100.v20190907-0426/eclipse_1801.so
7f7e62cf6000-7f7e62ef5000 ---p 00010000 fd:01 1573432                    /root/.vscode-server/extensions/redhat.java-0.55.1/server/config_linux/org.eclipse.equinox.launcher/org.eclipse.equinox.launcher.gtk.linux.x86_64_1.1.1100.v20190907-0426/eclipse_1801.so
7f7e62ef5000-7f7e62ef6000 r--p 0000f000 fd:01 1573432                    /root/.vscode-server/extensions/redhat.java-0.55.1/server/config_linux/org.eclipse.equinox.launcher/org.eclipse.equinox.launcher.gtk.linux.x86_64_1.1.1100.v20190907-0426/eclipse_1801.so
7f7e62ef6000-7f7e62ef7000 rw-p 00010000 fd:01 1573432                    /root/.vscode-server/extensions/redhat.java-0.55.1/server/config_linux/org.eclipse.equinox.launcher/org.eclipse.equinox.launcher.gtk.linux.x86_64_1.1.1100.v20190907-0426/eclipse_1801.so
7f7e62ef7000-7f7e62efa000 ---p 00000000 00:00 0 
7f7e62efa000-7f7e62ff8000 rw-p 00000000 00:00 0 
7f7e62ff8000-7f7e62ffb000 ---p 00000000 00:00 0 
7f7e62ffb000-7f7e632f9000 rw-p 00000000 00:00 0 
7f7e632f9000-7f7e632fc000 ---p 00000000 00:00 0 
7f7e632fc000-7f7e633fa000 rw-p 00000000 00:00 0 
7f7e633fa000-7f7e6340b000 r-xp 00000000 fd:01 1314830                    /usr/local/jdk/jre/lib/amd64/libnio.so
7f7e6340b000-7f7e6360a000 ---p 00011000 fd:01 1314830                    /usr/local/jdk/jre/lib/amd64/libnio.so
7f7e6360a000-7f7e6360b000 r--p 00010000 fd:01 1314830                    /usr/local/jdk/jre/lib/amd64/libnio.so
7f7e6360b000-7f7e6360c000 rw-p 00011000 fd:01 1314830                    /usr/local/jdk/jre/lib/amd64/libnio.so
7f7e6360c000-7f7e63622000 r-xp 00000000 fd:01 1314769                    /usr/local/jdk/jre/lib/amd64/libnet.so
7f7e63622000-7f7e63821000 ---p 00016000 fd:01 1314769                    /usr/local/jdk/jre/lib/amd64/libnet.so
7f7e63821000-7f7e63822000 r--p 00015000 fd:01 1314769                    /usr/local/jdk/jre/lib/amd64/libnet.so
7f7e63822000-7f7e63823000 rw-p 00016000 fd:01 1314769                    /usr/local/jdk/jre/lib/amd64/libnet.so
7f7e63823000-7f7e63824000 ---p 00000000 00:00 0 
7f7e63824000-7f7e63924000 rw-p 00000000 00:00 0 
7f7e63924000-7f7e63927000 ---p 00000000 00:00 0 
7f7e63927000-7f7e63a25000 rw-p 00000000 00:00 0 
7f7e63a25000-7f7e63a28000 ---p 00000000 00:00 0 
7f7e63a28000-7f7e63b26000 rw-p 00000000 00:00 0 
7f7e63b26000-7f7e63b29000 ---p 00000000 00:00 0 
7f7e63b29000-7f7e63c27000 rw-p 00000000 00:00 0 
7f7e63c27000-7f7e63c2a000 ---p 00000000 00:00 0 
7f7e63c2a000-7f7e63d28000 rw-p 00000000 00:00 0 
7f7e63d28000-7f7e64000000 r--p 00000000 fd:01 277516                     /usr/lib/locale/locale-archive
7f7e64000000-7f7e64cd3000 rw-p 00000000 00:00 0 
7f7e64cd3000-7f7e68000000 ---p 00000000 00:00 0 
7f7e68000000-7f7e68338000 rw-p 00000000 00:00 0 
7f7e68338000-7f7e6c000000 ---p 00000000 00:00 0 
7f7e6c000000-7f7e6cecb000 rw-p 00000000 00:00 0 
7f7e6cecb000-7f7e70000000 ---p 00000000 00:00 0 
7f7e70000000-7f7e70021000 rw-p 00000000 00:00 0 
7f7e70021000-7f7e74000000 ---p 00000000 00:00 0 
7f7e74000000-7f7e74b41000 rw-p 00000000 00:00 0 
7f7e74b41000-7f7e78000000 ---p 00000000 00:00 0 
7f7e78000000-7f7e78021000 rw-p 00000000 00:00 0 
7f7e78021000-7f7e7c000000 ---p 00000000 00:00 0 
7f7e7c000000-7f7e7c001000 r--s 00003000 fd:01 1573481                    /root/.vscode-server/extensions/redhat.java-0.55.1/server/config_linux/org.eclipse.osgi/56/0/.cp/jars/maven-builder-support-3.6.3.jar
7f7e7c001000-7f7e7c003000 r--s 00007000 fd:01 1573414                    /root/.vscode-server/extensions/redhat.java-0.55.1/server/plugins/org.slf4j.api_1.7.2.v20121108-1250.jar
7f7e7c003000-7f7e7c041000 r--s 00678000 fd:01 1573383                    /root/.vscode-server/extensions/redhat.java-0.55.1/server/plugins/org.eclipse.jdt.core_3.20.100.v20191220-2341.jar
7f7e7c041000-7f7e7c045000 r--s 0001c000 fd:01 1573446                    /root/.vscode-server/extensions/redhat.java-0.55.1/server/config_linux/org.eclipse.osgi/40/0/.cp/lib/java13api.jar
7f7e7c045000-7f7e7c047000 r--s 00031000 fd:01 1573382                    /root/.vscode-server/extensions/redhat.java-0.55.1/server/plugins/org.eclipse.jdt.compiler.tool_1.2.700.v20191001-0515.jar
7f7e7c047000-7f7e7c05d000 r--s 00168000 fd:01 1573384                    /root/.vscode-server/extensions/redhat.java-0.55.1/server/plugins/org.eclipse.jdt.core.manipulation_1.13.100.v20191218-2041.jar
7f7e7c05d000-7f7e7c05f000 r--s 0000f000 fd:01 1573354                    /root/.vscode-server/extensions/redhat.java-0.55.1/server/plugins/org.eclipse.core.filesystem_1.7.700.v20191213-2313.jar
7f7e7c05f000-7f7e7c062000 r--s 00018000 fd:01 1573355                    /root/.vscode-server/extensions/redhat.java-0.55.1/server/plugins/org.eclipse.core.jobs_3.10.700.v20191211-0811.jar
7f7e7c062000-7f7e7c06d000 r--s 000d0000 fd:01 1573359                    /root/.vscode-server/extensions/redhat.java-0.55.1/server/plugins/org.eclipse.core.resources_3.13.700.v20191213-2313.jar
7f7e7c06d000-7f7e7c06f000 r--s 0000e000 fd:01 1573457                    /root/.vscode-server/extensions/redhat.java-0.55.1/server/config_linux/org.eclipse.osgi/47/0/.cp/lib/remark-1.2.0.jar
7f7e7c06f000-7f7e7c075000 r--s 00048000 fd:01 1573456                    /root/.vscode-server/extensions/redhat.java-0.55.1/server/config_linux/org.eclipse.osgi/47/0/.cp/lib/jsoup-1.9.2.jar
7f7e7c075000-7f7e7c08f000 r--s 00213000 fd:01 1573390                    /root/.vscode-server/extensions/redhat.java-0.55.1/server/plugins/org.eclipse.jdt.ls.core_0.49.1.201912231651.jar
7f7e7c08f000-7f7e7c091000 r--s 00014000 fd:01 1573363                    /root/.vscode-server/extensions/redhat.java-0.55.1/server/plugins/org.eclipse.equinox.app_1.4.400.v20191212-0743.jar
7f7e7c091000-7f7e7c094000 r--s 0001e000 fd:01 1573371                    /root/.vscode-server/extensions/redhat.java-0.55.1/server/plugins/org.eclipse.equinox.preferences_3.7.700.v20191213-1901.jar
7f7e7c094000-7f7e7c098000 r--s 0002c000 fd:01 1573372                    /root/.vscode-server/extensions/redhat.java-0.55.1/server/plugins/org.eclipse.equinox.registry_3.8.700.v20191213-1901.jar
7f7e7c098000-7f7e7c09b000 ---p 00000000 00:00 0 
7f7e7c09b000-7f7e7c0d1000 rw-p 00000000 00:00 0 
7f7e7c0d1000-7f7e7c0d4000 ---p 00000000 00:00 0 
7f7e7c0d4000-7f7e7c1d2000 rw-p 00000000 00:00 0 
7f7e7c1d2000-7f7e7c1d5000 ---p 00000000 00:00 0 
7f7e7c1d5000-7f7e7c2d3000 rw-p 00000000 00:00 0 
7f7e7c2d3000-7f7e7c2d6000 ---p 00000000 00:00 0 
7f7e7c2d6000-7f7e7c3d4000 rw-p 00000000 00:00 0 
7f7e7c3d4000-7f7e7c3d5000 ---p 00000000 00:00 0 
7f7e7c3d5000-7f7e7c525000 rw-p 00000000 00:00 0 
7f7e7c525000-7f7e7c6ff000 r--s 03d89000 fd:01 1314518                    /usr/local/jdk/jre/lib/rt.jar
7f7e7c6ff000-7f7e7ceff000 rw-p 00000000 00:00 0 
7f7e7ceff000-7f7e7cf00000 ---p 00000000 00:00 0 
7f7e7cf00000-7f7e7f200000 rw-p 00000000 00:00 0 
7f7e7f200000-7f7e80000000 ---p 00000000 00:00 0 
7f7e80000000-7f7e800cb000 rw-p 00000000 00:00 0 
7f7e800cb000-7f7e84000000 ---p 00000000 00:00 0 
7f7e84000000-7f7e84200000 rw-p 00000000 00:00 0 
7f7e84200000-7f7e85000000 ---p 00000000 00:00 0 
7f7e85000000-7f7e859f0000 rwxp 00000000 00:00 0 
7f7e859f0000-7f7e94000000 ---p 00000000 00:00 0 
7f7e94000000-7f7e94766000 rw-p 00000000 00:00 0 
7f7e94766000-7f7e98000000 ---p 00000000 00:00 0 
7f7e98000000-7f7e98001000 r--s 0000a000 fd:01 1573479                    /root/.vscode-server/extensions/redhat.java-0.55.1/server/config_linux/org.eclipse.osgi/56/0/.cp/jars/maven-settings-3.6.3.jar
7f7e98001000-7f7e98003000 r--s 00017000 fd:01 1573351                    /root/.vscode-server/extensions/redhat.java-0.55.1/server/plugins/org.eclipse.core.contenttype_3.7.600.v20191217-1710.jar
7f7e98003000-7f7e98006000 r--s 0001c000 fd:01 1573364                    /root/.vscode-server/extensions/redhat.java-0.55.1/server/plugins/org.eclipse.equinox.common_3.10.700.v20191212-0847.jar
7f7e98006000-7f7e9801d000 r--s 00153000 fd:01 1573402                    /root/.vscode-server/extensions/redhat.java-0.55.1/server/plugins/org.eclipse.osgi_3.15.200.v20191218-1429.jar
7f7e9801d000-7f7e981ef000 rw-p 00000000 00:00 0 
7f7e981ef000-7f7e981f0000 ---p 00000000 00:00 0 
7f7e981f0000-7f7e982f0000 rw-p 00000000 00:00 0 
7f7e982f0000-7f7e982f1000 ---p 00000000 00:00 0 
7f7e982f1000-7f7e98431000 rw-p 00000000 00:00 0 
7f7e98431000-7f7e985f1000 ---p 00000000 00:00 0 
7f7e985f1000-7f7e98631000 rw-p 00000000 00:00 0 
7f7e98631000-7f7e989f1000 ---p 00000000 00:00 0 
7f7e989f1000-7f7e98a31000 rw-p 00000000 00:00 0 
7f7e98a31000-7f7e98bf1000 ---p 00000000 00:00 0 
7f7e98bf1000-7f7e98bf2000 ---p 00000000 00:00 0 
7f7e98bf2000-7f7e98cf2000 rw-p 00000000 00:00 0 
7f7e98cf2000-7f7e98cf3000 ---p 00000000 00:00 0 
7f7e98cf3000-7f7e98ef4000 rw-p 00000000 00:00 0 
7f7e98ef4000-7f7e98ef5000 ---p 00000000 00:00 0 
7f7e98ef5000-7f7e9901d000 rw-p 00000000 00:00 0 
7f7e9901d000-7f7e993b5000 ---p 00000000 00:00 0 
7f7e993b5000-7f7e993d0000 r-xp 00000000 fd:01 1314792                    /usr/local/jdk/jre/lib/amd64/libzip.so
7f7e993d0000-7f7e995cf000 ---p 0001b000 fd:01 1314792                    /usr/local/jdk/jre/lib/amd64/libzip.so
7f7e995cf000-7f7e995d0000 r--p 0001a000 fd:01 1314792                    /usr/local/jdk/jre/lib/amd64/libzip.so
7f7e995d0000-7f7e995d1000 rw-p 0001b000 fd:01 1314792                    /usr/local/jdk/jre/lib/amd64/libzip.so
7f7e995d1000-7f7e995db000 r-xp 00000000 fd:01 1314794                    /usr/local/jdk/jre/lib/amd64/libinstrument.so
7f7e995db000-7f7e997da000 ---p 0000a000 fd:01 1314794                    /usr/local/jdk/jre/lib/amd64/libinstrument.so
7f7e997da000-7f7e997db000 r--p 00009000 fd:01 1314794                    /usr/local/jdk/jre/lib/amd64/libinstrument.so
7f7e997db000-7f7e997dc000 rw-p 0000a000 fd:01 1314794                    /usr/local/jdk/jre/lib/amd64/libinstrument.so
7f7e997dc000-7f7e99808000 r-xp 00000000 fd:01 1314783                    /usr/local/jdk/jre/lib/amd64/libjava.so
7f7e99808000-7f7e99a08000 ---p 0002c000 fd:01 1314783                    /usr/local/jdk/jre/lib/amd64/libjava.so
7f7e99a08000-7f7e99a09000 r--p 0002c000 fd:01 1314783                    /usr/local/jdk/jre/lib/amd64/libjava.so
7f7e99a09000-7f7e99a0b000 rw-p 0002d000 fd:01 1314783                    /usr/local/jdk/jre/lib/amd64/libjava.so
7f7e99a0b000-7f7e99a18000 r-xp 00000000 fd:01 1314774                    /usr/local/jdk/jre/lib/amd64/libverify.so
7f7e99a18000-7f7e99c17000 ---p 0000d000 fd:01 1314774                    /usr/local/jdk/jre/lib/amd64/libverify.so
7f7e99c17000-7f7e99c19000 r--p 0000c000 fd:01 1314774                    /usr/local/jdk/jre/lib/amd64/libverify.so
7f7e99c19000-7f7e99c1a000 rw-p 0000e000 fd:01 1314774                    /usr/local/jdk/jre/lib/amd64/libverify.so
7f7e99c1a000-7f7e99c21000 r-xp 00000000 fd:01 1185252                    /lib/x86_64-linux-gnu/librt-2.23.so
7f7e99c21000-7f7e99e20000 ---p 00007000 fd:01 1185252                    /lib/x86_64-linux-gnu/librt-2.23.so
7f7e99e20000-7f7e99e21000 r--p 00006000 fd:01 1185252                    /lib/x86_64-linux-gnu/librt-2.23.so
7f7e99e21000-7f7e99e22000 rw-p 00007000 fd:01 1185252                    /lib/x86_64-linux-gnu/librt-2.23.so
7f7e99e22000-7f7e99f2a000 r-xp 00000000 fd:01 1185261                    /lib/x86_64-linux-gnu/libm-2.23.so
7f7e99f2a000-7f7e9a129000 ---p 00108000 fd:01 1185261                    /lib/x86_64-linux-gnu/libm-2.23.so
7f7e9a129000-7f7e9a12a000 r--p 00107000 fd:01 1185261                    /lib/x86_64-linux-gnu/libm-2.23.so
7f7e9a12a000-7f7e9a12b000 rw-p 00108000 fd:01 1185261                    /lib/x86_64-linux-gnu/libm-2.23.so
7f7e9a12b000-7f7e9ae14000 r-xp 00000000 fd:01 1314790                    /usr/local/jdk/jre/lib/amd64/server/libjvm.so
7f7e9ae14000-7f7e9b013000 ---p 00ce9000 fd:01 1314790                    /usr/local/jdk/jre/lib/amd64/server/libjvm.so
7f7e9b013000-7f7e9b0a9000 r--p 00ce8000 fd:01 1314790                    /usr/local/jdk/jre/lib/amd64/server/libjvm.so
7f7e9b0a9000-7f7e9b0da000 rw-p 00d7e000 fd:01 1314790                    /usr/local/jdk/jre/lib/amd64/server/libjvm.so
7f7e9b0da000-7f7e9b115000 rw-p 00000000 00:00 0 
7f7e9b115000-7f7e9b2d5000 r-xp 00000000 fd:01 1185266                    /lib/x86_64-linux-gnu/libc-2.23.so
7f7e9b2d5000-7f7e9b4d5000 ---p 001c0000 fd:01 1185266                    /lib/x86_64-linux-gnu/libc-2.23.so
7f7e9b4d5000-7f7e9b4d9000 r--p 001c0000 fd:01 1185266                    /lib/x86_64-linux-gnu/libc-2.23.so
7f7e9b4d9000-7f7e9b4db000 rw-p 001c4000 fd:01 1185266                    /lib/x86_64-linux-gnu/libc-2.23.so
7f7e9b4db000-7f7e9b4df000 rw-p 00000000 00:00 0 
7f7e9b4df000-7f7e9b4e2000 r-xp 00000000 fd:01 1185255                    /lib/x86_64-linux-gnu/libdl-2.23.so
7f7e9b4e2000-7f7e9b6e1000 ---p 00003000 fd:01 1185255                    /lib/x86_64-linux-gnu/libdl-2.23.so
7f7e9b6e1000-7f7e9b6e2000 r--p 00002000 fd:01 1185255                    /lib/x86_64-linux-gnu/libdl-2.23.so
7f7e9b6e2000-7f7e9b6e3000 rw-p 00003000 fd:01 1185255                    /lib/x86_64-linux-gnu/libdl-2.23.so
7f7e9b6e3000-7f7e9b6fa000 r-xp 00000000 fd:01 1313769                    /usr/local/jdk/lib/amd64/jli/libjli.so
7f7e9b6fa000-7f7e9b8f9000 ---p 00017000 fd:01 1313769                    /usr/local/jdk/lib/amd64/jli/libjli.so
7f7e9b8f9000-7f7e9b8fa000 r--p 00016000 fd:01 1313769                    /usr/local/jdk/lib/amd64/jli/libjli.so
7f7e9b8fa000-7f7e9b8fb000 rw-p 00017000 fd:01 1313769                    /usr/local/jdk/lib/amd64/jli/libjli.so
7f7e9b8fb000-7f7e9b913000 r-xp 00000000 fd:01 1185249                    /lib/x86_64-linux-gnu/libpthread-2.23.so
7f7e9b913000-7f7e9bb12000 ---p 00018000 fd:01 1185249                    /lib/x86_64-linux-gnu/libpthread-2.23.so
7f7e9bb12000-7f7e9bb13000 r--p 00017000 fd:01 1185249                    /lib/x86_64-linux-gnu/libpthread-2.23.so
7f7e9bb13000-7f7e9bb14000 rw-p 00018000 fd:01 1185249                    /lib/x86_64-linux-gnu/libpthread-2.23.so
7f7e9bb14000-7f7e9bb18000 rw-p 00000000 00:00 0 
7f7e9bb18000-7f7e9bb3e000 r-xp 00000000 fd:01 1185244                    /lib/x86_64-linux-gnu/ld-2.23.so
7f7e9bb3e000-7f7e9bb40000 r--s 00011000 fd:01 1573360                    /root/.vscode-server/extensions/redhat.java-0.55.1/server/plugins/org.eclipse.core.runtime_3.17.100.v20191216-2352.jar
7f7e9bb40000-7f7e9bb43000 r--s 0003a000 fd:01 1573403                    /root/.vscode-server/extensions/redhat.java-0.55.1/server/plugins/org.eclipse.osgi.compatibility.state_1.1.700.v20191211-0720.jar
7f7e9bb43000-7f7e9bb46000 r--s 0001a000 fd:01 1314608                    /usr/local/jdk/jre/lib/jce.jar
7f7e9bb46000-7f7e9bb59000 r--s 0034b000 fd:01 1314640                    /usr/local/jdk/jre/lib/resources.jar
7f7e9bb59000-7f7e9bb70000 r--s 00198000 fd:01 1574066                    /root/.vscode-server/extensions/gabrielbb.vscode-lombok-0.9.9/server/lombok.jar
7f7e9bb70000-7f7e9bbf2000 rw-p 00000000 00:00 0 
7f7e9bbf2000-7f7e9bbfa000 rw-s 00000000 fd:01 1316789                    /tmp/hsperfdata_root/29267
7f7e9bbfa000-7f7e9bc2f000 r--s 00000000 fd:01 132198                     /var/cache/nscd/passwd
7f7e9bc2f000-7f7e9bc32000 ---p 00000000 00:00 0 
7f7e9bc32000-7f7e9bd34000 rw-p 00000000 00:00 0 
7f7e9bd34000-7f7e9bd38000 r--s 000a4000 fd:01 1314727                    /usr/local/jdk/jre/lib/jsse.jar
7f7e9bd38000-7f7e9bd39000 r--s 0000c000 fd:01 1573367                    /root/.vscode-server/extensions/redhat.java-0.55.1/server/plugins/org.eclipse.equinox.launcher_1.5.600.v20191014-2022.jar
7f7e9bd39000-7f7e9bd3a000 rw-p 00000000 00:00 0 
7f7e9bd3a000-7f7e9bd3b000 ---p 00000000 00:00 0 
7f7e9bd3b000-7f7e9bd3d000 rw-p 00000000 00:00 0 
7f7e9bd3d000-7f7e9bd3e000 r--p 00025000 fd:01 1185244                    /lib/x86_64-linux-gnu/ld-2.23.so
7f7e9bd3e000-7f7e9bd3f000 rw-p 00026000 fd:01 1185244                    /lib/x86_64-linux-gnu/ld-2.23.so
7f7e9bd3f000-7f7e9bd40000 rw-p 00000000 00:00 0 
7ffc40494000-7ffc404b5000 rw-p 00000000 00:00 0                          [stack]
7ffc405d5000-7ffc405d7000 r--p 00000000 00:00 0                          [vvar]
7ffc405d7000-7ffc405d9000 r-xp 00000000 00:00 0                          [vdso]
ffffffffff600000-ffffffffff601000 r-xp 00000000 00:00 0                  [vsyscall]

VM Arguments:
jvm_args: -Declipse.application=org.eclipse.jdt.ls.core.id1 -Dosgi.bundles.defaultStartLevel=4 -Declipse.product=org.eclipse.jdt.ls.core.product -Dfile.encoding=utf8 -Xverify:none -Xmx1G -XX:+UseG1GC -XX:+UseStringDeduplication -javaagent:/root/.vscode-server/extensions/gabrielbb.vscode-lombok-0.9.9/server/lombok.jar 
java_command: /root/.vscode-server/extensions/redhat.java-0.55.1/server/plugins/org.eclipse.equinox.launcher_1.5.600.v20191014-2022.jar -configuration /root/.vscode-server/extensions/redhat.java-0.55.1/server/config_linux -data /root/.vscode-server/data/User/workspaceStorage/3eaec7268e40dc9cb727583e0b866652/redhat.java/jdt_ws
java_class_path (initial): /root/.vscode-server/extensions/redhat.java-0.55.1/server/plugins/org.eclipse.equinox.launcher_1.5.600.v20191014-2022.jar:/root/.vscode-server/extensions/gabrielbb.vscode-lombok-0.9.9/server/lombok.jar
Launcher Type: SUN_STANDARD

Environment Variables:
JAVA_HOME=/usr/local/jdk
JRE_HOME=/usr/local/jdk/jre
CLASSPATH=.:/usr/local/jdk/lib:/usr/local/jdk/jre/lib:.:$JAVA_HOME/lib:$JAVA_HOME/jre/lib
PATH=/root/.vscode-server/bin/26076a4de974ead31f97692a0d32f90d735645c0/bin:/usr/local/maven/bin:/usr/local/jdk/bin:/usr/local/jdk/jre/bin:/root/.vscode-server/bin/26076a4de974ead31f97692a0d32f90d735645c0/bin:/usr/local/sbin:/usr/local/bin:/usr/sbin:/usr/bin:/sbin:/bin:/usr/games:/usr/local/games
SHELL=/bin/bash

Signal Handlers:
SIGSEGV: [libjvm.so+0xad4d90], sa_mask[0]=11111111011111111101111111111110, sa_flags=SA_RESTART|SA_SIGINFO
SIGBUS: [libjvm.so+0xad4d90], sa_mask[0]=11111111011111111101111111111110, sa_flags=SA_RESTART|SA_SIGINFO
SIGFPE: [libjvm.so+0x90bc10], sa_mask[0]=11111111011111111101111111111110, sa_flags=SA_RESTART|SA_SIGINFO
SIGPIPE: [libjvm.so+0x90bc10], sa_mask[0]=11111111011111111101111111111110, sa_flags=SA_RESTART|SA_SIGINFO
SIGXFSZ: [libjvm.so+0x90bc10], sa_mask[0]=11111111011111111101111111111110, sa_flags=SA_RESTART|SA_SIGINFO
SIGILL: [libjvm.so+0x90bc10], sa_mask[0]=11111111011111111101111111111110, sa_flags=SA_RESTART|SA_SIGINFO
SIGUSR1: SIG_DFL, sa_mask[0]=00000000000000000000000000000000, sa_flags=none
SIGUSR2: [libjvm.so+0x90bae0], sa_mask[0]=00000000000000000000000000000000, sa_flags=SA_RESTART|SA_SIGINFO
SIGHUP: [libjvm.so+0x90c100], sa_mask[0]=11111111011111111101111111111110, sa_flags=SA_RESTART|SA_SIGINFO
SIGINT: [libjvm.so+0x90c100], sa_mask[0]=11111111011111111101111111111110, sa_flags=SA_RESTART|SA_SIGINFO
SIGTERM: [libjvm.so+0x90c100], sa_mask[0]=11111111011111111101111111111110, sa_flags=SA_RESTART|SA_SIGINFO
SIGQUIT: [libjvm.so+0x90c100], sa_mask[0]=11111111011111111101111111111110, sa_flags=SA_RESTART|SA_SIGINFO


---------------  S Y S T E M  ---------------

OS:DISTRIB_ID=Ubuntu
DISTRIB_RELEASE=16.04
DISTRIB_CODENAME=xenial
DISTRIB_DESCRIPTION="Ubuntu 16.04.3 LTS"

uname:Linux 4.4.0-93-generic #116-Ubuntu SMP Fri Aug 11 21:17:51 UTC 2017 x86_64
libc:glibc 2.23 NPTL 2.23 
rlimit: STACK 8192k, CORE 0k, NPROC 7857, NOFILE 65535, AS infinity
load average:1.31 0.37 0.12

/proc/meminfo:
MemTotal:        2048212 kB
MemFree:           79788 kB
MemAvailable:      59236 kB
Buffers:            6292 kB
Cached:           101072 kB
SwapCached:            0 kB
Active:          1845820 kB
Inactive:          56540 kB
Active(anon):    1795576 kB
Inactive(anon):    12488 kB
Active(file):      50244 kB
Inactive(file):    44052 kB
Unevictable:           0 kB
Mlocked:               0 kB
SwapTotal:             0 kB
SwapFree:              0 kB
Dirty:              4688 kB
Writeback:             0 kB
AnonPages:       1795032 kB
Mapped:            43788 kB
Shmem:             13056 kB
Slab:              29540 kB
SReclaimable:      15332 kB
SUnreclaim:        14208 kB
KernelStack:        5248 kB
PageTables:        10552 kB
NFS_Unstable:          0 kB
Bounce:                0 kB
WritebackTmp:          0 kB
CommitLimit:     1024104 kB
Committed_AS:    2868796 kB
VmallocTotal:   34359738367 kB
VmallocUsed:           0 kB
VmallocChunk:          0 kB
HardwareCorrupted:     0 kB
AnonHugePages:   1320960 kB
CmaTotal:              0 kB
CmaFree:               0 kB
HugePages_Total:       0
HugePages_Free:        0
HugePages_Rsvd:        0
HugePages_Surp:        0
Hugepagesize:       2048 kB
DirectMap4k:       44928 kB
DirectMap2M:     2052096 kB
DirectMap1G:           0 kB

container (cgroup) information:
container_type: cgroupv1
cpu_cpuset_cpus: 0
cpu_memory_nodes: 0
active_processor_count: 1
cpu_quota: -1
cpu_period: 100000
cpu_shares: -1
memory_limit_in_bytes: -1
memory_and_swap_limit_in_bytes: -2
memory_soft_limit_in_bytes: -1
memory_usage_in_bytes: 1566851072
memory_max_usage_in_bytes: 1588387840


CPU:total 1 (initial active 1) (1 cores per cpu, 2 threads per core) family 6 model 85 stepping 4, cmov, cx8, fxsr, mmx, sse, sse2, sse3, ssse3, sse4.1, sse4.2, popcnt, avx, avx2, aes, clmul, erms, rtm, 3dnowpref, lzcnt, ht, tsc, bmi1, bmi2, adx

/proc/cpuinfo:
processor	: 0
vendor_id	: GenuineIntel
cpu family	: 6
model		: 85
model name	: Intel(R) Xeon(R) Platinum 8163 CPU @ 2.50GHz
stepping	: 4
microcode	: 0x1
cpu MHz		: 2500.008
cache size	: 33792 KB
physical id	: 0
siblings	: 1
core id		: 0
cpu cores	: 1
apicid		: 0
initial apicid	: 0
fpu		: yes
fpu_exception	: yes
cpuid level	: 13
wp		: yes
flags		: fpu vme de pse tsc msr pae mce cx8 apic sep mtrr pge mca cmov pat pse36 clflush mmx fxsr sse sse2 ss ht syscall nx pdpe1gb rdtscp lm constant_tsc rep_good nopl eagerfpu pni pclmulqdq ssse3 fma cx16 pcid sse4_1 sse4_2 x2apic movbe popcnt tsc_deadline_timer aes xsave avx f16c rdrand hypervisor lahf_lm abm 3dnowprefetch fsgsbase tsc_adjust bmi1 hle avx2 smep bmi2 erms invpcid rtm mpx avx512f rdseed adx smap avx512cd xsaveopt xsavec xgetbv1
bugs		:
bogomips	: 5000.01
clflush size	: 64
cache_alignment	: 64
address sizes	: 46 bits physical, 48 bits virtual
power management:



Memory: 4k page, physical 2048212k(79664k free), swap 0k(0k free)

vm_info: Java HotSpot(TM) 64-Bit Server VM (25.231-b11) for linux-amd64 JRE (1.8.0_231-b11), built on Oct  5 2019 03:00:41 by "java_re" with gcc 7.3.0

time: Thu Jan  9 21:44:37 2020
timezone: CST
elapsed time: 8 seconds (0d 0h 0m 8s)

