#
# There is insufficient memory for the Java Runtime Environment to continue.
# Native memory allocation (mmap) failed to map 168820736 bytes for committing reserved memory.
# Possible reasons:
#   The system is out of physical RAM or swap space
#   The process is running with CompressedOops enabled, and the Java Heap may be blocking the growth of the native heap
# Possible solutions:
#   Reduce memory load on the system
#   Increase physical memory or swap space
#   Check if swap backing store is full
#   Decrease Java heap size (-Xmx/-Xms)
#   Decrease number of Java threads
#   Decrease Java thread stack sizes (-Xss)
#   Set larger code cache with -XX:ReservedCodeCacheSize=
#   JVM is running with Unscaled Compressed Oops mode in which the Java heap is
#     placed in the first 4GB address space. The Java Heap base address is the
#     maximum limit for the native heap growth. Please use -XX:HeapBaseMinAddress
#     to set the Java Heap base and to place the Java Heap above 4GB virtual address.
# This output file may be truncated or incomplete.
#
#  Out of Memory Error (os_linux.cpp:2749), pid=11508, tid=0x00007f9cc8150700
#
# JRE version: Java(TM) SE Runtime Environment (8.0_231-b11) (build 1.8.0_231-b11)
# Java VM: Java HotSpot(TM) 64-Bit Server VM (25.231-b11 mixed mode linux-amd64 compressed oops)
# Failed to write core dump. Core dumps have been disabled. To enable core dumping, try "ulimit -c unlimited" before starting Java again
#

---------------  T H R E A D  ---------------

Current thread (0x00007f9cd80d8800):  VMThread [stack: 0x00007f9cc8050000,0x00007f9cc8151000] [id=11517]

Stack: [0x00007f9cc8050000,0x00007f9cc8151000],  sp=0x00007f9cc814f3d0,  free space=1020k
Native frames: (J=compiled Java code, j=interpreted, Vv=VM code, C=native code)
V  [libjvm.so+0xad4455]  VMError::report_and_die()+0x2e5
V  [libjvm.so+0x4e0787]  report_vm_out_of_memory(char const*, int, unsigned long, VMErrorType, char const*)+0x67
V  [libjvm.so+0x9107d6]  os::pd_commit_memory_or_exit(char*, unsigned long, unsigned long, bool, char const*)+0x106
V  [libjvm.so+0x907f7d]  os::commit_memory_or_exit(char*, unsigned long, unsigned long, bool, char const*)+0x1d
V  [libjvm.so+0x5afa84]  G1PageBasedVirtualSpace::commit_internal(unsigned long, unsigned long)+0x224
V  [libjvm.so+0x5afb0e]  G1PageBasedVirtualSpace::commit(unsigned long, unsigned long)+0x7e
V  [libjvm.so+0x5b2605]  G1RegionsLargerThanCommitSizeMapper::commit_regions(unsigned int, unsigned long)+0x35
V  [libjvm.so+0x61d916]  HeapRegionManager::commit_regions(unsigned int, unsigned long)+0x76
V  [libjvm.so+0x61ea2f]  HeapRegionManager::make_regions_available(unsigned int, unsigned int)+0x3f
V  [libjvm.so+0x61eef8]  HeapRegionManager::expand_by(unsigned int)+0x128
V  [libjvm.so+0x58beea]  G1CollectedHeap::expand(unsigned long)+0x12a
V  [libjvm.so+0x59556f]  G1CollectedHeap::do_collection_pause_at_safepoint(double)+0x99f
V  [libjvm.so+0xadc2e1]  VM_G1IncCollectionPause::doit()+0x81
V  [libjvm.so+0xadb216]  VM_Operation::evaluate()+0x46
V  [libjvm.so+0xad954d]  VMThread::evaluate_operation(VM_Operation*) [clone .constprop.44]+0xcd
V  [libjvm.so+0xad9b33]  VMThread::loop()+0x3a3
V  [libjvm.so+0xad9f08]  VMThread::run()+0x78
V  [libjvm.so+0x90dcb2]  java_start(Thread*)+0x102

VM_Operation (0x00007f9ca69f9b50): G1IncCollectionPause, mode: safepoint, requested by thread 0x0000000000c19000


---------------  P R O C E S S  ---------------

Java Threads: ( => current thread )
  0x0000000000c19000 JavaThread "Thread-12" [_thread_blocked, id=11712, stack(0x00007f9ca68fd000,0x00007f9ca69fe000)]
  0x00007f9ca0025000 JavaThread "Worker-6" [_thread_blocked, id=11651, stack(0x00007f9ca76fd000,0x00007f9ca77fe000)]
  0x00007f9cbc0f9800 JavaThread "Worker-5" [_thread_blocked, id=11649, stack(0x00007f9cac08b000,0x00007f9cac18c000)]
  0x00007f9cd824f800 JavaThread "process reaper" daemon [_thread_blocked, id=11609, stack(0x00007f9cc8017000,0x00007f9cc8050000)]
  0x0000000000c17000 JavaThread "Thread-11" [_thread_blocked, id=11603, stack(0x00007f9ca70f9000,0x00007f9ca71fa000)]
  0x0000000000c16800 JavaThread "Thread-6" [_thread_blocked, id=11598, stack(0x00007f9ca75fc000,0x00007f9ca76fd000)]
  0x00007f9cb00b7000 JavaThread "Bundle File Closer" daemon [_thread_blocked, id=11581, stack(0x00007f9ca79fe000,0x00007f9ca7aff000)]
  0x00007f9cd8470000 JavaThread "pool-1-thread-1" [_thread_in_native, id=11578, stack(0x00007f9cac19f000,0x00007f9cac2a0000)]
  0x00007f9cd83a1000 JavaThread "pool-2-thread-1" [_thread_blocked, id=11577, stack(0x00007f9cac4a9000,0x00007f9cac5aa000)]
  0x00007f9ca83f8000 JavaThread "Java indexing" daemon [_thread_blocked, id=11573, stack(0x00007f9cad149000,0x00007f9cad24a000)]
  0x00007f9cb8033800 JavaThread "Worker-2" [_thread_blocked, id=11572, stack(0x00007f9cad44e000,0x00007f9cad54f000)]
  0x00007f9ca820e000 JavaThread "Worker-0" [_thread_blocked, id=11570, stack(0x00007f9cad8aa000,0x00007f9cad9ab000)]
  0x00007f9ca8182000 JavaThread "Worker-JM" [_thread_blocked, id=11569, stack(0x00007f9cadbad000,0x00007f9cadcae000)]
  0x00007f9cd8370800 JavaThread "Start Level: Equinox Container: cf4f7b1a-691d-45ad-a4b8-7eab9810fb6e" daemon [_thread_blocked, id=11568, stack(0x00007f9cae0f4000,0x00007f9cae1f5000)]
  0x00007f9cd836e000 JavaThread "Framework Event Dispatcher: Equinox Container: cf4f7b1a-691d-45ad-a4b8-7eab9810fb6e" daemon [_thread_blocked, id=11567, stack(0x00007f9cae1f5000,0x00007f9cae2f6000)]
  0x00007f9cd830f800 JavaThread "Active Thread: Equinox Container: cf4f7b1a-691d-45ad-a4b8-7eab9810fb6e" [_thread_blocked, id=11566, stack(0x00007f9cae4f6000,0x00007f9cae5f7000)]
  0x00007f9cd8140000 JavaThread "Service Thread" daemon [_thread_blocked, id=11560, stack(0x00007f9caee21000,0x00007f9caef22000)]
  0x00007f9cd818f000 JavaThread "C1 CompilerThread1" daemon [_thread_blocked, id=11554, stack(0x00007f9caef22000,0x00007f9caf023000)]
  0x00007f9cd818d000 JavaThread "C2 CompilerThread0" daemon [_thread_in_native, id=11553, stack(0x00007f9caf023000,0x00007f9caf124000)]
  0x00007f9cd811d800 JavaThread "Signal Dispatcher" daemon [_thread_blocked, id=11525, stack(0x00007f9caf124000,0x00007f9caf225000)]
  0x00007f9cd811b800 JavaThread "Surrogate Locker Thread (Concurrent GC)" daemon [_thread_blocked, id=11523, stack(0x00007f9caf225000,0x00007f9caf326000)]
  0x00007f9cd80e6800 JavaThread "Finalizer" daemon [_thread_blocked, id=11520, stack(0x00007f9caf5fe000,0x00007f9caf6ff000)]
  0x00007f9cd80e2000 JavaThread "Reference Handler" daemon [_thread_blocked, id=11518, stack(0x00007f9caf6ff000,0x00007f9caf800000)]
  0x00007f9cd800a800 JavaThread "main" [_thread_blocked, id=11509, stack(0x00007f9cdf098000,0x00007f9cdf199000)]

Other Threads:
=>0x00007f9cd80d8800 VMThread [stack: 0x00007f9cc8050000,0x00007f9cc8151000] [id=11517]
  0x00007f9cd8144000 WatcherThread [stack: 0x00007f9caed20000,0x00007f9caee21000] [id=11561]

VM state:at safepoint (normal execution)

VM Mutex/Monitor currently owned by a thread:  ([mutex/lock_event])
[0x00007f9cd8008c00] Threads_lock - owner thread: 0x00007f9cd80d8800
[0x00007f9cd8009100] Heap_lock - owner thread: 0x0000000000c19000

heap address: 0x00000000c0000000, size: 1024 MB, Compressed Oops mode: 32-bit
Narrow klass base: 0x0000000000000000, Narrow klass shift: 3
Compressed class space size: 1073741824 Address: 0x0000000100000000

Heap:
 garbage-first heap   total 329728K, used 83680K [0x00000000c0000000, 0x00000000c0100a10, 0x0000000100000000)
  region size 1024K, 4 young (4096K), 4 survivors (4096K)
 Metaspace       used 55510K, capacity 58938K, committed 59264K, reserved 1101824K
  class space    used 5719K, capacity 6698K, committed 6784K, reserved 1048576K

Heap Regions: (Y=young(eden), SU=young(survivor), HS=humongous(starts), HC=humongous(continues), CS=collection set, F=free, TS=gc time stamp, PTAMS=previous top-at-mark-start, NTAMS=next top-at-mark-start)
AC   0  O    TS     0 PTAMS 0x00000000c0100000 NTAMS 0x00000000c0100000 space 1024K, 100% used [0x00000000c0000000, 0x00000000c0100000)
AC   0  O    TS     0 PTAMS 0x00000000c0200000 NTAMS 0x00000000c0200000 space 1024K, 100% used [0x00000000c0100000, 0x00000000c0200000)
AC   0  O    TS     0 PTAMS 0x00000000c0300000 NTAMS 0x00000000c0300000 space 1024K, 100% used [0x00000000c0200000, 0x00000000c0300000)
AC   0  O    TS     0 PTAMS 0x00000000c0400000 NTAMS 0x00000000c0400000 space 1024K, 100% used [0x00000000c0300000, 0x00000000c0400000)
AC   0  O    TS     0 PTAMS 0x00000000c0500000 NTAMS 0x00000000c0500000 space 1024K, 100% used [0x00000000c0400000, 0x00000000c0500000)
AC   0  O    TS     0 PTAMS 0x00000000c0600000 NTAMS 0x00000000c0600000 space 1024K, 100% used [0x00000000c0500000, 0x00000000c0600000)
AC   0  O    TS     0 PTAMS 0x00000000c0700000 NTAMS 0x00000000c0700000 space 1024K, 100% used [0x00000000c0600000, 0x00000000c0700000)
AC   0  O    TS     0 PTAMS 0x00000000c0800000 NTAMS 0x00000000c0800000 space 1024K, 100% used [0x00000000c0700000, 0x00000000c0800000)
AC   0  O    TS     0 PTAMS 0x00000000c0900000 NTAMS 0x00000000c0900000 space 1024K, 100% used [0x00000000c0800000, 0x00000000c0900000)
AC   0  F    TS     0 PTAMS 0x00000000c0900000 NTAMS 0x00000000c0900000 space 1024K,   0% used [0x00000000c0900000, 0x00000000c0a00000)
AC   0  O    TS     0 PTAMS 0x00000000c0b00000 NTAMS 0x00000000c0b00000 space 1024K, 100% used [0x00000000c0a00000, 0x00000000c0b00000)
AC   0  O    TS     0 PTAMS 0x00000000c0c00000 NTAMS 0x00000000c0c00000 space 1024K, 100% used [0x00000000c0b00000, 0x00000000c0c00000)
AC   0  O    TS     0 PTAMS 0x00000000c0d00000 NTAMS 0x00000000c0d00000 space 1024K, 100% used [0x00000000c0c00000, 0x00000000c0d00000)
AC   0  O    TS     0 PTAMS 0x00000000c0e00000 NTAMS 0x00000000c0e00000 space 1024K, 100% used [0x00000000c0d00000, 0x00000000c0e00000)
AC   0  O    TS     0 PTAMS 0x00000000c0f00000 NTAMS 0x00000000c0f00000 space 1024K, 100% used [0x00000000c0e00000, 0x00000000c0f00000)
AC   0  O    TS     0 PTAMS 0x00000000c1000000 NTAMS 0x00000000c1000000 space 1024K, 100% used [0x00000000c0f00000, 0x00000000c1000000)
AC   0  O    TS     0 PTAMS 0x00000000c1100000 NTAMS 0x00000000c1100000 space 1024K, 100% used [0x00000000c1000000, 0x00000000c1100000)
AC   0  O    TS     0 PTAMS 0x00000000c1200000 NTAMS 0x00000000c1200000 space 1024K, 100% used [0x00000000c1100000, 0x00000000c1200000)
AC   0  O    TS     0 PTAMS 0x00000000c1300000 NTAMS 0x00000000c1300000 space 1024K, 100% used [0x00000000c1200000, 0x00000000c1300000)
AC   0  O    TS     0 PTAMS 0x00000000c1400000 NTAMS 0x00000000c1400000 space 1024K, 100% used [0x00000000c1300000, 0x00000000c1400000)
AC   0  O    TS     0 PTAMS 0x00000000c1500000 NTAMS 0x00000000c1500000 space 1024K, 100% used [0x00000000c1400000, 0x00000000c1500000)
AC   0  O    TS     0 PTAMS 0x00000000c1600000 NTAMS 0x00000000c1600000 space 1024K, 100% used [0x00000000c1500000, 0x00000000c1600000)
AC   0  O    TS     0 PTAMS 0x00000000c1700000 NTAMS 0x00000000c1700000 space 1024K, 100% used [0x00000000c1600000, 0x00000000c1700000)
AC   0 HS    TS     0 PTAMS 0x00000000c1780010 NTAMS 0x00000000c1780010 space 1024K,  50% used [0x00000000c1700000, 0x00000000c1800000)
AC   0  O    TS     0 PTAMS 0x00000000c1900000 NTAMS 0x00000000c1900000 space 1024K, 100% used [0x00000000c1800000, 0x00000000c1900000)
AC   0  O    TS     0 PTAMS 0x00000000c1a00000 NTAMS 0x00000000c1a00000 space 1024K, 100% used [0x00000000c1900000, 0x00000000c1a00000)
AC   0  O    TS     0 PTAMS 0x00000000c1b00000 NTAMS 0x00000000c1b00000 space 1024K, 100% used [0x00000000c1a00000, 0x00000000c1b00000)
AC   0  O    TS     0 PTAMS 0x00000000c1c00000 NTAMS 0x00000000c1c00000 space 1024K, 100% used [0x00000000c1b00000, 0x00000000c1c00000)
AC   0  O    TS     0 PTAMS 0x00000000c1d00000 NTAMS 0x00000000c1d00000 space 1024K, 100% used [0x00000000c1c00000, 0x00000000c1d00000)
AC   0  F    TS     0 PTAMS 0x00000000c1d00000 NTAMS 0x00000000c1d00000 space 1024K,   0% used [0x00000000c1d00000, 0x00000000c1e00000)
AC   0  O    TS     0 PTAMS 0x00000000c1f00000 NTAMS 0x00000000c1f00000 space 1024K, 100% used [0x00000000c1e00000, 0x00000000c1f00000)
AC   0  O    TS     0 PTAMS 0x00000000c2000000 NTAMS 0x00000000c2000000 space 1024K, 100% used [0x00000000c1f00000, 0x00000000c2000000)
AC   0  O    TS     0 PTAMS 0x00000000c2100000 NTAMS 0x00000000c2100000 space 1024K, 100% used [0x00000000c2000000, 0x00000000c2100000)
AC   0  O    TS     0 PTAMS 0x00000000c2200000 NTAMS 0x00000000c2200000 space 1024K, 100% used [0x00000000c2100000, 0x00000000c2200000)
AC   0  O    TS     0 PTAMS 0x00000000c2300000 NTAMS 0x00000000c2300000 space 1024K, 100% used [0x00000000c2200000, 0x00000000c2300000)
AC   0  F    TS     0 PTAMS 0x00000000c2300000 NTAMS 0x00000000c2300000 space 1024K,   0% used [0x00000000c2300000, 0x00000000c2400000)
AC   0  O    TS     0 PTAMS 0x00000000c2500000 NTAMS 0x00000000c2500000 space 1024K, 100% used [0x00000000c2400000, 0x00000000c2500000)
AC   0  O    TS     0 PTAMS 0x00000000c2600000 NTAMS 0x00000000c2600000 space 1024K, 100% used [0x00000000c2500000, 0x00000000c2600000)
AC   0  F    TS     0 PTAMS 0x00000000c2600000 NTAMS 0x00000000c2600000 space 1024K,   0% used [0x00000000c2600000, 0x00000000c2700000)
AC   0  O    TS     0 PTAMS 0x00000000c2800000 NTAMS 0x00000000c2800000 space 1024K, 100% used [0x00000000c2700000, 0x00000000c2800000)
AC   0  O    TS     0 PTAMS 0x00000000c2900000 NTAMS 0x00000000c2900000 space 1024K, 100% used [0x00000000c2800000, 0x00000000c2900000)
AC   0  O    TS     0 PTAMS 0x00000000c2a00000 NTAMS 0x00000000c2a00000 space 1024K, 100% used [0x00000000c2900000, 0x00000000c2a00000)
AC   0  O    TS     0 PTAMS 0x00000000c2b00000 NTAMS 0x00000000c2b00000 space 1024K, 100% used [0x00000000c2a00000, 0x00000000c2b00000)
AC   0  F    TS     0 PTAMS 0x00000000c2b00000 NTAMS 0x00000000c2b00000 space 1024K,   0% used [0x00000000c2b00000, 0x00000000c2c00000)
AC   0  O    TS     0 PTAMS 0x00000000c2d00000 NTAMS 0x00000000c2d00000 space 1024K, 100% used [0x00000000c2c00000, 0x00000000c2d00000)
AC   0  O    TS     0 PTAMS 0x00000000c2e00000 NTAMS 0x00000000c2e00000 space 1024K, 100% used [0x00000000c2d00000, 0x00000000c2e00000)
AC   0  F    TS     0 PTAMS 0x00000000c2e00000 NTAMS 0x00000000c2e00000 space 1024K,   0% used [0x00000000c2e00000, 0x00000000c2f00000)
AC   0  F    TS     0 PTAMS 0x00000000c2f00000 NTAMS 0x00000000c2f00000 space 1024K,   0% used [0x00000000c2f00000, 0x00000000c3000000)
AC   0  O    TS     0 PTAMS 0x00000000c3100000 NTAMS 0x00000000c3100000 space 1024K, 100% used [0x00000000c3000000, 0x00000000c3100000)
AC   0  O    TS     0 PTAMS 0x00000000c3200000 NTAMS 0x00000000c3200000 space 1024K, 100% used [0x00000000c3100000, 0x00000000c3200000)
AC   0  O    TS     0 PTAMS 0x00000000c3300000 NTAMS 0x00000000c3300000 space 1024K, 100% used [0x00000000c3200000, 0x00000000c3300000)
AC   0  O    TS     0 PTAMS 0x00000000c3400000 NTAMS 0x00000000c3400000 space 1024K, 100% used [0x00000000c3300000, 0x00000000c3400000)
AC   0  O    TS     0 PTAMS 0x00000000c3500000 NTAMS 0x00000000c3500000 space 1024K, 100% used [0x00000000c3400000, 0x00000000c3500000)
AC   0  O    TS     0 PTAMS 0x00000000c3600000 NTAMS 0x00000000c3600000 space 1024K, 100% used [0x00000000c3500000, 0x00000000c3600000)
AC   0  O    TS     0 PTAMS 0x00000000c3700000 NTAMS 0x00000000c3700000 space 1024K, 100% used [0x00000000c3600000, 0x00000000c3700000)
AC   0  O    TS     0 PTAMS 0x00000000c3700000 NTAMS 0x00000000c3700000 space 1024K, 100% used [0x00000000c3700000, 0x00000000c3800000)
AC   0  F    TS     0 PTAMS 0x00000000c3800000 NTAMS 0x00000000c3800000 space 1024K,   0% used [0x00000000c3800000, 0x00000000c3900000)
AC   0  F    TS     0 PTAMS 0x00000000c3900000 NTAMS 0x00000000c3900000 space 1024K,   0% used [0x00000000c3900000, 0x00000000c3a00000)
AC   0  O    TS     0 PTAMS 0x00000000c3a00000 NTAMS 0x00000000c3a00000 space 1024K, 100% used [0x00000000c3a00000, 0x00000000c3b00000)
AC   0  O    TS     3 PTAMS 0x00000000c3b00000 NTAMS 0x00000000c3b00000 space 1024K, 100% used [0x00000000c3b00000, 0x00000000c3c00000)
AC   0  O    TS     3 PTAMS 0x00000000c3c00000 NTAMS 0x00000000c3c00000 space 1024K, 100% used [0x00000000c3c00000, 0x00000000c3d00000)
AC   0  O    TS     0 PTAMS 0x00000000c3e00000 NTAMS 0x00000000c3e00000 space 1024K, 100% used [0x00000000c3d00000, 0x00000000c3e00000)
AC   0  O    TS     0 PTAMS 0x00000000c3f00000 NTAMS 0x00000000c3f00000 space 1024K, 100% used [0x00000000c3e00000, 0x00000000c3f00000)
AC   0  O    TS     3 PTAMS 0x00000000c3f00000 NTAMS 0x00000000c3f00000 space 1024K, 100% used [0x00000000c3f00000, 0x00000000c4000000)
AC   0  O    TS     3 PTAMS 0x00000000c4000000 NTAMS 0x00000000c4000000 space 1024K, 100% used [0x00000000c4000000, 0x00000000c4100000)
AC   0  O    TS     0 PTAMS 0x00000000c4200000 NTAMS 0x00000000c4200000 space 1024K, 100% used [0x00000000c4100000, 0x00000000c4200000)
AC   0  O    TS     0 PTAMS 0x00000000c4300000 NTAMS 0x00000000c4300000 space 1024K, 100% used [0x00000000c4200000, 0x00000000c4300000)
AC   0  O    TS     0 PTAMS 0x00000000c4400000 NTAMS 0x00000000c4400000 space 1024K, 100% used [0x00000000c4300000, 0x00000000c4400000)
AC   0  O    TS     3 PTAMS 0x00000000c4400000 NTAMS 0x00000000c4400000 space 1024K, 100% used [0x00000000c4400000, 0x00000000c4500000)
AC   0  O    TS     5 PTAMS 0x00000000c4500000 NTAMS 0x00000000c4500000 space 1024K,  21% used [0x00000000c4500000, 0x00000000c4600000)
AC   0  F    TS     0 PTAMS 0x00000000c4600000 NTAMS 0x00000000c4600000 space 1024K,   0% used [0x00000000c4600000, 0x00000000c4700000)
AC   0  F    TS     0 PTAMS 0x00000000c4700000 NTAMS 0x00000000c4700000 space 1024K,   0% used [0x00000000c4700000, 0x00000000c4800000)
AC   0  F    TS     0 PTAMS 0x00000000c4800000 NTAMS 0x00000000c4800000 space 1024K,   0% used [0x00000000c4800000, 0x00000000c4900000)
AC   0  F    TS     0 PTAMS 0x00000000c4900000 NTAMS 0x00000000c4900000 space 1024K,   0% used [0x00000000c4900000, 0x00000000c4a00000)
AC   0  F    TS     0 PTAMS 0x00000000c4a00000 NTAMS 0x00000000c4a00000 space 1024K,   0% used [0x00000000c4a00000, 0x00000000c4b00000)
AC   0  F    TS     0 PTAMS 0x00000000c4b00000 NTAMS 0x00000000c4b00000 space 1024K,   0% used [0x00000000c4b00000, 0x00000000c4c00000)
AC   0  F    TS     0 PTAMS 0x00000000c4c00000 NTAMS 0x00000000c4c00000 space 1024K,   0% used [0x00000000c4c00000, 0x00000000c4d00000)
AC   0  F    TS     0 PTAMS 0x00000000c4d00000 NTAMS 0x00000000c4d00000 space 1024K,   0% used [0x00000000c4d00000, 0x00000000c4e00000)
AC   0  F    TS     0 PTAMS 0x00000000c4e00000 NTAMS 0x00000000c4e00000 space 1024K,   0% used [0x00000000c4e00000, 0x00000000c4f00000)
AC   0  F    TS     0 PTAMS 0x00000000c4f00000 NTAMS 0x00000000c4f00000 space 1024K,   0% used [0x00000000c4f00000, 0x00000000c5000000)
AC   0  F    TS     0 PTAMS 0x00000000c5000000 NTAMS 0x00000000c5000000 space 1024K,   0% used [0x00000000c5000000, 0x00000000c5100000)
AC   0  S CS TS     5 PTAMS 0x00000000c5100000 NTAMS 0x00000000c5100000 space 1024K,  99% used [0x00000000c5100000, 0x00000000c5200000)
AC   0  S CS TS     5 PTAMS 0x00000000c5200000 NTAMS 0x00000000c5200000 space 1024K, 100% used [0x00000000c5200000, 0x00000000c5300000)
AC   0  S CS TS     5 PTAMS 0x00000000c5300000 NTAMS 0x00000000c5300000 space 1024K, 100% used [0x00000000c5300000, 0x00000000c5400000)
AC   0  S CS TS     5 PTAMS 0x00000000c5400000 NTAMS 0x00000000c5400000 space 1024K, 100% used [0x00000000c5400000, 0x00000000c5500000)
AC   0  F    TS     0 PTAMS 0x00000000c5500000 NTAMS 0x00000000c5500000 space 1024K,   0% used [0x00000000c5500000, 0x00000000c5600000)
AC   0  F    TS     1 PTAMS 0x00000000c5600000 NTAMS 0x00000000c5600000 space 1024K,   0% used [0x00000000c5600000, 0x00000000c5700000)
AC   0  F    TS     1 PTAMS 0x00000000c5700000 NTAMS 0x00000000c5700000 space 1024K,   0% used [0x00000000c5700000, 0x00000000c5800000)
AC   0  F    TS     1 PTAMS 0x00000000c5800000 NTAMS 0x00000000c5800000 space 1024K,   0% used [0x00000000c5800000, 0x00000000c5900000)
AC   0  F    TS     0 PTAMS 0x00000000c5900000 NTAMS 0x00000000c5900000 space 1024K,   0% used [0x00000000c5900000, 0x00000000c5a00000)
AC   0  F    TS     0 PTAMS 0x00000000c5a00000 NTAMS 0x00000000c5a00000 space 1024K,   0% used [0x00000000c5a00000, 0x00000000c5b00000)
AC   0  F    TS     0 PTAMS 0x00000000c5b00000 NTAMS 0x00000000c5b00000 space 1024K,   0% used [0x00000000c5b00000, 0x00000000c5c00000)
AC   0  F    TS     0 PTAMS 0x00000000c5c00000 NTAMS 0x00000000c5c00000 space 1024K,   0% used [0x00000000c5c00000, 0x00000000c5d00000)
AC   0  F    TS     0 PTAMS 0x00000000c5d00000 NTAMS 0x00000000c5d00000 space 1024K,   0% used [0x00000000c5d00000, 0x00000000c5e00000)
AC   0  F    TS     0 PTAMS 0x00000000c5e00000 NTAMS 0x00000000c5e00000 space 1024K,   0% used [0x00000000c5e00000, 0x00000000c5f00000)
AC   0  F    TS     0 PTAMS 0x00000000c5f00000 NTAMS 0x00000000c5f00000 space 1024K,   0% used [0x00000000c5f00000, 0x00000000c6000000)
AC   0  F    TS     0 PTAMS 0x00000000c6000000 NTAMS 0x00000000c6000000 space 1024K,   0% used [0x00000000c6000000, 0x00000000c6100000)
AC   0  F    TS     0 PTAMS 0x00000000c6100000 NTAMS 0x00000000c6100000 space 1024K,   0% used [0x00000000c6100000, 0x00000000c6200000)
AC   0  F    TS     0 PTAMS 0x00000000c6200000 NTAMS 0x00000000c6200000 space 1024K,   0% used [0x00000000c6200000, 0x00000000c6300000)
AC   0  F    TS     0 PTAMS 0x00000000c6300000 NTAMS 0x00000000c6300000 space 1024K,   0% used [0x00000000c6300000, 0x00000000c6400000)
AC   0  F    TS     0 PTAMS 0x00000000c6400000 NTAMS 0x00000000c6400000 space 1024K,   0% used [0x00000000c6400000, 0x00000000c6500000)
AC   0  F    TS     0 PTAMS 0x00000000c6500000 NTAMS 0x00000000c6500000 space 1024K,   0% used [0x00000000c6500000, 0x00000000c6600000)
AC   0  F    TS     0 PTAMS 0x00000000c6600000 NTAMS 0x00000000c6600000 space 1024K,   0% used [0x00000000c6600000, 0x00000000c6700000)
AC   0  F    TS     0 PTAMS 0x00000000c6700000 NTAMS 0x00000000c6700000 space 1024K,   0% used [0x00000000c6700000, 0x00000000c6800000)
AC   0  F    TS     0 PTAMS 0x00000000c6800000 NTAMS 0x00000000c6800000 space 1024K,   0% used [0x00000000c6800000, 0x00000000c6900000)
AC   0  F    TS     0 PTAMS 0x00000000c6900000 NTAMS 0x00000000c6900000 space 1024K,   0% used [0x00000000c6900000, 0x00000000c6a00000)
AC   0  F    TS     0 PTAMS 0x00000000c6a00000 NTAMS 0x00000000c6a00000 space 1024K,   0% used [0x00000000c6a00000, 0x00000000c6b00000)
AC   0  F    TS     0 PTAMS 0x00000000c6b00000 NTAMS 0x00000000c6b00000 space 1024K,   0% used [0x00000000c6b00000, 0x00000000c6c00000)
AC   0  F    TS     0 PTAMS 0x00000000c6c00000 NTAMS 0x00000000c6c00000 space 1024K,   0% used [0x00000000c6c00000, 0x00000000c6d00000)
AC   0  F    TS     0 PTAMS 0x00000000c6d00000 NTAMS 0x00000000c6d00000 space 1024K,   0% used [0x00000000c6d00000, 0x00000000c6e00000)
AC   0  F    TS     0 PTAMS 0x00000000c6e00000 NTAMS 0x00000000c6e00000 space 1024K,   0% used [0x00000000c6e00000, 0x00000000c6f00000)
AC   0  F    TS     0 PTAMS 0x00000000c6f00000 NTAMS 0x00000000c6f00000 space 1024K,   0% used [0x00000000c6f00000, 0x00000000c7000000)
AC   0  F    TS     0 PTAMS 0x00000000c7000000 NTAMS 0x00000000c7000000 space 1024K,   0% used [0x00000000c7000000, 0x00000000c7100000)
AC   0  F    TS     0 PTAMS 0x00000000c7100000 NTAMS 0x00000000c7100000 space 1024K,   0% used [0x00000000c7100000, 0x00000000c7200000)
AC   0  F    TS     0 PTAMS 0x00000000c7200000 NTAMS 0x00000000c7200000 space 1024K,   0% used [0x00000000c7200000, 0x00000000c7300000)
AC   0  F    TS     0 PTAMS 0x00000000c7300000 NTAMS 0x00000000c7300000 space 1024K,   0% used [0x00000000c7300000, 0x00000000c7400000)
AC   0  F    TS     0 PTAMS 0x00000000c7400000 NTAMS 0x00000000c7400000 space 1024K,   0% used [0x00000000c7400000, 0x00000000c7500000)
AC   0  F    TS     0 PTAMS 0x00000000c7500000 NTAMS 0x00000000c7500000 space 1024K,   0% used [0x00000000c7500000, 0x00000000c7600000)
AC   0  F    TS     0 PTAMS 0x00000000c7600000 NTAMS 0x00000000c7600000 space 1024K,   0% used [0x00000000c7600000, 0x00000000c7700000)
AC   0  F    TS     0 PTAMS 0x00000000c7700000 NTAMS 0x00000000c7700000 space 1024K,   0% used [0x00000000c7700000, 0x00000000c7800000)
AC   0  F    TS     0 PTAMS 0x00000000c7800000 NTAMS 0x00000000c7800000 space 1024K,   0% used [0x00000000c7800000, 0x00000000c7900000)
AC   0  F    TS     0 PTAMS 0x00000000c7900000 NTAMS 0x00000000c7900000 space 1024K,   0% used [0x00000000c7900000, 0x00000000c7a00000)
AC   0  F    TS     0 PTAMS 0x00000000c7a00000 NTAMS 0x00000000c7a00000 space 1024K,   0% used [0x00000000c7a00000, 0x00000000c7b00000)
AC   0  F    TS     0 PTAMS 0x00000000c7b00000 NTAMS 0x00000000c7b00000 space 1024K,   0% used [0x00000000c7b00000, 0x00000000c7c00000)
AC   0  F    TS     0 PTAMS 0x00000000c7c00000 NTAMS 0x00000000c7c00000 space 1024K,   0% used [0x00000000c7c00000, 0x00000000c7d00000)
AC   0  F    TS     0 PTAMS 0x00000000c7d00000 NTAMS 0x00000000c7d00000 space 1024K,   0% used [0x00000000c7d00000, 0x00000000c7e00000)
AC   0  F    TS     0 PTAMS 0x00000000c7e00000 NTAMS 0x00000000c7e00000 space 1024K,   0% used [0x00000000c7e00000, 0x00000000c7f00000)
AC   0  F    TS     0 PTAMS 0x00000000c7f00000 NTAMS 0x00000000c7f00000 space 1024K,   0% used [0x00000000c7f00000, 0x00000000c8000000)
AC   0  F    TS     0 PTAMS 0x00000000c8000000 NTAMS 0x00000000c8000000 space 1024K,   0% used [0x00000000c8000000, 0x00000000c8100000)
AC   0  O    TS     0 PTAMS 0x00000000c8200000 NTAMS 0x00000000c8200000 space 1024K, 100% used [0x00000000c8100000, 0x00000000c8200000)
AC   0  F    TS     0 PTAMS 0x00000000c8200000 NTAMS 0x00000000c8200000 space 1024K,   0% used [0x00000000c8200000, 0x00000000c8300000)
AC   0  F    TS     0 PTAMS 0x00000000c8300000 NTAMS 0x00000000c8300000 space 1024K,   0% used [0x00000000c8300000, 0x00000000c8400000)
AC   0  F    TS     0 PTAMS 0x00000000c8400000 NTAMS 0x00000000c8400000 space 1024K,   0% used [0x00000000c8400000, 0x00000000c8500000)
AC   0  F    TS     0 PTAMS 0x00000000c8500000 NTAMS 0x00000000c8500000 space 1024K,   0% used [0x00000000c8500000, 0x00000000c8600000)
AC   0  F    TS     0 PTAMS 0x00000000c8600000 NTAMS 0x00000000c8600000 space 1024K,   0% used [0x00000000c8600000, 0x00000000c8700000)
AC   0  F    TS     0 PTAMS 0x00000000c8700000 NTAMS 0x00000000c8700000 space 1024K,   0% used [0x00000000c8700000, 0x00000000c8800000)
AC   0  F    TS     0 PTAMS 0x00000000c8800000 NTAMS 0x00000000c8800000 space 1024K,   0% used [0x00000000c8800000, 0x00000000c8900000)
AC   0  F    TS     3 PTAMS 0x00000000c8900000 NTAMS 0x00000000c8900000 space 1024K,   0% used [0x00000000c8900000, 0x00000000c8a00000)
AC   0  O    TS     0 PTAMS 0x00000000c8b00000 NTAMS 0x00000000c8b00000 space 1024K, 100% used [0x00000000c8a00000, 0x00000000c8b00000)
AC   0  O    TS     0 PTAMS 0x00000000c8c00000 NTAMS 0x00000000c8c00000 space 1024K, 100% used [0x00000000c8b00000, 0x00000000c8c00000)
AC   0  O    TS     0 PTAMS 0x00000000c8d00000 NTAMS 0x00000000c8d00000 space 1024K, 100% used [0x00000000c8c00000, 0x00000000c8d00000)
AC   0  O    TS     0 PTAMS 0x00000000c8e00000 NTAMS 0x00000000c8e00000 space 1024K, 100% used [0x00000000c8d00000, 0x00000000c8e00000)
AC   0  O    TS     0 PTAMS 0x00000000c8f00000 NTAMS 0x00000000c8f00000 space 1024K, 100% used [0x00000000c8e00000, 0x00000000c8f00000)
AC   0  O    TS     0 PTAMS 0x00000000c9000000 NTAMS 0x00000000c9000000 space 1024K, 100% used [0x00000000c8f00000, 0x00000000c9000000)
AC   0  O    TS     0 PTAMS 0x00000000c9100000 NTAMS 0x00000000c9100000 space 1024K, 100% used [0x00000000c9000000, 0x00000000c9100000)
AC   0  O    TS     0 PTAMS 0x00000000c9200000 NTAMS 0x00000000c9200000 space 1024K, 100% used [0x00000000c9100000, 0x00000000c9200000)
AC   0  O    TS     0 PTAMS 0x00000000c9300000 NTAMS 0x00000000c9300000 space 1024K, 100% used [0x00000000c9200000, 0x00000000c9300000)
AC   0  O    TS     0 PTAMS 0x00000000c9400000 NTAMS 0x00000000c9400000 space 1024K, 100% used [0x00000000c9300000, 0x00000000c9400000)
AC   0  F    TS     0 PTAMS 0x00000000c9400000 NTAMS 0x00000000c9400000 space 1024K,   0% used [0x00000000c9400000, 0x00000000c9500000)
AC   0  F    TS     0 PTAMS 0x00000000c9500000 NTAMS 0x00000000c9500000 space 1024K,   0% used [0x00000000c9500000, 0x00000000c9600000)
AC   0  O    TS     0 PTAMS 0x00000000c9700000 NTAMS 0x00000000c9700000 space 1024K, 100% used [0x00000000c9600000, 0x00000000c9700000)
AC   0  F    TS     0 PTAMS 0x00000000c9700000 NTAMS 0x00000000c9700000 space 1024K,   0% used [0x00000000c9700000, 0x00000000c9800000)
AC   0  O    TS     0 PTAMS 0x00000000c9900000 NTAMS 0x00000000c9900000 space 1024K, 100% used [0x00000000c9800000, 0x00000000c9900000)
AC   0  O    TS     0 PTAMS 0x00000000c9a00000 NTAMS 0x00000000c9a00000 space 1024K, 100% used [0x00000000c9900000, 0x00000000c9a00000)
AC   0  O    TS     0 PTAMS 0x00000000c9b00000 NTAMS 0x00000000c9b00000 space 1024K, 100% used [0x00000000c9a00000, 0x00000000c9b00000)
AC   0  O    TS     0 PTAMS 0x00000000c9c00000 NTAMS 0x00000000c9c00000 space 1024K, 100% used [0x00000000c9b00000, 0x00000000c9c00000)
AC   0  O    TS     0 PTAMS 0x00000000c9d00000 NTAMS 0x00000000c9d00000 space 1024K, 100% used [0x00000000c9c00000, 0x00000000c9d00000)
AC   0  O    TS     0 PTAMS 0x00000000c9e00000 NTAMS 0x00000000c9e00000 space 1024K, 100% used [0x00000000c9d00000, 0x00000000c9e00000)
AC   0  F    TS     0 PTAMS 0x00000000c9e00000 NTAMS 0x00000000c9e00000 space 1024K,   0% used [0x00000000c9e00000, 0x00000000c9f00000)
AC   0  F    TS     0 PTAMS 0x00000000c9f00000 NTAMS 0x00000000c9f00000 space 1024K,   0% used [0x00000000c9f00000, 0x00000000ca000000)
AC   0  F    TS     0 PTAMS 0x00000000ca000000 NTAMS 0x00000000ca000000 space 1024K,   0% used [0x00000000ca000000, 0x00000000ca100000)

Card table byte_map: [0x00007f9cc8a00000,0x00007f9cc8c00000] byte_map_base: 0x00007f9cc8400000

Marking Bits (Prev, Next): (CMBitMap*) 0x00007f9cd8036350, (CMBitMap*) 0x00007f9cd80362f8
 Prev Bits: [0x00007f9cc2000000, 0x00007f9cc3000000)
 Next Bits: [0x00007f9cc3000000, 0x00007f9cc4000000)

Polling page: 0x00007f9cdf1a3000

CodeCache: size=245760Kb used=22817Kb max_used=22817Kb free=222942Kb
 bounds [0x00007f9cc9000000, 0x00007f9cca670000, 0x00007f9cd8000000]
 total_blobs=8008 nmethods=7416 adapters=505
 compilation: enabled

Compilation events (10 events):
Event: 211.722 Thread 0x00007f9cd818f000 nmethod 8950 0x00007f9cca6463d0 code [0x00007f9cca6465a0, 0x00007f9cca646eb0]
Event: 211.722 Thread 0x00007f9cd818f000 8951       2       org.eclipse.jdt.internal.compiler.lookup.ParameterizedTypeBinding::isProperType (45 bytes)
Event: 211.728 Thread 0x00007f9cd818f000 nmethod 8951 0x00007f9cca647290 code [0x00007f9cca647420, 0x00007f9cca6476c0]
Event: 211.728 Thread 0x00007f9cd818f000 8955       2       org.eclipse.jdt.internal.compiler.lookup.LookupEnvironment::askForType (393 bytes)
Event: 211.735 Thread 0x00007f9cd818f000 nmethod 8955 0x00007f9cca647850 code [0x00007f9cca647ac0, 0x00007f9cca648610]
Event: 211.735 Thread 0x00007f9cd818f000 8963       3       org.eclipse.jdt.internal.compiler.lookup.Scope::getTypeOrPackage (1643 bytes)
Event: 211.791 Thread 0x00007f9cd818f000 nmethod 8963 0x00007f9cca649110 code [0x00007f9cca649cc0, 0x00007f9cca654c98]
Event: 211.791 Thread 0x00007f9cd818f000 8976   !   3       org.eclipse.jdt.internal.compiler.parser.Parser::parse (913 bytes)
Event: 211.812 Thread 0x00007f9cd818f000 nmethod 8976 0x00007f9cca65ab10 code [0x00007f9cca65b000, 0x00007f9cca65e4b0]
Event: 211.812 Thread 0x00007f9cd818f000 8975 % !   3       org.eclipse.jdt.internal.compiler.parser.Scanner::jumpOverMethodBody @ 7 (2089 bytes)

GC Heap History (10 events):
Event: 209.686 GC heap after
Heap after GC invocations=80 (full 0):
 garbage-first heap   total 164864K, used 83456K [0x00000000c0000000, 0x00000000c0100508, 0x0000000100000000)
  region size 1024K, 1 young (1024K), 1 survivors (1024K)
 Metaspace       used 53252K, capacity 56368K, committed 56576K, reserved 1099776K
  class space    used 5494K, capacity 6381K, committed 6400K, reserved 1048576K
}
Event: 210.040 GC heap before
{Heap before GC invocations=80 (full 0):
 garbage-first heap   total 164864K, used 90624K [0x00000000c0000000, 0x00000000c0100508, 0x0000000100000000)
  region size 1024K, 8 young (8192K), 1 survivors (1024K)
 Metaspace       used 53539K, capacity 56684K, committed 56960K, reserved 1099776K
  class space    used 5516K, capacity 6417K, committed 6528K, reserved 1048576K
Event: 210.114 GC heap after
Heap after GC invocations=81 (full 0):
 garbage-first heap   total 164864K, used 84992K [0x00000000c0000000, 0x00000000c0100508, 0x0000000100000000)
  region size 1024K, 1 young (1024K), 1 survivors (1024K)
 Metaspace       used 53539K, capacity 56684K, committed 56960K, reserved 1099776K
  class space    used 5516K, capacity 6417K, committed 6528K, reserved 1048576K
}
Event: 210.386 GC heap before
{Heap before GC invocations=81 (full 0):
 garbage-first heap   total 164864K, used 92160K [0x00000000c0000000, 0x00000000c0100508, 0x0000000100000000)
  region size 1024K, 8 young (8192K), 1 survivors (1024K)
 Metaspace       used 53735K, capacity 56818K, committed 56960K, reserved 1099776K
  class space    used 5532K, capacity 6418K, committed 6528K, reserved 1048576K
Event: 210.429 GC heap after
Heap after GC invocations=82 (full 0):
 garbage-first heap   total 164864K, used 85504K [0x00000000c0000000, 0x00000000c0100508, 0x0000000100000000)
  region size 1024K, 1 young (1024K), 1 survivors (1024K)
 Metaspace       used 53735K, capacity 56818K, committed 56960K, reserved 1099776K
  class space    used 5532K, capacity 6418K, committed 6528K, reserved 1048576K
}
Event: 211.085 GC heap before
{Heap before GC invocations=83 (full 0):
 garbage-first heap   total 164864K, used 138752K [0x00000000c0000000, 0x00000000c0100508, 0x0000000100000000)
  region size 1024K, 53 young (54272K), 1 survivors (1024K)
 Metaspace       used 55145K, capacity 58608K, committed 58752K, reserved 1101824K
  class space    used 5703K, capacity 6695K, committed 6784K, reserved 1048576K
Event: 211.126 GC heap after
Heap after GC invocations=84 (full 0):
 garbage-first heap   total 164864K, used 87552K [0x00000000c0000000, 0x00000000c0100508, 0x0000000100000000)
  region size 1024K, 3 young (3072K), 3 survivors (3072K)
 Metaspace       used 55145K, capacity 58608K, committed 58752K, reserved 1101824K
  class space    used 5703K, capacity 6695K, committed 6784K, reserved 1048576K
}
Event: 211.196 GC heap before
{Heap before GC invocations=84 (full 0):
 garbage-first heap   total 164864K, used 92672K [0x00000000c0000000, 0x00000000c0100508, 0x0000000100000000)
  region size 1024K, 8 young (8192K), 3 survivors (3072K)
 Metaspace       used 55210K, capacity 58678K, committed 59008K, reserved 1101824K
  class space    used 5707K, capacity 6696K, committed 6784K, reserved 1048576K
Event: 211.256 GC heap after
Heap after GC invocations=85 (full 0):
 garbage-first heap   total 164864K, used 80608K [0x00000000c0000000, 0x00000000c0100508, 0x0000000100000000)
  region size 1024K, 1 young (1024K), 1 survivors (1024K)
 Metaspace       used 55210K, capacity 58678K, committed 59008K, reserved 1101824K
  class space    used 5707K, capacity 6696K, committed 6784K, reserved 1048576K
}
Event: 211.850 GC heap before
{Heap before GC invocations=85 (full 0):
 garbage-first heap   total 164864K, used 138976K [0x00000000c0000000, 0x00000000c0100508, 0x0000000100000000)
  region size 1024K, 58 young (59392K), 1 survivors (1024K)
 Metaspace       used 55510K, capacity 58938K, committed 59264K, reserved 1101824K
  class space    used 5719K, capacity 6698K, committed 6784K, reserved 1048576K

Deoptimization events (10 events):
Event: 73.629 Thread 0x00007f9ca820e000 Uncommon trap: reason=unstable_if action=reinterpret pc=0x00007f9cca0d9064 method=org.eclipse.jdt.core.compiler.CharOperation.indexOf([C[CZII)I @ 108
Event: 203.692 Thread 0x00007f9ca820e000 Uncommon trap: reason=class_check action=maybe_recompile pc=0x00007f9cca469218 method=org.eclipse.jdt.internal.compiler.parser.Parser.consumeRule(I)V @ 5244
Event: 203.700 Thread 0x00007f9ca820e000 Uncommon trap: reason=class_check action=maybe_recompile pc=0x00007f9cca469218 method=org.eclipse.jdt.internal.compiler.parser.Parser.consumeRule(I)V @ 5244
Event: 204.284 Thread 0x00007f9ca820e000 Uncommon trap: reason=bimorphic action=maybe_recompile pc=0x00007f9cca46945c method=org.eclipse.jdt.internal.compiler.parser.Parser.consumeRule(I)V @ 5453
Event: 204.285 Thread 0x00007f9ca820e000 Uncommon trap: reason=bimorphic action=maybe_recompile pc=0x00007f9cca46a774 method=org.eclipse.jdt.internal.compiler.parser.Parser.consumeRule(I)V @ 4050
Event: 204.286 Thread 0x00007f9ca820e000 Uncommon trap: reason=bimorphic action=maybe_recompile pc=0x00007f9cca46a774 method=org.eclipse.jdt.internal.compiler.parser.Parser.consumeRule(I)V @ 4050
Event: 207.891 Thread 0x0000000000c19000 Uncommon trap: reason=unstable_if action=reinterpret pc=0x00007f9cca51f1d4 method=org.eclipse.jdt.internal.compiler.classfmt.MethodInfo.getExceptionTypeNames()[[C @ 4
Event: 210.185 Thread 0x0000000000c17000 Uncommon trap: reason=class_check action=maybe_recompile pc=0x00007f9cc9bfc250 method=java.util.AbstractList$Itr.hasNext()Z @ 8
Event: 210.188 Thread 0x0000000000c17000 Uncommon trap: reason=class_check action=maybe_recompile pc=0x00007f9cc9bfc250 method=java.util.AbstractList$Itr.hasNext()Z @ 8
Event: 210.188 Thread 0x0000000000c17000 Uncommon trap: reason=class_check action=maybe_recompile pc=0x00007f9cc9bfc250 method=java.util.AbstractList$Itr.hasNext()Z @ 8

Classes redefined (0 events):
No events

Internal exceptions (10 events):
Event: 211.837 Thread 0x0000000000c19000 Implicit null exception at 0x00007f9cc9d51e5d to 0x00007f9cc9d51ef9
Event: 211.837 Thread 0x0000000000c19000 Exception <a 'java/lang/NullPointerException'> (0x00000000c558a000) thrown at [/HUDSON/workspace/8-2-build-linux-amd64/jdk8u231/13620/hotspot/src/share/vm/runtime/sharedRuntime.cpp, line 605]
Event: 211.837 Thread 0x0000000000c19000 Implicit null exception at 0x00007f9cc9d51e5d to 0x00007f9cc9d51ef9
Event: 211.837 Thread 0x0000000000c19000 Exception <a 'java/lang/NullPointerException'> (0x00000000c558a558) thrown at [/HUDSON/workspace/8-2-build-linux-amd64/jdk8u231/13620/hotspot/src/share/vm/runtime/sharedRuntime.cpp, line 605]
Event: 211.837 Thread 0x0000000000c19000 Implicit null exception at 0x00007f9cc9d51e5d to 0x00007f9cc9d51ef9
Event: 211.837 Thread 0x0000000000c19000 Exception <a 'java/lang/NullPointerException'> (0x00000000c558aec0) thrown at [/HUDSON/workspace/8-2-build-linux-amd64/jdk8u231/13620/hotspot/src/share/vm/runtime/sharedRuntime.cpp, line 605]
Event: 211.837 Thread 0x0000000000c19000 Implicit null exception at 0x00007f9cc9d51e5d to 0x00007f9cc9d51ef9
Event: 211.837 Thread 0x0000000000c19000 Exception <a 'java/lang/NullPointerException'> (0x00000000c558b418) thrown at [/HUDSON/workspace/8-2-build-linux-amd64/jdk8u231/13620/hotspot/src/share/vm/runtime/sharedRuntime.cpp, line 605]
Event: 211.837 Thread 0x0000000000c19000 Implicit null exception at 0x00007f9cc9d51e5d to 0x00007f9cc9d51ef9
Event: 211.837 Thread 0x0000000000c19000 Exception <a 'java/lang/NullPointerException'> (0x00000000c558bd80) thrown at [/HUDSON/workspace/8-2-build-linux-amd64/jdk8u231/13620/hotspot/src/share/vm/runtime/sharedRuntime.cpp, line 605]

Events (10 events):
Event: 211.671 loading class org/eclipse/jdt/core/dom/IVariableBinding done
Event: 211.675 loading class org/eclipse/jdt/core/dom/IVariableBinding
Event: 211.675 loading class org/eclipse/jdt/core/dom/IVariableBinding done
Event: 211.787 Thread 0x0000000000c19000 DEOPT PACKING pc=0x00007f9cca50c97c sp=0x00007f9ca69fbca0
Event: 211.787 Thread 0x0000000000c19000 DEOPT UNPACKING pc=0x00007f9cc90474c4 sp=0x00007f9ca69fbaa8 mode 0
Event: 211.798 Thread 0x0000000000c16800 DEOPT PACKING pc=0x00007f9cca454aa9 sp=0x00007f9ca76f9cd0
Event: 211.798 Thread 0x0000000000c16800 DEOPT UNPACKING pc=0x00007f9cc90474c4 sp=0x00007f9ca76f9a28 mode 0
Event: 211.817 Thread 0x0000000000c19000 DEOPT PACKING pc=0x00007f9cca511861 sp=0x00007f9ca69fab00
Event: 211.817 Thread 0x0000000000c19000 DEOPT UNPACKING pc=0x00007f9cc90474c4 sp=0x00007f9ca69faa58 mode 0
Event: 211.846 Executing VM operation: G1IncCollectionPause


Dynamic libraries:
00400000-00401000 r-xp 00000000 fd:01 1314459                            /usr/local/jdk/bin/java
00600000-00601000 r--p 00000000 fd:01 1314459                            /usr/local/jdk/bin/java
00601000-00602000 rw-p 00001000 fd:01 1314459                            /usr/local/jdk/bin/java
00b74000-00c41000 rw-p 00000000 00:00 0                                  [heap]
c0000000-ca100000 rw-p 00000000 00:00 0 
d4200000-100000000 ---p 00000000 00:00 0 
100000000-1006a0000 rw-p 00000000 00:00 0 
1006a0000-140000000 ---p 00000000 00:00 0 
7f9ca0000000-7f9ca04fe000 rw-p 00000000 00:00 0 
7f9ca04fe000-7f9ca4000000 ---p 00000000 00:00 0 
7f9ca5ba8000-7f9ca5ce8000 rw-p 00000000 00:00 0 
7f9ca5ce8000-7f9ca5da8000 ---p 00000000 00:00 0 
7f9ca5da8000-7f9ca5fa8000 rw-p 00000000 00:00 0 
7f9ca5fa8000-7f9ca61a8000 rw-p 00000000 00:00 0 
7f9ca61a8000-7f9ca63a8000 rw-p 00000000 00:00 0 
7f9ca63a8000-7f9ca63be000 r-xp 00000000 fd:01 1180169                    /lib/x86_64-linux-gnu/libgcc_s.so.1
7f9ca63be000-7f9ca65bd000 ---p 00016000 fd:01 1180169                    /lib/x86_64-linux-gnu/libgcc_s.so.1
7f9ca65bd000-7f9ca65be000 rw-p 00015000 fd:01 1180169                    /lib/x86_64-linux-gnu/libgcc_s.so.1
7f9ca65be000-7f9ca65f6000 r-xp 00000000 fd:01 1314776                    /usr/local/jdk/jre/lib/amd64/libsunec.so
7f9ca65f6000-7f9ca67f5000 ---p 00038000 fd:01 1314776                    /usr/local/jdk/jre/lib/amd64/libsunec.so
7f9ca67f5000-7f9ca67fa000 r--p 00037000 fd:01 1314776                    /usr/local/jdk/jre/lib/amd64/libsunec.so
7f9ca67fa000-7f9ca67fc000 rw-p 0003c000 fd:01 1314776                    /usr/local/jdk/jre/lib/amd64/libsunec.so
7f9ca67fc000-7f9ca67ff000 ---p 00000000 00:00 0 
7f9ca67ff000-7f9ca68fd000 rw-p 00000000 00:00 0 
7f9ca68fd000-7f9ca6900000 ---p 00000000 00:00 0 
7f9ca6900000-7f9ca6bfe000 rw-p 00000000 00:00 0 
7f9ca6bfe000-7f9ca6dfe000 rw-p 00000000 00:00 0 
7f9ca6dfe000-7f9ca6ffe000 rw-p 00000000 00:00 0 
7f9ca70b4000-7f9ca70ca000 r--s 00168000 fd:01 1573384                    /root/.vscode-server/extensions/redhat.java-0.55.1/server/plugins/org.eclipse.jdt.core.manipulation_1.13.100.v20191218-2041.jar
7f9ca70ca000-7f9ca70f9000 r--s 001e1000 fd:01 1573587                    /root/.vscode-server/extensions/redhat.java-0.55.1/server/config_linux/org.eclipse.osgi/89/0/.cp/lib/rxjava-2.1.1.jar
7f9ca70f9000-7f9ca70fc000 ---p 00000000 00:00 0 
7f9ca70fc000-7f9ca71fa000 rw-p 00000000 00:00 0 
7f9ca71fa000-7f9ca71fd000 ---p 00000000 00:00 0 
7f9ca71fd000-7f9ca72fb000 rw-p 00000000 00:00 0 
7f9ca72fb000-7f9ca72fe000 ---p 00000000 00:00 0 
7f9ca72fe000-7f9ca75fc000 rw-p 00000000 00:00 0 
7f9ca75fc000-7f9ca75ff000 ---p 00000000 00:00 0 
7f9ca75ff000-7f9ca76fd000 rw-p 00000000 00:00 0 
7f9ca76fd000-7f9ca7700000 ---p 00000000 00:00 0 
7f9ca7700000-7f9ca79fe000 rw-p 00000000 00:00 0 
7f9ca79fe000-7f9ca7a01000 ---p 00000000 00:00 0 
7f9ca7a01000-7f9ca7cff000 rw-p 00000000 00:00 0 
7f9ca7cff000-7f9ca7d02000 ---p 00000000 00:00 0 
7f9ca7d02000-7f9ca8000000 rw-p 00000000 00:00 0 
7f9ca8000000-7f9ca9184000 rw-p 00000000 00:00 0 
7f9ca9184000-7f9cac000000 ---p 00000000 00:00 0 
7f9cac005000-7f9cac008000 r--s 00011000 fd:01 1443745                    /root/.m2/repository/org/codehaus/plexus/plexus-interpolation/1.24/plexus-interpolation-1.24.jar
7f9cac008000-7f9cac00c000 r--s 0002f000 fd:01 1443744                    /root/.m2/repository/commons-io/commons-io/2.5/commons-io-2.5.jar
7f9cac00c000-7f9cac00e000 r--s 00006000 fd:01 1443737                    /root/.m2/repository/com/google/code/findbugs/jsr305/2.0.1/jsr305-2.0.1.jar
7f9cac00e000-7f9cac011000 r--s 00023000 fd:01 1443736                    /root/.m2/repository/org/apache/maven/shared/maven-shared-utils/3.0.0/maven-shared-utils-3.0.0.jar
7f9cac011000-7f9cac015000 r--s 0003c000 fd:01 1443732                    /root/.m2/repository/org/codehaus/plexus/plexus-utils/3.1.0/plexus-utils-3.1.0.jar
7f9cac015000-7f9cac017000 r--s 0000b000 fd:01 1443734                    /root/.m2/repository/org/apache/maven/shared/maven-filtering/3.1.1/maven-filtering-3.1.1.jar
7f9cac017000-7f9cac019000 r--s 00002000 fd:01 1443727                    /root/.m2/repository/org/sonatype/plexus/plexus-cipher/1.4/plexus-cipher-1.4.jar
7f9cac019000-7f9cac024000 r--s 00069000 fd:01 1443698                    /root/.m2/repository/org/sonatype/sisu/sisu-guice/2.1.7/sisu-guice-2.1.7-noaop.jar
7f9cac024000-7f9cac029000 r--s 00021000 fd:01 1443696                    /root/.m2/repository/org/sonatype/sisu/sisu-inject-bean/1.4.2/sisu-inject-bean-1.4.2.jar
7f9cac029000-7f9cac02e000 r--s 0002e000 fd:01 1573571                    /root/.vscode-server/extensions/redhat.java-0.55.1/server/config_linux/org.eclipse.osgi/88/0/.cp/lib/commons-text-1.7.jar
7f9cac02e000-7f9cac056000 r--s 0021b000 fd:01 1573559                    /root/.vscode-server/extensions/redhat.java-0.55.1/server/config_linux/org.eclipse.osgi/88/0/.cp/lib/lucene-core-5.5.5.jar
7f9cac056000-7f9cac05c000 r--s 0003b000 fd:01 1573558                    /root/.vscode-server/extensions/redhat.java-0.55.1/server/config_linux/org.eclipse.osgi/88/0/.cp/lib/indexer-core-6.0.0.jar
7f9cac05c000-7f9cac077000 r--s 001d4000 fd:01 1314715                    /usr/local/jdk/jre/lib/ext/nashorn.jar
7f9cac078000-7f9cac07a000 r--s 00000000 fd:01 1443724                    /root/.m2/repository/org/codehaus/plexus/plexus-component-annotations/1.7.1/plexus-component-annotations-1.7.1.jar
7f9cac07a000-7f9cac07c000 r--s 0025c000 fd:01 1574108                    /root/.vscode-server/extensions/vscjava.vscode-java-debug-0.24.0/server/com.microsoft.java.debug.plugin-0.24.0.jar
7f9cac07c000-7f9cac080000 r--s 0001a000 fd:01 1573353                    /root/.vscode-server/extensions/redhat.java-0.55.1/server/plugins/org.eclipse.core.filebuffers_3.6.800.v20191122-2108.jar
7f9cac080000-7f9cac088000 r--s 00059000 fd:01 1573379                    /root/.vscode-server/extensions/redhat.java-0.55.1/server/plugins/org.eclipse.jdt.apt.core_3.6.550.v20190919-0948.jar
7f9cac088000-7f9cac08b000 r--s 00020000 fd:01 1573396                    /root/.vscode-server/extensions/redhat.java-0.55.1/server/plugins/org.eclipse.m2e.jdt_1.14.0.20191209-1925.jar
7f9cac08b000-7f9cac08e000 ---p 00000000 00:00 0 
7f9cac08e000-7f9cac18c000 rw-p 00000000 00:00 0 
7f9cac18c000-7f9cac190000 r--s 00017000 fd:01 1443719                    /root/.m2/repository/org/sonatype/aether/aether-util/1.7/aether-util-1.7.jar
7f9cac190000-7f9cac192000 r--s 00011000 fd:01 1573356                    /root/.vscode-server/extensions/redhat.java-0.55.1/server/plugins/org.eclipse.core.net_1.3.700.v20191122-2107.jar
7f9cac192000-7f9cac19f000 r--s 00079000 fd:01 1573348                    /root/.vscode-server/extensions/redhat.java-0.55.1/server/plugins/org.eclipse.buildship.core_3.1.3.v20191107-2249-s.jar
7f9cac19f000-7f9cac1a2000 ---p 00000000 00:00 0 
7f9cac1a2000-7f9cac4a0000 rw-p 00000000 00:00 0 
7f9cac4a0000-7f9cac4a6000 r--s 0003a000 fd:01 1573339                    /root/.vscode-server/extensions/redhat.java-0.55.1/server/plugins/com.google.gson_2.8.2.v20180104-1110.jar
7f9cac4a6000-7f9cac4a9000 r--s 0001e000 fd:01 1573392                    /root/.vscode-server/extensions/redhat.java-0.55.1/server/plugins/org.eclipse.lsp4j.jsonrpc_0.9.0.v20191218-1027.jar
7f9cac4a9000-7f9cac4ac000 ---p 00000000 00:00 0 
7f9cac4ac000-7f9cac5aa000 rw-p 00000000 00:00 0 
7f9cac5aa000-7f9cac5b2000 r--s 0005a000 fd:01 1573362                    /root/.vscode-server/extensions/redhat.java-0.55.1/server/plugins/org.eclipse.debug.core_3.14.200.v20191221-1346.jar
7f9cac5b2000-7f9cac5b8000 r--s 00082000 fd:01 1573388                    /root/.vscode-server/extensions/redhat.java-0.55.1/server/plugins/org.eclipse.jdt.launching_3.17.0.v20191219-0932.jar
7f9cac5b8000-7f9cac5c3000 r--s 00089000 fd:01 1573391                    /root/.vscode-server/extensions/redhat.java-0.55.1/server/plugins/org.eclipse.lsp4j_0.9.0.v20191218-1027.jar
7f9cac5c4000-7f9cac5c8000 r--s 00042000 fd:01 1573520                    /root/.vscode-server/extensions/redhat.java-0.55.1/server/config_linux/org.eclipse.osgi/56/0/.cp/jars/jansi-1.17.1.jar
7f9cac5c8000-7f9cac5cd000 r--s 002f9000 fd:01 1314517                    /usr/local/jdk/jre/lib/charsets.jar
7f9cac5cd000-7f9cac7cd000 rw-p 00000000 00:00 0 
7f9cac7cd000-7f9cac7d3000 r--s 00043000 fd:01 1573406                    /root/.vscode-server/extensions/redhat.java-0.55.1/server/plugins/org.eclipse.text_3.10.100.v20191220-1030.jar
7f9cac7d3000-7f9cac805000 r--s 00295000 fd:01 1573340                    /root/.vscode-server/extensions/redhat.java-0.55.1/server/plugins/com.google.guava_27.1.0.v20190517-1946.jar
7f9cac805000-7f9caca05000 rw-p 00000000 00:00 0 
7f9caca06000-7f9caca07000 r--s 00006000 fd:01 1443726                    /root/.m2/repository/org/sonatype/plexus/plexus-sec-dispatcher/1.3/plexus-sec-dispatcher-1.3.jar
7f9caca07000-7f9caca08000 r--s 00007000 fd:01 1442326                    /root/.m2/repository/org/apache/maven/plugins/maven-resources-plugin/3.1.0/maven-resources-plugin-3.1.0.jar
7f9caca08000-7f9caca0e000 r--s 0003f000 fd:01 1314717                    /usr/local/jdk/jre/lib/ext/sunjce_provider.jar
7f9caca0e000-7f9caca10000 r--s 00014000 fd:01 1573570                    /root/.vscode-server/extensions/redhat.java-0.55.1/server/config_linux/org.eclipse.osgi/88/0/.cp/lib/okio-1.15.0.jar
7f9caca10000-7f9caca14000 r--s 0002f000 fd:01 1573586                    /root/.vscode-server/extensions/redhat.java-0.55.1/server/config_linux/org.eclipse.osgi/89/0/.cp/lib/commons-io-2.5.jar
7f9caca14000-7f9caca1a000 r--s 00062000 fd:01 1573560                    /root/.vscode-server/extensions/redhat.java-0.55.1/server/config_linux/org.eclipse.osgi/88/0/.cp/lib/okhttp-3.12.3.jar
7f9caca1a000-7f9caca2c000 r--s 0016f000 fd:01 1573563                    /root/.vscode-server/extensions/redhat.java-0.55.1/server/config_linux/org.eclipse.osgi/88/0/.cp/lib/lucene-analyzers-common-5.5.5.jar
7f9caca2c000-7f9caca36000 r--s 00059000 fd:01 1573562                    /root/.vscode-server/extensions/redhat.java-0.55.1/server/config_linux/org.eclipse.osgi/88/0/.cp/lib/lucene-queryparser-5.5.5.jar
7f9caca36000-7f9caca38000 r--s 00523000 fd:01 1573126                    /root/.vscode-server/extensions/vscjava.vscode-maven-0.20.1/jdtls.ext/com.microsoft.java.maven.plugin/target/com.microsoft.java.maven.plugin-0.20.1.jar
7f9caca38000-7f9caca3c000 r--s 0002f000 fd:01 1573601                    /root/.vscode-server/extensions/redhat.java-0.55.1/server/config_linux/org.eclipse.osgi/70/0/.cp/lib/commons-io-2.5.jar
7f9caca3c000-7f9caca3e000 r--s 0000d000 fd:01 1573100                    /root/.vscode-server/extensions/vscjava.vscode-java-test-0.22.0/server/com.microsoft.java.test.plugin-0.22.0.jar
7f9caca43000-7f9caca47000 r--s 00019000 fd:01 1573350                    /root/.vscode-server/extensions/redhat.java-0.55.1/server/plugins/org.eclipse.core.commands_3.9.700.v20191217-1850.jar
7f9caca47000-7f9caca4e000 r--s 00051000 fd:01 1573393                    /root/.vscode-server/extensions/redhat.java-0.55.1/server/plugins/org.eclipse.ltk.core.refactoring_3.10.300.v20191104-1954.jar
7f9caca4e000-7f9caca53000 r--s 0002c000 fd:01 1573524                    /root/.vscode-server/extensions/redhat.java-0.55.1/server/config_linux/org.eclipse.osgi/55/0/.cp/indexer-core-3.1.0.jar
7f9caca56000-7f9cacc56000 rw-p 00000000 00:00 0 
7f9cacc56000-7f9cace56000 rw-p 00000000 00:00 0 
7f9cace56000-7f9cad056000 rw-p 00000000 00:00 0 
7f9cad056000-7f9cad072000 r--s 00393000 fd:01 1314721                    /usr/local/jdk/jre/lib/ext/cldrdata.jar
7f9cad072000-7f9cad07c000 r--s 00116000 fd:01 1314713                    /usr/local/jdk/jre/lib/ext/localedata.jar
7f9cad07c000-7f9cad07e000 r--s 00035000 fd:01 1573206                    /root/.vscode-server/extensions/visualstudioexptteam.vscodeintellicode-1.2.2/dist/com.microsoft.jdtls.intellicode.core-0.3.14.jar
7f9cad07e000-7f9cad080000 r--s 0000c000 fd:01 1573412                    /root/.vscode-server/extensions/redhat.java-0.55.1/server/plugins/org.jboss.tools.maven.apt.core_1.5.3.201911081053.jar
7f9cad080000-7f9cad081000 r--s 00002000 fd:01 1573519                    /root/.vscode-server/extensions/redhat.java-0.55.1/server/config_linux/org.eclipse.osgi/56/0/.cp/jars/wagon-file-3.3.4.jar
7f9cad081000-7f9cad083000 r--s 0000d000 fd:01 1314714                    /usr/local/jdk/jre/lib/ext/sunec.jar
7f9cad083000-7f9cad085000 r--s 00006000 fd:01 1573518                    /root/.vscode-server/extensions/redhat.java-0.55.1/server/config_linux/org.eclipse.osgi/56/0/.cp/jars/maven-resolver-transport-wagon-1.4.1.jar
7f9cad085000-7f9cad087000 r--s 00009000 fd:01 1573517                    /root/.vscode-server/extensions/redhat.java-0.55.1/server/config_linux/org.eclipse.osgi/56/0/.cp/jars/maven-resolver-connector-basic-1.4.1.jar
7f9cad087000-7f9cad08b000 r--s 00029000 fd:01 1573516                    /root/.vscode-server/extensions/redhat.java-0.55.1/server/config_linux/org.eclipse.osgi/56/0/.cp/jars/maven-resolver-impl-1.4.1.jar
7f9cad08b000-7f9cad08d000 r--s 00015000 fd:01 1573515                    /root/.vscode-server/extensions/redhat.java-0.55.1/server/config_linux/org.eclipse.osgi/56/0/.cp/jars/okio-1.17.3.jar
7f9cad08d000-7f9cad092000 r--s 00063000 fd:01 1573514                    /root/.vscode-server/extensions/redhat.java-0.55.1/server/config_linux/org.eclipse.osgi/56/0/.cp/jars/okhttp-3.14.1.jar
7f9cad092000-7f9cad094000 r--s 0000b000 fd:01 1573513                    /root/.vscode-server/extensions/redhat.java-0.55.1/server/config_linux/org.eclipse.osgi/56/0/.cp/jars/aether-connector-okhttp-0.17.6.jar
7f9cad094000-7f9cad096000 r--s 00001000 fd:01 1573512                    /root/.vscode-server/extensions/redhat.java-0.55.1/server/config_linux/org.eclipse.osgi/56/0/.cp/jars/plexus-build-api-0.0.7.jar
7f9cad096000-7f9cad099000 r--s 00008000 fd:01 1573511                    /root/.vscode-server/extensions/redhat.java-0.55.1/server/config_linux/org.eclipse.osgi/56/0/.cp/jars/cdi-api-1.0.jar
7f9cad099000-7f9cad09f000 r--s 0002d000 fd:01 1573510                    /root/.vscode-server/extensions/redhat.java-0.55.1/server/config_linux/org.eclipse.osgi/56/0/.cp/jars/org.eclipse.sisu.plexus-0.3.4.jar
7f9cad09f000-7f9cad0a1000 r--s 0000c000 fd:01 1573509                    /root/.vscode-server/extensions/redhat.java-0.55.1/server/config_linux/org.eclipse.osgi/56/0/.cp/jars/wagon-provider-api-3.3.4.jar
7f9cad0a1000-7f9cad0a4000 r--s 00012000 fd:01 1573508                    /root/.vscode-server/extensions/redhat.java-0.55.1/server/config_linux/org.eclipse.osgi/56/0/.cp/jars/plexus-interpolation-1.25.jar
7f9cad0a4000-7f9cad0ab000 r--s 00040000 fd:01 1573507                    /root/.vscode-server/extensions/redhat.java-0.55.1/server/config_linux/org.eclipse.osgi/56/0/.cp/jars/maven-compat-3.6.3.jar
7f9cad0ab000-7f9cad0ad000 r--s 0000c000 fd:01 1573506                    /root/.vscode-server/extensions/redhat.java-0.55.1/server/config_linux/org.eclipse.osgi/56/0/.cp/jars/commons-cli-1.4.jar
7f9cad0ad000-7f9cad0af000 r--s 00002000 fd:01 1573505                    /root/.vscode-server/extensions/redhat.java-0.55.1/server/config_linux/org.eclipse.osgi/56/0/.cp/jars/plexus-cipher-1.7.jar
7f9cad0af000-7f9cad0b0000 r--s 00006000 fd:01 1573504                    /root/.vscode-server/extensions/redhat.java-0.55.1/server/config_linux/org.eclipse.osgi/56/0/.cp/jars/plexus-sec-dispatcher-1.4.jar
7f9cad0b0000-7f9cad0b1000 r--s 00001000 fd:01 1573503                    /root/.vscode-server/extensions/redhat.java-0.55.1/server/config_linux/org.eclipse.osgi/56/0/.cp/jars/jsr250-api-1.0.jar
7f9cad0b1000-7f9cad0b3000 r--s 00016000 fd:01 1573502                    /root/.vscode-server/extensions/redhat.java-0.55.1/server/config_linux/org.eclipse.osgi/56/0/.cp/jars/maven-embedder-3.6.3.jar
7f9cad0b3000-7f9cad0bb000 r--s 00073000 fd:01 1573501                    /root/.vscode-server/extensions/redhat.java-0.55.1/server/config_linux/org.eclipse.osgi/56/0/.cp/jars/commons-lang3-3.8.1.jar
7f9cad0bb000-7f9cad0bd000 r--s 00000000 fd:01 1573500                    /root/.vscode-server/extensions/redhat.java-0.55.1/server/config_linux/org.eclipse.osgi/56/0/.cp/jars/plexus-component-annotations-2.1.0.jar
7f9cad0bd000-7f9cad0bf000 r--s 0000b000 fd:01 1573499                    /root/.vscode-server/extensions/redhat.java-0.55.1/server/config_linux/org.eclipse.osgi/56/0/.cp/jars/plexus-classworlds-2.6.0.jar
7f9cad0bf000-7f9cad0c2000 r--s 0003d000 fd:01 1573498                    /root/.vscode-server/extensions/redhat.java-0.55.1/server/config_linux/org.eclipse.osgi/56/0/.cp/jars/plexus-utils-3.2.1.jar
7f9cad0c2000-7f9cad0c3000 r--s 00000000 fd:01 1573497                    /root/.vscode-server/extensions/redhat.java-0.55.1/server/config_linux/org.eclipse.osgi/56/0/.cp/jars/animal-sniffer-annotations-1.14.jar
7f9cad0c3000-7f9cad0c5000 r--s 00001000 fd:01 1573496                    /root/.vscode-server/extensions/redhat.java-0.55.1/server/config_linux/org.eclipse.osgi/56/0/.cp/jars/j2objc-annotations-1.1.jar
7f9cad0c5000-7f9cad0c7000 r--s 00002000 fd:01 1573495                    /root/.vscode-server/extensions/redhat.java-0.55.1/server/config_linux/org.eclipse.osgi/56/0/.cp/jars/error_prone_annotations-2.1.3.jar
7f9cad0c7000-7f9cad0f7000 r--s 00249000 fd:01 1573494                    /root/.vscode-server/extensions/redhat.java-0.55.1/server/config_linux/org.eclipse.osgi/56/0/.cp/jars/guava-25.1-android.jar
7f9cad0f7000-7f9cad102000 r--s 00075000 fd:01 1573493                    /root/.vscode-server/extensions/redhat.java-0.55.1/server/config_linux/org.eclipse.osgi/56/0/.cp/jars/guice-4.2.1-no_aop.jar
7f9cad102000-7f9cad109000 r--s 00056000 fd:01 1573492                    /root/.vscode-server/extensions/redhat.java-0.55.1/server/config_linux/org.eclipse.osgi/56/0/.cp/jars/org.eclipse.sisu.inject-0.3.4.jar
7f9cad109000-7f9cad10d000 r--s 0002f000 fd:01 1573491                    /root/.vscode-server/extensions/redhat.java-0.55.1/server/config_linux/org.eclipse.osgi/56/0/.cp/jars/commons-io-2.5.jar
7f9cad10d000-7f9cad110000 r--s 00026000 fd:01 1573490                    /root/.vscode-server/extensions/redhat.java-0.55.1/server/config_linux/org.eclipse.osgi/56/0/.cp/jars/maven-shared-utils-3.2.1.jar
7f9cad110000-7f9cad114000 r--s 00025000 fd:01 1573489                    /root/.vscode-server/extensions/redhat.java-0.55.1/server/config_linux/org.eclipse.osgi/56/0/.cp/jars/maven-resolver-util-1.4.1.jar
7f9cad114000-7f9cad116000 r--s 00007000 fd:01 1573488                    /root/.vscode-server/extensions/redhat.java-0.55.1/server/config_linux/org.eclipse.osgi/56/0/.cp/jars/maven-resolver-spi-1.4.1.jar
7f9cad116000-7f9cad11b000 r--s 00020000 fd:01 1573487                    /root/.vscode-server/extensions/redhat.java-0.55.1/server/config_linux/org.eclipse.osgi/56/0/.cp/jars/maven-resolver-api-1.4.1.jar
7f9cad11b000-7f9cad11d000 r--s 0000f000 fd:01 1573486                    /root/.vscode-server/extensions/redhat.java-0.55.1/server/config_linux/org.eclipse.osgi/56/0/.cp/jars/maven-resolver-provider-3.6.3.jar
7f9cad11d000-7f9cad122000 r--s 0002a000 fd:01 1573485                    /root/.vscode-server/extensions/redhat.java-0.55.1/server/config_linux/org.eclipse.osgi/56/0/.cp/jars/maven-model-builder-3.6.3.jar
7f9cad122000-7f9cad124000 r--s 0000a000 fd:01 1573484                    /root/.vscode-server/extensions/redhat.java-0.55.1/server/config_linux/org.eclipse.osgi/56/0/.cp/jars/maven-plugin-api-3.6.3.jar
7f9cad124000-7f9cad127000 r--s 0000c000 fd:01 1573483                    /root/.vscode-server/extensions/redhat.java-0.55.1/server/config_linux/org.eclipse.osgi/56/0/.cp/jars/maven-artifact-3.6.3.jar
7f9cad127000-7f9cad128000 r--s 00006000 fd:01 1573482                    /root/.vscode-server/extensions/redhat.java-0.55.1/server/config_linux/org.eclipse.osgi/56/0/.cp/jars/maven-repository-metadata-3.6.3.jar
7f9cad128000-7f9cad129000 r--s 00003000 fd:01 1573481                    /root/.vscode-server/extensions/redhat.java-0.55.1/server/config_linux/org.eclipse.osgi/56/0/.cp/jars/maven-builder-support-3.6.3.jar
7f9cad129000-7f9cad12b000 r--s 00009000 fd:01 1573480                    /root/.vscode-server/extensions/redhat.java-0.55.1/server/config_linux/org.eclipse.osgi/56/0/.cp/jars/maven-settings-builder-3.6.3.jar
7f9cad12b000-7f9cad12e000 r--s 00032000 fd:01 1573478                    /root/.vscode-server/extensions/redhat.java-0.55.1/server/config_linux/org.eclipse.osgi/56/0/.cp/jars/maven-model-3.6.3.jar
7f9cad12e000-7f9cad13b000 r--s 0008e000 fd:01 1573477                    /root/.vscode-server/extensions/redhat.java-0.55.1/server/config_linux/org.eclipse.osgi/56/0/.cp/jars/maven-core-3.6.3.jar
7f9cad13b000-7f9cad13d000 r--s 00736000 fd:01 1573399                    /root/.vscode-server/extensions/redhat.java-0.55.1/server/plugins/org.eclipse.m2e.maven.runtime_1.14.0.20191209-1923.jar
7f9cad13d000-7f9cad13f000 r--s 00011000 fd:01 1573360                    /root/.vscode-server/extensions/redhat.java-0.55.1/server/plugins/org.eclipse.core.runtime_3.17.100.v20191216-2352.jar
7f9cad13f000-7f9cad149000 r--s 0008a000 fd:01 1573395                    /root/.vscode-server/extensions/redhat.java-0.55.1/server/plugins/org.eclipse.m2e.core_1.14.0.20191209-1925.jar
7f9cad149000-7f9cad14c000 ---p 00000000 00:00 0 
7f9cad14c000-7f9cad24a000 rw-p 00000000 00:00 0 
7f9cad24a000-7f9cad24e000 r--s 00032000 fd:01 1573381                    /root/.vscode-server/extensions/redhat.java-0.55.1/server/plugins/org.eclipse.jdt.compiler.apt_1.3.800.v20190919-0948.jar
7f9cad24e000-7f9cad44e000 rw-p 00000000 00:00 0 
7f9cad44e000-7f9cad451000 ---p 00000000 00:00 0 
7f9cad451000-7f9cad74f000 rw-p 00000000 00:00 0 
7f9cad74f000-7f9cad752000 ---p 00000000 00:00 0 
7f9cad752000-7f9cad850000 rw-p 00000000 00:00 0 
7f9cad850000-7f9cad88e000 r--s 00678000 fd:01 1573383                    /root/.vscode-server/extensions/redhat.java-0.55.1/server/plugins/org.eclipse.jdt.core_3.20.100.v20191220-2341.jar
7f9cad88e000-7f9cad892000 r--s 0001c000 fd:01 1573446                    /root/.vscode-server/extensions/redhat.java-0.55.1/server/config_linux/org.eclipse.osgi/40/0/.cp/lib/java13api.jar
7f9cad892000-7f9cad894000 r--s 00031000 fd:01 1573382                    /root/.vscode-server/extensions/redhat.java-0.55.1/server/plugins/org.eclipse.jdt.compiler.tool_1.2.700.v20191001-0515.jar
7f9cad894000-7f9cad898000 r--s 0003b000 fd:01 1314722                    /usr/local/jdk/jre/lib/ext/sunpkcs11.jar
7f9cad898000-7f9cad89c000 r--s 00023000 fd:01 1573575                    /root/.vscode-server/extensions/redhat.java-0.55.1/server/config_linux/org.eclipse.osgi/88/0/.cp/lib/maven-resolver-util-1.1.0.jar
7f9cad89c000-7f9cad8a0000 r--s 00020000 fd:01 1573573                    /root/.vscode-server/extensions/redhat.java-0.55.1/server/config_linux/org.eclipse.osgi/88/0/.cp/lib/maven-resolver-api-1.1.0.jar
7f9cad8a0000-7f9cad8a7000 r--s 00049000 fd:01 1573596                    /root/.vscode-server/extensions/redhat.java-0.55.1/server/config_linux/org.eclipse.osgi/89/0/.cp/lib/com.microsoft.java.debug.core-0.24.0.jar
7f9cad8a7000-7f9cad8aa000 r--s 0003d000 fd:01 1573572                    /root/.vscode-server/extensions/redhat.java-0.55.1/server/config_linux/org.eclipse.osgi/88/0/.cp/lib/plexus-utils-3.2.1.jar
7f9cad8aa000-7f9cad8ad000 ---p 00000000 00:00 0 
7f9cad8ad000-7f9cadbab000 rw-p 00000000 00:00 0 
7f9cadbab000-7f9cadbad000 r--s 0000f000 fd:01 1573354                    /root/.vscode-server/extensions/redhat.java-0.55.1/server/plugins/org.eclipse.core.filesystem_1.7.700.v20191213-2313.jar
7f9cadbad000-7f9cadbb0000 ---p 00000000 00:00 0 
7f9cadbb0000-7f9cadcae000 rw-p 00000000 00:00 0 
7f9cadcae000-7f9cadcb1000 r--s 00018000 fd:01 1573355                    /root/.vscode-server/extensions/redhat.java-0.55.1/server/plugins/org.eclipse.core.jobs_3.10.700.v20191211-0811.jar
7f9cadcb1000-7f9cadeb1000 rw-p 00000000 00:00 0 
7f9cadeb1000-7f9cadebc000 r--s 000d0000 fd:01 1573359                    /root/.vscode-server/extensions/redhat.java-0.55.1/server/plugins/org.eclipse.core.resources_3.13.700.v20191213-2313.jar
7f9cadebc000-7f9cadebe000 r--s 0000e000 fd:01 1573457                    /root/.vscode-server/extensions/redhat.java-0.55.1/server/config_linux/org.eclipse.osgi/47/0/.cp/lib/remark-1.2.0.jar
7f9cadebe000-7f9cadec4000 r--s 00048000 fd:01 1573456                    /root/.vscode-server/extensions/redhat.java-0.55.1/server/config_linux/org.eclipse.osgi/47/0/.cp/lib/jsoup-1.9.2.jar
7f9cadec4000-7f9cadede000 r--s 00213000 fd:01 1573390                    /root/.vscode-server/extensions/redhat.java-0.55.1/server/plugins/org.eclipse.jdt.ls.core_0.49.1.201912231651.jar
7f9cadede000-7f9cadee0000 r--s 00000000 fd:01 1573576                    /root/.vscode-server/extensions/redhat.java-0.55.1/server/config_linux/org.eclipse.osgi/88/0/.cp/lib/aopalliance-1.0.jar
7f9cadee0000-7f9cadee3000 r--s 0001e000 fd:01 1573371                    /root/.vscode-server/extensions/redhat.java-0.55.1/server/plugins/org.eclipse.equinox.preferences_3.7.700.v20191213-1901.jar
7f9cadee3000-7f9cadef3000 r-xp 00000000 fd:01 1573432                    /root/.vscode-server/extensions/redhat.java-0.55.1/server/config_linux/org.eclipse.equinox.launcher/org.eclipse.equinox.launcher.gtk.linux.x86_64_1.1.1100.v20190907-0426/eclipse_1801.so
7f9cadef3000-7f9cae0f2000 ---p 00010000 fd:01 1573432                    /root/.vscode-server/extensions/redhat.java-0.55.1/server/config_linux/org.eclipse.equinox.launcher/org.eclipse.equinox.launcher.gtk.linux.x86_64_1.1.1100.v20190907-0426/eclipse_1801.so
7f9cae0f2000-7f9cae0f3000 r--p 0000f000 fd:01 1573432                    /root/.vscode-server/extensions/redhat.java-0.55.1/server/config_linux/org.eclipse.equinox.launcher/org.eclipse.equinox.launcher.gtk.linux.x86_64_1.1.1100.v20190907-0426/eclipse_1801.so
7f9cae0f3000-7f9cae0f4000 rw-p 00010000 fd:01 1573432                    /root/.vscode-server/extensions/redhat.java-0.55.1/server/config_linux/org.eclipse.equinox.launcher/org.eclipse.equinox.launcher.gtk.linux.x86_64_1.1.1100.v20190907-0426/eclipse_1801.so
7f9cae0f4000-7f9cae0f7000 ---p 00000000 00:00 0 
7f9cae0f7000-7f9cae1f5000 rw-p 00000000 00:00 0 
7f9cae1f5000-7f9cae1f8000 ---p 00000000 00:00 0 
7f9cae1f8000-7f9cae4f6000 rw-p 00000000 00:00 0 
7f9cae4f6000-7f9cae4f9000 ---p 00000000 00:00 0 
7f9cae4f9000-7f9cae5f7000 rw-p 00000000 00:00 0 
7f9cae5f7000-7f9cae608000 r-xp 00000000 fd:01 1314830                    /usr/local/jdk/jre/lib/amd64/libnio.so
7f9cae608000-7f9cae807000 ---p 00011000 fd:01 1314830                    /usr/local/jdk/jre/lib/amd64/libnio.so
7f9cae807000-7f9cae808000 r--p 00010000 fd:01 1314830                    /usr/local/jdk/jre/lib/amd64/libnio.so
7f9cae808000-7f9cae809000 rw-p 00011000 fd:01 1314830                    /usr/local/jdk/jre/lib/amd64/libnio.so
7f9cae809000-7f9caeb09000 rw-p 00000000 00:00 0 
7f9caeb09000-7f9caeb1f000 r-xp 00000000 fd:01 1314769                    /usr/local/jdk/jre/lib/amd64/libnet.so
7f9caeb1f000-7f9caed1e000 ---p 00016000 fd:01 1314769                    /usr/local/jdk/jre/lib/amd64/libnet.so
7f9caed1e000-7f9caed1f000 r--p 00015000 fd:01 1314769                    /usr/local/jdk/jre/lib/amd64/libnet.so
7f9caed1f000-7f9caed20000 rw-p 00016000 fd:01 1314769                    /usr/local/jdk/jre/lib/amd64/libnet.so
7f9caed20000-7f9caed21000 ---p 00000000 00:00 0 
7f9caed21000-7f9caee21000 rw-p 00000000 00:00 0 
7f9caee21000-7f9caee24000 ---p 00000000 00:00 0 
7f9caee24000-7f9caef22000 rw-p 00000000 00:00 0 
7f9caef22000-7f9caef25000 ---p 00000000 00:00 0 
7f9caef25000-7f9caf023000 rw-p 00000000 00:00 0 
7f9caf023000-7f9caf026000 ---p 00000000 00:00 0 
7f9caf026000-7f9caf124000 rw-p 00000000 00:00 0 
7f9caf124000-7f9caf127000 ---p 00000000 00:00 0 
7f9caf127000-7f9caf225000 rw-p 00000000 00:00 0 
7f9caf225000-7f9caf228000 ---p 00000000 00:00 0 
7f9caf228000-7f9caf326000 rw-p 00000000 00:00 0 
7f9caf326000-7f9caf5fe000 r--p 00000000 fd:01 277516                     /usr/lib/locale/locale-archive
7f9caf5fe000-7f9caf601000 ---p 00000000 00:00 0 
7f9caf601000-7f9caf6ff000 rw-p 00000000 00:00 0 
7f9caf6ff000-7f9caf702000 ---p 00000000 00:00 0 
7f9caf702000-7f9cb0000000 rw-p 00000000 00:00 0 
7f9cb0000000-7f9cb212c000 rw-p 00000000 00:00 0 
7f9cb212c000-7f9cb4000000 ---p 00000000 00:00 0 
7f9cb4000000-7f9cb406a000 rw-p 00000000 00:00 0 
7f9cb406a000-7f9cb8000000 ---p 00000000 00:00 0 
7f9cb8000000-7f9cb94e6000 rw-p 00000000 00:00 0 
7f9cb94e6000-7f9cbc000000 ---p 00000000 00:00 0 
7f9cbc000000-7f9cbc18c000 rw-p 00000000 00:00 0 
7f9cbc18c000-7f9cc0000000 ---p 00000000 00:00 0 
7f9cc0000000-7f9cc2284000 rw-p 00000000 00:00 0 
7f9cc2284000-7f9cc3000000 ---p 00000000 00:00 0 
7f9cc3000000-7f9cc3284000 rw-p 00000000 00:00 0 
7f9cc3284000-7f9cc4000000 ---p 00000000 00:00 0 
7f9cc4000000-7f9cc42f0000 rw-p 00000000 00:00 0 
7f9cc42f0000-7f9cc8000000 ---p 00000000 00:00 0 
7f9cc8000000-7f9cc8017000 r--s 00153000 fd:01 1573402                    /root/.vscode-server/extensions/redhat.java-0.55.1/server/plugins/org.eclipse.osgi_3.15.200.v20191218-1429.jar
7f9cc8017000-7f9cc801a000 ---p 00000000 00:00 0 
7f9cc801a000-7f9cc8050000 rw-p 00000000 00:00 0 
7f9cc8050000-7f9cc8051000 ---p 00000000 00:00 0 
7f9cc8051000-7f9cc8151000 rw-p 00000000 00:00 0 
7f9cc8151000-7f9cc832b000 r--s 03d89000 fd:01 1314518                    /usr/local/jdk/jre/lib/rt.jar
7f9cc832b000-7f9cc83fc000 rw-p 00000000 00:00 0 
7f9cc83fc000-7f9cc83fd000 ---p 00000000 00:00 0 
7f9cc83fd000-7f9cc85fe000 rw-p 00000000 00:00 0 
7f9cc85fe000-7f9cc85ff000 ---p 00000000 00:00 0 
7f9cc85ff000-7f9cc86ff000 rw-p 00000000 00:00 0 
7f9cc86ff000-7f9cc8700000 ---p 00000000 00:00 0 
7f9cc8700000-7f9cc8851000 rw-p 00000000 00:00 0 
7f9cc8851000-7f9cc8a00000 ---p 00000000 00:00 0 
7f9cc8a00000-7f9cc8a51000 rw-p 00000000 00:00 0 
7f9cc8a51000-7f9cc8e00000 ---p 00000000 00:00 0 
7f9cc8e00000-7f9cc8e51000 rw-p 00000000 00:00 0 
7f9cc8e51000-7f9cc9000000 ---p 00000000 00:00 0 
7f9cc9000000-7f9cca670000 rwxp 00000000 00:00 0 
7f9cca670000-7f9cd8000000 ---p 00000000 00:00 0 
7f9cd8000000-7f9cd854b000 rw-p 00000000 00:00 0 
7f9cd854b000-7f9cdc000000 ---p 00000000 00:00 0 
7f9cdc000000-7f9cdc001000 r--s 0000a000 fd:01 1573479                    /root/.vscode-server/extensions/redhat.java-0.55.1/server/config_linux/org.eclipse.osgi/56/0/.cp/jars/maven-settings-3.6.3.jar
7f9cdc001000-7f9cdc003000 r--s 00017000 fd:01 1573351                    /root/.vscode-server/extensions/redhat.java-0.55.1/server/plugins/org.eclipse.core.contenttype_3.7.600.v20191217-1710.jar
7f9cdc003000-7f9cdc007000 r--s 0002c000 fd:01 1573372                    /root/.vscode-server/extensions/redhat.java-0.55.1/server/plugins/org.eclipse.equinox.registry_3.8.700.v20191213-1901.jar
7f9cdc007000-7f9cdc00a000 r--s 0001c000 fd:01 1573364                    /root/.vscode-server/extensions/redhat.java-0.55.1/server/plugins/org.eclipse.equinox.common_3.10.700.v20191212-0847.jar
7f9cdc00a000-7f9cdc05a000 rw-p 00000000 00:00 0 
7f9cdc05a000-7f9cdc05b000 ---p 00000000 00:00 0 
7f9cdc05b000-7f9cdc15b000 rw-p 00000000 00:00 0 
7f9cdc15b000-7f9cdc15c000 ---p 00000000 00:00 0 
7f9cdc15c000-7f9cdc35d000 rw-p 00000000 00:00 0 
7f9cdc35d000-7f9cdc35e000 ---p 00000000 00:00 0 
7f9cdc35e000-7f9cdc4b8000 rw-p 00000000 00:00 0 
7f9cdc4b8000-7f9cdc81e000 ---p 00000000 00:00 0 
7f9cdc81e000-7f9cdc839000 r-xp 00000000 fd:01 1314792                    /usr/local/jdk/jre/lib/amd64/libzip.so
7f9cdc839000-7f9cdca38000 ---p 0001b000 fd:01 1314792                    /usr/local/jdk/jre/lib/amd64/libzip.so
7f9cdca38000-7f9cdca39000 r--p 0001a000 fd:01 1314792                    /usr/local/jdk/jre/lib/amd64/libzip.so
7f9cdca39000-7f9cdca3a000 rw-p 0001b000 fd:01 1314792                    /usr/local/jdk/jre/lib/amd64/libzip.so
7f9cdca3a000-7f9cdca44000 r-xp 00000000 fd:01 1314794                    /usr/local/jdk/jre/lib/amd64/libinstrument.so
7f9cdca44000-7f9cdcc43000 ---p 0000a000 fd:01 1314794                    /usr/local/jdk/jre/lib/amd64/libinstrument.so
7f9cdcc43000-7f9cdcc44000 r--p 00009000 fd:01 1314794                    /usr/local/jdk/jre/lib/amd64/libinstrument.so
7f9cdcc44000-7f9cdcc45000 rw-p 0000a000 fd:01 1314794                    /usr/local/jdk/jre/lib/amd64/libinstrument.so
7f9cdcc45000-7f9cdcc71000 r-xp 00000000 fd:01 1314783                    /usr/local/jdk/jre/lib/amd64/libjava.so
7f9cdcc71000-7f9cdce71000 ---p 0002c000 fd:01 1314783                    /usr/local/jdk/jre/lib/amd64/libjava.so
7f9cdce71000-7f9cdce72000 r--p 0002c000 fd:01 1314783                    /usr/local/jdk/jre/lib/amd64/libjava.so
7f9cdce72000-7f9cdce74000 rw-p 0002d000 fd:01 1314783                    /usr/local/jdk/jre/lib/amd64/libjava.so
7f9cdce74000-7f9cdce81000 r-xp 00000000 fd:01 1314774                    /usr/local/jdk/jre/lib/amd64/libverify.so
7f9cdce81000-7f9cdd080000 ---p 0000d000 fd:01 1314774                    /usr/local/jdk/jre/lib/amd64/libverify.so
7f9cdd080000-7f9cdd082000 r--p 0000c000 fd:01 1314774                    /usr/local/jdk/jre/lib/amd64/libverify.so
7f9cdd082000-7f9cdd083000 rw-p 0000e000 fd:01 1314774                    /usr/local/jdk/jre/lib/amd64/libverify.so
7f9cdd083000-7f9cdd08a000 r-xp 00000000 fd:01 1185252                    /lib/x86_64-linux-gnu/librt-2.23.so
7f9cdd08a000-7f9cdd289000 ---p 00007000 fd:01 1185252                    /lib/x86_64-linux-gnu/librt-2.23.so
7f9cdd289000-7f9cdd28a000 r--p 00006000 fd:01 1185252                    /lib/x86_64-linux-gnu/librt-2.23.so
7f9cdd28a000-7f9cdd28b000 rw-p 00007000 fd:01 1185252                    /lib/x86_64-linux-gnu/librt-2.23.so
7f9cdd28b000-7f9cdd393000 r-xp 00000000 fd:01 1185261                    /lib/x86_64-linux-gnu/libm-2.23.so
7f9cdd393000-7f9cdd592000 ---p 00108000 fd:01 1185261                    /lib/x86_64-linux-gnu/libm-2.23.so
7f9cdd592000-7f9cdd593000 r--p 00107000 fd:01 1185261                    /lib/x86_64-linux-gnu/libm-2.23.so
7f9cdd593000-7f9cdd594000 rw-p 00108000 fd:01 1185261                    /lib/x86_64-linux-gnu/libm-2.23.so
7f9cdd594000-7f9cde27d000 r-xp 00000000 fd:01 1314790                    /usr/local/jdk/jre/lib/amd64/server/libjvm.so
7f9cde27d000-7f9cde47c000 ---p 00ce9000 fd:01 1314790                    /usr/local/jdk/jre/lib/amd64/server/libjvm.so
7f9cde47c000-7f9cde512000 r--p 00ce8000 fd:01 1314790                    /usr/local/jdk/jre/lib/amd64/server/libjvm.so
7f9cde512000-7f9cde543000 rw-p 00d7e000 fd:01 1314790                    /usr/local/jdk/jre/lib/amd64/server/libjvm.so
7f9cde543000-7f9cde57e000 rw-p 00000000 00:00 0 
7f9cde57e000-7f9cde73e000 r-xp 00000000 fd:01 1185266                    /lib/x86_64-linux-gnu/libc-2.23.so
7f9cde73e000-7f9cde93e000 ---p 001c0000 fd:01 1185266                    /lib/x86_64-linux-gnu/libc-2.23.so
7f9cde93e000-7f9cde942000 r--p 001c0000 fd:01 1185266                    /lib/x86_64-linux-gnu/libc-2.23.so
7f9cde942000-7f9cde944000 rw-p 001c4000 fd:01 1185266                    /lib/x86_64-linux-gnu/libc-2.23.so
7f9cde944000-7f9cde948000 rw-p 00000000 00:00 0 
7f9cde948000-7f9cde94b000 r-xp 00000000 fd:01 1185255                    /lib/x86_64-linux-gnu/libdl-2.23.so
7f9cde94b000-7f9cdeb4a000 ---p 00003000 fd:01 1185255                    /lib/x86_64-linux-gnu/libdl-2.23.so
7f9cdeb4a000-7f9cdeb4b000 r--p 00002000 fd:01 1185255                    /lib/x86_64-linux-gnu/libdl-2.23.so
7f9cdeb4b000-7f9cdeb4c000 rw-p 00003000 fd:01 1185255                    /lib/x86_64-linux-gnu/libdl-2.23.so
7f9cdeb4c000-7f9cdeb63000 r-xp 00000000 fd:01 1313769                    /usr/local/jdk/lib/amd64/jli/libjli.so
7f9cdeb63000-7f9cded62000 ---p 00017000 fd:01 1313769                    /usr/local/jdk/lib/amd64/jli/libjli.so
7f9cded62000-7f9cded63000 r--p 00016000 fd:01 1313769                    /usr/local/jdk/lib/amd64/jli/libjli.so
7f9cded63000-7f9cded64000 rw-p 00017000 fd:01 1313769                    /usr/local/jdk/lib/amd64/jli/libjli.so
7f9cded64000-7f9cded7c000 r-xp 00000000 fd:01 1185249                    /lib/x86_64-linux-gnu/libpthread-2.23.so
7f9cded7c000-7f9cdef7b000 ---p 00018000 fd:01 1185249                    /lib/x86_64-linux-gnu/libpthread-2.23.so
7f9cdef7b000-7f9cdef7c000 r--p 00017000 fd:01 1185249                    /lib/x86_64-linux-gnu/libpthread-2.23.so
7f9cdef7c000-7f9cdef7d000 rw-p 00018000 fd:01 1185249                    /lib/x86_64-linux-gnu/libpthread-2.23.so
7f9cdef7d000-7f9cdef81000 rw-p 00000000 00:00 0 
7f9cdef81000-7f9cdefa7000 r-xp 00000000 fd:01 1185244                    /lib/x86_64-linux-gnu/ld-2.23.so
7f9cdefa7000-7f9cdefa8000 r--s 00000000 fd:01 1573595                    /root/.vscode-server/extensions/redhat.java-0.55.1/server/config_linux/org.eclipse.osgi/89/0/.cp/lib/reactive-streams-1.0.0.jar
7f9cdefa8000-7f9cdefa9000 r--s 00009000 fd:01 1573380                    /root/.vscode-server/extensions/redhat.java-0.55.1/server/plugins/org.eclipse.jdt.apt.pluggable.core_1.2.400.v20190626-1334.jar
7f9cdefa9000-7f9cdefac000 r--s 0003a000 fd:01 1573403                    /root/.vscode-server/extensions/redhat.java-0.55.1/server/plugins/org.eclipse.osgi.compatibility.state_1.1.700.v20191211-0720.jar
7f9cdefac000-7f9cdefaf000 r--s 0001a000 fd:01 1314608                    /usr/local/jdk/jre/lib/jce.jar
7f9cdefaf000-7f9cdefc2000 r--s 0034b000 fd:01 1314640                    /usr/local/jdk/jre/lib/resources.jar
7f9cdefc2000-7f9cdefd9000 r--s 00198000 fd:01 1574066                    /root/.vscode-server/extensions/gabrielbb.vscode-lombok-0.9.9/server/lombok.jar
7f9cdefd9000-7f9cdf05b000 rw-p 00000000 00:00 0 
7f9cdf05b000-7f9cdf063000 rw-s 00000000 fd:01 1315550                    /tmp/hsperfdata_root/11508
7f9cdf063000-7f9cdf098000 r--s 00000000 fd:01 132198                     /var/cache/nscd/passwd
7f9cdf098000-7f9cdf09b000 ---p 00000000 00:00 0 
7f9cdf09b000-7f9cdf19d000 rw-p 00000000 00:00 0 
7f9cdf19d000-7f9cdf1a1000 r--s 000a4000 fd:01 1314727                    /usr/local/jdk/jre/lib/jsse.jar
7f9cdf1a1000-7f9cdf1a2000 r--s 0000c000 fd:01 1573367                    /root/.vscode-server/extensions/redhat.java-0.55.1/server/plugins/org.eclipse.equinox.launcher_1.5.600.v20191014-2022.jar
7f9cdf1a2000-7f9cdf1a3000 rw-p 00000000 00:00 0 
7f9cdf1a3000-7f9cdf1a4000 ---p 00000000 00:00 0 
7f9cdf1a4000-7f9cdf1a6000 rw-p 00000000 00:00 0 
7f9cdf1a6000-7f9cdf1a7000 r--p 00025000 fd:01 1185244                    /lib/x86_64-linux-gnu/ld-2.23.so
7f9cdf1a7000-7f9cdf1a8000 rw-p 00026000 fd:01 1185244                    /lib/x86_64-linux-gnu/ld-2.23.so
7f9cdf1a8000-7f9cdf1a9000 rw-p 00000000 00:00 0 
7ffdcb3fb000-7ffdcb41c000 rw-p 00000000 00:00 0                          [stack]
7ffdcb523000-7ffdcb525000 r--p 00000000 00:00 0                          [vvar]
7ffdcb525000-7ffdcb527000 r-xp 00000000 00:00 0                          [vdso]
ffffffffff600000-ffffffffff601000 r-xp 00000000 00:00 0                  [vsyscall]

VM Arguments:
jvm_args: -Declipse.application=org.eclipse.jdt.ls.core.id1 -Dosgi.bundles.defaultStartLevel=4 -Declipse.product=org.eclipse.jdt.ls.core.product -Dfile.encoding=utf8 -Xverify:none -Xmx1G -XX:+UseG1GC -XX:+UseStringDeduplication -javaagent:/root/.vscode-server/extensions/gabrielbb.vscode-lombok-0.9.9/server/lombok.jar 
java_command: /root/.vscode-server/extensions/redhat.java-0.55.1/server/plugins/org.eclipse.equinox.launcher_1.5.600.v20191014-2022.jar -configuration /root/.vscode-server/extensions/redhat.java-0.55.1/server/config_linux -data /root/.vscode-server/data/User/workspaceStorage/3eaec7268e40dc9cb727583e0b866652/redhat.java/jdt_ws
java_class_path (initial): /root/.vscode-server/extensions/redhat.java-0.55.1/server/plugins/org.eclipse.equinox.launcher_1.5.600.v20191014-2022.jar:/root/.vscode-server/extensions/gabrielbb.vscode-lombok-0.9.9/server/lombok.jar
Launcher Type: SUN_STANDARD

Environment Variables:
JAVA_HOME=/usr/local/jdk
JRE_HOME=/usr/local/jdk/jre
CLASSPATH=.:/usr/local/jdk/lib:/usr/local/jdk/jre/lib:.:$JAVA_HOME/lib:$JAVA_HOME/jre/lib
PATH=/root/.vscode-server/bin/26076a4de974ead31f97692a0d32f90d735645c0/bin:/usr/local/maven/bin:/usr/local/jdk/bin:/usr/local/jdk/jre/bin:/root/.vscode-server/bin/26076a4de974ead31f97692a0d32f90d735645c0/bin:/usr/local/sbin:/usr/local/bin:/usr/sbin:/usr/bin:/sbin:/bin:/usr/games:/usr/local/games
SHELL=/bin/bash

Signal Handlers:
SIGSEGV: [libjvm.so+0xad4d90], sa_mask[0]=11111111011111111101111111111110, sa_flags=SA_RESTART|SA_SIGINFO
SIGBUS: [libjvm.so+0xad4d90], sa_mask[0]=11111111011111111101111111111110, sa_flags=SA_RESTART|SA_SIGINFO
SIGFPE: [libjvm.so+0x90bc10], sa_mask[0]=11111111011111111101111111111110, sa_flags=SA_RESTART|SA_SIGINFO
SIGPIPE: [libjvm.so+0x90bc10], sa_mask[0]=11111111011111111101111111111110, sa_flags=SA_RESTART|SA_SIGINFO
SIGXFSZ: [libjvm.so+0x90bc10], sa_mask[0]=11111111011111111101111111111110, sa_flags=SA_RESTART|SA_SIGINFO
SIGILL: [libjvm.so+0x90bc10], sa_mask[0]=11111111011111111101111111111110, sa_flags=SA_RESTART|SA_SIGINFO
SIGUSR1: SIG_DFL, sa_mask[0]=00000000000000000000000000000000, sa_flags=none
SIGUSR2: [libjvm.so+0x90bae0], sa_mask[0]=00000000000000000000000000000000, sa_flags=SA_RESTART|SA_SIGINFO
SIGHUP: [libjvm.so+0x90c100], sa_mask[0]=11111111011111111101111111111110, sa_flags=SA_RESTART|SA_SIGINFO
SIGINT: [libjvm.so+0x90c100], sa_mask[0]=11111111011111111101111111111110, sa_flags=SA_RESTART|SA_SIGINFO
SIGTERM: [libjvm.so+0x90c100], sa_mask[0]=11111111011111111101111111111110, sa_flags=SA_RESTART|SA_SIGINFO
SIGQUIT: [libjvm.so+0x90c100], sa_mask[0]=11111111011111111101111111111110, sa_flags=SA_RESTART|SA_SIGINFO


---------------  S Y S T E M  ---------------

OS:DISTRIB_ID=Ubuntu
DISTRIB_RELEASE=16.04
DISTRIB_CODENAME=xenial
DISTRIB_DESCRIPTION="Ubuntu 16.04.3 LTS"

uname:Linux 4.4.0-93-generic #116-Ubuntu SMP Fri Aug 11 21:17:51 UTC 2017 x86_64
libc:glibc 2.23 NPTL 2.23 
rlimit: STACK 8192k, CORE 0k, NPROC 7857, NOFILE 65535, AS infinity
load average:16.68 8.05 3.20

/proc/meminfo:
MemTotal:        2048212 kB
MemFree:           69540 kB
MemAvailable:      13124 kB
Buffers:             260 kB
Cached:            33644 kB
SwapCached:            0 kB
Active:          1890076 kB
Inactive:          22944 kB
Active(anon):    1879800 kB
Inactive(anon):     9944 kB
Active(file):      10276 kB
Inactive(file):    13000 kB
Unevictable:           0 kB
Mlocked:               0 kB
SwapTotal:             0 kB
SwapFree:              0 kB
Dirty:               100 kB
Writeback:             0 kB
AnonPages:       1879188 kB
Mapped:            20388 kB
Shmem:             10556 kB
Slab:              28804 kB
SReclaimable:      14624 kB
SUnreclaim:        14180 kB
KernelStack:        5376 kB
PageTables:        11256 kB
NFS_Unstable:          0 kB
Bounce:                0 kB
WritebackTmp:          0 kB
CommitLimit:     1024104 kB
Committed_AS:    2987584 kB
VmallocTotal:   34359738367 kB
VmallocUsed:           0 kB
VmallocChunk:          0 kB
HardwareCorrupted:     0 kB
AnonHugePages:   1288192 kB
CmaTotal:              0 kB
CmaFree:               0 kB
HugePages_Total:       0
HugePages_Free:        0
HugePages_Rsvd:        0
HugePages_Surp:        0
Hugepagesize:       2048 kB
DirectMap4k:       44928 kB
DirectMap2M:     2052096 kB
DirectMap1G:           0 kB

container (cgroup) information:
container_type: cgroupv1
cpu_cpuset_cpus: 0
cpu_memory_nodes: 0
active_processor_count: 1
cpu_quota: -1
cpu_period: 100000
cpu_shares: -1
memory_limit_in_bytes: -1
memory_and_swap_limit_in_bytes: -2
memory_soft_limit_in_bytes: -1
memory_usage_in_bytes: 1653678080
memory_max_usage_in_bytes: 1665986560


CPU:total 1 (initial active 1) (1 cores per cpu, 2 threads per core) family 6 model 85 stepping 4, cmov, cx8, fxsr, mmx, sse, sse2, sse3, ssse3, sse4.1, sse4.2, popcnt, avx, avx2, aes, clmul, erms, rtm, 3dnowpref, lzcnt, ht, tsc, bmi1, bmi2, adx

/proc/cpuinfo:
processor	: 0
vendor_id	: GenuineIntel
cpu family	: 6
model		: 85
model name	: Intel(R) Xeon(R) Platinum 8163 CPU @ 2.50GHz
stepping	: 4
microcode	: 0x1
cpu MHz		: 2500.008
cache size	: 33792 KB
physical id	: 0
siblings	: 1
core id		: 0
cpu cores	: 1
apicid		: 0
initial apicid	: 0
fpu		: yes
fpu_exception	: yes
cpuid level	: 13
wp		: yes
flags		: fpu vme de pse tsc msr pae mce cx8 apic sep mtrr pge mca cmov pat pse36 clflush mmx fxsr sse sse2 ss ht syscall nx pdpe1gb rdtscp lm constant_tsc rep_good nopl eagerfpu pni pclmulqdq ssse3 fma cx16 pcid sse4_1 sse4_2 x2apic movbe popcnt tsc_deadline_timer aes xsave avx f16c rdrand hypervisor lahf_lm abm 3dnowprefetch fsgsbase tsc_adjust bmi1 hle avx2 smep bmi2 erms invpcid rtm mpx avx512f rdseed adx smap avx512cd xsaveopt xsavec xgetbv1
bugs		:
bogomips	: 5000.01
clflush size	: 64
cache_alignment	: 64
address sizes	: 46 bits physical, 48 bits virtual
power management:



Memory: 4k page, physical 2048212k(74992k free), swap 0k(0k free)

vm_info: Java HotSpot(TM) 64-Bit Server VM (25.231-b11) for linux-amd64 JRE (1.8.0_231-b11), built on Oct  5 2019 03:00:41 by "java_re" with gcc 7.3.0

time: Wed Jan  8 21:24:28 2020
timezone: CST
elapsed time: 212 seconds (0d 0h 3m 32s)

