#
# There is insufficient memory for the Java Runtime Environment to continue.
# Native memory allocation (mmap) failed to map 69926912 bytes for committing reserved memory.
# Possible reasons:
#   The system is out of physical RAM or swap space
#   The process is running with CompressedOops enabled, and the Java Heap may be blocking the growth of the native heap
# Possible solutions:
#   Reduce memory load on the system
#   Increase physical memory or swap space
#   Check if swap backing store is full
#   Decrease Java heap size (-Xmx/-Xms)
#   Decrease number of Java threads
#   Decrease Java thread stack sizes (-Xss)
#   Set larger code cache with -XX:ReservedCodeCacheSize=
#   JVM is running with Unscaled Compressed Oops mode in which the Java heap is
#     placed in the first 4GB address space. The Java Heap base address is the
#     maximum limit for the native heap growth. Please use -XX:HeapBaseMinAddress
#     to set the Java Heap base and to place the Java Heap above 4GB virtual address.
# This output file may be truncated or incomplete.
#
#  Out of Memory Error (os_linux.cpp:2749), pid=28599, tid=0x00007f3cc8d13700
#
# JRE version: Java(TM) SE Runtime Environment (8.0_231-b11) (build 1.8.0_231-b11)
# Java VM: Java HotSpot(TM) 64-Bit Server VM (25.231-b11 mixed mode linux-amd64 compressed oops)
# Failed to write core dump. Core dumps have been disabled. To enable core dumping, try "ulimit -c unlimited" before starting Java again
#

---------------  T H R E A D  ---------------

Current thread (0x00007f3cc406d000):  VMThread [stack: 0x00007f3cc8c13000,0x00007f3cc8d14000] [id=28602]

Stack: [0x00007f3cc8c13000,0x00007f3cc8d14000],  sp=0x00007f3cc8d124e0,  free space=1021k
Native frames: (J=compiled Java code, j=interpreted, Vv=VM code, C=native code)
V  [libjvm.so+0xad4455]  VMError::report_and_die()+0x2e5
V  [libjvm.so+0x4e0787]  report_vm_out_of_memory(char const*, int, unsigned long, VMErrorType, char const*)+0x67
V  [libjvm.so+0x910680]  os::pd_commit_memory(char*, unsigned long, unsigned long, bool)+0x100
V  [libjvm.so+0x907caf]  os::commit_memory(char*, unsigned long, unsigned long, bool)+0x1f
V  [libjvm.so+0xad0cd0]  VirtualSpace::expand_by(unsigned long, bool)+0x140
V  [libjvm.so+0x4e62fe]  DefNewGeneration::compute_new_size()+0x1fe
V  [libjvm.so+0x5d8a45]  GenCollectedHeap::do_collection(bool, bool, unsigned long, bool, int)+0xa05
V  [libjvm.so+0x46101c]  GenCollectorPolicy::satisfy_failed_allocation(unsigned long, bool)+0xfc
V  [libjvm.so+0xad52ef]  VM_GenCollectForAllocation::doit()+0x8f
V  [libjvm.so+0xadb216]  VM_Operation::evaluate()+0x46
V  [libjvm.so+0xad954d]  VMThread::evaluate_operation(VM_Operation*) [clone .constprop.44]+0xcd
V  [libjvm.so+0xad9b33]  VMThread::loop()+0x3a3
V  [libjvm.so+0xad9f08]  VMThread::run()+0x78
V  [libjvm.so+0x90dcb2]  java_start(Thread*)+0x102

VM_Operation (0x00007f3ccc4616f0): GenCollectForAllocation, mode: safepoint, requested by thread 0x00007f3cc4008800


---------------  P R O C E S S  ---------------

Java Threads: ( => current thread )
  0x00007f3cc40bd000 JavaThread "Service Thread" daemon [_thread_blocked, id=28608, stack(0x00007f3cc8335000,0x00007f3cc8436000)]
  0x00007f3cc40b0000 JavaThread "C1 CompilerThread1" daemon [_thread_blocked, id=28607, stack(0x00007f3cc8436000,0x00007f3cc8537000)]
  0x00007f3cc40ad800 JavaThread "C2 CompilerThread0" daemon [_thread_blocked, id=28606, stack(0x00007f3cc8537000,0x00007f3cc8638000)]
  0x00007f3cc40ac000 JavaThread "Signal Dispatcher" daemon [_thread_blocked, id=28605, stack(0x00007f3cc8638000,0x00007f3cc8739000)]
  0x00007f3cc407b000 JavaThread "Finalizer" daemon [_thread_blocked, id=28604, stack(0x00007f3cc8a11000,0x00007f3cc8b12000)]
  0x00007f3cc4076800 JavaThread "Reference Handler" daemon [_thread_blocked, id=28603, stack(0x00007f3cc8b12000,0x00007f3cc8c13000)]
  0x00007f3cc4008800 JavaThread "main" [_thread_blocked, id=28601, stack(0x00007f3ccc362000,0x00007f3ccc463000)]

Other Threads:
=>0x00007f3cc406d000 VMThread [stack: 0x00007f3cc8c13000,0x00007f3cc8d14000] [id=28602]
  0x00007f3cc40c0000 WatcherThread [stack: 0x00007f3cc8234000,0x00007f3cc8335000] [id=28609]

VM state:at safepoint (normal execution)

VM Mutex/Monitor currently owned by a thread:  ([mutex/lock_event])
[0x00007f3cc40065a0] ExpandHeap_lock - owner thread: 0x00007f3cc406d000
[0x00007f3cc4006c20] Threads_lock - owner thread: 0x00007f3cc406d000
[0x00007f3cc4007120] Heap_lock - owner thread: 0x00007f3cc4008800

heap address: 0x00000000e0a00000, size: 502 MB, Compressed Oops mode: 32-bit
Narrow klass base: 0x0000000000000000, Narrow klass shift: 3
Compressed class space size: 1073741824 Address: 0x0000000100000000

Heap:
 def new generation   total 92736K, used 10171K [0x00000000e0a00000, 0x00000000e6ea0000, 0x00000000eb150000)
  eden space 82432K,  12% used [0x00000000e0a00000, 0x00000000e13eee40, 0x00000000e5a80000)
  from space 10304K,   0% used [0x00000000e5a80000, 0x00000000e5a80000, 0x00000000e6490000)
  to   space 10304K,   0% used [0x00000000e6490000, 0x00000000e6490000, 0x00000000e6ea0000)
 tenured generation   total 342720K, used 277806K [0x00000000eb150000, 0x0000000100000000, 0x0000000100000000)
   the space 342720K,  81% used [0x00000000eb150000, 0x00000000fc09bb90, 0x00000000fc09bc00, 0x0000000100000000)
 Metaspace       used 3316K, capacity 4564K, committed 4864K, reserved 1056768K
  class space    used 363K, capacity 388K, committed 512K, reserved 1048576K

Card table byte_map: [0x00007f3cc9837000,0x00007f3cc9933000] byte_map_base: 0x00007f3cc9132000

Polling page: 0x00007f3ccc46d000

CodeCache: size=245760Kb used=1478Kb max_used=1490Kb free=244281Kb
 bounds [0x00007f3cb5000000, 0x00007f3cb5270000, 0x00007f3cc4000000]
 total_blobs=384 nmethods=136 adapters=163
 compilation: enabled

Compilation events (10 events):
Event: 0.648 Thread 0x00007f3cc40ad800  121       4       java.util.ArrayList::subListRangeCheck (110 bytes)
Event: 0.650 Thread 0x00007f3cc40ad800 nmethod 121 0x00007f3cb516e610 code [0x00007f3cb516e760, 0x00007f3cb516e7f8]
Event: 0.650 Thread 0x00007f3cc40ad800  122       4       java.util.ArrayList$SubList::<init> (46 bytes)
Event: 0.651 Thread 0x00007f3cc40ad800 nmethod 122 0x00007f3cb516e350 code [0x00007f3cb516e4a0, 0x00007f3cb516e558]
Event: 0.651 Thread 0x00007f3cc40ad800  124       4       java.util.ArrayList$SubList::size (9 bytes)
Event: 0.652 Thread 0x00007f3cc40ad800 nmethod 124 0x00007f3cb516e090 code [0x00007f3cb516e1e0, 0x00007f3cb516e278]
Event: 0.652 Thread 0x00007f3cc40ad800  125       4       java.util.ArrayList$SubList::iterator (5 bytes)
Event: 0.654 Thread 0x00007f3cc40ad800 nmethod 125 0x00007f3cb516dc50 code [0x00007f3cb516dda0, 0x00007f3cb516def8]
Event: 0.654 Thread 0x00007f3cc40ad800  126       4       java.util.ArrayList$SubList$1::<init> (47 bytes)
Event: 0.656 Thread 0x00007f3cc40ad800 nmethod 126 0x00007f3cb516d990 code [0x00007f3cb516dae0, 0x00007f3cb516db98]

GC Heap History (10 events):
Event: 0.492 GC heap after
Heap after GC invocations=8 (full 1):
 def new generation   total 18368K, used 1983K [0x00000000e0a00000, 0x00000000e1de0000, 0x00000000eb150000)
  eden space 16384K,   0% used [0x00000000e0a00000, 0x00000000e0a00000, 0x00000000e1a00000)
  from space 1984K,  99% used [0x00000000e1bf0000, 0x00000000e1ddffa0, 0x00000000e1de0000)
  to   space 1984K,   0% used [0x00000000e1a00000, 0x00000000e1a00000, 0x00000000e1bf0000)
 tenured generation   total 40636K, used 38739K [0x00000000eb150000, 0x00000000ed8ff000, 0x0000000100000000)
   the space 40636K,  95% used [0x00000000eb150000, 0x00000000ed724e60, 0x00000000ed725000, 0x00000000ed8ff000)
 Metaspace       used 3316K, capacity 4564K, committed 4864K, reserved 1056768K
  class space    used 363K, capacity 388K, committed 512K, reserved 1048576K
}
Event: 0.499 GC heap before
{Heap before GC invocations=8 (full 1):
 def new generation   total 18368K, used 18367K [0x00000000e0a00000, 0x00000000e1de0000, 0x00000000eb150000)
  eden space 16384K, 100% used [0x00000000e0a00000, 0x00000000e1a00000, 0x00000000e1a00000)
  from space 1984K,  99% used [0x00000000e1bf0000, 0x00000000e1ddffa0, 0x00000000e1de0000)
  to   space 1984K,   0% used [0x00000000e1a00000, 0x00000000e1a00000, 0x00000000e1bf0000)
 tenured generation   total 40636K, used 38739K [0x00000000eb150000, 0x00000000ed8ff000, 0x0000000100000000)
   the space 40636K,  95% used [0x00000000eb150000, 0x00000000ed724e60, 0x00000000ed725000, 0x00000000ed8ff000)
 Metaspace       used 3316K, capacity 4564K, committed 4864K, reserved 1056768K
  class space    used 363K, capacity 388K, committed 512K, reserved 1048576K
Event: 0.520 GC heap after
Heap after GC invocations=9 (full 2):
 def new generation   total 41344K, used 1964K [0x00000000e0a00000, 0x00000000e36d0000, 0x00000000eb150000)
  eden space 36800K,   5% used [0x00000000e0a00000, 0x00000000e0beb3d8, 0x00000000e2df0000)
  from space 4544K,   0% used [0x00000000e2df0000, 0x00000000e2df0000, 0x00000000e3260000)
  to   space 4544K,   0% used [0x00000000e3260000, 0x00000000e3260000, 0x00000000e36d0000)
 tenured generation   total 91728K, used 55035K [0x00000000eb150000, 0x00000000f0ae4000, 0x0000000100000000)
   the space 91728K,  59% used [0x00000000eb150000, 0x00000000ee70ec90, 0x00000000ee70ee00, 0x00000000f0ae4000)
 Metaspace       used 3316K, capacity 4564K, committed 4864K, reserved 1056768K
  class space    used 363K, capacity 388K, committed 512K, reserved 1048576K
}
Event: 0.542 GC heap before
{Heap before GC invocations=9 (full 2):
 def new generation   total 41344K, used 36800K [0x00000000e0a00000, 0x00000000e36d0000, 0x00000000eb150000)
  eden space 36800K, 100% used [0x00000000e0a00000, 0x00000000e2df0000, 0x00000000e2df0000)
  from space 4544K,   0% used [0x00000000e2df0000, 0x00000000e2df0000, 0x00000000e3260000)
  to   space 4544K,   0% used [0x00000000e3260000, 0x00000000e3260000, 0x00000000e36d0000)
 tenured generation   total 91728K, used 55035K [0x00000000eb150000, 0x00000000f0ae4000, 0x0000000100000000)
   the space 91728K,  59% used [0x00000000eb150000, 0x00000000ee70ec90, 0x00000000ee70ee00, 0x00000000f0ae4000)
 Metaspace       used 3316K, capacity 4564K, committed 4864K, reserved 1056768K
  class space    used 363K, capacity 388K, committed 512K, reserved 1048576K
Event: 0.565 GC heap after
Heap after GC invocations=10 (full 2):
 def new generation   total 41344K, used 4539K [0x00000000e0a00000, 0x00000000e36d0000, 0x00000000eb150000)
  eden space 36800K,   0% used [0x00000000e0a00000, 0x00000000e0a00000, 0x00000000e2df0000)
  from space 4544K,  99% used [0x00000000e3260000, 0x00000000e36ced80, 0x00000000e36d0000)
  to   space 4544K,   0% used [0x00000000e2df0000, 0x00000000e2df0000, 0x00000000e3260000)
 tenured generation   total 91728K, used 86989K [0x00000000eb150000, 0x00000000f0ae4000, 0x0000000100000000)
   the space 91728K,  94% used [0x00000000eb150000, 0x00000000f0643598, 0x00000000f0643600, 0x00000000f0ae4000)
 Metaspace       used 3316K, capacity 4564K, committed 4864K, reserved 1056768K
  class space    used 363K, capacity 388K, committed 512K, reserved 1048576K
}
Event: 0.583 GC heap before
{Heap before GC invocations=10 (full 2):
 def new generation   total 41344K, used 41339K [0x00000000e0a00000, 0x00000000e36d0000, 0x00000000eb150000)
  eden space 36800K, 100% used [0x00000000e0a00000, 0x00000000e2df0000, 0x00000000e2df0000)
  from space 4544K,  99% used [0x00000000e3260000, 0x00000000e36ced80, 0x00000000e36d0000)
  to   space 4544K,   0% used [0x00000000e2df0000, 0x00000000e2df0000, 0x00000000e3260000)
 tenured generation   total 91728K, used 86989K [0x00000000eb150000, 0x00000000f0ae4000, 0x0000000100000000)
   the space 91728K,  94% used [0x00000000eb150000, 0x00000000f0643598, 0x00000000f0643600, 0x00000000f0ae4000)
 Metaspace       used 3316K, capacity 4564K, committed 4864K, reserved 1056768K
  class space    used 363K, capacity 388K, committed 512K, reserved 1048576K
Event: 0.624 GC heap after
Heap after GC invocations=11 (full 3):
 def new generation   total 92736K, used 4402K [0x00000000e0a00000, 0x00000000e6ea0000, 0x00000000eb150000)
  eden space 82432K,   5% used [0x00000000e0a00000, 0x00000000e0e4cb18, 0x00000000e5a80000)
  from space 10304K,   0% used [0x00000000e5a80000, 0x00000000e5a80000, 0x00000000e6490000)
  to   space 10304K,   0% used [0x00000000e6490000, 0x00000000e6490000, 0x00000000e6ea0000)
 tenured generation   total 206000K, used 123598K [0x00000000eb150000, 0x00000000f7a7c000, 0x0000000100000000)
   the space 206000K,  59% used [0x00000000eb150000, 0x00000000f2a03a78, 0x00000000f2a03c00, 0x00000000f7a7c000)
 Metaspace       used 3316K, capacity 4564K, committed 4864K, reserved 1056768K
  class space    used 363K, capacity 388K, committed 512K, reserved 1048576K
}
Event: 0.665 GC heap before
{Heap before GC invocations=11 (full 3):
 def new generation   total 92736K, used 82432K [0x00000000e0a00000, 0x00000000e6ea0000, 0x00000000eb150000)
  eden space 82432K, 100% used [0x00000000e0a00000, 0x00000000e5a80000, 0x00000000e5a80000)
  from space 10304K,   0% used [0x00000000e5a80000, 0x00000000e5a80000, 0x00000000e6490000)
  to   space 10304K,   0% used [0x00000000e6490000, 0x00000000e6490000, 0x00000000e6ea0000)
 tenured generation   total 206000K, used 123598K [0x00000000eb150000, 0x00000000f7a7c000, 0x0000000100000000)
   the space 206000K,  59% used [0x00000000eb150000, 0x00000000f2a03a78, 0x00000000f2a03c00, 0x00000000f7a7c000)
 Metaspace       used 3316K, capacity 4564K, committed 4864K, reserved 1056768K
  class space    used 363K, capacity 388K, committed 512K, reserved 1048576K
Event: 0.729 GC heap after
Heap after GC invocations=12 (full 3):
 def new generation   total 92736K, used 10297K [0x00000000e0a00000, 0x00000000e6ea0000, 0x00000000eb150000)
  eden space 82432K,   0% used [0x00000000e0a00000, 0x00000000e0a00000, 0x00000000e5a80000)
  from space 10304K,  99% used [0x00000000e6490000, 0x00000000e6e9e6a0, 0x00000000e6ea0000)
  to   space 10304K,   0% used [0x00000000e5a80000, 0x00000000e5a80000, 0x00000000e6490000)
 tenured generation   total 206000K, used 195303K [0x00000000eb150000, 0x00000000f7a7c000, 0x0000000100000000)
   the space 206000K,  94% used [0x00000000eb150000, 0x00000000f7009fb8, 0x00000000f700a000, 0x00000000f7a7c000)
 Metaspace       used 3316K, capacity 4564K, committed 4864K, reserved 1056768K
  class space    used 363K, capacity 388K, committed 512K, reserved 1048576K
}
Event: 0.750 GC heap before
{Heap before GC invocations=12 (full 3):
 def new generation   total 92736K, used 92729K [0x00000000e0a00000, 0x00000000e6ea0000, 0x00000000eb150000)
  eden space 82432K, 100% used [0x00000000e0a00000, 0x00000000e5a80000, 0x00000000e5a80000)
  from space 10304K,  99% used [0x00000000e6490000, 0x00000000e6e9e6a0, 0x00000000e6ea0000)
  to   space 10304K,   0% used [0x00000000e5a80000, 0x00000000e5a80000, 0x00000000e6490000)
 tenured generation   total 206000K, used 195303K [0x00000000eb150000, 0x00000000f7a7c000, 0x0000000100000000)
   the space 206000K,  94% used [0x00000000eb150000, 0x00000000f7009fb8, 0x00000000f700a000, 0x00000000f7a7c000)
 Metaspace       used 3316K, capacity 4564K, committed 4864K, reserved 1056768K
  class space    used 363K, capacity 388K, committed 512K, reserved 1048576K

Deoptimization events (1 events):
Event: 0.304 Thread 0x00007f3cc4008800 Uncommon trap: reason=predicate action=maybe_recompile pc=0x00007f3cb5145b34 method=java.util.AbstractCollection.toArray([Ljava/lang/Object;)[Ljava/lang/Object; @ 49

Classes redefined (0 events):
No events

Internal exceptions (6 events):
Event: 0.026 Thread 0x00007f3cc4008800 Exception <a 'java/lang/NoSuchMethodError': Method sun.misc.Unsafe.defineClass(Ljava/lang/String;[BII)Ljava/lang/Class; name or signature does not match> (0x00000000e0a07cb8) thrown at [/HUDSON/workspace/8-2-build-linux-amd64/jdk8u231/13620/hotspot/src/sh
Event: 0.026 Thread 0x00007f3cc4008800 Exception <a 'java/lang/NoSuchMethodError': Method sun.misc.Unsafe.prefetchRead(Ljava/lang/Object;J)V name or signature does not match> (0x00000000e0a07fa0) thrown at [/HUDSON/workspace/8-2-build-linux-amd64/jdk8u231/13620/hotspot/src/share/vm/prims/jni.c
Event: 0.176 Thread 0x00007f3cc4008800 Exception <a 'java/security/PrivilegedActionException'> (0x00000000e0b97d28) thrown at [/HUDSON/workspace/8-2-build-linux-amd64/jdk8u231/13620/hotspot/src/share/vm/prims/jvm.cpp, line 1502]
Event: 0.176 Thread 0x00007f3cc4008800 Exception <a 'java/security/PrivilegedActionException'> (0x00000000e0b98120) thrown at [/HUDSON/workspace/8-2-build-linux-amd64/jdk8u231/13620/hotspot/src/share/vm/prims/jvm.cpp, line 1502]
Event: 0.176 Thread 0x00007f3cc4008800 Exception <a 'java/security/PrivilegedActionException'> (0x00000000e0b9a238) thrown at [/HUDSON/workspace/8-2-build-linux-amd64/jdk8u231/13620/hotspot/src/share/vm/prims/jvm.cpp, line 1502]
Event: 0.176 Thread 0x00007f3cc4008800 Exception <a 'java/security/PrivilegedActionException'> (0x00000000e0b9a630) thrown at [/HUDSON/workspace/8-2-build-linux-amd64/jdk8u231/13620/hotspot/src/share/vm/prims/jvm.cpp, line 1502]

Events (10 events):
Event: 0.495 Executing VM operation: GenCollectForAllocation done
Event: 0.499 Executing VM operation: GenCollectForAllocation
Event: 0.524 Executing VM operation: GenCollectForAllocation done
Event: 0.542 Executing VM operation: GenCollectForAllocation
Event: 0.568 Executing VM operation: GenCollectForAllocation done
Event: 0.583 Executing VM operation: GenCollectForAllocation
Event: 0.627 Executing VM operation: GenCollectForAllocation done
Event: 0.664 Executing VM operation: GenCollectForAllocation
Event: 0.729 Executing VM operation: GenCollectForAllocation done
Event: 0.750 Executing VM operation: GenCollectForAllocation


Dynamic libraries:
00400000-00401000 r-xp 00000000 fd:01 1314459                            /usr/local/jdk/bin/java
00600000-00601000 r--p 00000000 fd:01 1314459                            /usr/local/jdk/bin/java
00601000-00602000 rw-p 00001000 fd:01 1314459                            /usr/local/jdk/bin/java
023cb000-023ec000 rw-p 00000000 00:00 0                                  [heap]
e0a00000-e6ea0000 rw-p 00000000 00:00 0 
eb150000-100000000 rw-p 00000000 00:00 0 
100000000-100080000 rw-p 00000000 00:00 0 
100080000-140000000 ---p 00000000 00:00 0 
7f3c98000000-7f3c981e8000 rw-p 00000000 00:00 0 
7f3c981e8000-7f3c9c000000 ---p 00000000 00:00 0 
7f3c9c000000-7f3c9c021000 rw-p 00000000 00:00 0 
7f3c9c021000-7f3ca0000000 ---p 00000000 00:00 0 
7f3ca0000000-7f3ca0021000 rw-p 00000000 00:00 0 
7f3ca0021000-7f3ca4000000 ---p 00000000 00:00 0 
7f3ca4000000-7f3ca4227000 rw-p 00000000 00:00 0 
7f3ca4227000-7f3ca8000000 ---p 00000000 00:00 0 
7f3ca8000000-7f3ca8021000 rw-p 00000000 00:00 0 
7f3ca8021000-7f3cac000000 ---p 00000000 00:00 0 
7f3cac000000-7f3cac021000 rw-p 00000000 00:00 0 
7f3cac021000-7f3cb0000000 ---p 00000000 00:00 0 
7f3cb0000000-7f3cb0021000 rw-p 00000000 00:00 0 
7f3cb0021000-7f3cb4000000 ---p 00000000 00:00 0 
7f3cb4e63000-7f3cb5000000 rw-p 00000000 00:00 0 
7f3cb5000000-7f3cb5270000 rwxp 00000000 00:00 0 
7f3cb5270000-7f3cc4000000 ---p 00000000 00:00 0 
7f3cc4000000-7f3cc413f000 rw-p 00000000 00:00 0 
7f3cc413f000-7f3cc8000000 ---p 00000000 00:00 0 
7f3cc813c000-7f3cc8234000 rw-p 00000000 00:00 0 
7f3cc8234000-7f3cc8235000 ---p 00000000 00:00 0 
7f3cc8235000-7f3cc8335000 rw-p 00000000 00:00 0 
7f3cc8335000-7f3cc8338000 ---p 00000000 00:00 0 
7f3cc8338000-7f3cc8436000 rw-p 00000000 00:00 0 
7f3cc8436000-7f3cc8439000 ---p 00000000 00:00 0 
7f3cc8439000-7f3cc8537000 rw-p 00000000 00:00 0 
7f3cc8537000-7f3cc853a000 ---p 00000000 00:00 0 
7f3cc853a000-7f3cc8638000 rw-p 00000000 00:00 0 
7f3cc8638000-7f3cc863b000 ---p 00000000 00:00 0 
7f3cc863b000-7f3cc8739000 rw-p 00000000 00:00 0 
7f3cc8739000-7f3cc8a11000 r--p 00000000 fd:01 277516                     /usr/lib/locale/locale-archive
7f3cc8a11000-7f3cc8a14000 ---p 00000000 00:00 0 
7f3cc8a14000-7f3cc8b12000 rw-p 00000000 00:00 0 
7f3cc8b12000-7f3cc8b15000 ---p 00000000 00:00 0 
7f3cc8b15000-7f3cc8c13000 rw-p 00000000 00:00 0 
7f3cc8c13000-7f3cc8c14000 ---p 00000000 00:00 0 
7f3cc8c14000-7f3cc8d64000 rw-p 00000000 00:00 0 
7f3cc8d64000-7f3cc8f3e000 r--s 03d89000 fd:01 1314518                    /usr/local/jdk/jre/lib/rt.jar
7f3cc8f3e000-7f3cc9477000 rw-p 00000000 00:00 0 
7f3cc9477000-7f3cc9837000 ---p 00000000 00:00 0 
7f3cc9837000-7f3cc986a000 rw-p 00000000 00:00 0 
7f3cc986a000-7f3cc988a000 ---p 00000000 00:00 0 
7f3cc988a000-7f3cc9932000 rw-p 00000000 00:00 0 
7f3cc9932000-7f3cc993d000 rw-p 00000000 00:00 0 
7f3cc993d000-7f3cc9cf3000 ---p 00000000 00:00 0 
7f3cc9cf3000-7f3cc9d0e000 r-xp 00000000 fd:01 1314792                    /usr/local/jdk/jre/lib/amd64/libzip.so
7f3cc9d0e000-7f3cc9f0d000 ---p 0001b000 fd:01 1314792                    /usr/local/jdk/jre/lib/amd64/libzip.so
7f3cc9f0d000-7f3cc9f0e000 r--p 0001a000 fd:01 1314792                    /usr/local/jdk/jre/lib/amd64/libzip.so
7f3cc9f0e000-7f3cc9f0f000 rw-p 0001b000 fd:01 1314792                    /usr/local/jdk/jre/lib/amd64/libzip.so
7f3cc9f0f000-7f3cc9f3b000 r-xp 00000000 fd:01 1314783                    /usr/local/jdk/jre/lib/amd64/libjava.so
7f3cc9f3b000-7f3cca13b000 ---p 0002c000 fd:01 1314783                    /usr/local/jdk/jre/lib/amd64/libjava.so
7f3cca13b000-7f3cca13c000 r--p 0002c000 fd:01 1314783                    /usr/local/jdk/jre/lib/amd64/libjava.so
7f3cca13c000-7f3cca13e000 rw-p 0002d000 fd:01 1314783                    /usr/local/jdk/jre/lib/amd64/libjava.so
7f3cca13e000-7f3cca14b000 r-xp 00000000 fd:01 1314774                    /usr/local/jdk/jre/lib/amd64/libverify.so
7f3cca14b000-7f3cca34a000 ---p 0000d000 fd:01 1314774                    /usr/local/jdk/jre/lib/amd64/libverify.so
7f3cca34a000-7f3cca34c000 r--p 0000c000 fd:01 1314774                    /usr/local/jdk/jre/lib/amd64/libverify.so
7f3cca34c000-7f3cca34d000 rw-p 0000e000 fd:01 1314774                    /usr/local/jdk/jre/lib/amd64/libverify.so
7f3cca34d000-7f3cca354000 r-xp 00000000 fd:01 1185252                    /lib/x86_64-linux-gnu/librt-2.23.so
7f3cca354000-7f3cca553000 ---p 00007000 fd:01 1185252                    /lib/x86_64-linux-gnu/librt-2.23.so
7f3cca553000-7f3cca554000 r--p 00006000 fd:01 1185252                    /lib/x86_64-linux-gnu/librt-2.23.so
7f3cca554000-7f3cca555000 rw-p 00007000 fd:01 1185252                    /lib/x86_64-linux-gnu/librt-2.23.so
7f3cca555000-7f3cca65d000 r-xp 00000000 fd:01 1185261                    /lib/x86_64-linux-gnu/libm-2.23.so
7f3cca65d000-7f3cca85c000 ---p 00108000 fd:01 1185261                    /lib/x86_64-linux-gnu/libm-2.23.so
7f3cca85c000-7f3cca85d000 r--p 00107000 fd:01 1185261                    /lib/x86_64-linux-gnu/libm-2.23.so
7f3cca85d000-7f3cca85e000 rw-p 00108000 fd:01 1185261                    /lib/x86_64-linux-gnu/libm-2.23.so
7f3cca85e000-7f3ccb547000 r-xp 00000000 fd:01 1314790                    /usr/local/jdk/jre/lib/amd64/server/libjvm.so
7f3ccb547000-7f3ccb746000 ---p 00ce9000 fd:01 1314790                    /usr/local/jdk/jre/lib/amd64/server/libjvm.so
7f3ccb746000-7f3ccb7dc000 r--p 00ce8000 fd:01 1314790                    /usr/local/jdk/jre/lib/amd64/server/libjvm.so
7f3ccb7dc000-7f3ccb80d000 rw-p 00d7e000 fd:01 1314790                    /usr/local/jdk/jre/lib/amd64/server/libjvm.so
7f3ccb80d000-7f3ccb848000 rw-p 00000000 00:00 0 
7f3ccb848000-7f3ccba08000 r-xp 00000000 fd:01 1185266                    /lib/x86_64-linux-gnu/libc-2.23.so
7f3ccba08000-7f3ccbc08000 ---p 001c0000 fd:01 1185266                    /lib/x86_64-linux-gnu/libc-2.23.so
7f3ccbc08000-7f3ccbc0c000 r--p 001c0000 fd:01 1185266                    /lib/x86_64-linux-gnu/libc-2.23.so
7f3ccbc0c000-7f3ccbc0e000 rw-p 001c4000 fd:01 1185266                    /lib/x86_64-linux-gnu/libc-2.23.so
7f3ccbc0e000-7f3ccbc12000 rw-p 00000000 00:00 0 
7f3ccbc12000-7f3ccbc15000 r-xp 00000000 fd:01 1185255                    /lib/x86_64-linux-gnu/libdl-2.23.so
7f3ccbc15000-7f3ccbe14000 ---p 00003000 fd:01 1185255                    /lib/x86_64-linux-gnu/libdl-2.23.so
7f3ccbe14000-7f3ccbe15000 r--p 00002000 fd:01 1185255                    /lib/x86_64-linux-gnu/libdl-2.23.so
7f3ccbe15000-7f3ccbe16000 rw-p 00003000 fd:01 1185255                    /lib/x86_64-linux-gnu/libdl-2.23.so
7f3ccbe16000-7f3ccbe2d000 r-xp 00000000 fd:01 1313769                    /usr/local/jdk/lib/amd64/jli/libjli.so
7f3ccbe2d000-7f3ccc02c000 ---p 00017000 fd:01 1313769                    /usr/local/jdk/lib/amd64/jli/libjli.so
7f3ccc02c000-7f3ccc02d000 r--p 00016000 fd:01 1313769                    /usr/local/jdk/lib/amd64/jli/libjli.so
7f3ccc02d000-7f3ccc02e000 rw-p 00017000 fd:01 1313769                    /usr/local/jdk/lib/amd64/jli/libjli.so
7f3ccc02e000-7f3ccc046000 r-xp 00000000 fd:01 1185249                    /lib/x86_64-linux-gnu/libpthread-2.23.so
7f3ccc046000-7f3ccc245000 ---p 00018000 fd:01 1185249                    /lib/x86_64-linux-gnu/libpthread-2.23.so
7f3ccc245000-7f3ccc246000 r--p 00017000 fd:01 1185249                    /lib/x86_64-linux-gnu/libpthread-2.23.so
7f3ccc246000-7f3ccc247000 rw-p 00018000 fd:01 1185249                    /lib/x86_64-linux-gnu/libpthread-2.23.so
7f3ccc247000-7f3ccc24b000 rw-p 00000000 00:00 0 
7f3ccc24b000-7f3ccc271000 r-xp 00000000 fd:01 1185244                    /lib/x86_64-linux-gnu/ld-2.23.so
7f3ccc27d000-7f3ccc325000 rw-p 00000000 00:00 0 
7f3ccc325000-7f3ccc32d000 rw-s 00000000 fd:01 1316768                    /tmp/hsperfdata_root/28599
7f3ccc32d000-7f3ccc362000 r--s 00000000 fd:01 132198                     /var/cache/nscd/passwd
7f3ccc362000-7f3ccc365000 ---p 00000000 00:00 0 
7f3ccc365000-7f3ccc467000 rw-p 00000000 00:00 0 
7f3ccc46b000-7f3ccc46c000 r--s 00000000 fd:01 923783                     /tmp/cp_avetahz90vaajzqwfs4t3q5wh.jar
7f3ccc46c000-7f3ccc46d000 rw-p 00000000 00:00 0 
7f3ccc46d000-7f3ccc46e000 ---p 00000000 00:00 0 
7f3ccc46e000-7f3ccc470000 rw-p 00000000 00:00 0 
7f3ccc470000-7f3ccc471000 r--p 00025000 fd:01 1185244                    /lib/x86_64-linux-gnu/ld-2.23.so
7f3ccc471000-7f3ccc472000 rw-p 00026000 fd:01 1185244                    /lib/x86_64-linux-gnu/ld-2.23.so
7f3ccc472000-7f3ccc473000 rw-p 00000000 00:00 0 
7ffc6f764000-7ffc6f785000 rw-p 00000000 00:00 0                          [stack]
7ffc6f79d000-7ffc6f79f000 r--p 00000000 00:00 0                          [vvar]
7ffc6f79f000-7ffc6f7a1000 r-xp 00000000 00:00 0                          [vdso]
ffffffffff600000-ffffffffff601000 r-xp 00000000 00:00 0                  [vsyscall]

VM Arguments:
jvm_args: -Dfile.encoding=UTF-8 
java_command: com.laputa.rec.MY
java_class_path (initial): /tmp/cp_avetahz90vaajzqwfs4t3q5wh.jar
Launcher Type: SUN_STANDARD

Environment Variables:
JAVA_HOME=/usr/local/jdk
JRE_HOME=/usr/local/jdk/jre
CLASSPATH=.:/usr/local/jdk/lib:/usr/local/jdk/jre/lib:.:$JAVA_HOME/lib:$JAVA_HOME/jre/lib
PATH=/root/.vscode-server/bin/26076a4de974ead31f97692a0d32f90d735645c0/bin:/usr/local/maven/bin:/usr/local/jdk/bin:/usr/local/jdk/jre/bin:/root/.vscode-server/bin/26076a4de974ead31f97692a0d32f90d735645c0/bin:/usr/local/sbin:/usr/local/bin:/usr/sbin:/usr/bin:/sbin:/bin:/usr/games:/usr/local/games
SHELL=/bin/bash

Signal Handlers:
SIGSEGV: [libjvm.so+0xad4d90], sa_mask[0]=11111111011111111101111111111110, sa_flags=SA_RESTART|SA_SIGINFO
SIGBUS: [libjvm.so+0xad4d90], sa_mask[0]=11111111011111111101111111111110, sa_flags=SA_RESTART|SA_SIGINFO
SIGFPE: [libjvm.so+0x90bc10], sa_mask[0]=11111111011111111101111111111110, sa_flags=SA_RESTART|SA_SIGINFO
SIGPIPE: [libjvm.so+0x90bc10], sa_mask[0]=11111111011111111101111111111110, sa_flags=SA_RESTART|SA_SIGINFO
SIGXFSZ: [libjvm.so+0x90bc10], sa_mask[0]=11111111011111111101111111111110, sa_flags=SA_RESTART|SA_SIGINFO
SIGILL: [libjvm.so+0x90bc10], sa_mask[0]=11111111011111111101111111111110, sa_flags=SA_RESTART|SA_SIGINFO
SIGUSR1: SIG_DFL, sa_mask[0]=00000000000000000000000000000000, sa_flags=none
SIGUSR2: [libjvm.so+0x90bae0], sa_mask[0]=00000000000000000000000000000000, sa_flags=SA_RESTART|SA_SIGINFO
SIGHUP: [libjvm.so+0x90c100], sa_mask[0]=11111111011111111101111111111110, sa_flags=SA_RESTART|SA_SIGINFO
SIGINT: [libjvm.so+0x90c100], sa_mask[0]=11111111011111111101111111111110, sa_flags=SA_RESTART|SA_SIGINFO
SIGTERM: [libjvm.so+0x90c100], sa_mask[0]=11111111011111111101111111111110, sa_flags=SA_RESTART|SA_SIGINFO
SIGQUIT: [libjvm.so+0x90c100], sa_mask[0]=11111111011111111101111111111110, sa_flags=SA_RESTART|SA_SIGINFO


---------------  S Y S T E M  ---------------

OS:DISTRIB_ID=Ubuntu
DISTRIB_RELEASE=16.04
DISTRIB_CODENAME=xenial
DISTRIB_DESCRIPTION="Ubuntu 16.04.3 LTS"

uname:Linux 4.4.0-93-generic #116-Ubuntu SMP Fri Aug 11 21:17:51 UTC 2017 x86_64
libc:glibc 2.23 NPTL 2.23 
rlimit: STACK 8192k, CORE 0k, NPROC 7857, NOFILE 65535, AS infinity
load average:0.43 0.46 0.33

/proc/meminfo:
MemTotal:        2048212 kB
MemFree:           74064 kB
MemAvailable:      32444 kB
Buffers:            3248 kB
Cached:            62016 kB
SwapCached:            0 kB
Active:          1874024 kB
Inactive:          38040 kB
Active(anon):    1847420 kB
Inactive(anon):    12492 kB
Active(file):      26604 kB
Inactive(file):    25548 kB
Unevictable:           0 kB
Mlocked:               0 kB
SwapTotal:             0 kB
SwapFree:              0 kB
Dirty:               164 kB
Writeback:             0 kB
AnonPages:       1846852 kB
Mapped:            37804 kB
Shmem:             13060 kB
Slab:              28892 kB
SReclaimable:      15340 kB
SUnreclaim:        13552 kB
KernelStack:        4480 kB
PageTables:         9792 kB
NFS_Unstable:          0 kB
Bounce:                0 kB
WritebackTmp:          0 kB
CommitLimit:     1024104 kB
Committed_AS:    2867012 kB
VmallocTotal:   34359738367 kB
VmallocUsed:           0 kB
VmallocChunk:          0 kB
HardwareCorrupted:     0 kB
AnonHugePages:   1433600 kB
CmaTotal:              0 kB
CmaFree:               0 kB
HugePages_Total:       0
HugePages_Free:        0
HugePages_Rsvd:        0
HugePages_Surp:        0
Hugepagesize:       2048 kB
DirectMap4k:       44928 kB
DirectMap2M:     2052096 kB
DirectMap1G:           0 kB

container (cgroup) information:
container_type: cgroupv1
cpu_cpuset_cpus: 0
cpu_memory_nodes: 0
active_processor_count: 1
cpu_quota: -1
cpu_period: 100000
cpu_shares: -1
memory_limit_in_bytes: -1
memory_and_swap_limit_in_bytes: -2
memory_soft_limit_in_bytes: -1
memory_usage_in_bytes: 1572790272
memory_max_usage_in_bytes: 1576177664


CPU:total 1 (initial active 1) (1 cores per cpu, 2 threads per core) family 6 model 85 stepping 4, cmov, cx8, fxsr, mmx, sse, sse2, sse3, ssse3, sse4.1, sse4.2, popcnt, avx, avx2, aes, clmul, erms, rtm, 3dnowpref, lzcnt, ht, tsc, bmi1, bmi2, adx

/proc/cpuinfo:
processor	: 0
vendor_id	: GenuineIntel
cpu family	: 6
model		: 85
model name	: Intel(R) Xeon(R) Platinum 8163 CPU @ 2.50GHz
stepping	: 4
microcode	: 0x1
cpu MHz		: 2500.008
cache size	: 33792 KB
physical id	: 0
siblings	: 1
core id		: 0
cpu cores	: 1
apicid		: 0
initial apicid	: 0
fpu		: yes
fpu_exception	: yes
cpuid level	: 13
wp		: yes
flags		: fpu vme de pse tsc msr pae mce cx8 apic sep mtrr pge mca cmov pat pse36 clflush mmx fxsr sse sse2 ss ht syscall nx pdpe1gb rdtscp lm constant_tsc rep_good nopl eagerfpu pni pclmulqdq ssse3 fma cx16 pcid sse4_1 sse4_2 x2apic movbe popcnt tsc_deadline_timer aes xsave avx f16c rdrand hypervisor lahf_lm abm 3dnowprefetch fsgsbase tsc_adjust bmi1 hle avx2 smep bmi2 erms invpcid rtm mpx avx512f rdseed adx smap avx512cd xsaveopt xsavec xgetbv1
bugs		:
bogomips	: 5000.01
clflush size	: 64
cache_alignment	: 64
address sizes	: 46 bits physical, 48 bits virtual
power management:



Memory: 4k page, physical 2048212k(73940k free), swap 0k(0k free)

vm_info: Java HotSpot(TM) 64-Bit Server VM (25.231-b11) for linux-amd64 JRE (1.8.0_231-b11), built on Oct  5 2019 03:00:41 by "java_re" with gcc 7.3.0

time: Thu Jan  9 21:02:14 2020
timezone: CST
elapsed time: 0 seconds (0d 0h 0m 0s)

