#
# There is insufficient memory for the Java Runtime Environment to continue.
# Native memory allocation (mmap) failed to map 134217728 bytes for committing reserved memory.
# Possible reasons:
#   The system is out of physical RAM or swap space
#   The process is running with CompressedOops enabled, and the Java Heap may be blocking the growth of the native heap
# Possible solutions:
#   Reduce memory load on the system
#   Increase physical memory or swap space
#   Check if swap backing store is full
#   Decrease Java heap size (-Xmx/-Xms)
#   Decrease number of Java threads
#   Decrease Java thread stack sizes (-Xss)
#   Set larger code cache with -XX:ReservedCodeCacheSize=
#   JVM is running with Unscaled Compressed Oops mode in which the Java heap is
#     placed in the first 4GB address space. The Java Heap base address is the
#     maximum limit for the native heap growth. Please use -XX:HeapBaseMinAddress
#     to set the Java Heap base and to place the Java Heap above 4GB virtual address.
# This output file may be truncated or incomplete.
#
#  Out of Memory Error (os_linux.cpp:2749), pid=29131, tid=0x00007fc707fff700
#
# JRE version: Java(TM) SE Runtime Environment (8.0_231-b11) (build 1.8.0_231-b11)
# Java VM: Java HotSpot(TM) 64-Bit Server VM (25.231-b11 mixed mode linux-amd64 compressed oops)
# Failed to write core dump. Core dumps have been disabled. To enable core dumping, try "ulimit -c unlimited" before starting Java again
#

---------------  T H R E A D  ---------------

Current thread (0x00007fc7300d8800):  VMThread [stack: 0x00007fc707eff000,0x00007fc708000000] [id=29140]

Stack: [0x00007fc707eff000,0x00007fc708000000],  sp=0x00007fc707ffe3d0,  free space=1020k
Native frames: (J=compiled Java code, j=interpreted, Vv=VM code, C=native code)
V  [libjvm.so+0xad4455]  VMError::report_and_die()+0x2e5
V  [libjvm.so+0x4e0787]  report_vm_out_of_memory(char const*, int, unsigned long, VMErrorType, char const*)+0x67
V  [libjvm.so+0x9107d6]  os::pd_commit_memory_or_exit(char*, unsigned long, unsigned long, bool, char const*)+0x106
V  [libjvm.so+0x907f7d]  os::commit_memory_or_exit(char*, unsigned long, unsigned long, bool, char const*)+0x1d
V  [libjvm.so+0x5afa84]  G1PageBasedVirtualSpace::commit_internal(unsigned long, unsigned long)+0x224
V  [libjvm.so+0x5afb0e]  G1PageBasedVirtualSpace::commit(unsigned long, unsigned long)+0x7e
V  [libjvm.so+0x5b2605]  G1RegionsLargerThanCommitSizeMapper::commit_regions(unsigned int, unsigned long)+0x35
V  [libjvm.so+0x61d916]  HeapRegionManager::commit_regions(unsigned int, unsigned long)+0x76
V  [libjvm.so+0x61ea2f]  HeapRegionManager::make_regions_available(unsigned int, unsigned int)+0x3f
V  [libjvm.so+0x61eef8]  HeapRegionManager::expand_by(unsigned int)+0x128
V  [libjvm.so+0x58beea]  G1CollectedHeap::expand(unsigned long)+0x12a
V  [libjvm.so+0x59556f]  G1CollectedHeap::do_collection_pause_at_safepoint(double)+0x99f
V  [libjvm.so+0xadc2e1]  VM_G1IncCollectionPause::doit()+0x81
V  [libjvm.so+0xadb216]  VM_Operation::evaluate()+0x46
V  [libjvm.so+0xad954d]  VMThread::evaluate_operation(VM_Operation*) [clone .constprop.44]+0xcd
V  [libjvm.so+0xad9b33]  VMThread::loop()+0x3a3
V  [libjvm.so+0xad9f08]  VMThread::run()+0x78
V  [libjvm.so+0x90dcb2]  java_start(Thread*)+0x102

VM_Operation (0x00007fc705f149e0): G1IncCollectionPause, mode: safepoint, requested by thread 0x00007fc7081ca000


---------------  P R O C E S S  ---------------

Java Threads: ( => current thread )
  0x00007fc73042f800 JavaThread "pool-1-thread-1" [_thread_blocked, id=29200, stack(0x00007fc70486b000,0x00007fc70496c000)]
  0x00007fc73039b000 JavaThread "pool-2-thread-1" [_thread_blocked, id=29199, stack(0x00007fc704b75000,0x00007fc704c76000)]
  0x00007fc7003d1800 JavaThread "Java indexing" daemon [_thread_blocked, id=29195, stack(0x00007fc705816000,0x00007fc705917000)]
  0x00007fc7101a8800 JavaThread "Worker-2: Repository registry initialization" [_thread_blocked, id=29194, stack(0x00007fc705b1b000,0x00007fc705c1c000)]
  0x00007fc7081ca000 JavaThread "Worker-1: Initialize Workspace" [_thread_blocked, id=29193, stack(0x00007fc705e1c000,0x00007fc705f1d000)]
  0x00007fc700210800 JavaThread "Worker-0" [_thread_blocked, id=29192, stack(0x00007fc705f77000,0x00007fc706078000)]
  0x00007fc70015b000 JavaThread "Worker-JM" [_thread_blocked, id=29191, stack(0x00007fc70627a000,0x00007fc70637b000)]
  0x00007fc730358800 JavaThread "Start Level: Equinox Container: 26dbebaf-8878-487b-9ee5-277ddda8e08d" daemon [_thread_blocked, id=29190, stack(0x00007fc7067ba000,0x00007fc7068bb000)]
  0x00007fc730353800 JavaThread "Framework Event Dispatcher: Equinox Container: 26dbebaf-8878-487b-9ee5-277ddda8e08d" daemon [_thread_blocked, id=29189, stack(0x00007fc7068bb000,0x00007fc7069bc000)]
  0x00007fc7302ef000 JavaThread "Active Thread: Equinox Container: 26dbebaf-8878-487b-9ee5-277ddda8e08d" [_thread_blocked, id=29188, stack(0x00007fc706bbc000,0x00007fc706cbd000)]
  0x00007fc730230000 JavaThread "process reaper" daemon [_thread_blocked, id=29187, stack(0x00007fc7073e6000,0x00007fc70741f000)]
  0x00007fc730140000 JavaThread "Service Thread" daemon [_thread_blocked, id=29183, stack(0x00007fc707520000,0x00007fc707621000)]
  0x00007fc73018f000 JavaThread "C1 CompilerThread1" daemon [_thread_blocked, id=29177, stack(0x00007fc707621000,0x00007fc707722000)]
  0x00007fc73018d000 JavaThread "C2 CompilerThread0" daemon [_thread_blocked, id=29176, stack(0x00007fc707722000,0x00007fc707823000)]
  0x00007fc73011d800 JavaThread "Signal Dispatcher" daemon [_thread_blocked, id=29148, stack(0x00007fc707823000,0x00007fc707924000)]
  0x00007fc73011b800 JavaThread "Surrogate Locker Thread (Concurrent GC)" daemon [_thread_blocked, id=29147, stack(0x00007fc707924000,0x00007fc707a25000)]
  0x00007fc7300e6800 JavaThread "Finalizer" daemon [_thread_blocked, id=29142, stack(0x00007fc707cfd000,0x00007fc707dfe000)]
  0x00007fc7300e2000 JavaThread "Reference Handler" daemon [_thread_blocked, id=29141, stack(0x00007fc707dfe000,0x00007fc707eff000)]
  0x00007fc73000a800 JavaThread "main" [_thread_blocked, id=29132, stack(0x00007fc737764000,0x00007fc737865000)]

Other Threads:
=>0x00007fc7300d8800 VMThread [stack: 0x00007fc707eff000,0x00007fc708000000] [id=29140]
  0x00007fc730144800 WatcherThread [stack: 0x00007fc70741f000,0x00007fc707520000] [id=29184]

VM state:at safepoint (normal execution)

VM Mutex/Monitor currently owned by a thread:  ([mutex/lock_event])
[0x00007fc730008c00] Threads_lock - owner thread: 0x00007fc7300d8800
[0x00007fc730009100] Heap_lock - owner thread: 0x00007fc7081ca000

heap address: 0x00000000c0000000, size: 1024 MB, Compressed Oops mode: 32-bit
Narrow klass base: 0x0000000000000000, Narrow klass shift: 3
Compressed class space size: 1073741824 Address: 0x0000000100000000

Heap:
 garbage-first heap   total 262144K, used 20479K [0x00000000c0000000, 0x00000000c0100800, 0x0000000100000000)
  region size 1024K, 6 young (6144K), 6 survivors (6144K)
 Metaspace       used 32926K, capacity 35110K, committed 35328K, reserved 1081344K
  class space    used 3608K, capacity 4273K, committed 4352K, reserved 1048576K

Heap Regions: (Y=young(eden), SU=young(survivor), HS=humongous(starts), HC=humongous(continues), CS=collection set, F=free, TS=gc time stamp, PTAMS=previous top-at-mark-start, NTAMS=next top-at-mark-start)
AC   0  O    TS     0 PTAMS 0x00000000c0100000 NTAMS 0x00000000c0100000 space 1024K, 100% used [0x00000000c0000000, 0x00000000c0100000)
AC   0  O    TS     5 PTAMS 0x00000000c0100000 NTAMS 0x00000000c0100000 space 1024K, 100% used [0x00000000c0100000, 0x00000000c0200000)
AC   0  O    TS     0 PTAMS 0x00000000c0300000 NTAMS 0x00000000c0300000 space 1024K, 100% used [0x00000000c0200000, 0x00000000c0300000)
AC   0  O    TS     0 PTAMS 0x00000000c0400000 NTAMS 0x00000000c0400000 space 1024K, 100% used [0x00000000c0300000, 0x00000000c0400000)
AC   0  O    TS     0 PTAMS 0x00000000c0500000 NTAMS 0x00000000c0500000 space 1024K, 100% used [0x00000000c0400000, 0x00000000c0500000)
AC   0  F    TS     0 PTAMS 0x00000000c0500000 NTAMS 0x00000000c0500000 space 1024K,   0% used [0x00000000c0500000, 0x00000000c0600000)
AC   0  O    TS     5 PTAMS 0x00000000c0600000 NTAMS 0x00000000c0600000 space 1024K, 100% used [0x00000000c0600000, 0x00000000c0700000)
AC   0  F    TS     0 PTAMS 0x00000000c0700000 NTAMS 0x00000000c0700000 space 1024K,   0% used [0x00000000c0700000, 0x00000000c0800000)
AC   0  O    TS     0 PTAMS 0x00000000c0900000 NTAMS 0x00000000c0900000 space 1024K, 100% used [0x00000000c0800000, 0x00000000c0900000)
AC   0  O    TS     0 PTAMS 0x00000000c0a00000 NTAMS 0x00000000c0a00000 space 1024K, 100% used [0x00000000c0900000, 0x00000000c0a00000)
AC   0  O    TS     0 PTAMS 0x00000000c0b00000 NTAMS 0x00000000c0b00000 space 1024K, 100% used [0x00000000c0a00000, 0x00000000c0b00000)
AC   0  O    TS     0 PTAMS 0x00000000c0c00000 NTAMS 0x00000000c0c00000 space 1024K, 100% used [0x00000000c0b00000, 0x00000000c0c00000)
AC   0  O    TS     0 PTAMS 0x00000000c0d00000 NTAMS 0x00000000c0d00000 space 1024K, 100% used [0x00000000c0c00000, 0x00000000c0d00000)
AC   0  F    TS     0 PTAMS 0x00000000c0d00000 NTAMS 0x00000000c0d00000 space 1024K,   0% used [0x00000000c0d00000, 0x00000000c0e00000)
AC   0  F    TS     7 PTAMS 0x00000000c0e00000 NTAMS 0x00000000c0e00000 space 1024K,   0% used [0x00000000c0e00000, 0x00000000c0f00000)
AC   0  F    TS     7 PTAMS 0x00000000c0f00000 NTAMS 0x00000000c0f00000 space 1024K,   0% used [0x00000000c0f00000, 0x00000000c1000000)
AC   0  O    TS     0 PTAMS 0x00000000c1100000 NTAMS 0x00000000c1100000 space 1024K, 100% used [0x00000000c1000000, 0x00000000c1100000)
AC   0  O    TS     5 PTAMS 0x00000000c1100000 NTAMS 0x00000000c1100000 space 1024K, 100% used [0x00000000c1100000, 0x00000000c1200000)
AC   0  O    TS     3 PTAMS 0x00000000c1280008 NTAMS 0x00000000c1280008 space 1024K, 100% used [0x00000000c1200000, 0x00000000c1300000)
AC   0  F    TS     0 PTAMS 0x00000000c1300000 NTAMS 0x00000000c1300000 space 1024K,   0% used [0x00000000c1300000, 0x00000000c1400000)
AC   0  F    TS     0 PTAMS 0x00000000c1400000 NTAMS 0x00000000c1400000 space 1024K,   0% used [0x00000000c1400000, 0x00000000c1500000)
AC   0  F    TS     0 PTAMS 0x00000000c1500000 NTAMS 0x00000000c1500000 space 1024K,   0% used [0x00000000c1500000, 0x00000000c1600000)
AC   0  F    TS     1 PTAMS 0x00000000c1600000 NTAMS 0x00000000c1600000 space 1024K,   0% used [0x00000000c1600000, 0x00000000c1700000)
AC   0  F    TS     0 PTAMS 0x00000000c1700000 NTAMS 0x00000000c1700000 space 1024K,   0% used [0x00000000c1700000, 0x00000000c1800000)
AC   0  F    TS     0 PTAMS 0x00000000c1800000 NTAMS 0x00000000c1800000 space 1024K,   0% used [0x00000000c1800000, 0x00000000c1900000)
AC   0  F    TS     9 PTAMS 0x00000000c1900000 NTAMS 0x00000000c1900000 space 1024K,   0% used [0x00000000c1900000, 0x00000000c1a00000)
AC   0  F    TS     9 PTAMS 0x00000000c1a00000 NTAMS 0x00000000c1a00000 space 1024K,   0% used [0x00000000c1a00000, 0x00000000c1b00000)
AC   0  F    TS     9 PTAMS 0x00000000c1b00000 NTAMS 0x00000000c1b00000 space 1024K,   0% used [0x00000000c1b00000, 0x00000000c1c00000)
AC   0  F    TS     0 PTAMS 0x00000000c1c00000 NTAMS 0x00000000c1c00000 space 1024K,   0% used [0x00000000c1c00000, 0x00000000c1d00000)
AC   0  F    TS     5 PTAMS 0x00000000c1d00000 NTAMS 0x00000000c1d00000 space 1024K,   0% used [0x00000000c1d00000, 0x00000000c1e00000)
AC   0  F    TS     3 PTAMS 0x00000000c1e00000 NTAMS 0x00000000c1e00000 space 1024K,   0% used [0x00000000c1e00000, 0x00000000c1f00000)
AC   0  F    TS     0 PTAMS 0x00000000c1f00000 NTAMS 0x00000000c1f00000 space 1024K,   0% used [0x00000000c1f00000, 0x00000000c2000000)
AC   0  F    TS     7 PTAMS 0x00000000c2000000 NTAMS 0x00000000c2000000 space 1024K,   0% used [0x00000000c2000000, 0x00000000c2100000)
AC   0  F    TS     7 PTAMS 0x00000000c2100000 NTAMS 0x00000000c2100000 space 1024K,   0% used [0x00000000c2100000, 0x00000000c2200000)
AC   0  F    TS     7 PTAMS 0x00000000c2200000 NTAMS 0x00000000c2200000 space 1024K,   0% used [0x00000000c2200000, 0x00000000c2300000)
AC   0  F    TS     7 PTAMS 0x00000000c2300000 NTAMS 0x00000000c2300000 space 1024K,   0% used [0x00000000c2300000, 0x00000000c2400000)
AC   0  F    TS     7 PTAMS 0x00000000c2400000 NTAMS 0x00000000c2400000 space 1024K,   0% used [0x00000000c2400000, 0x00000000c2500000)
AC   0  F    TS     7 PTAMS 0x00000000c2500000 NTAMS 0x00000000c2500000 space 1024K,   0% used [0x00000000c2500000, 0x00000000c2600000)
AC   0  F    TS     7 PTAMS 0x00000000c2600000 NTAMS 0x00000000c2600000 space 1024K,   0% used [0x00000000c2600000, 0x00000000c2700000)
AC   0  F    TS     7 PTAMS 0x00000000c2700000 NTAMS 0x00000000c2700000 space 1024K,   0% used [0x00000000c2700000, 0x00000000c2800000)
AC   0  F    TS     7 PTAMS 0x00000000c2800000 NTAMS 0x00000000c2800000 space 1024K,   0% used [0x00000000c2800000, 0x00000000c2900000)
AC   0  F    TS     7 PTAMS 0x00000000c2900000 NTAMS 0x00000000c2900000 space 1024K,   0% used [0x00000000c2900000, 0x00000000c2a00000)
AC   0  F    TS     7 PTAMS 0x00000000c2a00000 NTAMS 0x00000000c2a00000 space 1024K,   0% used [0x00000000c2a00000, 0x00000000c2b00000)
AC   0  F    TS     7 PTAMS 0x00000000c2b00000 NTAMS 0x00000000c2b00000 space 1024K,   0% used [0x00000000c2b00000, 0x00000000c2c00000)
AC   0  F    TS     7 PTAMS 0x00000000c2c00000 NTAMS 0x00000000c2c00000 space 1024K,   0% used [0x00000000c2c00000, 0x00000000c2d00000)
AC   0  F    TS     7 PTAMS 0x00000000c2d00000 NTAMS 0x00000000c2d00000 space 1024K,   0% used [0x00000000c2d00000, 0x00000000c2e00000)
AC   0  F    TS     7 PTAMS 0x00000000c2e00000 NTAMS 0x00000000c2e00000 space 1024K,   0% used [0x00000000c2e00000, 0x00000000c2f00000)
AC   0  F    TS     7 PTAMS 0x00000000c2f00000 NTAMS 0x00000000c2f00000 space 1024K,   0% used [0x00000000c2f00000, 0x00000000c3000000)
AC   0  F    TS     7 PTAMS 0x00000000c3000000 NTAMS 0x00000000c3000000 space 1024K,   0% used [0x00000000c3000000, 0x00000000c3100000)
AC   0  S CS TS    11 PTAMS 0x00000000c3100000 NTAMS 0x00000000c3100000 space 1024K,  99% used [0x00000000c3100000, 0x00000000c3200000)
AC   0  S CS TS    11 PTAMS 0x00000000c3200000 NTAMS 0x00000000c3200000 space 1024K, 100% used [0x00000000c3200000, 0x00000000c3300000)
AC   0  S CS TS    11 PTAMS 0x00000000c3300000 NTAMS 0x00000000c3300000 space 1024K, 100% used [0x00000000c3300000, 0x00000000c3400000)
AC   0  S CS TS    11 PTAMS 0x00000000c3400000 NTAMS 0x00000000c3400000 space 1024K, 100% used [0x00000000c3400000, 0x00000000c3500000)
AC   0  S CS TS    11 PTAMS 0x00000000c3500000 NTAMS 0x00000000c3500000 space 1024K, 100% used [0x00000000c3500000, 0x00000000c3600000)
AC   0  S CS TS    11 PTAMS 0x00000000c3600000 NTAMS 0x00000000c3600000 space 1024K, 100% used [0x00000000c3600000, 0x00000000c3700000)
AC   0  F    TS     7 PTAMS 0x00000000c3700000 NTAMS 0x00000000c3700000 space 1024K,   0% used [0x00000000c3700000, 0x00000000c3800000)
AC   0  F    TS     7 PTAMS 0x00000000c3800000 NTAMS 0x00000000c3800000 space 1024K,   0% used [0x00000000c3800000, 0x00000000c3900000)
AC   0  F    TS     7 PTAMS 0x00000000c3900000 NTAMS 0x00000000c3900000 space 1024K,   0% used [0x00000000c3900000, 0x00000000c3a00000)
AC   0  F    TS     7 PTAMS 0x00000000c3a00000 NTAMS 0x00000000c3a00000 space 1024K,   0% used [0x00000000c3a00000, 0x00000000c3b00000)
AC   0  F    TS     7 PTAMS 0x00000000c3b00000 NTAMS 0x00000000c3b00000 space 1024K,   0% used [0x00000000c3b00000, 0x00000000c3c00000)
AC   0  F    TS     7 PTAMS 0x00000000c3c00000 NTAMS 0x00000000c3c00000 space 1024K,   0% used [0x00000000c3c00000, 0x00000000c3d00000)
AC   0  F    TS     7 PTAMS 0x00000000c3d00000 NTAMS 0x00000000c3d00000 space 1024K,   0% used [0x00000000c3d00000, 0x00000000c3e00000)
AC   0  F    TS     7 PTAMS 0x00000000c3e00000 NTAMS 0x00000000c3e00000 space 1024K,   0% used [0x00000000c3e00000, 0x00000000c3f00000)
AC   0  F    TS     7 PTAMS 0x00000000c3f00000 NTAMS 0x00000000c3f00000 space 1024K,   0% used [0x00000000c3f00000, 0x00000000c4000000)
AC   0  F    TS     9 PTAMS 0x00000000c4000000 NTAMS 0x00000000c4000000 space 1024K,   0% used [0x00000000c4000000, 0x00000000c4100000)
AC   0  F    TS     9 PTAMS 0x00000000c4100000 NTAMS 0x00000000c4100000 space 1024K,   0% used [0x00000000c4100000, 0x00000000c4200000)
AC   0  F    TS     9 PTAMS 0x00000000c4200000 NTAMS 0x00000000c4200000 space 1024K,   0% used [0x00000000c4200000, 0x00000000c4300000)
AC   0  F    TS     9 PTAMS 0x00000000c4300000 NTAMS 0x00000000c4300000 space 1024K,   0% used [0x00000000c4300000, 0x00000000c4400000)
AC   0  F    TS     9 PTAMS 0x00000000c4400000 NTAMS 0x00000000c4400000 space 1024K,   0% used [0x00000000c4400000, 0x00000000c4500000)
AC   0  F    TS     9 PTAMS 0x00000000c4500000 NTAMS 0x00000000c4500000 space 1024K,   0% used [0x00000000c4500000, 0x00000000c4600000)
AC   0  F    TS     9 PTAMS 0x00000000c4600000 NTAMS 0x00000000c4600000 space 1024K,   0% used [0x00000000c4600000, 0x00000000c4700000)
AC   0  F    TS     9 PTAMS 0x00000000c4700000 NTAMS 0x00000000c4700000 space 1024K,   0% used [0x00000000c4700000, 0x00000000c4800000)
AC   0  F    TS     9 PTAMS 0x00000000c4800000 NTAMS 0x00000000c4800000 space 1024K,   0% used [0x00000000c4800000, 0x00000000c4900000)
AC   0  F    TS     9 PTAMS 0x00000000c4900000 NTAMS 0x00000000c4900000 space 1024K,   0% used [0x00000000c4900000, 0x00000000c4a00000)
AC   0  F    TS     9 PTAMS 0x00000000c4a00000 NTAMS 0x00000000c4a00000 space 1024K,   0% used [0x00000000c4a00000, 0x00000000c4b00000)
AC   0  F    TS     9 PTAMS 0x00000000c4b00000 NTAMS 0x00000000c4b00000 space 1024K,   0% used [0x00000000c4b00000, 0x00000000c4c00000)
AC   0  F    TS     9 PTAMS 0x00000000c4c00000 NTAMS 0x00000000c4c00000 space 1024K,   0% used [0x00000000c4c00000, 0x00000000c4d00000)
AC   0  F    TS     9 PTAMS 0x00000000c4d00000 NTAMS 0x00000000c4d00000 space 1024K,   0% used [0x00000000c4d00000, 0x00000000c4e00000)
AC   0  F    TS     9 PTAMS 0x00000000c4e00000 NTAMS 0x00000000c4e00000 space 1024K,   0% used [0x00000000c4e00000, 0x00000000c4f00000)
AC   0  F    TS     9 PTAMS 0x00000000c4f00000 NTAMS 0x00000000c4f00000 space 1024K,   0% used [0x00000000c4f00000, 0x00000000c5000000)
AC   0  F    TS     9 PTAMS 0x00000000c5000000 NTAMS 0x00000000c5000000 space 1024K,   0% used [0x00000000c5000000, 0x00000000c5100000)
AC   0  F    TS     9 PTAMS 0x00000000c5100000 NTAMS 0x00000000c5100000 space 1024K,   0% used [0x00000000c5100000, 0x00000000c5200000)
AC   0  F    TS     9 PTAMS 0x00000000c5200000 NTAMS 0x00000000c5200000 space 1024K,   0% used [0x00000000c5200000, 0x00000000c5300000)
AC   0  F    TS     9 PTAMS 0x00000000c5300000 NTAMS 0x00000000c5300000 space 1024K,   0% used [0x00000000c5300000, 0x00000000c5400000)
AC   0  F    TS     9 PTAMS 0x00000000c5400000 NTAMS 0x00000000c5400000 space 1024K,   0% used [0x00000000c5400000, 0x00000000c5500000)
AC   0  F    TS     9 PTAMS 0x00000000c5500000 NTAMS 0x00000000c5500000 space 1024K,   0% used [0x00000000c5500000, 0x00000000c5600000)
AC   0  F    TS     9 PTAMS 0x00000000c5600000 NTAMS 0x00000000c5600000 space 1024K,   0% used [0x00000000c5600000, 0x00000000c5700000)
AC   0  F    TS     9 PTAMS 0x00000000c5700000 NTAMS 0x00000000c5700000 space 1024K,   0% used [0x00000000c5700000, 0x00000000c5800000)
AC   0  F    TS     9 PTAMS 0x00000000c5800000 NTAMS 0x00000000c5800000 space 1024K,   0% used [0x00000000c5800000, 0x00000000c5900000)
AC   0  F    TS     9 PTAMS 0x00000000c5900000 NTAMS 0x00000000c5900000 space 1024K,   0% used [0x00000000c5900000, 0x00000000c5a00000)
AC   0  F    TS     9 PTAMS 0x00000000c5a00000 NTAMS 0x00000000c5a00000 space 1024K,   0% used [0x00000000c5a00000, 0x00000000c5b00000)
AC   0  F    TS     9 PTAMS 0x00000000c5b00000 NTAMS 0x00000000c5b00000 space 1024K,   0% used [0x00000000c5b00000, 0x00000000c5c00000)
AC   0  F    TS     9 PTAMS 0x00000000c5c00000 NTAMS 0x00000000c5c00000 space 1024K,   0% used [0x00000000c5c00000, 0x00000000c5d00000)
AC   0  F    TS     9 PTAMS 0x00000000c5d00000 NTAMS 0x00000000c5d00000 space 1024K,   0% used [0x00000000c5d00000, 0x00000000c5e00000)
AC   0  F    TS     9 PTAMS 0x00000000c5e00000 NTAMS 0x00000000c5e00000 space 1024K,   0% used [0x00000000c5e00000, 0x00000000c5f00000)
AC   0  F    TS     9 PTAMS 0x00000000c5f00000 NTAMS 0x00000000c5f00000 space 1024K,   0% used [0x00000000c5f00000, 0x00000000c6000000)
AC   0  F    TS     9 PTAMS 0x00000000c6000000 NTAMS 0x00000000c6000000 space 1024K,   0% used [0x00000000c6000000, 0x00000000c6100000)
AC   0  F    TS     9 PTAMS 0x00000000c6100000 NTAMS 0x00000000c6100000 space 1024K,   0% used [0x00000000c6100000, 0x00000000c6200000)
AC   0  F    TS     9 PTAMS 0x00000000c6200000 NTAMS 0x00000000c6200000 space 1024K,   0% used [0x00000000c6200000, 0x00000000c6300000)
AC   0  F    TS     9 PTAMS 0x00000000c6300000 NTAMS 0x00000000c6300000 space 1024K,   0% used [0x00000000c6300000, 0x00000000c6400000)
AC   0  F    TS     9 PTAMS 0x00000000c6400000 NTAMS 0x00000000c6400000 space 1024K,   0% used [0x00000000c6400000, 0x00000000c6500000)
AC   0  F    TS     9 PTAMS 0x00000000c6500000 NTAMS 0x00000000c6500000 space 1024K,   0% used [0x00000000c6500000, 0x00000000c6600000)
AC   0  F    TS     9 PTAMS 0x00000000c6600000 NTAMS 0x00000000c6600000 space 1024K,   0% used [0x00000000c6600000, 0x00000000c6700000)
AC   0  F    TS     9 PTAMS 0x00000000c6700000 NTAMS 0x00000000c6700000 space 1024K,   0% used [0x00000000c6700000, 0x00000000c6800000)
AC   0  F    TS     9 PTAMS 0x00000000c6800000 NTAMS 0x00000000c6800000 space 1024K,   0% used [0x00000000c6800000, 0x00000000c6900000)
AC   0  F    TS     9 PTAMS 0x00000000c6900000 NTAMS 0x00000000c6900000 space 1024K,   0% used [0x00000000c6900000, 0x00000000c6a00000)
AC   0  F    TS     9 PTAMS 0x00000000c6a00000 NTAMS 0x00000000c6a00000 space 1024K,   0% used [0x00000000c6a00000, 0x00000000c6b00000)
AC   0  F    TS     9 PTAMS 0x00000000c6b00000 NTAMS 0x00000000c6b00000 space 1024K,   0% used [0x00000000c6b00000, 0x00000000c6c00000)
AC   0  F    TS     9 PTAMS 0x00000000c6c00000 NTAMS 0x00000000c6c00000 space 1024K,   0% used [0x00000000c6c00000, 0x00000000c6d00000)
AC   0  F    TS     9 PTAMS 0x00000000c6d00000 NTAMS 0x00000000c6d00000 space 1024K,   0% used [0x00000000c6d00000, 0x00000000c6e00000)
AC   0  F    TS     9 PTAMS 0x00000000c6e00000 NTAMS 0x00000000c6e00000 space 1024K,   0% used [0x00000000c6e00000, 0x00000000c6f00000)
AC   0  F    TS     9 PTAMS 0x00000000c6f00000 NTAMS 0x00000000c6f00000 space 1024K,   0% used [0x00000000c6f00000, 0x00000000c7000000)
AC   0  F    TS     9 PTAMS 0x00000000c7000000 NTAMS 0x00000000c7000000 space 1024K,   0% used [0x00000000c7000000, 0x00000000c7100000)
AC   0  F    TS     9 PTAMS 0x00000000c7100000 NTAMS 0x00000000c7100000 space 1024K,   0% used [0x00000000c7100000, 0x00000000c7200000)
AC   0  F    TS     9 PTAMS 0x00000000c7200000 NTAMS 0x00000000c7200000 space 1024K,   0% used [0x00000000c7200000, 0x00000000c7300000)
AC   0  F    TS     9 PTAMS 0x00000000c7300000 NTAMS 0x00000000c7300000 space 1024K,   0% used [0x00000000c7300000, 0x00000000c7400000)
AC   0  F    TS     9 PTAMS 0x00000000c7400000 NTAMS 0x00000000c7400000 space 1024K,   0% used [0x00000000c7400000, 0x00000000c7500000)
AC   0  F    TS     9 PTAMS 0x00000000c7500000 NTAMS 0x00000000c7500000 space 1024K,   0% used [0x00000000c7500000, 0x00000000c7600000)
AC   0  F    TS     9 PTAMS 0x00000000c7600000 NTAMS 0x00000000c7600000 space 1024K,   0% used [0x00000000c7600000, 0x00000000c7700000)
AC   0  F    TS     9 PTAMS 0x00000000c7700000 NTAMS 0x00000000c7700000 space 1024K,   0% used [0x00000000c7700000, 0x00000000c7800000)
AC   0  F    TS     9 PTAMS 0x00000000c7800000 NTAMS 0x00000000c7800000 space 1024K,   0% used [0x00000000c7800000, 0x00000000c7900000)
AC   0  F    TS     9 PTAMS 0x00000000c7900000 NTAMS 0x00000000c7900000 space 1024K,   0% used [0x00000000c7900000, 0x00000000c7a00000)
AC   0  F    TS     9 PTAMS 0x00000000c7a00000 NTAMS 0x00000000c7a00000 space 1024K,   0% used [0x00000000c7a00000, 0x00000000c7b00000)
AC   0  F    TS     9 PTAMS 0x00000000c7b00000 NTAMS 0x00000000c7b00000 space 1024K,   0% used [0x00000000c7b00000, 0x00000000c7c00000)
AC   0  F    TS     9 PTAMS 0x00000000c7c00000 NTAMS 0x00000000c7c00000 space 1024K,   0% used [0x00000000c7c00000, 0x00000000c7d00000)
AC   0  F    TS     9 PTAMS 0x00000000c7d00000 NTAMS 0x00000000c7d00000 space 1024K,   0% used [0x00000000c7d00000, 0x00000000c7e00000)
AC   0  F    TS     9 PTAMS 0x00000000c7e00000 NTAMS 0x00000000c7e00000 space 1024K,   0% used [0x00000000c7e00000, 0x00000000c7f00000)
AC   0  F    TS     9 PTAMS 0x00000000c7f00000 NTAMS 0x00000000c7f00000 space 1024K,   0% used [0x00000000c7f00000, 0x00000000c8000000)

Card table byte_map: [0x00007fc734126000,0x00007fc734326000] byte_map_base: 0x00007fc733b26000

Marking Bits (Prev, Next): (CMBitMap*) 0x00007fc7300362f8, (CMBitMap*) 0x00007fc730036350
 Prev Bits: [0x00007fc71b000000, 0x00007fc71c000000)
 Next Bits: [0x00007fc71a000000, 0x00007fc71b000000)

Polling page: 0x00007fc73786f000

CodeCache: size=245760Kb used=9269Kb max_used=10031Kb free=236490Kb
 bounds [0x00007fc721000000, 0x00007fc7219e0000, 0x00007fc730000000]
 total_blobs=3631 nmethods=3148 adapters=397
 compilation: enabled

Compilation events (10 events):
Event: 14.298 Thread 0x00007fc73018f000 3710       2       org.eclipse.sisu.plexus.Roles::camelizeName (126 bytes)
Event: 14.306 Thread 0x00007fc73018f000 nmethod 3710 0x00007fc721152290 code [0x00007fc7211524e0, 0x00007fc721152fb8]
Event: 14.307 Thread 0x00007fc73018f000 3711   !   2       org.eclipse.core.internal.preferences.EclipsePreferences::getChild (91 bytes)
Event: 14.310 Thread 0x00007fc73018f000 nmethod 3711 0x00007fc721189d90 code [0x00007fc721189f40, 0x00007fc72118a500]
Event: 14.312 Thread 0x00007fc73018f000 3713       2       sun.net.util.IPAddressUtil::scan (62 bytes)
Event: 14.313 Thread 0x00007fc73018f000 nmethod 3713 0x00007fc72122db90 code [0x00007fc72122dd20, 0x00007fc72122e010]
Event: 14.314 Thread 0x00007fc73018f000 3712       2       java.lang.StringBuilder::indexOf (6 bytes)
Event: 14.318 Thread 0x00007fc73018f000 nmethod 3712 0x00007fc7211fed10 code [0x00007fc7211fee80, 0x00007fc7211ff020]
Event: 14.319 Thread 0x00007fc73018f000 3714       2       org.eclipse.osgi.internal.framework.FilterImpl$Parser::parse_attr (149 bytes)
Event: 14.323 Thread 0x00007fc73018f000 nmethod 3714 0x00007fc721391810 code [0x00007fc721391a00, 0x00007fc721391f18]

GC Heap History (10 events):
Event: 12.919 GC heap after
Heap after GC invocations=44 (full 0):
 garbage-first heap   total 32768K, used 18944K [0x00000000c0000000, 0x00000000c0100100, 0x0000000100000000)
  region size 1024K, 1 young (1024K), 1 survivors (1024K)
 Metaspace       used 27870K, capacity 29528K, committed 29696K, reserved 1075200K
  class space    used 3011K, capacity 3526K, committed 3584K, reserved 1048576K
}
Event: 12.931 GC heap before
{Heap before GC invocations=44 (full 0):
 garbage-first heap   total 32768K, used 19968K [0x00000000c0000000, 0x00000000c0100100, 0x0000000100000000)
  region size 1024K, 2 young (2048K), 1 survivors (1024K)
 Metaspace       used 27909K, capacity 29558K, committed 29696K, reserved 1075200K
  class space    used 3016K, capacity 3531K, committed 3584K, reserved 1048576K
Event: 12.947 GC heap after
Heap after GC invocations=45 (full 0):
 garbage-first heap   total 32768K, used 16109K [0x00000000c0000000, 0x00000000c0100100, 0x0000000100000000)
  region size 1024K, 1 young (1024K), 1 survivors (1024K)
 Metaspace       used 27909K, capacity 29558K, committed 29696K, reserved 1075200K
  class space    used 3016K, capacity 3531K, committed 3584K, reserved 1048576K
}
Event: 12.965 GC heap before
{Heap before GC invocations=45 (full 0):
 garbage-first heap   total 32768K, used 17133K [0x00000000c0000000, 0x00000000c0100100, 0x0000000100000000)
  region size 1024K, 2 young (2048K), 1 survivors (1024K)
 Metaspace       used 27960K, capacity 29652K, committed 29952K, reserved 1075200K
  class space    used 3022K, capacity 3535K, committed 3584K, reserved 1048576K
Event: 12.996 GC heap after
Heap after GC invocations=46 (full 0):
 garbage-first heap   total 32768K, used 14971K [0x00000000c0000000, 0x00000000c0100100, 0x0000000100000000)
  region size 1024K, 1 young (1024K), 1 survivors (1024K)
 Metaspace       used 27960K, capacity 29652K, committed 29952K, reserved 1075200K
  class space    used 3022K, capacity 3535K, committed 3584K, reserved 1048576K
}
Event: 13.081 GC heap before
{Heap before GC invocations=46 (full 0):
 garbage-first heap   total 32768K, used 27259K [0x00000000c0000000, 0x00000000c0100100, 0x0000000100000000)
  region size 1024K, 13 young (13312K), 1 survivors (1024K)
 Metaspace       used 28516K, capacity 30180K, committed 30336K, reserved 1075200K
  class space    used 3085K, capacity 3607K, committed 3712K, reserved 1048576K
Event: 13.099 GC heap after
Heap after GC invocations=47 (full 0):
 garbage-first heap   total 65536K, used 15610K [0x00000000c0000000, 0x00000000c0100200, 0x0000000100000000)
  region size 1024K, 2 young (2048K), 2 survivors (2048K)
 Metaspace       used 28516K, capacity 30180K, committed 30336K, reserved 1075200K
  class space    used 3085K, capacity 3607K, committed 3712K, reserved 1048576K
}
Event: 13.525 GC heap before
{Heap before GC invocations=47 (full 0):
 garbage-first heap   total 65536K, used 52474K [0x00000000c0000000, 0x00000000c0100200, 0x0000000100000000)
  region size 1024K, 38 young (38912K), 2 survivors (2048K)
 Metaspace       used 30185K, capacity 32160K, committed 32384K, reserved 1077248K
  class space    used 3278K, capacity 3919K, committed 3968K, reserved 1048576K
Event: 13.534 GC heap after
Heap after GC invocations=48 (full 0):
 garbage-first heap   total 131072K, used 16895K [0x00000000c0000000, 0x00000000c0100400, 0x0000000100000000)
  region size 1024K, 3 young (3072K), 3 survivors (3072K)
 Metaspace       used 30185K, capacity 32160K, committed 32384K, reserved 1077248K
  class space    used 3278K, capacity 3919K, committed 3968K, reserved 1048576K
}
Event: 14.339 GC heap before
{Heap before GC invocations=48 (full 0):
 garbage-first heap   total 131072K, used 91647K [0x00000000c0000000, 0x00000000c0100400, 0x0000000100000000)
  region size 1024K, 76 young (77824K), 3 survivors (3072K)
 Metaspace       used 32926K, capacity 35110K, committed 35328K, reserved 1081344K
  class space    used 3608K, capacity 4273K, committed 4352K, reserved 1048576K

Deoptimization events (10 events):
Event: 13.767 Thread 0x00007fc73000a800 Uncommon trap: reason=class_check action=maybe_recompile pc=0x00007fc7215c1334 method=java.lang.ThreadLocal$ThreadLocalMap.getEntryAfterMiss(Ljava/lang/ThreadLocal;ILjava/lang/ThreadLocal$ThreadLocalMap$Entry;)Ljava/lang/ThreadLocal$ThreadLocalMap$Entry; 
Event: 13.797 Thread 0x00007fc73000a800 Uncommon trap: reason=class_check action=maybe_recompile pc=0x00007fc7215c1334 method=java.lang.ThreadLocal$ThreadLocalMap.getEntryAfterMiss(Ljava/lang/ThreadLocal;ILjava/lang/ThreadLocal$ThreadLocalMap$Entry;)Ljava/lang/ThreadLocal$ThreadLocalMap$Entry; 
Event: 13.847 Thread 0x00007fc73000a800 Uncommon trap: reason=unstable_if action=reinterpret pc=0x00007fc721994884 method=java.util.ArrayList.fastRemove(I)V @ 20
Event: 14.174 Thread 0x00007fc7081ca000 Uncommon trap: reason=bimorphic action=maybe_recompile pc=0x00007fc72199c6c4 method=java.lang.ThreadLocal.get()Ljava/lang/Object; @ 6
Event: 14.182 Thread 0x00007fc7081ca000 Uncommon trap: reason=bimorphic action=maybe_recompile pc=0x00007fc72199c6c4 method=java.lang.ThreadLocal.get()Ljava/lang/Object; @ 6
Event: 14.242 Thread 0x00007fc7101a8800 Uncommon trap: reason=unstable_if action=reinterpret pc=0x00007fc72181c200 method=org.codehaus.plexus.util.xml.pull.MXParser.nextImpl()I @ 269
Event: 14.293 Thread 0x00007fc7081ca000 Uncommon trap: reason=bimorphic action=maybe_recompile pc=0x00007fc7212cac08 method=java.util.Collections$UnmodifiableCollection$1.next()Ljava/lang/Object; @ 4
Event: 14.297 Thread 0x00007fc7081ca000 Uncommon trap: reason=bimorphic action=maybe_recompile pc=0x00007fc7212cac08 method=java.util.Collections$UnmodifiableCollection$1.next()Ljava/lang/Object; @ 4
Event: 14.298 Thread 0x00007fc7101a8800 Uncommon trap: reason=bimorphic action=maybe_recompile pc=0x00007fc7212cac08 method=java.util.Collections$UnmodifiableCollection$1.next()Ljava/lang/Object; @ 4
Event: 14.299 Thread 0x00007fc7081ca000 Uncommon trap: reason=bimorphic action=maybe_recompile pc=0x00007fc7212cac08 method=java.util.Collections$UnmodifiableCollection$1.next()Ljava/lang/Object; @ 4

Classes redefined (0 events):
No events

Internal exceptions (10 events):
Event: 8.617 Thread 0x00007fc730358800 Exception <a 'java/lang/ArrayIndexOutOfBoundsException'> (0x00000000c1a90628) thrown at [/HUDSON/workspace/8-2-build-linux-amd64/jdk8u231/13620/hotspot/src/share/vm/runtime/sharedRuntime.cpp, line 605]
Event: 8.621 Thread 0x00007fc730358800 Exception <a 'java/lang/ArrayIndexOutOfBoundsException'> (0x00000000c1ae5fa8) thrown at [/HUDSON/workspace/8-2-build-linux-amd64/jdk8u231/13620/hotspot/src/share/vm/runtime/sharedRuntime.cpp, line 605]
Event: 8.855 Thread 0x00007fc730358800 Exception <a 'java/lang/ArrayIndexOutOfBoundsException'> (0x00000000c12f7170) thrown at [/HUDSON/workspace/8-2-build-linux-amd64/jdk8u231/13620/hotspot/src/share/vm/runtime/sharedRuntime.cpp, line 605]
Event: 8.905 Thread 0x00007fc730358800 Exception <a 'java/lang/ArrayIndexOutOfBoundsException': 66> (0x00000000c1ffa0c8) thrown at [/HUDSON/workspace/8-2-build-linux-amd64/jdk8u231/13620/hotspot/src/share/vm/interpreter/interpreterRuntime.cpp, line 368]
Event: 12.381 Thread 0x00007fc730358800 Exception <a 'java/lang/NoClassDefFoundError': com/google/inject/servlet/ServletModuleTargetVisitor> (0x00000000c1b4bc20) thrown at [/HUDSON/workspace/8-2-build-linux-amd64/jdk8u231/13620/hotspot/src/share/vm/classfile/systemDictionary.cpp, line 199]
Event: 12.381 Thread 0x00007fc730358800 Exception <a 'java/lang/NoClassDefFoundError': javax/annotation/Priority> (0x00000000c1b52a38) thrown at [/HUDSON/workspace/8-2-build-linux-amd64/jdk8u231/13620/hotspot/src/share/vm/classfile/systemDictionary.cpp, line 199]
Event: 12.907 Thread 0x00007fc730358800 Exception <a 'java/lang/NoSuchMethodError': <clinit>> (0x00000000c18d72a8) thrown at [/HUDSON/workspace/8-2-build-linux-amd64/jdk8u231/13620/hotspot/src/share/vm/prims/jni.cpp, line 1614]
Event: 12.923 Thread 0x00007fc730358800 Exception <a 'java/lang/NoSuchMethodError': <clinit>> (0x00000000c1f7a460) thrown at [/HUDSON/workspace/8-2-build-linux-amd64/jdk8u231/13620/hotspot/src/share/vm/prims/jni.cpp, line 1614]
Event: 14.263 Thread 0x00007fc7081ca000 Exception <a 'java/io/FileNotFoundException'> (0x00000000c3df2be8) thrown at [/HUDSON/workspace/8-2-build-linux-amd64/jdk8u231/13620/hotspot/src/share/vm/prims/jni.cpp, line 710]
Event: 14.297 Thread 0x00007fc7081ca000 Exception <a 'java/io/FileNotFoundException'> (0x00000000c3bf9580) thrown at [/HUDSON/workspace/8-2-build-linux-amd64/jdk8u231/13620/hotspot/src/share/vm/prims/jni.cpp, line 710]

Events (10 events):
Event: 14.316 Thread 0x00007fc7101a8800 DEOPT UNPACKING pc=0x00007fc7210474c4 sp=0x00007fc705c19520 mode 0
Event: 14.318 Thread 0x00007fc73018f000 flushing nmethod 0x00007fc721459110
Event: 14.318 Thread 0x00007fc73018f000 flushing nmethod 0x00007fc721460950
Event: 14.318 Thread 0x00007fc73018f000 flushing nmethod 0x00007fc721466c10
Event: 14.319 Thread 0x00007fc73018f000 flushing nmethod 0x00007fc7214af990
Event: 14.326 Thread 0x00007fc7101a8800 DEOPT PACKING pc=0x00007fc7212aa4ea sp=0x00007fc705c19870
Event: 14.326 Thread 0x00007fc7101a8800 DEOPT UNPACKING pc=0x00007fc7210474c4 sp=0x00007fc705c195d0 mode 0
Event: 14.332 Thread 0x00007fc7101a8800 DEOPT PACKING pc=0x00007fc7212aa4ea sp=0x00007fc705c199c0
Event: 14.332 Thread 0x00007fc7101a8800 DEOPT UNPACKING pc=0x00007fc7210474c4 sp=0x00007fc705c19720 mode 0
Event: 14.336 Executing VM operation: G1IncCollectionPause


Dynamic libraries:
00400000-00401000 r-xp 00000000 fd:01 1314459                            /usr/local/jdk/bin/java
00600000-00601000 r--p 00000000 fd:01 1314459                            /usr/local/jdk/bin/java
00601000-00602000 rw-p 00001000 fd:01 1314459                            /usr/local/jdk/bin/java
020f0000-02153000 rw-p 00000000 00:00 0                                  [heap]
c0000000-c8000000 rw-p 00000000 00:00 0 
d0000000-100000000 ---p 00000000 00:00 0 
100000000-100440000 rw-p 00000000 00:00 0 
100440000-140000000 ---p 00000000 00:00 0 
7fc6fc000000-7fc6fc361000 rw-p 00000000 00:00 0 
7fc6fc361000-7fc700000000 ---p 00000000 00:00 0 
7fc700000000-7fc700c3c000 rw-p 00000000 00:00 0 
7fc700c3c000-7fc704000000 ---p 00000000 00:00 0 
7fc704658000-7fc70465b000 r--s 00019000 fd:01 1573373                    /root/.vscode-server/extensions/redhat.java-0.55.1/server/plugins/org.eclipse.equinox.security_1.3.400.v20191008-0645.jar
7fc70465b000-7fc70469b000 rw-p 00000000 00:00 0 
7fc70469b000-7fc70485b000 ---p 00000000 00:00 0 
7fc70485b000-7fc70485c000 r--s 00017000 fd:01 1573357                    /root/.vscode-server/extensions/redhat.java-0.55.1/server/plugins/org.eclipse.core.net.linux.x86_64_1.2.400.v20190924-1023.jar
7fc70485c000-7fc70485e000 r--s 00011000 fd:01 1573356                    /root/.vscode-server/extensions/redhat.java-0.55.1/server/plugins/org.eclipse.core.net_1.3.700.v20191122-2107.jar
7fc70485e000-7fc70486b000 r--s 00079000 fd:01 1573348                    /root/.vscode-server/extensions/redhat.java-0.55.1/server/plugins/org.eclipse.buildship.core_3.1.3.v20191107-2249-s.jar
7fc70486b000-7fc70486e000 ---p 00000000 00:00 0 
7fc70486e000-7fc704b6c000 rw-p 00000000 00:00 0 
7fc704b6c000-7fc704b72000 r--s 0003a000 fd:01 1573339                    /root/.vscode-server/extensions/redhat.java-0.55.1/server/plugins/com.google.gson_2.8.2.v20180104-1110.jar
7fc704b72000-7fc704b75000 r--s 0001e000 fd:01 1573392                    /root/.vscode-server/extensions/redhat.java-0.55.1/server/plugins/org.eclipse.lsp4j.jsonrpc_0.9.0.v20191218-1027.jar
7fc704b75000-7fc704b78000 ---p 00000000 00:00 0 
7fc704b78000-7fc704c76000 rw-p 00000000 00:00 0 
7fc704c76000-7fc704c7e000 r--s 0005a000 fd:01 1573362                    /root/.vscode-server/extensions/redhat.java-0.55.1/server/plugins/org.eclipse.debug.core_3.14.200.v20191221-1346.jar
7fc704c7e000-7fc704c84000 r--s 00082000 fd:01 1573388                    /root/.vscode-server/extensions/redhat.java-0.55.1/server/plugins/org.eclipse.jdt.launching_3.17.0.v20191219-0932.jar
7fc704c84000-7fc704c8f000 r--s 00089000 fd:01 1573391                    /root/.vscode-server/extensions/redhat.java-0.55.1/server/plugins/org.eclipse.lsp4j_0.9.0.v20191218-1027.jar
7fc704c8f000-7fc704c94000 r--s 0004c000 fd:01 1573345                    /root/.vscode-server/extensions/redhat.java-0.55.1/server/plugins/org.apache.commons.lang3_3.1.0.v201403281430.jar
7fc704c94000-7fc704c99000 r--s 002f9000 fd:01 1314517                    /usr/local/jdk/jre/lib/charsets.jar
7fc704c99000-7fc704e99000 rw-p 00000000 00:00 0 
7fc704e99000-7fc704e9f000 r--s 00043000 fd:01 1573406                    /root/.vscode-server/extensions/redhat.java-0.55.1/server/plugins/org.eclipse.text_3.10.100.v20191220-1030.jar
7fc704e9f000-7fc704ed1000 r--s 00295000 fd:01 1573340                    /root/.vscode-server/extensions/redhat.java-0.55.1/server/plugins/com.google.guava_27.1.0.v20190517-1946.jar
7fc704ed1000-7fc7050d1000 rw-p 00000000 00:00 0 
7fc7050d1000-7fc7050d9000 r--s 00058000 fd:01 1573544                    /root/.vscode-server/extensions/redhat.java-0.55.1/server/config_linux/org.eclipse.osgi/51/0/.cp/velocity-1.5.jar
7fc7050d9000-7fc7050da000 r--s 00001000 fd:01 1573543                    /root/.vscode-server/extensions/redhat.java-0.55.1/server/config_linux/org.eclipse.osgi/51/0/.cp/plexus-velocity-1.1.8.jar
7fc7050da000-7fc7050dc000 r--s 0000e000 fd:01 1573542                    /root/.vscode-server/extensions/redhat.java-0.55.1/server/config_linux/org.eclipse.osgi/51/0/.cp/oro-2.0.8.jar
7fc7050dc000-7fc7050df000 r--s 00023000 fd:01 1573541                    /root/.vscode-server/extensions/redhat.java-0.55.1/server/config_linux/org.eclipse.osgi/51/0/.cp/jdom-1.0.jar
7fc7050df000-7fc7050e1000 r--s 00005000 fd:01 1573540                    /root/.vscode-server/extensions/redhat.java-0.55.1/server/config_linux/org.eclipse.osgi/51/0/.cp/jchardet-1.0.jar
7fc7050e1000-7fc7050e6000 r--s 00048000 fd:01 1573539                    /root/.vscode-server/extensions/redhat.java-0.55.1/server/config_linux/org.eclipse.osgi/51/0/.cp/dom4j-1.6.1.jar
7fc7050e6000-7fc7050ea000 r--s 0002f000 fd:01 1573538                    /root/.vscode-server/extensions/redhat.java-0.55.1/server/config_linux/org.eclipse.osgi/51/0/.cp/commons-lang-2.1.jar
7fc7050ea000-7fc7050ee000 r--s 00027000 fd:01 1573537                    /root/.vscode-server/extensions/redhat.java-0.55.1/server/config_linux/org.eclipse.osgi/51/0/.cp/commons-io-2.2.jar
7fc7050ee000-7fc7050fb000 r--s 00083000 fd:01 1573536                    /root/.vscode-server/extensions/redhat.java-0.55.1/server/config_linux/org.eclipse.osgi/51/0/.cp/commons-collections-3.2.2.jar
7fc7050fb000-7fc7050fd000 r--s 00006000 fd:01 1573535                    /root/.vscode-server/extensions/redhat.java-0.55.1/server/config_linux/org.eclipse.osgi/51/0/.cp/maven-invoker-2.1.1.jar
7fc7050fd000-7fc7050ff000 r--s 00003000 fd:01 1573534                    /root/.vscode-server/extensions/redhat.java-0.55.1/server/config_linux/org.eclipse.osgi/51/0/.cp/archetype-registry-2.4.jar
7fc7050ff000-7fc705100000 r--s 00005000 fd:01 1573533                    /root/.vscode-server/extensions/redhat.java-0.55.1/server/config_linux/org.eclipse.osgi/51/0/.cp/archetype-descriptor-2.4.jar
7fc705100000-7fc705101000 r--s 00004000 fd:01 1573532                    /root/.vscode-server/extensions/redhat.java-0.55.1/server/config_linux/org.eclipse.osgi/51/0/.cp/archetype-catalog-2.4.jar
7fc705101000-7fc705105000 r--s 00027000 fd:01 1573531                    /root/.vscode-server/extensions/redhat.java-0.55.1/server/config_linux/org.eclipse.osgi/51/0/.cp/archetype-common-2.4.jar
7fc705105000-7fc705107000 r--s 001e7000 fd:01 1573394                    /root/.vscode-server/extensions/redhat.java-0.55.1/server/plugins/org.eclipse.m2e.archetype.common_1.14.0.20191209-1923.jar
7fc705107000-7fc70510a000 r--s 00014000 fd:01 1573527                    /root/.vscode-server/extensions/redhat.java-0.55.1/server/config_linux/org.eclipse.osgi/55/0/.cp/lucene-highlighter-2.4.1.jar
7fc70510a000-7fc705118000 r--s 000bb000 fd:01 1573526                    /root/.vscode-server/extensions/redhat.java-0.55.1/server/config_linux/org.eclipse.osgi/55/0/.cp/lucene-core-2.4.1.jar
7fc705118000-7fc70511a000 r--s 00005000 fd:01 1573525                    /root/.vscode-server/extensions/redhat.java-0.55.1/server/config_linux/org.eclipse.osgi/55/0/.cp/indexer-artifact-3.1.0.jar
7fc70511a000-7fc70511f000 r--s 0002c000 fd:01 1573524                    /root/.vscode-server/extensions/redhat.java-0.55.1/server/config_linux/org.eclipse.osgi/55/0/.cp/indexer-core-3.1.0.jar
7fc70511f000-7fc705122000 r--s 00112000 fd:01 1573398                    /root/.vscode-server/extensions/redhat.java-0.55.1/server/plugins/org.eclipse.m2e.maven.indexer_1.14.0.20191209-1923.jar
7fc705122000-7fc705322000 rw-p 00000000 00:00 0 
7fc705322000-7fc705522000 rw-p 00000000 00:00 0 
7fc705522000-7fc705722000 rw-p 00000000 00:00 0 
7fc705722000-7fc70573e000 r--s 00393000 fd:01 1314721                    /usr/local/jdk/jre/lib/ext/cldrdata.jar
7fc70573e000-7fc705748000 r--s 00116000 fd:01 1314713                    /usr/local/jdk/jre/lib/ext/localedata.jar
7fc705748000-7fc70574a000 r--s 00003000 fd:01 1573342                    /root/.vscode-server/extensions/redhat.java-0.55.1/server/plugins/javax.inject_1.0.0.v20091030.jar
7fc70574a000-7fc70574e000 r--s 00042000 fd:01 1573520                    /root/.vscode-server/extensions/redhat.java-0.55.1/server/config_linux/org.eclipse.osgi/56/0/.cp/jars/jansi-1.17.1.jar
7fc70574e000-7fc70574f000 r--s 00002000 fd:01 1573519                    /root/.vscode-server/extensions/redhat.java-0.55.1/server/config_linux/org.eclipse.osgi/56/0/.cp/jars/wagon-file-3.3.4.jar
7fc70574f000-7fc705751000 r--s 00006000 fd:01 1573518                    /root/.vscode-server/extensions/redhat.java-0.55.1/server/config_linux/org.eclipse.osgi/56/0/.cp/jars/maven-resolver-transport-wagon-1.4.1.jar
7fc705751000-7fc705753000 r--s 00009000 fd:01 1573517                    /root/.vscode-server/extensions/redhat.java-0.55.1/server/config_linux/org.eclipse.osgi/56/0/.cp/jars/maven-resolver-connector-basic-1.4.1.jar
7fc705753000-7fc705757000 r--s 00029000 fd:01 1573516                    /root/.vscode-server/extensions/redhat.java-0.55.1/server/config_linux/org.eclipse.osgi/56/0/.cp/jars/maven-resolver-impl-1.4.1.jar
7fc705757000-7fc705759000 r--s 00015000 fd:01 1573515                    /root/.vscode-server/extensions/redhat.java-0.55.1/server/config_linux/org.eclipse.osgi/56/0/.cp/jars/okio-1.17.3.jar
7fc705759000-7fc70575e000 r--s 00063000 fd:01 1573514                    /root/.vscode-server/extensions/redhat.java-0.55.1/server/config_linux/org.eclipse.osgi/56/0/.cp/jars/okhttp-3.14.1.jar
7fc70575e000-7fc705760000 r--s 0000b000 fd:01 1573513                    /root/.vscode-server/extensions/redhat.java-0.55.1/server/config_linux/org.eclipse.osgi/56/0/.cp/jars/aether-connector-okhttp-0.17.6.jar
7fc705760000-7fc705762000 r--s 00001000 fd:01 1573512                    /root/.vscode-server/extensions/redhat.java-0.55.1/server/config_linux/org.eclipse.osgi/56/0/.cp/jars/plexus-build-api-0.0.7.jar
7fc705762000-7fc705765000 r--s 00008000 fd:01 1573511                    /root/.vscode-server/extensions/redhat.java-0.55.1/server/config_linux/org.eclipse.osgi/56/0/.cp/jars/cdi-api-1.0.jar
7fc705765000-7fc70576b000 r--s 0002d000 fd:01 1573510                    /root/.vscode-server/extensions/redhat.java-0.55.1/server/config_linux/org.eclipse.osgi/56/0/.cp/jars/org.eclipse.sisu.plexus-0.3.4.jar
7fc70576b000-7fc70576d000 r--s 0000c000 fd:01 1573509                    /root/.vscode-server/extensions/redhat.java-0.55.1/server/config_linux/org.eclipse.osgi/56/0/.cp/jars/wagon-provider-api-3.3.4.jar
7fc70576d000-7fc705770000 r--s 00012000 fd:01 1573508                    /root/.vscode-server/extensions/redhat.java-0.55.1/server/config_linux/org.eclipse.osgi/56/0/.cp/jars/plexus-interpolation-1.25.jar
7fc705770000-7fc705777000 r--s 00040000 fd:01 1573507                    /root/.vscode-server/extensions/redhat.java-0.55.1/server/config_linux/org.eclipse.osgi/56/0/.cp/jars/maven-compat-3.6.3.jar
7fc705777000-7fc705779000 r--s 0000c000 fd:01 1573506                    /root/.vscode-server/extensions/redhat.java-0.55.1/server/config_linux/org.eclipse.osgi/56/0/.cp/jars/commons-cli-1.4.jar
7fc705779000-7fc70577b000 r--s 00002000 fd:01 1573505                    /root/.vscode-server/extensions/redhat.java-0.55.1/server/config_linux/org.eclipse.osgi/56/0/.cp/jars/plexus-cipher-1.7.jar
7fc70577b000-7fc70577c000 r--s 00006000 fd:01 1573504                    /root/.vscode-server/extensions/redhat.java-0.55.1/server/config_linux/org.eclipse.osgi/56/0/.cp/jars/plexus-sec-dispatcher-1.4.jar
7fc70577c000-7fc70577d000 r--s 00001000 fd:01 1573503                    /root/.vscode-server/extensions/redhat.java-0.55.1/server/config_linux/org.eclipse.osgi/56/0/.cp/jars/jsr250-api-1.0.jar
7fc70577d000-7fc70577f000 r--s 00016000 fd:01 1573502                    /root/.vscode-server/extensions/redhat.java-0.55.1/server/config_linux/org.eclipse.osgi/56/0/.cp/jars/maven-embedder-3.6.3.jar
7fc70577f000-7fc705787000 r--s 00073000 fd:01 1573501                    /root/.vscode-server/extensions/redhat.java-0.55.1/server/config_linux/org.eclipse.osgi/56/0/.cp/jars/commons-lang3-3.8.1.jar
7fc705787000-7fc705789000 r--s 00000000 fd:01 1573500                    /root/.vscode-server/extensions/redhat.java-0.55.1/server/config_linux/org.eclipse.osgi/56/0/.cp/jars/plexus-component-annotations-2.1.0.jar
7fc705789000-7fc70578b000 r--s 0000b000 fd:01 1573499                    /root/.vscode-server/extensions/redhat.java-0.55.1/server/config_linux/org.eclipse.osgi/56/0/.cp/jars/plexus-classworlds-2.6.0.jar
7fc70578b000-7fc70578e000 r--s 0003d000 fd:01 1573498                    /root/.vscode-server/extensions/redhat.java-0.55.1/server/config_linux/org.eclipse.osgi/56/0/.cp/jars/plexus-utils-3.2.1.jar
7fc70578e000-7fc70578f000 r--s 00000000 fd:01 1573497                    /root/.vscode-server/extensions/redhat.java-0.55.1/server/config_linux/org.eclipse.osgi/56/0/.cp/jars/animal-sniffer-annotations-1.14.jar
7fc70578f000-7fc705791000 r--s 00001000 fd:01 1573496                    /root/.vscode-server/extensions/redhat.java-0.55.1/server/config_linux/org.eclipse.osgi/56/0/.cp/jars/j2objc-annotations-1.1.jar
7fc705791000-7fc705793000 r--s 00002000 fd:01 1573495                    /root/.vscode-server/extensions/redhat.java-0.55.1/server/config_linux/org.eclipse.osgi/56/0/.cp/jars/error_prone_annotations-2.1.3.jar
7fc705793000-7fc7057c3000 r--s 00249000 fd:01 1573494                    /root/.vscode-server/extensions/redhat.java-0.55.1/server/config_linux/org.eclipse.osgi/56/0/.cp/jars/guava-25.1-android.jar
7fc7057c3000-7fc7057ce000 r--s 00075000 fd:01 1573493                    /root/.vscode-server/extensions/redhat.java-0.55.1/server/config_linux/org.eclipse.osgi/56/0/.cp/jars/guice-4.2.1-no_aop.jar
7fc7057ce000-7fc7057d5000 r--s 00056000 fd:01 1573492                    /root/.vscode-server/extensions/redhat.java-0.55.1/server/config_linux/org.eclipse.osgi/56/0/.cp/jars/org.eclipse.sisu.inject-0.3.4.jar
7fc7057d5000-7fc7057d9000 r--s 0002f000 fd:01 1573491                    /root/.vscode-server/extensions/redhat.java-0.55.1/server/config_linux/org.eclipse.osgi/56/0/.cp/jars/commons-io-2.5.jar
7fc7057d9000-7fc7057dc000 r--s 00026000 fd:01 1573490                    /root/.vscode-server/extensions/redhat.java-0.55.1/server/config_linux/org.eclipse.osgi/56/0/.cp/jars/maven-shared-utils-3.2.1.jar
7fc7057dc000-7fc7057e0000 r--s 00025000 fd:01 1573489                    /root/.vscode-server/extensions/redhat.java-0.55.1/server/config_linux/org.eclipse.osgi/56/0/.cp/jars/maven-resolver-util-1.4.1.jar
7fc7057e0000-7fc7057e2000 r--s 00007000 fd:01 1573488                    /root/.vscode-server/extensions/redhat.java-0.55.1/server/config_linux/org.eclipse.osgi/56/0/.cp/jars/maven-resolver-spi-1.4.1.jar
7fc7057e2000-7fc7057e7000 r--s 00020000 fd:01 1573487                    /root/.vscode-server/extensions/redhat.java-0.55.1/server/config_linux/org.eclipse.osgi/56/0/.cp/jars/maven-resolver-api-1.4.1.jar
7fc7057e7000-7fc7057e9000 r--s 0000f000 fd:01 1573486                    /root/.vscode-server/extensions/redhat.java-0.55.1/server/config_linux/org.eclipse.osgi/56/0/.cp/jars/maven-resolver-provider-3.6.3.jar
7fc7057e9000-7fc7057ee000 r--s 0002a000 fd:01 1573485                    /root/.vscode-server/extensions/redhat.java-0.55.1/server/config_linux/org.eclipse.osgi/56/0/.cp/jars/maven-model-builder-3.6.3.jar
7fc7057ee000-7fc7057f0000 r--s 0000a000 fd:01 1573484                    /root/.vscode-server/extensions/redhat.java-0.55.1/server/config_linux/org.eclipse.osgi/56/0/.cp/jars/maven-plugin-api-3.6.3.jar
7fc7057f0000-7fc7057f3000 r--s 0000c000 fd:01 1573483                    /root/.vscode-server/extensions/redhat.java-0.55.1/server/config_linux/org.eclipse.osgi/56/0/.cp/jars/maven-artifact-3.6.3.jar
7fc7057f3000-7fc7057f4000 r--s 00006000 fd:01 1573482                    /root/.vscode-server/extensions/redhat.java-0.55.1/server/config_linux/org.eclipse.osgi/56/0/.cp/jars/maven-repository-metadata-3.6.3.jar
7fc7057f4000-7fc7057f5000 r--s 00003000 fd:01 1573481                    /root/.vscode-server/extensions/redhat.java-0.55.1/server/config_linux/org.eclipse.osgi/56/0/.cp/jars/maven-builder-support-3.6.3.jar
7fc7057f5000-7fc7057f7000 r--s 00009000 fd:01 1573480                    /root/.vscode-server/extensions/redhat.java-0.55.1/server/config_linux/org.eclipse.osgi/56/0/.cp/jars/maven-settings-builder-3.6.3.jar
7fc7057f7000-7fc7057f8000 r--s 0000a000 fd:01 1573479                    /root/.vscode-server/extensions/redhat.java-0.55.1/server/config_linux/org.eclipse.osgi/56/0/.cp/jars/maven-settings-3.6.3.jar
7fc7057f8000-7fc7057fb000 r--s 00032000 fd:01 1573478                    /root/.vscode-server/extensions/redhat.java-0.55.1/server/config_linux/org.eclipse.osgi/56/0/.cp/jars/maven-model-3.6.3.jar
7fc7057fb000-7fc705808000 r--s 0008e000 fd:01 1573477                    /root/.vscode-server/extensions/redhat.java-0.55.1/server/config_linux/org.eclipse.osgi/56/0/.cp/jars/maven-core-3.6.3.jar
7fc705808000-7fc70580a000 r--s 00736000 fd:01 1573399                    /root/.vscode-server/extensions/redhat.java-0.55.1/server/plugins/org.eclipse.m2e.maven.runtime_1.14.0.20191209-1923.jar
7fc70580a000-7fc70580c000 r--s 00007000 fd:01 1573414                    /root/.vscode-server/extensions/redhat.java-0.55.1/server/plugins/org.slf4j.api_1.7.2.v20121108-1250.jar
7fc70580c000-7fc705816000 r--s 0008a000 fd:01 1573395                    /root/.vscode-server/extensions/redhat.java-0.55.1/server/plugins/org.eclipse.m2e.core_1.14.0.20191209-1925.jar
7fc705816000-7fc705819000 ---p 00000000 00:00 0 
7fc705819000-7fc705917000 rw-p 00000000 00:00 0 
7fc705917000-7fc70591b000 r--s 00032000 fd:01 1573381                    /root/.vscode-server/extensions/redhat.java-0.55.1/server/plugins/org.eclipse.jdt.compiler.apt_1.3.800.v20190919-0948.jar
7fc70591b000-7fc705b1b000 rw-p 00000000 00:00 0 
7fc705b1b000-7fc705b1e000 ---p 00000000 00:00 0 
7fc705b1e000-7fc705e1c000 rw-p 00000000 00:00 0 
7fc705e1c000-7fc705e1f000 ---p 00000000 00:00 0 
7fc705e1f000-7fc705f1d000 rw-p 00000000 00:00 0 
7fc705f1d000-7fc705f5b000 r--s 00678000 fd:01 1573383                    /root/.vscode-server/extensions/redhat.java-0.55.1/server/plugins/org.eclipse.jdt.core_3.20.100.v20191220-2341.jar
7fc705f5b000-7fc705f5f000 r--s 0001c000 fd:01 1573446                    /root/.vscode-server/extensions/redhat.java-0.55.1/server/config_linux/org.eclipse.osgi/40/0/.cp/lib/java13api.jar
7fc705f5f000-7fc705f61000 r--s 00031000 fd:01 1573382                    /root/.vscode-server/extensions/redhat.java-0.55.1/server/plugins/org.eclipse.jdt.compiler.tool_1.2.700.v20191001-0515.jar
7fc705f61000-7fc705f77000 r--s 00168000 fd:01 1573384                    /root/.vscode-server/extensions/redhat.java-0.55.1/server/plugins/org.eclipse.jdt.core.manipulation_1.13.100.v20191218-2041.jar
7fc705f77000-7fc705f7a000 ---p 00000000 00:00 0 
7fc705f7a000-7fc706278000 rw-p 00000000 00:00 0 
7fc706278000-7fc70627a000 r--s 0000f000 fd:01 1573354                    /root/.vscode-server/extensions/redhat.java-0.55.1/server/plugins/org.eclipse.core.filesystem_1.7.700.v20191213-2313.jar
7fc70627a000-7fc70627d000 ---p 00000000 00:00 0 
7fc70627d000-7fc70637b000 rw-p 00000000 00:00 0 
7fc70637b000-7fc70637e000 r--s 00018000 fd:01 1573355                    /root/.vscode-server/extensions/redhat.java-0.55.1/server/plugins/org.eclipse.core.jobs_3.10.700.v20191211-0811.jar
7fc70637e000-7fc70657e000 rw-p 00000000 00:00 0 
7fc70657e000-7fc706589000 r--s 000d0000 fd:01 1573359                    /root/.vscode-server/extensions/redhat.java-0.55.1/server/plugins/org.eclipse.core.resources_3.13.700.v20191213-2313.jar
7fc706589000-7fc70658f000 r--s 00048000 fd:01 1573456                    /root/.vscode-server/extensions/redhat.java-0.55.1/server/config_linux/org.eclipse.osgi/47/0/.cp/lib/jsoup-1.9.2.jar
7fc70658f000-7fc7065a9000 r--s 00213000 fd:01 1573390                    /root/.vscode-server/extensions/redhat.java-0.55.1/server/plugins/org.eclipse.jdt.ls.core_0.49.1.201912231651.jar
7fc7065a9000-7fc7065b9000 r-xp 00000000 fd:01 1573432                    /root/.vscode-server/extensions/redhat.java-0.55.1/server/config_linux/org.eclipse.equinox.launcher/org.eclipse.equinox.launcher.gtk.linux.x86_64_1.1.1100.v20190907-0426/eclipse_1801.so
7fc7065b9000-7fc7067b8000 ---p 00010000 fd:01 1573432                    /root/.vscode-server/extensions/redhat.java-0.55.1/server/config_linux/org.eclipse.equinox.launcher/org.eclipse.equinox.launcher.gtk.linux.x86_64_1.1.1100.v20190907-0426/eclipse_1801.so
7fc7067b8000-7fc7067b9000 r--p 0000f000 fd:01 1573432                    /root/.vscode-server/extensions/redhat.java-0.55.1/server/config_linux/org.eclipse.equinox.launcher/org.eclipse.equinox.launcher.gtk.linux.x86_64_1.1.1100.v20190907-0426/eclipse_1801.so
7fc7067b9000-7fc7067ba000 rw-p 00010000 fd:01 1573432                    /root/.vscode-server/extensions/redhat.java-0.55.1/server/config_linux/org.eclipse.equinox.launcher/org.eclipse.equinox.launcher.gtk.linux.x86_64_1.1.1100.v20190907-0426/eclipse_1801.so
7fc7067ba000-7fc7067bd000 ---p 00000000 00:00 0 
7fc7067bd000-7fc7068bb000 rw-p 00000000 00:00 0 
7fc7068bb000-7fc7068be000 ---p 00000000 00:00 0 
7fc7068be000-7fc706bbc000 rw-p 00000000 00:00 0 
7fc706bbc000-7fc706bbf000 ---p 00000000 00:00 0 
7fc706bbf000-7fc706cbd000 rw-p 00000000 00:00 0 
7fc706cbd000-7fc706cce000 r-xp 00000000 fd:01 1314830                    /usr/local/jdk/jre/lib/amd64/libnio.so
7fc706cce000-7fc706ecd000 ---p 00011000 fd:01 1314830                    /usr/local/jdk/jre/lib/amd64/libnio.so
7fc706ecd000-7fc706ece000 r--p 00010000 fd:01 1314830                    /usr/local/jdk/jre/lib/amd64/libnio.so
7fc706ece000-7fc706ecf000 rw-p 00011000 fd:01 1314830                    /usr/local/jdk/jre/lib/amd64/libnio.so
7fc706ecf000-7fc7071cf000 rw-p 00000000 00:00 0 
7fc7071cf000-7fc7071e5000 r-xp 00000000 fd:01 1314769                    /usr/local/jdk/jre/lib/amd64/libnet.so
7fc7071e5000-7fc7073e4000 ---p 00016000 fd:01 1314769                    /usr/local/jdk/jre/lib/amd64/libnet.so
7fc7073e4000-7fc7073e5000 r--p 00015000 fd:01 1314769                    /usr/local/jdk/jre/lib/amd64/libnet.so
7fc7073e5000-7fc7073e6000 rw-p 00016000 fd:01 1314769                    /usr/local/jdk/jre/lib/amd64/libnet.so
7fc7073e6000-7fc7073e9000 ---p 00000000 00:00 0 
7fc7073e9000-7fc70741f000 rw-p 00000000 00:00 0 
7fc70741f000-7fc707420000 ---p 00000000 00:00 0 
7fc707420000-7fc707520000 rw-p 00000000 00:00 0 
7fc707520000-7fc707523000 ---p 00000000 00:00 0 
7fc707523000-7fc707621000 rw-p 00000000 00:00 0 
7fc707621000-7fc707624000 ---p 00000000 00:00 0 
7fc707624000-7fc707722000 rw-p 00000000 00:00 0 
7fc707722000-7fc707725000 ---p 00000000 00:00 0 
7fc707725000-7fc707823000 rw-p 00000000 00:00 0 
7fc707823000-7fc707826000 ---p 00000000 00:00 0 
7fc707826000-7fc707924000 rw-p 00000000 00:00 0 
7fc707924000-7fc707927000 ---p 00000000 00:00 0 
7fc707927000-7fc707a25000 rw-p 00000000 00:00 0 
7fc707a25000-7fc707cfd000 r--p 00000000 fd:01 277516                     /usr/lib/locale/locale-archive
7fc707cfd000-7fc707d00000 ---p 00000000 00:00 0 
7fc707d00000-7fc707dfe000 rw-p 00000000 00:00 0 
7fc707dfe000-7fc707e01000 ---p 00000000 00:00 0 
7fc707e01000-7fc707eff000 rw-p 00000000 00:00 0 
7fc707eff000-7fc707f00000 ---p 00000000 00:00 0 
7fc707f00000-7fc708000000 rw-p 00000000 00:00 0 
7fc708000000-7fc708cd4000 rw-p 00000000 00:00 0 
7fc708cd4000-7fc70c000000 ---p 00000000 00:00 0 
7fc70c000000-7fc70c021000 rw-p 00000000 00:00 0 
7fc70c021000-7fc710000000 ---p 00000000 00:00 0 
7fc710000000-7fc710986000 rw-p 00000000 00:00 0 
7fc710986000-7fc714000000 ---p 00000000 00:00 0 
7fc714000000-7fc714026000 rw-p 00000000 00:00 0 
7fc714026000-7fc718000000 ---p 00000000 00:00 0 
7fc718000000-7fc71a200000 rw-p 00000000 00:00 0 
7fc71a200000-7fc71b000000 ---p 00000000 00:00 0 
7fc71b000000-7fc71b200000 rw-p 00000000 00:00 0 
7fc71b200000-7fc71c000000 ---p 00000000 00:00 0 
7fc71c000000-7fc71c100000 rw-p 00000000 00:00 0 
7fc71c100000-7fc720000000 ---p 00000000 00:00 0 
7fc720000000-7fc720002000 r--s 0000e000 fd:01 1573457                    /root/.vscode-server/extensions/redhat.java-0.55.1/server/config_linux/org.eclipse.osgi/47/0/.cp/lib/remark-1.2.0.jar
7fc720002000-7fc720052000 rw-p 00000000 00:00 0 
7fc720052000-7fc72022c000 r--s 03d89000 fd:01 1314518                    /usr/local/jdk/jre/lib/rt.jar
7fc72022c000-7fc720afd000 rw-p 00000000 00:00 0 
7fc720afd000-7fc720afe000 ---p 00000000 00:00 0 
7fc720afe000-7fc720cff000 rw-p 00000000 00:00 0 
7fc720cff000-7fc720d00000 ---p 00000000 00:00 0 
7fc720d00000-7fc720e40000 rw-p 00000000 00:00 0 
7fc720e40000-7fc721000000 ---p 00000000 00:00 0 
7fc721000000-7fc7219e0000 rwxp 00000000 00:00 0 
7fc7219e0000-7fc730000000 ---p 00000000 00:00 0 
7fc730000000-7fc7305c3000 rw-p 00000000 00:00 0 
7fc7305c3000-7fc734000000 ---p 00000000 00:00 0 
7fc734000000-7fc734002000 r--s 00014000 fd:01 1573363                    /root/.vscode-server/extensions/redhat.java-0.55.1/server/plugins/org.eclipse.equinox.app_1.4.400.v20191212-0743.jar
7fc734002000-7fc734005000 r--s 0001e000 fd:01 1573371                    /root/.vscode-server/extensions/redhat.java-0.55.1/server/plugins/org.eclipse.equinox.preferences_3.7.700.v20191213-1901.jar
7fc734005000-7fc734007000 r--s 00017000 fd:01 1573351                    /root/.vscode-server/extensions/redhat.java-0.55.1/server/plugins/org.eclipse.core.contenttype_3.7.600.v20191217-1710.jar
7fc734007000-7fc73400b000 r--s 0002c000 fd:01 1573372                    /root/.vscode-server/extensions/redhat.java-0.55.1/server/plugins/org.eclipse.equinox.registry_3.8.700.v20191213-1901.jar
7fc73400b000-7fc73400e000 r--s 0001c000 fd:01 1573364                    /root/.vscode-server/extensions/redhat.java-0.55.1/server/plugins/org.eclipse.equinox.common_3.10.700.v20191212-0847.jar
7fc73400e000-7fc734025000 r--s 00153000 fd:01 1573402                    /root/.vscode-server/extensions/redhat.java-0.55.1/server/plugins/org.eclipse.osgi_3.15.200.v20191218-1429.jar
7fc734025000-7fc734026000 ---p 00000000 00:00 0 
7fc734026000-7fc734166000 rw-p 00000000 00:00 0 
7fc734166000-7fc734526000 ---p 00000000 00:00 0 
7fc734526000-7fc734566000 rw-p 00000000 00:00 0 
7fc734566000-7fc734726000 ---p 00000000 00:00 0 
7fc734726000-7fc734727000 ---p 00000000 00:00 0 
7fc734727000-7fc734827000 rw-p 00000000 00:00 0 
7fc734827000-7fc734828000 ---p 00000000 00:00 0 
7fc734828000-7fc734a29000 rw-p 00000000 00:00 0 
7fc734a29000-7fc734a2a000 ---p 00000000 00:00 0 
7fc734a2a000-7fc734b52000 rw-p 00000000 00:00 0 
7fc734b52000-7fc734eea000 ---p 00000000 00:00 0 
7fc734eea000-7fc734f05000 r-xp 00000000 fd:01 1314792                    /usr/local/jdk/jre/lib/amd64/libzip.so
7fc734f05000-7fc735104000 ---p 0001b000 fd:01 1314792                    /usr/local/jdk/jre/lib/amd64/libzip.so
7fc735104000-7fc735105000 r--p 0001a000 fd:01 1314792                    /usr/local/jdk/jre/lib/amd64/libzip.so
7fc735105000-7fc735106000 rw-p 0001b000 fd:01 1314792                    /usr/local/jdk/jre/lib/amd64/libzip.so
7fc735106000-7fc735110000 r-xp 00000000 fd:01 1314794                    /usr/local/jdk/jre/lib/amd64/libinstrument.so
7fc735110000-7fc73530f000 ---p 0000a000 fd:01 1314794                    /usr/local/jdk/jre/lib/amd64/libinstrument.so
7fc73530f000-7fc735310000 r--p 00009000 fd:01 1314794                    /usr/local/jdk/jre/lib/amd64/libinstrument.so
7fc735310000-7fc735311000 rw-p 0000a000 fd:01 1314794                    /usr/local/jdk/jre/lib/amd64/libinstrument.so
7fc735311000-7fc73533d000 r-xp 00000000 fd:01 1314783                    /usr/local/jdk/jre/lib/amd64/libjava.so
7fc73533d000-7fc73553d000 ---p 0002c000 fd:01 1314783                    /usr/local/jdk/jre/lib/amd64/libjava.so
7fc73553d000-7fc73553e000 r--p 0002c000 fd:01 1314783                    /usr/local/jdk/jre/lib/amd64/libjava.so
7fc73553e000-7fc735540000 rw-p 0002d000 fd:01 1314783                    /usr/local/jdk/jre/lib/amd64/libjava.so
7fc735540000-7fc73554d000 r-xp 00000000 fd:01 1314774                    /usr/local/jdk/jre/lib/amd64/libverify.so
7fc73554d000-7fc73574c000 ---p 0000d000 fd:01 1314774                    /usr/local/jdk/jre/lib/amd64/libverify.so
7fc73574c000-7fc73574e000 r--p 0000c000 fd:01 1314774                    /usr/local/jdk/jre/lib/amd64/libverify.so
7fc73574e000-7fc73574f000 rw-p 0000e000 fd:01 1314774                    /usr/local/jdk/jre/lib/amd64/libverify.so
7fc73574f000-7fc735756000 r-xp 00000000 fd:01 1185252                    /lib/x86_64-linux-gnu/librt-2.23.so
7fc735756000-7fc735955000 ---p 00007000 fd:01 1185252                    /lib/x86_64-linux-gnu/librt-2.23.so
7fc735955000-7fc735956000 r--p 00006000 fd:01 1185252                    /lib/x86_64-linux-gnu/librt-2.23.so
7fc735956000-7fc735957000 rw-p 00007000 fd:01 1185252                    /lib/x86_64-linux-gnu/librt-2.23.so
7fc735957000-7fc735a5f000 r-xp 00000000 fd:01 1185261                    /lib/x86_64-linux-gnu/libm-2.23.so
7fc735a5f000-7fc735c5e000 ---p 00108000 fd:01 1185261                    /lib/x86_64-linux-gnu/libm-2.23.so
7fc735c5e000-7fc735c5f000 r--p 00107000 fd:01 1185261                    /lib/x86_64-linux-gnu/libm-2.23.so
7fc735c5f000-7fc735c60000 rw-p 00108000 fd:01 1185261                    /lib/x86_64-linux-gnu/libm-2.23.so
7fc735c60000-7fc736949000 r-xp 00000000 fd:01 1314790                    /usr/local/jdk/jre/lib/amd64/server/libjvm.so
7fc736949000-7fc736b48000 ---p 00ce9000 fd:01 1314790                    /usr/local/jdk/jre/lib/amd64/server/libjvm.so
7fc736b48000-7fc736bde000 r--p 00ce8000 fd:01 1314790                    /usr/local/jdk/jre/lib/amd64/server/libjvm.so
7fc736bde000-7fc736c0f000 rw-p 00d7e000 fd:01 1314790                    /usr/local/jdk/jre/lib/amd64/server/libjvm.so
7fc736c0f000-7fc736c4a000 rw-p 00000000 00:00 0 
7fc736c4a000-7fc736e0a000 r-xp 00000000 fd:01 1185266                    /lib/x86_64-linux-gnu/libc-2.23.so
7fc736e0a000-7fc73700a000 ---p 001c0000 fd:01 1185266                    /lib/x86_64-linux-gnu/libc-2.23.so
7fc73700a000-7fc73700e000 r--p 001c0000 fd:01 1185266                    /lib/x86_64-linux-gnu/libc-2.23.so
7fc73700e000-7fc737010000 rw-p 001c4000 fd:01 1185266                    /lib/x86_64-linux-gnu/libc-2.23.so
7fc737010000-7fc737014000 rw-p 00000000 00:00 0 
7fc737014000-7fc737017000 r-xp 00000000 fd:01 1185255                    /lib/x86_64-linux-gnu/libdl-2.23.so
7fc737017000-7fc737216000 ---p 00003000 fd:01 1185255                    /lib/x86_64-linux-gnu/libdl-2.23.so
7fc737216000-7fc737217000 r--p 00002000 fd:01 1185255                    /lib/x86_64-linux-gnu/libdl-2.23.so
7fc737217000-7fc737218000 rw-p 00003000 fd:01 1185255                    /lib/x86_64-linux-gnu/libdl-2.23.so
7fc737218000-7fc73722f000 r-xp 00000000 fd:01 1313769                    /usr/local/jdk/lib/amd64/jli/libjli.so
7fc73722f000-7fc73742e000 ---p 00017000 fd:01 1313769                    /usr/local/jdk/lib/amd64/jli/libjli.so
7fc73742e000-7fc73742f000 r--p 00016000 fd:01 1313769                    /usr/local/jdk/lib/amd64/jli/libjli.so
7fc73742f000-7fc737430000 rw-p 00017000 fd:01 1313769                    /usr/local/jdk/lib/amd64/jli/libjli.so
7fc737430000-7fc737448000 r-xp 00000000 fd:01 1185249                    /lib/x86_64-linux-gnu/libpthread-2.23.so
7fc737448000-7fc737647000 ---p 00018000 fd:01 1185249                    /lib/x86_64-linux-gnu/libpthread-2.23.so
7fc737647000-7fc737648000 r--p 00017000 fd:01 1185249                    /lib/x86_64-linux-gnu/libpthread-2.23.so
7fc737648000-7fc737649000 rw-p 00018000 fd:01 1185249                    /lib/x86_64-linux-gnu/libpthread-2.23.so
7fc737649000-7fc73764d000 rw-p 00000000 00:00 0 
7fc73764d000-7fc737673000 r-xp 00000000 fd:01 1185244                    /lib/x86_64-linux-gnu/ld-2.23.so
7fc737673000-7fc737675000 r--s 00011000 fd:01 1573360                    /root/.vscode-server/extensions/redhat.java-0.55.1/server/plugins/org.eclipse.core.runtime_3.17.100.v20191216-2352.jar
7fc737675000-7fc737678000 r--s 0003a000 fd:01 1573403                    /root/.vscode-server/extensions/redhat.java-0.55.1/server/plugins/org.eclipse.osgi.compatibility.state_1.1.700.v20191211-0720.jar
7fc737678000-7fc73767b000 r--s 0001a000 fd:01 1314608                    /usr/local/jdk/jre/lib/jce.jar
7fc73767b000-7fc73768e000 r--s 0034b000 fd:01 1314640                    /usr/local/jdk/jre/lib/resources.jar
7fc73768e000-7fc7376a5000 r--s 00198000 fd:01 1574066                    /root/.vscode-server/extensions/gabrielbb.vscode-lombok-0.9.9/server/lombok.jar
7fc7376a5000-7fc737727000 rw-p 00000000 00:00 0 
7fc737727000-7fc73772f000 rw-s 00000000 fd:01 1316771                    /tmp/hsperfdata_root/29131
7fc73772f000-7fc737764000 r--s 00000000 fd:01 132198                     /var/cache/nscd/passwd
7fc737764000-7fc737767000 ---p 00000000 00:00 0 
7fc737767000-7fc737869000 rw-p 00000000 00:00 0 
7fc737869000-7fc73786d000 r--s 000a4000 fd:01 1314727                    /usr/local/jdk/jre/lib/jsse.jar
7fc73786d000-7fc73786e000 r--s 0000c000 fd:01 1573367                    /root/.vscode-server/extensions/redhat.java-0.55.1/server/plugins/org.eclipse.equinox.launcher_1.5.600.v20191014-2022.jar
7fc73786e000-7fc73786f000 rw-p 00000000 00:00 0 
7fc73786f000-7fc737870000 ---p 00000000 00:00 0 
7fc737870000-7fc737872000 rw-p 00000000 00:00 0 
7fc737872000-7fc737873000 r--p 00025000 fd:01 1185244                    /lib/x86_64-linux-gnu/ld-2.23.so
7fc737873000-7fc737874000 rw-p 00026000 fd:01 1185244                    /lib/x86_64-linux-gnu/ld-2.23.so
7fc737874000-7fc737875000 rw-p 00000000 00:00 0 
7ffeaa61f000-7ffeaa640000 rw-p 00000000 00:00 0                          [stack]
7ffeaa6b1000-7ffeaa6b3000 r--p 00000000 00:00 0                          [vvar]
7ffeaa6b3000-7ffeaa6b5000 r-xp 00000000 00:00 0                          [vdso]
ffffffffff600000-ffffffffff601000 r-xp 00000000 00:00 0                  [vsyscall]

VM Arguments:
jvm_args: -Declipse.application=org.eclipse.jdt.ls.core.id1 -Dosgi.bundles.defaultStartLevel=4 -Declipse.product=org.eclipse.jdt.ls.core.product -Dfile.encoding=utf8 -Xverify:none -Xmx1G -XX:+UseG1GC -XX:+UseStringDeduplication -javaagent:/root/.vscode-server/extensions/gabrielbb.vscode-lombok-0.9.9/server/lombok.jar 
java_command: /root/.vscode-server/extensions/redhat.java-0.55.1/server/plugins/org.eclipse.equinox.launcher_1.5.600.v20191014-2022.jar -configuration /root/.vscode-server/extensions/redhat.java-0.55.1/server/config_linux -data /root/.vscode-server/data/User/workspaceStorage/3eaec7268e40dc9cb727583e0b866652/redhat.java/jdt_ws
java_class_path (initial): /root/.vscode-server/extensions/redhat.java-0.55.1/server/plugins/org.eclipse.equinox.launcher_1.5.600.v20191014-2022.jar:/root/.vscode-server/extensions/gabrielbb.vscode-lombok-0.9.9/server/lombok.jar
Launcher Type: SUN_STANDARD

Environment Variables:
JAVA_HOME=/usr/local/jdk
JRE_HOME=/usr/local/jdk/jre
CLASSPATH=.:/usr/local/jdk/lib:/usr/local/jdk/jre/lib:.:$JAVA_HOME/lib:$JAVA_HOME/jre/lib
PATH=/root/.vscode-server/bin/26076a4de974ead31f97692a0d32f90d735645c0/bin:/usr/local/maven/bin:/usr/local/jdk/bin:/usr/local/jdk/jre/bin:/root/.vscode-server/bin/26076a4de974ead31f97692a0d32f90d735645c0/bin:/usr/local/sbin:/usr/local/bin:/usr/sbin:/usr/bin:/sbin:/bin:/usr/games:/usr/local/games
SHELL=/bin/bash

Signal Handlers:
SIGSEGV: [libjvm.so+0xad4d90], sa_mask[0]=11111111011111111101111111111110, sa_flags=SA_RESTART|SA_SIGINFO
SIGBUS: [libjvm.so+0xad4d90], sa_mask[0]=11111111011111111101111111111110, sa_flags=SA_RESTART|SA_SIGINFO
SIGFPE: [libjvm.so+0x90bc10], sa_mask[0]=11111111011111111101111111111110, sa_flags=SA_RESTART|SA_SIGINFO
SIGPIPE: [libjvm.so+0x90bc10], sa_mask[0]=11111111011111111101111111111110, sa_flags=SA_RESTART|SA_SIGINFO
SIGXFSZ: [libjvm.so+0x90bc10], sa_mask[0]=11111111011111111101111111111110, sa_flags=SA_RESTART|SA_SIGINFO
SIGILL: [libjvm.so+0x90bc10], sa_mask[0]=11111111011111111101111111111110, sa_flags=SA_RESTART|SA_SIGINFO
SIGUSR1: SIG_DFL, sa_mask[0]=00000000000000000000000000000000, sa_flags=none
SIGUSR2: [libjvm.so+0x90bae0], sa_mask[0]=00000000000000000000000000000000, sa_flags=SA_RESTART|SA_SIGINFO
SIGHUP: [libjvm.so+0x90c100], sa_mask[0]=11111111011111111101111111111110, sa_flags=SA_RESTART|SA_SIGINFO
SIGINT: [libjvm.so+0x90c100], sa_mask[0]=11111111011111111101111111111110, sa_flags=SA_RESTART|SA_SIGINFO
SIGTERM: [libjvm.so+0x90c100], sa_mask[0]=11111111011111111101111111111110, sa_flags=SA_RESTART|SA_SIGINFO
SIGQUIT: [libjvm.so+0x90c100], sa_mask[0]=11111111011111111101111111111110, sa_flags=SA_RESTART|SA_SIGINFO


---------------  S Y S T E M  ---------------

OS:DISTRIB_ID=Ubuntu
DISTRIB_RELEASE=16.04
DISTRIB_CODENAME=xenial
DISTRIB_DESCRIPTION="Ubuntu 16.04.3 LTS"

uname:Linux 4.4.0-93-generic #116-Ubuntu SMP Fri Aug 11 21:17:51 UTC 2017 x86_64
libc:glibc 2.23 NPTL 2.23 
rlimit: STACK 8192k, CORE 0k, NPROC 7857, NOFILE 65535, AS infinity
load average:0.70 0.16 0.05

/proc/meminfo:
MemTotal:        2048212 kB
MemFree:           84812 kB
MemAvailable:      68360 kB
Buffers:            6852 kB
Cached:           106948 kB
SwapCached:            0 kB
Active:          1833544 kB
Inactive:          61432 kB
Active(anon):    1781768 kB
Inactive(anon):    12488 kB
Active(file):      51776 kB
Inactive(file):    48944 kB
Unevictable:           0 kB
Mlocked:               0 kB
SwapTotal:             0 kB
SwapFree:              0 kB
Dirty:               588 kB
Writeback:             0 kB
AnonPages:       1781200 kB
Mapped:            64016 kB
Shmem:             13056 kB
Slab:              31468 kB
SReclaimable:      17108 kB
SUnreclaim:        14360 kB
KernelStack:        5232 kB
PageTables:        10484 kB
NFS_Unstable:          0 kB
Bounce:                0 kB
WritebackTmp:          0 kB
CommitLimit:     1024104 kB
Committed_AS:    2871632 kB
VmallocTotal:   34359738367 kB
VmallocUsed:           0 kB
VmallocChunk:          0 kB
HardwareCorrupted:     0 kB
AnonHugePages:   1273856 kB
CmaTotal:              0 kB
CmaFree:               0 kB
HugePages_Total:       0
HugePages_Free:        0
HugePages_Rsvd:        0
HugePages_Surp:        0
Hugepagesize:       2048 kB
DirectMap4k:       44928 kB
DirectMap2M:     2052096 kB
DirectMap1G:           0 kB

container (cgroup) information:
container_type: cgroupv1
cpu_cpuset_cpus: 0
cpu_memory_nodes: 0
active_processor_count: 1
cpu_quota: -1
cpu_period: 100000
cpu_shares: -1
memory_limit_in_bytes: -1
memory_and_swap_limit_in_bytes: -2
memory_soft_limit_in_bytes: -1
memory_usage_in_bytes: 1545969664
memory_max_usage_in_bytes: 1576177664


CPU:total 1 (initial active 1) (1 cores per cpu, 2 threads per core) family 6 model 85 stepping 4, cmov, cx8, fxsr, mmx, sse, sse2, sse3, ssse3, sse4.1, sse4.2, popcnt, avx, avx2, aes, clmul, erms, rtm, 3dnowpref, lzcnt, ht, tsc, bmi1, bmi2, adx

/proc/cpuinfo:
processor	: 0
vendor_id	: GenuineIntel
cpu family	: 6
model		: 85
model name	: Intel(R) Xeon(R) Platinum 8163 CPU @ 2.50GHz
stepping	: 4
microcode	: 0x1
cpu MHz		: 2500.008
cache size	: 33792 KB
physical id	: 0
siblings	: 1
core id		: 0
cpu cores	: 1
apicid		: 0
initial apicid	: 0
fpu		: yes
fpu_exception	: yes
cpuid level	: 13
wp		: yes
flags		: fpu vme de pse tsc msr pae mce cx8 apic sep mtrr pge mca cmov pat pse36 clflush mmx fxsr sse sse2 ss ht syscall nx pdpe1gb rdtscp lm constant_tsc rep_good nopl eagerfpu pni pclmulqdq ssse3 fma cx16 pcid sse4_1 sse4_2 x2apic movbe popcnt tsc_deadline_timer aes xsave avx f16c rdrand hypervisor lahf_lm abm 3dnowprefetch fsgsbase tsc_adjust bmi1 hle avx2 smep bmi2 erms invpcid rtm mpx avx512f rdseed adx smap avx512cd xsaveopt xsavec xgetbv1
bugs		:
bogomips	: 5000.01
clflush size	: 64
cache_alignment	: 64
address sizes	: 46 bits physical, 48 bits virtual
power management:



Memory: 4k page, physical 2048212k(84812k free), swap 0k(0k free)

vm_info: Java HotSpot(TM) 64-Bit Server VM (25.231-b11) for linux-amd64 JRE (1.8.0_231-b11), built on Oct  5 2019 03:00:41 by "java_re" with gcc 7.3.0

time: Thu Jan  9 21:44:09 2020
timezone: CST
elapsed time: 14 seconds (0d 0h 0m 14s)

